#
# A fatal error has been detected by the Java Runtime Environment:
#
#  EXCEPTION_ACCESS_VIOLATION (0xc0000005) at pc=0x00007ffbed8ed848, pid=22664, tid=24212
#
# JRE version: Java(TM) SE Runtime Environment (10.0+46) (build 10+46)
# Java VM: Java HotSpot(TM) 64-Bit Server VM (10+46, mixed mode, tiered, compressed oops, g1 gc, windows-amd64)
# Problematic frame:
# C  [pcl_icp_test.dll+0x6cd848]
#
# No core dump will be written. Minidumps are not enabled by default on client versions of Windows
#
# If you would like to submit a bug report, please visit:
#   http://bugreport.java.com/bugreport/crash.jsp
# The crash happened outside the Java Virtual Machine in native code.
# See problematic frame for where to report the bug.
#

---------------  S U M M A R Y ------------

Command Line: -Djava.library.path=H:\eclipse\vs_workspace\pcl-java-master\pcl-java-master\target\natives\win32\x86_64 -Dfile.encoding=Cp1252 com.movlad.pcl.examples.ICPDemo

Host: Intel(R) Xeon(R) CPU E5-1650 v4 @ 3.60GHz, 12 cores, 63G,  Windows 10 , 64 bit Build 17134 (10.0.17134.556)
Time: Mon Mar 11 11:03:30 2019 Malay Peninsula Standard Time elapsed time: 10 seconds (0d 0h 0m 10s)

---------------  T H R E A D  ---------------

Current thread (0x00000191e1617800):  JavaThread "main" [_thread_in_native, id=24212, stack(0x0000006d91400000,0x0000006d91500000)]

Stack: [0x0000006d91400000,0x0000006d91500000],  sp=0x0000006d914fec10,  free space=1019k
Native frames: (J=compiled Java code, j=interpreted, Vv=VM code, C=native code)
C  [pcl_icp_test.dll+0x6cd848]

Java frames: (J=compiled Java code, j=interpreted, Vv=VM code)
j  pcl.icp.compute(Lcom/movlad/pcl/PointCloud3d;Lcom/movlad/pcl/PointCloud3d;IF[F)F+0
j  com.movlad.pcl.examples.ICPDemo.main([Ljava/lang/String;)V+216
v  ~StubRoutines::call_stub

siginfo: EXCEPTION_ACCESS_VIOLATION (0xc0000005), reading address 0x0000000000000008


Register to memory mapping:

RIP=0x00007ffbed8ed848 pcl_icp_test.dll
RAX=0x0000006d914fefa8 is pointing into the stack for thread: 0x00000191e1617800
RBX={method} {0x00000191ffb0b2d8} 'compute' '(Lcom/movlad/pcl/PointCloud3d;Lcom/movlad/pcl/PointCloud3d;IF[F)F' in 'pcl/icp'
RCX=0x0000000000000008 is an unknown value
RDX=0x0000000000000008 is an unknown value
RSP=0x0000006d914fec10 is pointing into the stack for thread: 0x00000191e1617800
RBP=0x0000006d914fec30 is pointing into the stack for thread: 0x00000191e1617800
RSI=0x00000007c0062278 is pointing into metadata
RDI=0x0000006d914fed18 is pointing into the stack for thread: 0x00000191e1617800
R8 =0x0000000000000042 is an unknown value
R9 =0x0000000401b5d380 is pointing into object: 0x00000004018f5d48

[error occurred during error reporting (printing register info), id 0xc0000005]

Registers:
RAX=0x0000006d914fefa8, RBX=0x00000191ffb0b2d0, RCX=0x0000000000000008, RDX=0x0000000000000008
RSP=0x0000006d914fec10, RBP=0x0000006d914fec30, RSI=0x00000007c0062278, RDI=0x0000006d914fed18
R8 =0x0000000000000042, R9 =0x0000000401b5d380, R10=0x000000000000000c, R11=0x000000006f015cf0
R12=0x0000000000000000, R13=0x00000191ffb0b2d0, R14=0x0000006d914ff4b8, R15=0x00000191e1617800
RIP=0x00007ffbed8ed848, EFLAGS=0x0000000000010202

Top of Stack: (sp=0x0000006d914fec10)
0x0000006d914fec10:   cccccccccccccccc cccccccccccccccc
0x0000006d914fec20:   cccccccccccccccc cccccccccccccccc
0x0000006d914fec30:   cccccccccccccccc cccccccccccccccc
0x0000006d914fec40:   cccccccccccccccc cccccccccccccccc
0x0000006d914fec50:   cccccccccccccccc cccccccccccccccc
0x0000006d914fec60:   cccccccccccccccc cccccccccccccccc
0x0000006d914fec70:   cccccccccccccccc cccccccccccccccc
0x0000006d914fec80:   cccccccccccccccc cccccccccccccccc
0x0000006d914fec90:   cccccccccccccccc cccccccccccccccc
0x0000006d914feca0:   cccccccccccccccc cccccccccccccccc
0x0000006d914fecb0:   cccccccccccccccc cccccccccccccccc
0x0000006d914fecc0:   cccccccccccccccc cccccccccccccccc
0x0000006d914fecd0:   cccccccccccccccc cccccccccccccccc
0x0000006d914fece0:   cccccccccccccccc cccccccccccccccc
0x0000006d914fecf0:   cccccccccccccccc fffffffffffffffe
0x0000006d914fed00:   cccccccccccccccc cccccccccccccccc 

Instructions: (pc=0x00007ffbed8ed848)
0x00007ffbed8ed828:   8b 8c 24 28 01 00 00 48 c7 85 c8 00 00 00 fe ff
0x00007ffbed8ed838:   ff ff 48 8b 85 00 01 00 00 48 8b 8d 08 01 00 00
0x00007ffbed8ed848:   48 8b 09 48 89 08 48 8b 85 08 01 00 00 48 83 c0
0x00007ffbed8ed858:   08 48 8b 8d 00 01 00 00 48 83 c1 08 48 8b d0 e8 



---------------  P R O C E S S  ---------------

Threads class SMR info:
_java_thread_list=0x00000191ff606410, length=12, elements={
0x00000191e1617800, 0x00000191ff49e800, 0x00000191ff4d7800, 0x00000191ff4de000,
0x00000191ff4df000, 0x00000191ff4e7800, 0x00000191ff4f4000, 0x00000191ff4f8800,
0x00000191ff4fa000, 0x00000191ff503800, 0x00000191ff698800, 0x00000191ff6d4000
}

Java Threads: ( => current thread )
=>0x00000191e1617800 JavaThread "main" [_thread_in_native, id=24212, stack(0x0000006d91400000,0x0000006d91500000)]
  0x00000191ff49e800 JavaThread "Reference Handler" daemon [_thread_blocked, id=19084, stack(0x0000006d92f00000,0x0000006d93000000)]
  0x00000191ff4d7800 JavaThread "Finalizer" daemon [_thread_blocked, id=22324, stack(0x0000006d93000000,0x0000006d93100000)]
  0x00000191ff4de000 JavaThread "Signal Dispatcher" daemon [_thread_blocked, id=25448, stack(0x0000006d93100000,0x0000006d93200000)]
  0x00000191ff4df000 JavaThread "Attach Listener" daemon [_thread_blocked, id=25516, stack(0x0000006d93200000,0x0000006d93300000)]
  0x00000191ff4e7800 JavaThread "C2 CompilerThread0" daemon [_thread_blocked, id=700, stack(0x0000006d93300000,0x0000006d93400000)]
  0x00000191ff4f4000 JavaThread "C2 CompilerThread1" daemon [_thread_blocked, id=16152, stack(0x0000006d93400000,0x0000006d93500000)]
  0x00000191ff4f8800 JavaThread "C2 CompilerThread2" daemon [_thread_blocked, id=11784, stack(0x0000006d93500000,0x0000006d93600000)]
  0x00000191ff4fa000 JavaThread "C1 CompilerThread3" daemon [_thread_blocked, id=16284, stack(0x0000006d93600000,0x0000006d93700000)]
  0x00000191ff503800 JavaThread "Sweeper thread" daemon [_thread_blocked, id=18364, stack(0x0000006d93700000,0x0000006d93800000)]
  0x00000191ff698800 JavaThread "Service Thread" daemon [_thread_blocked, id=24848, stack(0x0000006d93800000,0x0000006d93900000)]
  0x00000191ff6d4000 JavaThread "Common-Cleaner" daemon [_thread_blocked, id=25140, stack(0x0000006d93900000,0x0000006d93a00000)]

Other Threads:
  0x00000191ff49d000 VMThread "VM Thread" [stack: 0x0000006d92e00000,0x0000006d92f00000] [id=25052]
  0x00000191ff6d5000 WatcherThread [stack: 0x0000006d93a00000,0x0000006d93b00000] [id=25288]
  0x00000191e162d000 GCTaskThread "GC Thread#0" [stack: 0x0000006d91500000,0x0000006d91600000] [id=10492]
  0x00000191e162e800 GCTaskThread "GC Thread#1" [stack: 0x0000006d91600000,0x0000006d91700000] [id=23752]
  0x00000191e1632800 GCTaskThread "GC Thread#2" [stack: 0x0000006d91700000,0x0000006d91800000] [id=24732]
  0x00000191e1637800 GCTaskThread "GC Thread#3" [stack: 0x0000006d91800000,0x0000006d91900000] [id=11696]
  0x00000191e163b000 GCTaskThread "GC Thread#4" [stack: 0x0000006d91900000,0x0000006d91a00000] [id=18724]
  0x00000191e163e800 GCTaskThread "GC Thread#5" [stack: 0x0000006d91a00000,0x0000006d91b00000] [id=17060]
  0x00000191e1640800 GCTaskThread "GC Thread#6" [stack: 0x0000006d91b00000,0x0000006d91c00000] [id=15120]
  0x00000191e1649800 GCTaskThread "GC Thread#7" [stack: 0x0000006d91c00000,0x0000006d91d00000] [id=9544]
  0x00000191e164a800 GCTaskThread "GC Thread#8" [stack: 0x0000006d91d00000,0x0000006d91e00000] [id=23900]
  0x00000191e164e800 GCTaskThread "GC Thread#9" [stack: 0x0000006d91e00000,0x0000006d91f00000] [id=25056]
  0x00000191fe2f3800 ConcurrentGCThread "G1 Main Marker" [stack: 0x0000006d91f00000,0x0000006d92000000] [id=25048]
  0x00000191fe2f6800 ConcurrentGCThread "G1 Conc#0" [stack: 0x0000006d92000000,0x0000006d92100000] [id=25128]
  0x00000191fe2f9800 ConcurrentGCThread "G1 Conc#1" [stack: 0x0000006d92100000,0x0000006d92200000] [id=25328]
  0x00000191fe2fa800 ConcurrentGCThread "G1 Conc#2" [stack: 0x0000006d92200000,0x0000006d92300000] [id=24984]
  0x00000191ff340800 ConcurrentGCThread "G1 Refine#0" [stack: 0x0000006d92300000,0x0000006d92400000] [id=25136]
  0x00000191ff341800 ConcurrentGCThread "G1 Refine#1" [stack: 0x0000006d92400000,0x0000006d92500000] [id=16276]
  0x00000191ff34b000 ConcurrentGCThread "G1 Refine#2" [stack: 0x0000006d92500000,0x0000006d92600000] [id=9040]
  0x00000191ff354000 ConcurrentGCThread "G1 Refine#3" [stack: 0x0000006d92600000,0x0000006d92700000] [id=23224]
  0x00000191ff354800 ConcurrentGCThread "G1 Refine#4" [stack: 0x0000006d92700000,0x0000006d92800000] [id=23796]
  0x00000191fe45e800 ConcurrentGCThread "G1 Refine#5" [stack: 0x0000006d92800000,0x0000006d92900000] [id=21708]
  0x00000191ff357000 ConcurrentGCThread "G1 Refine#6" [stack: 0x0000006d92900000,0x0000006d92a00000] [id=23352]
  0x00000191ff358000 ConcurrentGCThread "G1 Refine#7" [stack: 0x0000006d92a00000,0x0000006d92b00000] [id=15492]
  0x00000191ff35a800 ConcurrentGCThread "G1 Refine#8" [stack: 0x0000006d92b00000,0x0000006d92c00000] [id=23664]
  0x00000191ff35c000 ConcurrentGCThread "G1 Refine#9" [stack: 0x0000006d92c00000,0x0000006d92d00000] [id=20628]
  0x00000191ff35d000 ConcurrentGCThread "G1 Young RemSet Sampling" [stack: 0x0000006d92d00000,0x0000006d92e00000] [id=13304]

Threads with active compile tasks:

VM state:not at safepoint (normal execution)

VM Mutex/Monitor currently owned by a thread: None

Heap address: 0x00000003c1c00000, size: 16356 MB, Compressed Oops mode: Zero based, Oop shift amount: 3
Narrow klass base: 0x0000000000000000, Narrow klass shift: 3
Compressed class space size: 1073741824 Address: 0x00000007c0000000

Heap:
 garbage-first heap   total 1048576K, used 0K [0x00000003c1c00000, 0x00000007c0000000)
  region size 4096K, 1 young (4096K), 0 survivors (0K)
 Metaspace       used 3702K, capacity 4600K, committed 4864K, reserved 1056768K
  class space    used 354K, capacity 424K, committed 512K, reserved 1048576K
Heap Regions: E=young(eden), S=young(survivor), O=old, HS=humongous(starts), HC=humongous(continues), CS=collection set, F=free, A=archive, TS=gc time stamp, AC=allocation context, TAMS=top-at-mark-start (previous, next)
|   0|0x00000003c1c00000, 0x00000003c1c00000, 0x00000003c2000000|  0%| F|  |TS  0|AC  0|TAMS 0x00000003c1c00000, 0x00000003c1c00000|
|   1|0x00000003c2000000, 0x00000003c2000000, 0x00000003c2400000|  0%| F|  |TS  0|AC  0|TAMS 0x00000003c2000000, 0x00000003c2000000|
|   2|0x00000003c2400000, 0x00000003c2400000, 0x00000003c2800000|  0%| F|  |TS  0|AC  0|TAMS 0x00000003c2400000, 0x00000003c2400000|
|   3|0x00000003c2800000, 0x00000003c2800000, 0x00000003c2c00000|  0%| F|  |TS  0|AC  0|TAMS 0x00000003c2800000, 0x00000003c2800000|
|   4|0x00000003c2c00000, 0x00000003c2c00000, 0x00000003c3000000|  0%| F|  |TS  0|AC  0|TAMS 0x00000003c2c00000, 0x00000003c2c00000|
|   5|0x00000003c3000000, 0x00000003c3000000, 0x00000003c3400000|  0%| F|  |TS  0|AC  0|TAMS 0x00000003c3000000, 0x00000003c3000000|
|   6|0x00000003c3400000, 0x00000003c3400000, 0x00000003c3800000|  0%| F|  |TS  0|AC  0|TAMS 0x00000003c3400000, 0x00000003c3400000|
|   7|0x00000003c3800000, 0x00000003c3800000, 0x00000003c3c00000|  0%| F|  |TS  0|AC  0|TAMS 0x00000003c3800000, 0x00000003c3800000|
|   8|0x00000003c3c00000, 0x00000003c3c00000, 0x00000003c4000000|  0%| F|  |TS  0|AC  0|TAMS 0x00000003c3c00000, 0x00000003c3c00000|
|   9|0x00000003c4000000, 0x00000003c4000000, 0x00000003c4400000|  0%| F|  |TS  0|AC  0|TAMS 0x00000003c4000000, 0x00000003c4000000|
|  10|0x00000003c4400000, 0x00000003c4400000, 0x00000003c4800000|  0%| F|  |TS  0|AC  0|TAMS 0x00000003c4400000, 0x00000003c4400000|
|  11|0x00000003c4800000, 0x00000003c4800000, 0x00000003c4c00000|  0%| F|  |TS  0|AC  0|TAMS 0x00000003c4800000, 0x00000003c4800000|
|  12|0x00000003c4c00000, 0x00000003c4c00000, 0x00000003c5000000|  0%| F|  |TS  0|AC  0|TAMS 0x00000003c4c00000, 0x00000003c4c00000|
|  13|0x00000003c5000000, 0x00000003c5000000, 0x00000003c5400000|  0%| F|  |TS  0|AC  0|TAMS 0x00000003c5000000, 0x00000003c5000000|
|  14|0x00000003c5400000, 0x00000003c5400000, 0x00000003c5800000|  0%| F|  |TS  0|AC  0|TAMS 0x00000003c5400000, 0x00000003c5400000|
|  15|0x00000003c5800000, 0x00000003c5800000, 0x00000003c5c00000|  0%| F|  |TS  0|AC  0|TAMS 0x00000003c5800000, 0x00000003c5800000|
|  16|0x00000003c5c00000, 0x00000003c5c00000, 0x00000003c6000000|  0%| F|  |TS  0|AC  0|TAMS 0x00000003c5c00000, 0x00000003c5c00000|
|  17|0x00000003c6000000, 0x00000003c6000000, 0x00000003c6400000|  0%| F|  |TS  0|AC  0|TAMS 0x00000003c6000000, 0x00000003c6000000|
|  18|0x00000003c6400000, 0x00000003c6400000, 0x00000003c6800000|  0%| F|  |TS  0|AC  0|TAMS 0x00000003c6400000, 0x00000003c6400000|
|  19|0x00000003c6800000, 0x00000003c6800000, 0x00000003c6c00000|  0%| F|  |TS  0|AC  0|TAMS 0x00000003c6800000, 0x00000003c6800000|
|  20|0x00000003c6c00000, 0x00000003c6c00000, 0x00000003c7000000|  0%| F|  |TS  0|AC  0|TAMS 0x00000003c6c00000, 0x00000003c6c00000|
|  21|0x00000003c7000000, 0x00000003c7000000, 0x00000003c7400000|  0%| F|  |TS  0|AC  0|TAMS 0x00000003c7000000, 0x00000003c7000000|
|  22|0x00000003c7400000, 0x00000003c7400000, 0x00000003c7800000|  0%| F|  |TS  0|AC  0|TAMS 0x00000003c7400000, 0x00000003c7400000|
|  23|0x00000003c7800000, 0x00000003c7800000, 0x00000003c7c00000|  0%| F|  |TS  0|AC  0|TAMS 0x00000003c7800000, 0x00000003c7800000|
|  24|0x00000003c7c00000, 0x00000003c7c00000, 0x00000003c8000000|  0%| F|  |TS  0|AC  0|TAMS 0x00000003c7c00000, 0x00000003c7c00000|
|  25|0x00000003c8000000, 0x00000003c8000000, 0x00000003c8400000|  0%| F|  |TS  0|AC  0|TAMS 0x00000003c8000000, 0x00000003c8000000|
|  26|0x00000003c8400000, 0x00000003c8400000, 0x00000003c8800000|  0%| F|  |TS  0|AC  0|TAMS 0x00000003c8400000, 0x00000003c8400000|
|  27|0x00000003c8800000, 0x00000003c8800000, 0x00000003c8c00000|  0%| F|  |TS  0|AC  0|TAMS 0x00000003c8800000, 0x00000003c8800000|
|  28|0x00000003c8c00000, 0x00000003c8c00000, 0x00000003c9000000|  0%| F|  |TS  0|AC  0|TAMS 0x00000003c8c00000, 0x00000003c8c00000|
|  29|0x00000003c9000000, 0x00000003c9000000, 0x00000003c9400000|  0%| F|  |TS  0|AC  0|TAMS 0x00000003c9000000, 0x00000003c9000000|
|  30|0x00000003c9400000, 0x00000003c9400000, 0x00000003c9800000|  0%| F|  |TS  0|AC  0|TAMS 0x00000003c9400000, 0x00000003c9400000|
|  31|0x00000003c9800000, 0x00000003c9800000, 0x00000003c9c00000|  0%| F|  |TS  0|AC  0|TAMS 0x00000003c9800000, 0x00000003c9800000|
|  32|0x00000003c9c00000, 0x00000003c9c00000, 0x00000003ca000000|  0%| F|  |TS  0|AC  0|TAMS 0x00000003c9c00000, 0x00000003c9c00000|
|  33|0x00000003ca000000, 0x00000003ca000000, 0x00000003ca400000|  0%| F|  |TS  0|AC  0|TAMS 0x00000003ca000000, 0x00000003ca000000|
|  34|0x00000003ca400000, 0x00000003ca400000, 0x00000003ca800000|  0%| F|  |TS  0|AC  0|TAMS 0x00000003ca400000, 0x00000003ca400000|
|  35|0x00000003ca800000, 0x00000003ca800000, 0x00000003cac00000|  0%| F|  |TS  0|AC  0|TAMS 0x00000003ca800000, 0x00000003ca800000|
|  36|0x00000003cac00000, 0x00000003cac00000, 0x00000003cb000000|  0%| F|  |TS  0|AC  0|TAMS 0x00000003cac00000, 0x00000003cac00000|
|  37|0x00000003cb000000, 0x00000003cb000000, 0x00000003cb400000|  0%| F|  |TS  0|AC  0|TAMS 0x00000003cb000000, 0x00000003cb000000|
|  38|0x00000003cb400000, 0x00000003cb400000, 0x00000003cb800000|  0%| F|  |TS  0|AC  0|TAMS 0x00000003cb400000, 0x00000003cb400000|
|  39|0x00000003cb800000, 0x00000003cb800000, 0x00000003cbc00000|  0%| F|  |TS  0|AC  0|TAMS 0x00000003cb800000, 0x00000003cb800000|
|  40|0x00000003cbc00000, 0x00000003cbc00000, 0x00000003cc000000|  0%| F|  |TS  0|AC  0|TAMS 0x00000003cbc00000, 0x00000003cbc00000|
|  41|0x00000003cc000000, 0x00000003cc000000, 0x00000003cc400000|  0%| F|  |TS  0|AC  0|TAMS 0x00000003cc000000, 0x00000003cc000000|
|  42|0x00000003cc400000, 0x00000003cc400000, 0x00000003cc800000|  0%| F|  |TS  0|AC  0|TAMS 0x00000003cc400000, 0x00000003cc400000|
|  43|0x00000003cc800000, 0x00000003cc800000, 0x00000003ccc00000|  0%| F|  |TS  0|AC  0|TAMS 0x00000003cc800000, 0x00000003cc800000|
|  44|0x00000003ccc00000, 0x00000003ccc00000, 0x00000003cd000000|  0%| F|  |TS  0|AC  0|TAMS 0x00000003ccc00000, 0x00000003ccc00000|
|  45|0x00000003cd000000, 0x00000003cd000000, 0x00000003cd400000|  0%| F|  |TS  0|AC  0|TAMS 0x00000003cd000000, 0x00000003cd000000|
|  46|0x00000003cd400000, 0x00000003cd400000, 0x00000003cd800000|  0%| F|  |TS  0|AC  0|TAMS 0x00000003cd400000, 0x00000003cd400000|
|  47|0x00000003cd800000, 0x00000003cd800000, 0x00000003cdc00000|  0%| F|  |TS  0|AC  0|TAMS 0x00000003cd800000, 0x00000003cd800000|
|  48|0x00000003cdc00000, 0x00000003cdc00000, 0x00000003ce000000|  0%| F|  |TS  0|AC  0|TAMS 0x00000003cdc00000, 0x00000003cdc00000|
|  49|0x00000003ce000000, 0x00000003ce000000, 0x00000003ce400000|  0%| F|  |TS  0|AC  0|TAMS 0x00000003ce000000, 0x00000003ce000000|
|  50|0x00000003ce400000, 0x00000003ce400000, 0x00000003ce800000|  0%| F|  |TS  0|AC  0|TAMS 0x00000003ce400000, 0x00000003ce400000|
|  51|0x00000003ce800000, 0x00000003ce800000, 0x00000003cec00000|  0%| F|  |TS  0|AC  0|TAMS 0x00000003ce800000, 0x00000003ce800000|
|  52|0x00000003cec00000, 0x00000003cec00000, 0x00000003cf000000|  0%| F|  |TS  0|AC  0|TAMS 0x00000003cec00000, 0x00000003cec00000|
|  53|0x00000003cf000000, 0x00000003cf000000, 0x00000003cf400000|  0%| F|  |TS  0|AC  0|TAMS 0x00000003cf000000, 0x00000003cf000000|
|  54|0x00000003cf400000, 0x00000003cf400000, 0x00000003cf800000|  0%| F|  |TS  0|AC  0|TAMS 0x00000003cf400000, 0x00000003cf400000|
|  55|0x00000003cf800000, 0x00000003cf800000, 0x00000003cfc00000|  0%| F|  |TS  0|AC  0|TAMS 0x00000003cf800000, 0x00000003cf800000|
|  56|0x00000003cfc00000, 0x00000003cfc00000, 0x00000003d0000000|  0%| F|  |TS  0|AC  0|TAMS 0x00000003cfc00000, 0x00000003cfc00000|
|  57|0x00000003d0000000, 0x00000003d0000000, 0x00000003d0400000|  0%| F|  |TS  0|AC  0|TAMS 0x00000003d0000000, 0x00000003d0000000|
|  58|0x00000003d0400000, 0x00000003d0400000, 0x00000003d0800000|  0%| F|  |TS  0|AC  0|TAMS 0x00000003d0400000, 0x00000003d0400000|
|  59|0x00000003d0800000, 0x00000003d0800000, 0x00000003d0c00000|  0%| F|  |TS  0|AC  0|TAMS 0x00000003d0800000, 0x00000003d0800000|
|  60|0x00000003d0c00000, 0x00000003d0c00000, 0x00000003d1000000|  0%| F|  |TS  0|AC  0|TAMS 0x00000003d0c00000, 0x00000003d0c00000|
|  61|0x00000003d1000000, 0x00000003d1000000, 0x00000003d1400000|  0%| F|  |TS  0|AC  0|TAMS 0x00000003d1000000, 0x00000003d1000000|
|  62|0x00000003d1400000, 0x00000003d1400000, 0x00000003d1800000|  0%| F|  |TS  0|AC  0|TAMS 0x00000003d1400000, 0x00000003d1400000|
|  63|0x00000003d1800000, 0x00000003d1800000, 0x00000003d1c00000|  0%| F|  |TS  0|AC  0|TAMS 0x00000003d1800000, 0x00000003d1800000|
|  64|0x00000003d1c00000, 0x00000003d1c00000, 0x00000003d2000000|  0%| F|  |TS  0|AC  0|TAMS 0x00000003d1c00000, 0x00000003d1c00000|
|  65|0x00000003d2000000, 0x00000003d2000000, 0x00000003d2400000|  0%| F|  |TS  0|AC  0|TAMS 0x00000003d2000000, 0x00000003d2000000|
|  66|0x00000003d2400000, 0x00000003d2400000, 0x00000003d2800000|  0%| F|  |TS  0|AC  0|TAMS 0x00000003d2400000, 0x00000003d2400000|
|  67|0x00000003d2800000, 0x00000003d2800000, 0x00000003d2c00000|  0%| F|  |TS  0|AC  0|TAMS 0x00000003d2800000, 0x00000003d2800000|
|  68|0x00000003d2c00000, 0x00000003d2c00000, 0x00000003d3000000|  0%| F|  |TS  0|AC  0|TAMS 0x00000003d2c00000, 0x00000003d2c00000|
|  69|0x00000003d3000000, 0x00000003d3000000, 0x00000003d3400000|  0%| F|  |TS  0|AC  0|TAMS 0x00000003d3000000, 0x00000003d3000000|
|  70|0x00000003d3400000, 0x00000003d3400000, 0x00000003d3800000|  0%| F|  |TS  0|AC  0|TAMS 0x00000003d3400000, 0x00000003d3400000|
|  71|0x00000003d3800000, 0x00000003d3800000, 0x00000003d3c00000|  0%| F|  |TS  0|AC  0|TAMS 0x00000003d3800000, 0x00000003d3800000|
|  72|0x00000003d3c00000, 0x00000003d3c00000, 0x00000003d4000000|  0%| F|  |TS  0|AC  0|TAMS 0x00000003d3c00000, 0x00000003d3c00000|
|  73|0x00000003d4000000, 0x00000003d4000000, 0x00000003d4400000|  0%| F|  |TS  0|AC  0|TAMS 0x00000003d4000000, 0x00000003d4000000|
|  74|0x00000003d4400000, 0x00000003d4400000, 0x00000003d4800000|  0%| F|  |TS  0|AC  0|TAMS 0x00000003d4400000, 0x00000003d4400000|
|  75|0x00000003d4800000, 0x00000003d4800000, 0x00000003d4c00000|  0%| F|  |TS  0|AC  0|TAMS 0x00000003d4800000, 0x00000003d4800000|
|  76|0x00000003d4c00000, 0x00000003d4c00000, 0x00000003d5000000|  0%| F|  |TS  0|AC  0|TAMS 0x00000003d4c00000, 0x00000003d4c00000|
|  77|0x00000003d5000000, 0x00000003d5000000, 0x00000003d5400000|  0%| F|  |TS  0|AC  0|TAMS 0x00000003d5000000, 0x00000003d5000000|
|  78|0x00000003d5400000, 0x00000003d5400000, 0x00000003d5800000|  0%| F|  |TS  0|AC  0|TAMS 0x00000003d5400000, 0x00000003d5400000|
|  79|0x00000003d5800000, 0x00000003d5800000, 0x00000003d5c00000|  0%| F|  |TS  0|AC  0|TAMS 0x00000003d5800000, 0x00000003d5800000|
|  80|0x00000003d5c00000, 0x00000003d5c00000, 0x00000003d6000000|  0%| F|  |TS  0|AC  0|TAMS 0x00000003d5c00000, 0x00000003d5c00000|
|  81|0x00000003d6000000, 0x00000003d6000000, 0x00000003d6400000|  0%| F|  |TS  0|AC  0|TAMS 0x00000003d6000000, 0x00000003d6000000|
|  82|0x00000003d6400000, 0x00000003d6400000, 0x00000003d6800000|  0%| F|  |TS  0|AC  0|TAMS 0x00000003d6400000, 0x00000003d6400000|
|  83|0x00000003d6800000, 0x00000003d6800000, 0x00000003d6c00000|  0%| F|  |TS  0|AC  0|TAMS 0x00000003d6800000, 0x00000003d6800000|
|  84|0x00000003d6c00000, 0x00000003d6c00000, 0x00000003d7000000|  0%| F|  |TS  0|AC  0|TAMS 0x00000003d6c00000, 0x00000003d6c00000|
|  85|0x00000003d7000000, 0x00000003d7000000, 0x00000003d7400000|  0%| F|  |TS  0|AC  0|TAMS 0x00000003d7000000, 0x00000003d7000000|
|  86|0x00000003d7400000, 0x00000003d7400000, 0x00000003d7800000|  0%| F|  |TS  0|AC  0|TAMS 0x00000003d7400000, 0x00000003d7400000|
|  87|0x00000003d7800000, 0x00000003d7800000, 0x00000003d7c00000|  0%| F|  |TS  0|AC  0|TAMS 0x00000003d7800000, 0x00000003d7800000|
|  88|0x00000003d7c00000, 0x00000003d7c00000, 0x00000003d8000000|  0%| F|  |TS  0|AC  0|TAMS 0x00000003d7c00000, 0x00000003d7c00000|
|  89|0x00000003d8000000, 0x00000003d8000000, 0x00000003d8400000|  0%| F|  |TS  0|AC  0|TAMS 0x00000003d8000000, 0x00000003d8000000|
|  90|0x00000003d8400000, 0x00000003d8400000, 0x00000003d8800000|  0%| F|  |TS  0|AC  0|TAMS 0x00000003d8400000, 0x00000003d8400000|
|  91|0x00000003d8800000, 0x00000003d8800000, 0x00000003d8c00000|  0%| F|  |TS  0|AC  0|TAMS 0x00000003d8800000, 0x00000003d8800000|
|  92|0x00000003d8c00000, 0x00000003d8c00000, 0x00000003d9000000|  0%| F|  |TS  0|AC  0|TAMS 0x00000003d8c00000, 0x00000003d8c00000|
|  93|0x00000003d9000000, 0x00000003d9000000, 0x00000003d9400000|  0%| F|  |TS  0|AC  0|TAMS 0x00000003d9000000, 0x00000003d9000000|
|  94|0x00000003d9400000, 0x00000003d9400000, 0x00000003d9800000|  0%| F|  |TS  0|AC  0|TAMS 0x00000003d9400000, 0x00000003d9400000|
|  95|0x00000003d9800000, 0x00000003d9800000, 0x00000003d9c00000|  0%| F|  |TS  0|AC  0|TAMS 0x00000003d9800000, 0x00000003d9800000|
|  96|0x00000003d9c00000, 0x00000003d9c00000, 0x00000003da000000|  0%| F|  |TS  0|AC  0|TAMS 0x00000003d9c00000, 0x00000003d9c00000|
|  97|0x00000003da000000, 0x00000003da000000, 0x00000003da400000|  0%| F|  |TS  0|AC  0|TAMS 0x00000003da000000, 0x00000003da000000|
|  98|0x00000003da400000, 0x00000003da400000, 0x00000003da800000|  0%| F|  |TS  0|AC  0|TAMS 0x00000003da400000, 0x00000003da400000|
|  99|0x00000003da800000, 0x00000003da800000, 0x00000003dac00000|  0%| F|  |TS  0|AC  0|TAMS 0x00000003da800000, 0x00000003da800000|
| 100|0x00000003dac00000, 0x00000003dac00000, 0x00000003db000000|  0%| F|  |TS  0|AC  0|TAMS 0x00000003dac00000, 0x00000003dac00000|
| 101|0x00000003db000000, 0x00000003db000000, 0x00000003db400000|  0%| F|  |TS  0|AC  0|TAMS 0x00000003db000000, 0x00000003db000000|
| 102|0x00000003db400000, 0x00000003db400000, 0x00000003db800000|  0%| F|  |TS  0|AC  0|TAMS 0x00000003db400000, 0x00000003db400000|
| 103|0x00000003db800000, 0x00000003db800000, 0x00000003dbc00000|  0%| F|  |TS  0|AC  0|TAMS 0x00000003db800000, 0x00000003db800000|
| 104|0x00000003dbc00000, 0x00000003dbc00000, 0x00000003dc000000|  0%| F|  |TS  0|AC  0|TAMS 0x00000003dbc00000, 0x00000003dbc00000|
| 105|0x00000003dc000000, 0x00000003dc000000, 0x00000003dc400000|  0%| F|  |TS  0|AC  0|TAMS 0x00000003dc000000, 0x00000003dc000000|
| 106|0x00000003dc400000, 0x00000003dc400000, 0x00000003dc800000|  0%| F|  |TS  0|AC  0|TAMS 0x00000003dc400000, 0x00000003dc400000|
| 107|0x00000003dc800000, 0x00000003dc800000, 0x00000003dcc00000|  0%| F|  |TS  0|AC  0|TAMS 0x00000003dc800000, 0x00000003dc800000|
| 108|0x00000003dcc00000, 0x00000003dcc00000, 0x00000003dd000000|  0%| F|  |TS  0|AC  0|TAMS 0x00000003dcc00000, 0x00000003dcc00000|
| 109|0x00000003dd000000, 0x00000003dd000000, 0x00000003dd400000|  0%| F|  |TS  0|AC  0|TAMS 0x00000003dd000000, 0x00000003dd000000|
| 110|0x00000003dd400000, 0x00000003dd400000, 0x00000003dd800000|  0%| F|  |TS  0|AC  0|TAMS 0x00000003dd400000, 0x00000003dd400000|
| 111|0x00000003dd800000, 0x00000003dd800000, 0x00000003ddc00000|  0%| F|  |TS  0|AC  0|TAMS 0x00000003dd800000, 0x00000003dd800000|
| 112|0x00000003ddc00000, 0x00000003ddc00000, 0x00000003de000000|  0%| F|  |TS  0|AC  0|TAMS 0x00000003ddc00000, 0x00000003ddc00000|
| 113|0x00000003de000000, 0x00000003de000000, 0x00000003de400000|  0%| F|  |TS  0|AC  0|TAMS 0x00000003de000000, 0x00000003de000000|
| 114|0x00000003de400000, 0x00000003de400000, 0x00000003de800000|  0%| F|  |TS  0|AC  0|TAMS 0x00000003de400000, 0x00000003de400000|
| 115|0x00000003de800000, 0x00000003de800000, 0x00000003dec00000|  0%| F|  |TS  0|AC  0|TAMS 0x00000003de800000, 0x00000003de800000|
| 116|0x00000003dec00000, 0x00000003dec00000, 0x00000003df000000|  0%| F|  |TS  0|AC  0|TAMS 0x00000003dec00000, 0x00000003dec00000|
| 117|0x00000003df000000, 0x00000003df000000, 0x00000003df400000|  0%| F|  |TS  0|AC  0|TAMS 0x00000003df000000, 0x00000003df000000|
| 118|0x00000003df400000, 0x00000003df400000, 0x00000003df800000|  0%| F|  |TS  0|AC  0|TAMS 0x00000003df400000, 0x00000003df400000|
| 119|0x00000003df800000, 0x00000003df800000, 0x00000003dfc00000|  0%| F|  |TS  0|AC  0|TAMS 0x00000003df800000, 0x00000003df800000|
| 120|0x00000003dfc00000, 0x00000003dfc00000, 0x00000003e0000000|  0%| F|  |TS  0|AC  0|TAMS 0x00000003dfc00000, 0x00000003dfc00000|
| 121|0x00000003e0000000, 0x00000003e0000000, 0x00000003e0400000|  0%| F|  |TS  0|AC  0|TAMS 0x00000003e0000000, 0x00000003e0000000|
| 122|0x00000003e0400000, 0x00000003e0400000, 0x00000003e0800000|  0%| F|  |TS  0|AC  0|TAMS 0x00000003e0400000, 0x00000003e0400000|
| 123|0x00000003e0800000, 0x00000003e0800000, 0x00000003e0c00000|  0%| F|  |TS  0|AC  0|TAMS 0x00000003e0800000, 0x00000003e0800000|
| 124|0x00000003e0c00000, 0x00000003e0c00000, 0x00000003e1000000|  0%| F|  |TS  0|AC  0|TAMS 0x00000003e0c00000, 0x00000003e0c00000|
| 125|0x00000003e1000000, 0x00000003e1000000, 0x00000003e1400000|  0%| F|  |TS  0|AC  0|TAMS 0x00000003e1000000, 0x00000003e1000000|
| 126|0x00000003e1400000, 0x00000003e1400000, 0x00000003e1800000|  0%| F|  |TS  0|AC  0|TAMS 0x00000003e1400000, 0x00000003e1400000|
| 127|0x00000003e1800000, 0x00000003e1800000, 0x00000003e1c00000|  0%| F|  |TS  0|AC  0|TAMS 0x00000003e1800000, 0x00000003e1800000|
| 128|0x00000003e1c00000, 0x00000003e1c00000, 0x00000003e2000000|  0%| F|  |TS  0|AC  0|TAMS 0x00000003e1c00000, 0x00000003e1c00000|
| 129|0x00000003e2000000, 0x00000003e2000000, 0x00000003e2400000|  0%| F|  |TS  0|AC  0|TAMS 0x00000003e2000000, 0x00000003e2000000|
| 130|0x00000003e2400000, 0x00000003e2400000, 0x00000003e2800000|  0%| F|  |TS  0|AC  0|TAMS 0x00000003e2400000, 0x00000003e2400000|
| 131|0x00000003e2800000, 0x00000003e2800000, 0x00000003e2c00000|  0%| F|  |TS  0|AC  0|TAMS 0x00000003e2800000, 0x00000003e2800000|
| 132|0x00000003e2c00000, 0x00000003e2c00000, 0x00000003e3000000|  0%| F|  |TS  0|AC  0|TAMS 0x00000003e2c00000, 0x00000003e2c00000|
| 133|0x00000003e3000000, 0x00000003e3000000, 0x00000003e3400000|  0%| F|  |TS  0|AC  0|TAMS 0x00000003e3000000, 0x00000003e3000000|
| 134|0x00000003e3400000, 0x00000003e3400000, 0x00000003e3800000|  0%| F|  |TS  0|AC  0|TAMS 0x00000003e3400000, 0x00000003e3400000|
| 135|0x00000003e3800000, 0x00000003e3800000, 0x00000003e3c00000|  0%| F|  |TS  0|AC  0|TAMS 0x00000003e3800000, 0x00000003e3800000|
| 136|0x00000003e3c00000, 0x00000003e3c00000, 0x00000003e4000000|  0%| F|  |TS  0|AC  0|TAMS 0x00000003e3c00000, 0x00000003e3c00000|
| 137|0x00000003e4000000, 0x00000003e4000000, 0x00000003e4400000|  0%| F|  |TS  0|AC  0|TAMS 0x00000003e4000000, 0x00000003e4000000|
| 138|0x00000003e4400000, 0x00000003e4400000, 0x00000003e4800000|  0%| F|  |TS  0|AC  0|TAMS 0x00000003e4400000, 0x00000003e4400000|
| 139|0x00000003e4800000, 0x00000003e4800000, 0x00000003e4c00000|  0%| F|  |TS  0|AC  0|TAMS 0x00000003e4800000, 0x00000003e4800000|
| 140|0x00000003e4c00000, 0x00000003e4c00000, 0x00000003e5000000|  0%| F|  |TS  0|AC  0|TAMS 0x00000003e4c00000, 0x00000003e4c00000|
| 141|0x00000003e5000000, 0x00000003e5000000, 0x00000003e5400000|  0%| F|  |TS  0|AC  0|TAMS 0x00000003e5000000, 0x00000003e5000000|
| 142|0x00000003e5400000, 0x00000003e5400000, 0x00000003e5800000|  0%| F|  |TS  0|AC  0|TAMS 0x00000003e5400000, 0x00000003e5400000|
| 143|0x00000003e5800000, 0x00000003e5800000, 0x00000003e5c00000|  0%| F|  |TS  0|AC  0|TAMS 0x00000003e5800000, 0x00000003e5800000|
| 144|0x00000003e5c00000, 0x00000003e5c00000, 0x00000003e6000000|  0%| F|  |TS  0|AC  0|TAMS 0x00000003e5c00000, 0x00000003e5c00000|
| 145|0x00000003e6000000, 0x00000003e6000000, 0x00000003e6400000|  0%| F|  |TS  0|AC  0|TAMS 0x00000003e6000000, 0x00000003e6000000|
| 146|0x00000003e6400000, 0x00000003e6400000, 0x00000003e6800000|  0%| F|  |TS  0|AC  0|TAMS 0x00000003e6400000, 0x00000003e6400000|
| 147|0x00000003e6800000, 0x00000003e6800000, 0x00000003e6c00000|  0%| F|  |TS  0|AC  0|TAMS 0x00000003e6800000, 0x00000003e6800000|
| 148|0x00000003e6c00000, 0x00000003e6c00000, 0x00000003e7000000|  0%| F|  |TS  0|AC  0|TAMS 0x00000003e6c00000, 0x00000003e6c00000|
| 149|0x00000003e7000000, 0x00000003e7000000, 0x00000003e7400000|  0%| F|  |TS  0|AC  0|TAMS 0x00000003e7000000, 0x00000003e7000000|
| 150|0x00000003e7400000, 0x00000003e7400000, 0x00000003e7800000|  0%| F|  |TS  0|AC  0|TAMS 0x00000003e7400000, 0x00000003e7400000|
| 151|0x00000003e7800000, 0x00000003e7800000, 0x00000003e7c00000|  0%| F|  |TS  0|AC  0|TAMS 0x00000003e7800000, 0x00000003e7800000|
| 152|0x00000003e7c00000, 0x00000003e7c00000, 0x00000003e8000000|  0%| F|  |TS  0|AC  0|TAMS 0x00000003e7c00000, 0x00000003e7c00000|
| 153|0x00000003e8000000, 0x00000003e8000000, 0x00000003e8400000|  0%| F|  |TS  0|AC  0|TAMS 0x00000003e8000000, 0x00000003e8000000|
| 154|0x00000003e8400000, 0x00000003e8400000, 0x00000003e8800000|  0%| F|  |TS  0|AC  0|TAMS 0x00000003e8400000, 0x00000003e8400000|
| 155|0x00000003e8800000, 0x00000003e8800000, 0x00000003e8c00000|  0%| F|  |TS  0|AC  0|TAMS 0x00000003e8800000, 0x00000003e8800000|
| 156|0x00000003e8c00000, 0x00000003e8c00000, 0x00000003e9000000|  0%| F|  |TS  0|AC  0|TAMS 0x00000003e8c00000, 0x00000003e8c00000|
| 157|0x00000003e9000000, 0x00000003e9000000, 0x00000003e9400000|  0%| F|  |TS  0|AC  0|TAMS 0x00000003e9000000, 0x00000003e9000000|
| 158|0x00000003e9400000, 0x00000003e9400000, 0x00000003e9800000|  0%| F|  |TS  0|AC  0|TAMS 0x00000003e9400000, 0x00000003e9400000|
| 159|0x00000003e9800000, 0x00000003e9800000, 0x00000003e9c00000|  0%| F|  |TS  0|AC  0|TAMS 0x00000003e9800000, 0x00000003e9800000|
| 160|0x00000003e9c00000, 0x00000003e9c00000, 0x00000003ea000000|  0%| F|  |TS  0|AC  0|TAMS 0x00000003e9c00000, 0x00000003e9c00000|
| 161|0x00000003ea000000, 0x00000003ea000000, 0x00000003ea400000|  0%| F|  |TS  0|AC  0|TAMS 0x00000003ea000000, 0x00000003ea000000|
| 162|0x00000003ea400000, 0x00000003ea400000, 0x00000003ea800000|  0%| F|  |TS  0|AC  0|TAMS 0x00000003ea400000, 0x00000003ea400000|
| 163|0x00000003ea800000, 0x00000003ea800000, 0x00000003eac00000|  0%| F|  |TS  0|AC  0|TAMS 0x00000003ea800000, 0x00000003ea800000|
| 164|0x00000003eac00000, 0x00000003eac00000, 0x00000003eb000000|  0%| F|  |TS  0|AC  0|TAMS 0x00000003eac00000, 0x00000003eac00000|
| 165|0x00000003eb000000, 0x00000003eb000000, 0x00000003eb400000|  0%| F|  |TS  0|AC  0|TAMS 0x00000003eb000000, 0x00000003eb000000|
| 166|0x00000003eb400000, 0x00000003eb400000, 0x00000003eb800000|  0%| F|  |TS  0|AC  0|TAMS 0x00000003eb400000, 0x00000003eb400000|
| 167|0x00000003eb800000, 0x00000003eb800000, 0x00000003ebc00000|  0%| F|  |TS  0|AC  0|TAMS 0x00000003eb800000, 0x00000003eb800000|
| 168|0x00000003ebc00000, 0x00000003ebc00000, 0x00000003ec000000|  0%| F|  |TS  0|AC  0|TAMS 0x00000003ebc00000, 0x00000003ebc00000|
| 169|0x00000003ec000000, 0x00000003ec000000, 0x00000003ec400000|  0%| F|  |TS  0|AC  0|TAMS 0x00000003ec000000, 0x00000003ec000000|
| 170|0x00000003ec400000, 0x00000003ec400000, 0x00000003ec800000|  0%| F|  |TS  0|AC  0|TAMS 0x00000003ec400000, 0x00000003ec400000|
| 171|0x00000003ec800000, 0x00000003ec800000, 0x00000003ecc00000|  0%| F|  |TS  0|AC  0|TAMS 0x00000003ec800000, 0x00000003ec800000|
| 172|0x00000003ecc00000, 0x00000003ecc00000, 0x00000003ed000000|  0%| F|  |TS  0|AC  0|TAMS 0x00000003ecc00000, 0x00000003ecc00000|
| 173|0x00000003ed000000, 0x00000003ed000000, 0x00000003ed400000|  0%| F|  |TS  0|AC  0|TAMS 0x00000003ed000000, 0x00000003ed000000|
| 174|0x00000003ed400000, 0x00000003ed400000, 0x00000003ed800000|  0%| F|  |TS  0|AC  0|TAMS 0x00000003ed400000, 0x00000003ed400000|
| 175|0x00000003ed800000, 0x00000003ed800000, 0x00000003edc00000|  0%| F|  |TS  0|AC  0|TAMS 0x00000003ed800000, 0x00000003ed800000|
| 176|0x00000003edc00000, 0x00000003edc00000, 0x00000003ee000000|  0%| F|  |TS  0|AC  0|TAMS 0x00000003edc00000, 0x00000003edc00000|
| 177|0x00000003ee000000, 0x00000003ee000000, 0x00000003ee400000|  0%| F|  |TS  0|AC  0|TAMS 0x00000003ee000000, 0x00000003ee000000|
| 178|0x00000003ee400000, 0x00000003ee400000, 0x00000003ee800000|  0%| F|  |TS  0|AC  0|TAMS 0x00000003ee400000, 0x00000003ee400000|
| 179|0x00000003ee800000, 0x00000003ee800000, 0x00000003eec00000|  0%| F|  |TS  0|AC  0|TAMS 0x00000003ee800000, 0x00000003ee800000|
| 180|0x00000003eec00000, 0x00000003eec00000, 0x00000003ef000000|  0%| F|  |TS  0|AC  0|TAMS 0x00000003eec00000, 0x00000003eec00000|
| 181|0x00000003ef000000, 0x00000003ef000000, 0x00000003ef400000|  0%| F|  |TS  0|AC  0|TAMS 0x00000003ef000000, 0x00000003ef000000|
| 182|0x00000003ef400000, 0x00000003ef400000, 0x00000003ef800000|  0%| F|  |TS  0|AC  0|TAMS 0x00000003ef400000, 0x00000003ef400000|
| 183|0x00000003ef800000, 0x00000003ef800000, 0x00000003efc00000|  0%| F|  |TS  0|AC  0|TAMS 0x00000003ef800000, 0x00000003ef800000|
| 184|0x00000003efc00000, 0x00000003efc00000, 0x00000003f0000000|  0%| F|  |TS  0|AC  0|TAMS 0x00000003efc00000, 0x00000003efc00000|
| 185|0x00000003f0000000, 0x00000003f0000000, 0x00000003f0400000|  0%| F|  |TS  0|AC  0|TAMS 0x00000003f0000000, 0x00000003f0000000|
| 186|0x00000003f0400000, 0x00000003f0400000, 0x00000003f0800000|  0%| F|  |TS  0|AC  0|TAMS 0x00000003f0400000, 0x00000003f0400000|
| 187|0x00000003f0800000, 0x00000003f0800000, 0x00000003f0c00000|  0%| F|  |TS  0|AC  0|TAMS 0x00000003f0800000, 0x00000003f0800000|
| 188|0x00000003f0c00000, 0x00000003f0c00000, 0x00000003f1000000|  0%| F|  |TS  0|AC  0|TAMS 0x00000003f0c00000, 0x00000003f0c00000|
| 189|0x00000003f1000000, 0x00000003f1000000, 0x00000003f1400000|  0%| F|  |TS  0|AC  0|TAMS 0x00000003f1000000, 0x00000003f1000000|
| 190|0x00000003f1400000, 0x00000003f1400000, 0x00000003f1800000|  0%| F|  |TS  0|AC  0|TAMS 0x00000003f1400000, 0x00000003f1400000|
| 191|0x00000003f1800000, 0x00000003f1800000, 0x00000003f1c00000|  0%| F|  |TS  0|AC  0|TAMS 0x00000003f1800000, 0x00000003f1800000|
| 192|0x00000003f1c00000, 0x00000003f1c00000, 0x00000003f2000000|  0%| F|  |TS  0|AC  0|TAMS 0x00000003f1c00000, 0x00000003f1c00000|
| 193|0x00000003f2000000, 0x00000003f2000000, 0x00000003f2400000|  0%| F|  |TS  0|AC  0|TAMS 0x00000003f2000000, 0x00000003f2000000|
| 194|0x00000003f2400000, 0x00000003f2400000, 0x00000003f2800000|  0%| F|  |TS  0|AC  0|TAMS 0x00000003f2400000, 0x00000003f2400000|
| 195|0x00000003f2800000, 0x00000003f2800000, 0x00000003f2c00000|  0%| F|  |TS  0|AC  0|TAMS 0x00000003f2800000, 0x00000003f2800000|
| 196|0x00000003f2c00000, 0x00000003f2c00000, 0x00000003f3000000|  0%| F|  |TS  0|AC  0|TAMS 0x00000003f2c00000, 0x00000003f2c00000|
| 197|0x00000003f3000000, 0x00000003f3000000, 0x00000003f3400000|  0%| F|  |TS  0|AC  0|TAMS 0x00000003f3000000, 0x00000003f3000000|
| 198|0x00000003f3400000, 0x00000003f3400000, 0x00000003f3800000|  0%| F|  |TS  0|AC  0|TAMS 0x00000003f3400000, 0x00000003f3400000|
| 199|0x00000003f3800000, 0x00000003f3800000, 0x00000003f3c00000|  0%| F|  |TS  0|AC  0|TAMS 0x00000003f3800000, 0x00000003f3800000|
| 200|0x00000003f3c00000, 0x00000003f3c00000, 0x00000003f4000000|  0%| F|  |TS  0|AC  0|TAMS 0x00000003f3c00000, 0x00000003f3c00000|
| 201|0x00000003f4000000, 0x00000003f4000000, 0x00000003f4400000|  0%| F|  |TS  0|AC  0|TAMS 0x00000003f4000000, 0x00000003f4000000|
| 202|0x00000003f4400000, 0x00000003f4400000, 0x00000003f4800000|  0%| F|  |TS  0|AC  0|TAMS 0x00000003f4400000, 0x00000003f4400000|
| 203|0x00000003f4800000, 0x00000003f4800000, 0x00000003f4c00000|  0%| F|  |TS  0|AC  0|TAMS 0x00000003f4800000, 0x00000003f4800000|
| 204|0x00000003f4c00000, 0x00000003f4c00000, 0x00000003f5000000|  0%| F|  |TS  0|AC  0|TAMS 0x00000003f4c00000, 0x00000003f4c00000|
| 205|0x00000003f5000000, 0x00000003f5000000, 0x00000003f5400000|  0%| F|  |TS  0|AC  0|TAMS 0x00000003f5000000, 0x00000003f5000000|
| 206|0x00000003f5400000, 0x00000003f5400000, 0x00000003f5800000|  0%| F|  |TS  0|AC  0|TAMS 0x00000003f5400000, 0x00000003f5400000|
| 207|0x00000003f5800000, 0x00000003f5800000, 0x00000003f5c00000|  0%| F|  |TS  0|AC  0|TAMS 0x00000003f5800000, 0x00000003f5800000|
| 208|0x00000003f5c00000, 0x00000003f5c00000, 0x00000003f6000000|  0%| F|  |TS  0|AC  0|TAMS 0x00000003f5c00000, 0x00000003f5c00000|
| 209|0x00000003f6000000, 0x00000003f6000000, 0x00000003f6400000|  0%| F|  |TS  0|AC  0|TAMS 0x00000003f6000000, 0x00000003f6000000|
| 210|0x00000003f6400000, 0x00000003f6400000, 0x00000003f6800000|  0%| F|  |TS  0|AC  0|TAMS 0x00000003f6400000, 0x00000003f6400000|
| 211|0x00000003f6800000, 0x00000003f6800000, 0x00000003f6c00000|  0%| F|  |TS  0|AC  0|TAMS 0x00000003f6800000, 0x00000003f6800000|
| 212|0x00000003f6c00000, 0x00000003f6c00000, 0x00000003f7000000|  0%| F|  |TS  0|AC  0|TAMS 0x00000003f6c00000, 0x00000003f6c00000|
| 213|0x00000003f7000000, 0x00000003f7000000, 0x00000003f7400000|  0%| F|  |TS  0|AC  0|TAMS 0x00000003f7000000, 0x00000003f7000000|
| 214|0x00000003f7400000, 0x00000003f7400000, 0x00000003f7800000|  0%| F|  |TS  0|AC  0|TAMS 0x00000003f7400000, 0x00000003f7400000|
| 215|0x00000003f7800000, 0x00000003f7800000, 0x00000003f7c00000|  0%| F|  |TS  0|AC  0|TAMS 0x00000003f7800000, 0x00000003f7800000|
| 216|0x00000003f7c00000, 0x00000003f7c00000, 0x00000003f8000000|  0%| F|  |TS  0|AC  0|TAMS 0x00000003f7c00000, 0x00000003f7c00000|
| 217|0x00000003f8000000, 0x00000003f8000000, 0x00000003f8400000|  0%| F|  |TS  0|AC  0|TAMS 0x00000003f8000000, 0x00000003f8000000|
| 218|0x00000003f8400000, 0x00000003f8400000, 0x00000003f8800000|  0%| F|  |TS  0|AC  0|TAMS 0x00000003f8400000, 0x00000003f8400000|
| 219|0x00000003f8800000, 0x00000003f8800000, 0x00000003f8c00000|  0%| F|  |TS  0|AC  0|TAMS 0x00000003f8800000, 0x00000003f8800000|
| 220|0x00000003f8c00000, 0x00000003f8c00000, 0x00000003f9000000|  0%| F|  |TS  0|AC  0|TAMS 0x00000003f8c00000, 0x00000003f8c00000|
| 221|0x00000003f9000000, 0x00000003f9000000, 0x00000003f9400000|  0%| F|  |TS  0|AC  0|TAMS 0x00000003f9000000, 0x00000003f9000000|
| 222|0x00000003f9400000, 0x00000003f9400000, 0x00000003f9800000|  0%| F|  |TS  0|AC  0|TAMS 0x00000003f9400000, 0x00000003f9400000|
| 223|0x00000003f9800000, 0x00000003f9800000, 0x00000003f9c00000|  0%| F|  |TS  0|AC  0|TAMS 0x00000003f9800000, 0x00000003f9800000|
| 224|0x00000003f9c00000, 0x00000003f9c00000, 0x00000003fa000000|  0%| F|  |TS  0|AC  0|TAMS 0x00000003f9c00000, 0x00000003f9c00000|
| 225|0x00000003fa000000, 0x00000003fa000000, 0x00000003fa400000|  0%| F|  |TS  0|AC  0|TAMS 0x00000003fa000000, 0x00000003fa000000|
| 226|0x00000003fa400000, 0x00000003fa400000, 0x00000003fa800000|  0%| F|  |TS  0|AC  0|TAMS 0x00000003fa400000, 0x00000003fa400000|
| 227|0x00000003fa800000, 0x00000003fa800000, 0x00000003fac00000|  0%| F|  |TS  0|AC  0|TAMS 0x00000003fa800000, 0x00000003fa800000|
| 228|0x00000003fac00000, 0x00000003fac00000, 0x00000003fb000000|  0%| F|  |TS  0|AC  0|TAMS 0x00000003fac00000, 0x00000003fac00000|
| 229|0x00000003fb000000, 0x00000003fb000000, 0x00000003fb400000|  0%| F|  |TS  0|AC  0|TAMS 0x00000003fb000000, 0x00000003fb000000|
| 230|0x00000003fb400000, 0x00000003fb400000, 0x00000003fb800000|  0%| F|  |TS  0|AC  0|TAMS 0x00000003fb400000, 0x00000003fb400000|
| 231|0x00000003fb800000, 0x00000003fb800000, 0x00000003fbc00000|  0%| F|  |TS  0|AC  0|TAMS 0x00000003fb800000, 0x00000003fb800000|
| 232|0x00000003fbc00000, 0x00000003fbc00000, 0x00000003fc000000|  0%| F|  |TS  0|AC  0|TAMS 0x00000003fbc00000, 0x00000003fbc00000|
| 233|0x00000003fc000000, 0x00000003fc000000, 0x00000003fc400000|  0%| F|  |TS  0|AC  0|TAMS 0x00000003fc000000, 0x00000003fc000000|
| 234|0x00000003fc400000, 0x00000003fc400000, 0x00000003fc800000|  0%| F|  |TS  0|AC  0|TAMS 0x00000003fc400000, 0x00000003fc400000|
| 235|0x00000003fc800000, 0x00000003fc800000, 0x00000003fcc00000|  0%| F|  |TS  0|AC  0|TAMS 0x00000003fc800000, 0x00000003fc800000|
| 236|0x00000003fcc00000, 0x00000003fcc00000, 0x00000003fd000000|  0%| F|  |TS  0|AC  0|TAMS 0x00000003fcc00000, 0x00000003fcc00000|
| 237|0x00000003fd000000, 0x00000003fd000000, 0x00000003fd400000|  0%| F|  |TS  0|AC  0|TAMS 0x00000003fd000000, 0x00000003fd000000|
| 238|0x00000003fd400000, 0x00000003fd400000, 0x00000003fd800000|  0%| F|  |TS  0|AC  0|TAMS 0x00000003fd400000, 0x00000003fd400000|
| 239|0x00000003fd800000, 0x00000003fd800000, 0x00000003fdc00000|  0%| F|  |TS  0|AC  0|TAMS 0x00000003fd800000, 0x00000003fd800000|
| 240|0x00000003fdc00000, 0x00000003fdc00000, 0x00000003fe000000|  0%| F|  |TS  0|AC  0|TAMS 0x00000003fdc00000, 0x00000003fdc00000|
| 241|0x00000003fe000000, 0x00000003fe000000, 0x00000003fe400000|  0%| F|  |TS  0|AC  0|TAMS 0x00000003fe000000, 0x00000003fe000000|
| 242|0x00000003fe400000, 0x00000003fe400000, 0x00000003fe800000|  0%| F|  |TS  0|AC  0|TAMS 0x00000003fe400000, 0x00000003fe400000|
| 243|0x00000003fe800000, 0x00000003fe800000, 0x00000003fec00000|  0%| F|  |TS  0|AC  0|TAMS 0x00000003fe800000, 0x00000003fe800000|
| 244|0x00000003fec00000, 0x00000003fec00000, 0x00000003ff000000|  0%| F|  |TS  0|AC  0|TAMS 0x00000003fec00000, 0x00000003fec00000|
| 245|0x00000003ff000000, 0x00000003ff000000, 0x00000003ff400000|  0%| F|  |TS  0|AC  0|TAMS 0x00000003ff000000, 0x00000003ff000000|
| 246|0x00000003ff400000, 0x00000003ff400000, 0x00000003ff800000|  0%| F|  |TS  0|AC  0|TAMS 0x00000003ff400000, 0x00000003ff400000|
| 247|0x00000003ff800000, 0x00000003ff800000, 0x00000003ffc00000|  0%| F|  |TS  0|AC  0|TAMS 0x00000003ff800000, 0x00000003ff800000|
| 248|0x00000003ffc00000, 0x00000003ffc00000, 0x0000000400000000|  0%| F|  |TS  0|AC  0|TAMS 0x00000003ffc00000, 0x00000003ffc00000|
| 249|0x0000000400000000, 0x0000000400000000, 0x0000000400400000|  0%| F|  |TS  0|AC  0|TAMS 0x0000000400000000, 0x0000000400000000|
| 250|0x0000000400400000, 0x0000000400400000, 0x0000000400800000|  0%| F|  |TS  0|AC  0|TAMS 0x0000000400400000, 0x0000000400400000|
| 251|0x0000000400800000, 0x0000000400800000, 0x0000000400c00000|  0%| F|  |TS  0|AC  0|TAMS 0x0000000400800000, 0x0000000400800000|
| 252|0x0000000400c00000, 0x0000000400c00000, 0x0000000401000000|  0%| F|  |TS  0|AC  0|TAMS 0x0000000400c00000, 0x0000000400c00000|
| 253|0x0000000401000000, 0x0000000401000000, 0x0000000401400000|  0%| F|  |TS  0|AC  0|TAMS 0x0000000401000000, 0x0000000401000000|
| 254|0x0000000401400000, 0x0000000401400000, 0x0000000401800000|  0%| F|  |TS  0|AC  0|TAMS 0x0000000401400000, 0x0000000401400000|
| 255|0x0000000401800000, 0x0000000401bd71a0, 0x0000000401c00000| 96%| E|  |TS  0|AC  0|TAMS 0x0000000401800000, 0x0000000401800000|

Card table byte_map: [0x00000191fc260000,0x00000191fe260000] byte_map_base: 0x00000191fa452000

Marking Bits (Prev, Next): (CMBitMap*) 0x00000191fe2f2ef0, (CMBitMap*) 0x00000191fe2f2f28
 Prev Bits: [0x0000019182000000, 0x0000019191f90000)
 Next Bits: [0x0000019191f90000, 0x00000191a1f20000)

Polling page: 0x00000191e1320000

CodeHeap 'non-profiled nmethods': size=120000Kb used=47Kb max_used=47Kb free=119952Kb
 bounds [0x00000191f20b0000, 0x00000191f2320000, 0x00000191f95e0000]
CodeHeap 'profiled nmethods': size=120000Kb used=278Kb max_used=278Kb free=119721Kb
 bounds [0x00000191eab80000, 0x00000191eadf0000, 0x00000191f20b0000]
CodeHeap 'non-nmethods': size=5760Kb used=1004Kb max_used=1011Kb free=4755Kb
 bounds [0x00000191ea5e0000, 0x00000191ea850000, 0x00000191eab80000]
 total_blobs=498 nmethods=167 adapters=178
 compilation: enabled

Compilation events (10 events):
Event: 9.410 Thread 0x00000191ff4fa000  152       3       java.util.ArrayList$SubList::checkForComodification (23 bytes)
Event: 9.411 Thread 0x00000191ff4fa000 nmethod 152 0x00000191eabc3a10 code [0x00000191eabc3be0, 0x00000191eabc3e10]
Event: 9.411 Thread 0x00000191ff4fa000  161       3       java.lang.StringUTF16::compress (20 bytes)
Event: 9.411 Thread 0x00000191ff4fa000 nmethod 161 0x00000191eabc3f10 code [0x00000191eabc40e0, 0x00000191eabc4350]
Event: 9.411 Thread 0x00000191ff4fa000  142       1       java.util.ArrayList::size (5 bytes)
Event: 9.411 Thread 0x00000191ff4fa000 nmethod 142 0x00000191f20bba90 code [0x00000191f20bbc40, 0x00000191f20bbd58]
Event: 9.411 Thread 0x00000191ff4fa000  166       3       java.util.Arrays::copyOf (41 bytes)
Event: 9.412 Thread 0x00000191ff4fa000 nmethod 166 0x00000191eabc4410 code [0x00000191eabc4620, 0x00000191eabc4d30]
Event: 9.412 Thread 0x00000191ff4fa000  165       3       java.util.ArrayList::newCapacity (65 bytes)
Event: 9.413 Thread 0x00000191ff4fa000 nmethod 165 0x00000191eabc4f10 code [0x00000191eabc5120, 0x00000191eabc5700]

GC Heap History (0 events):
No events

Deoptimization events (1 events):
Event: 0.095 Thread 0x00000191e1617800 Uncommon trap: reason=unstable_if action=reinterpret pc=0x00000191f20b54dc method=java.lang.String.hashCode()I @ 14 c2

Classes redefined (0 events):
No events

Internal exceptions (0 events):
No events

Events (10 events):
Event: 9.388 loading class jdk/internal/math/FloatingDecimal$PreparedASCIIToBinaryBuffer
Event: 9.388 loading class jdk/internal/math/FloatingDecimal$ASCIIToBinaryConverter
Event: 9.388 loading class jdk/internal/math/FloatingDecimal$ASCIIToBinaryConverter done
Event: 9.388 loading class jdk/internal/math/FloatingDecimal$PreparedASCIIToBinaryBuffer done
Event: 9.388 loading class jdk/internal/math/FloatingDecimal$ASCIIToBinaryBuffer
Event: 9.388 loading class jdk/internal/math/FloatingDecimal$ASCIIToBinaryBuffer done
Event: 9.396 loading class jdk/internal/math/FDBigInteger
Event: 9.396 loading class jdk/internal/math/FDBigInteger done
Event: 10.160 loading class pcl/icp
Event: 10.160 loading class pcl/icp done


Dynamic libraries:
0x00007ff778140000 - 0x00007ff77817e000 	C:\Program Files\Java\jre-10\bin\javaw.exe
0x00007ffc7af90000 - 0x00007ffc7b171000 	C:\WINDOWS\SYSTEM32\ntdll.dll
0x00007ffc7a360000 - 0x00007ffc7a412000 	C:\WINDOWS\System32\KERNEL32.DLL
0x00007ffc77660000 - 0x00007ffc778d3000 	C:\WINDOWS\System32\KERNELBASE.dll
0x00007ffc7ab30000 - 0x00007ffc7abd1000 	C:\WINDOWS\System32\ADVAPI32.dll
0x00007ffc7ad10000 - 0x00007ffc7adae000 	C:\WINDOWS\System32\msvcrt.dll
0x00007ffc7ae60000 - 0x00007ffc7aebb000 	C:\WINDOWS\System32\sechost.dll
0x00007ffc7a4c0000 - 0x00007ffc7a5e4000 	C:\WINDOWS\System32\RPCRT4.dll
0x00007ffc785e0000 - 0x00007ffc78770000 	C:\WINDOWS\System32\USER32.dll
0x00007ffc78400000 - 0x00007ffc78420000 	C:\WINDOWS\System32\win32u.dll
0x00007ffc7adb0000 - 0x00007ffc7add8000 	C:\WINDOWS\System32\GDI32.dll
0x00007ffc77360000 - 0x00007ffc774f2000 	C:\WINDOWS\System32\gdi32full.dll
0x00007ffc77960000 - 0x00007ffc779ff000 	C:\WINDOWS\System32\msvcp_win.dll
0x00007ffc77bf0000 - 0x00007ffc77cea000 	C:\WINDOWS\System32\ucrtbase.dll
0x00007ffc6e990000 - 0x00007ffc6ebf9000 	C:\WINDOWS\WinSxS\amd64_microsoft.windows.common-controls_6595b64144ccf1df_6.0.17134.590_none_fb3d9bff3069e088\COMCTL32.dll
0x00007ffc79e30000 - 0x00007ffc7a152000 	C:\WINDOWS\System32\combase.dll
0x00007ffc71d80000 - 0x00007ffc71d8a000 	C:\WINDOWS\SYSTEM32\VERSION.dll
0x00007ffc778e0000 - 0x00007ffc7795a000 	C:\WINDOWS\System32\bcryptPrimitives.dll
0x00007ffc7a490000 - 0x00007ffc7a4bd000 	C:\WINDOWS\System32\IMM32.DLL
0x00007ffc38a30000 - 0x00007ffc38b1f000 	C:\Program Files\Java\jre-10\bin\msvcr120.dll
0x00007ffc47f40000 - 0x00007ffc47fe6000 	C:\Program Files\Java\jre-10\bin\msvcp120.dll
0x000000006e660000 - 0x000000006f0cf000 	C:\Program Files\Java\jre-10\bin\server\jvm.dll
0x00007ffc7a420000 - 0x00007ffc7a428000 	C:\WINDOWS\System32\PSAPI.DLL
0x00007ffc69860000 - 0x00007ffc69869000 	C:\WINDOWS\SYSTEM32\WSOCK32.dll
0x00007ffc6b630000 - 0x00007ffc6b653000 	C:\WINDOWS\SYSTEM32\WINMM.dll
0x00007ffc7aca0000 - 0x00007ffc7ad0c000 	C:\WINDOWS\System32\WS2_32.dll
0x00007ffc6b560000 - 0x00007ffc6b58a000 	C:\WINDOWS\SYSTEM32\winmmbase.dll
0x00007ffc775b0000 - 0x00007ffc775f9000 	C:\WINDOWS\System32\cfgmgr32.dll
0x00007ffc68d00000 - 0x00007ffc68d0f000 	C:\Program Files\Java\jre-10\bin\verify.dll
0x00007ffc6e6a0000 - 0x00007ffc6e869000 	C:\WINDOWS\SYSTEM32\DBGHELP.DLL
0x00007ffc6b9a0000 - 0x00007ffc6b9c9000 	C:\WINDOWS\SYSTEM32\dbgcore.DLL
0x00007ffc5e0d0000 - 0x00007ffc5e0f7000 	C:\Program Files\Java\jre-10\bin\java.dll
0x00007ffc5e1a0000 - 0x00007ffc5e1b6000 	C:\Program Files\Java\jre-10\bin\zip.dll
0x00007ffc68cb0000 - 0x00007ffc68cba000 	C:\Program Files\Java\jre-10\bin\jimage.dll
0x00007ffc789f0000 - 0x00007ffc79e30000 	C:\WINDOWS\System32\SHELL32.dll
0x00007ffc7abe0000 - 0x00007ffc7ac89000 	C:\WINDOWS\System32\shcore.dll
0x00007ffc77cf0000 - 0x00007ffc783fd000 	C:\WINDOWS\System32\windows.storage.dll
0x00007ffc7a430000 - 0x00007ffc7a481000 	C:\WINDOWS\System32\shlwapi.dll
0x00007ffc772f0000 - 0x00007ffc77301000 	C:\WINDOWS\System32\kernel.appcore.dll
0x00007ffc772d0000 - 0x00007ffc772ef000 	C:\WINDOWS\System32\profapi.dll
0x00007ffc77310000 - 0x00007ffc7735c000 	C:\WINDOWS\System32\powrprof.dll
0x00007ffc772a0000 - 0x00007ffc772aa000 	C:\WINDOWS\System32\FLTLIB.DLL
0x00007ffbed220000 - 0x00007ffbeeefb000 	H:\eclipse\vs_workspace\pcl-java-master\pcl-java-master\natives\win32\x86_64\pcl_icp_test.dll
0x00007ffbe5880000 - 0x00007ffbe663e000 	C:\Program Files\PCL 1.8.1\bin\pcl_features_debug.dll
0x00007ffc248d0000 - 0x00007ffc24ee5000 	C:\Program Files\PCL 1.8.1\bin\pcl_sample_consensus_debug.dll
0x00007ffc38310000 - 0x00007ffc3863a000 	C:\Program Files\PCL 1.8.1\bin\pcl_common_debug.dll
0x00007ffbe38b0000 - 0x00007ffbe5872000 	C:\Program Files\PCL 1.8.1\bin\pcl_io_debug.dll
0x00007ffc38770000 - 0x00007ffc38861000 	C:\WINDOWS\SYSTEM32\MSVCP140D.dll
0x00007ffc55700000 - 0x00007ffc55721000 	C:\WINDOWS\SYSTEM32\VCRUNTIME140D.dll
0x00007ffc2a3c0000 - 0x00007ffc2a578000 	C:\WINDOWS\SYSTEM32\ucrtbased.dll
0x00007ffbecc90000 - 0x00007ffbed218000 	C:\Program Files\PCL 1.8.1\bin\pcl_search_debug.dll
0x00007ffbd8820000 - 0x00007ffbdb8f0000 	C:\Program Files\PCL 1.8.1\bin\pcl_visualization_debug.dll
0x00007ffbd4c70000 - 0x00007ffbd5de4000 	C:\Program Files\PCL 1.8.1\bin\pcl_filters_debug.dll
0x00007ffbf0670000 - 0x00007ffbf09f5000 	C:\Program Files\PCL 1.8.1\bin\pcl_kdtree_debug.dll
0x00007ffbebb30000 - 0x00007ffbec075000 	C:\Program Files\PCL 1.8.1\bin\pcl_octree_debug.dll
0x00007ffc4eb60000 - 0x00007ffc4ebcb000 	C:\Program Files\PCL 1.8.1\3rdParty\OpenNI2\Redist\OpenNI2.dll
0x00007ffc2a280000 - 0x00007ffc2a3b4000 	C:\Program Files\PCL 1.8.1\bin\pcl_io_ply_debug.dll
0x00007ffc266f0000 - 0x00007ffc26810000 	C:\WINDOWS\SYSTEM32\OPENGL32.dll
0x0000000070090000 - 0x0000000070162000 	C:\WINDOWS\SYSTEM32\MSVCR100.dll
0x00007ffc50460000 - 0x00007ffc5048c000 	C:\WINDOWS\SYSTEM32\GLU32.dll
0x00007ffc755e0000 - 0x00007ffc75678000 	C:\WINDOWS\system32\uxtheme.dll
0x00007ffc78770000 - 0x00007ffc788e3000 	C:\WINDOWS\System32\MSCTF.dll
0x00007ffc7aa40000 - 0x00007ffc7ab03000 	C:\WINDOWS\System32\OLEAUT32.dll
0x00007ffc59e20000 - 0x00007ffc59e68000 	C:\Program Files (x86)\TeamViewer\tv_x64.dll
0x00007ffc78480000 - 0x00007ffc785d1000 	C:\WINDOWS\System32\ole32.dll
0x00007ffc75760000 - 0x00007ffc75789000 	C:\WINDOWS\system32\dwmapi.dll
0x000000006c390000 - 0x000000006e657000 	C:\WINDOWS\SYSTEM32\nvoglv64.DLL
0x00007ffc7a5f0000 - 0x00007ffc7aa3b000 	C:\WINDOWS\System32\SETUPAPI.dll
0x00007ffc72f00000 - 0x00007ffc72f13000 	C:\WINDOWS\SYSTEM32\WTSAPI32.dll
0x00007ffc770b0000 - 0x00007ffc770d7000 	C:\WINDOWS\SYSTEM32\DEVOBJ.dll
0x00007ffc77600000 - 0x00007ffc77657000 	C:\WINDOWS\System32\WINTRUST.dll
0x00007ffc772b0000 - 0x00007ffc772c2000 	C:\WINDOWS\System32\MSASN1.dll
0x00007ffc77a00000 - 0x00007ffc77be2000 	C:\WINDOWS\System32\CRYPT32.dll
0x00007ffc76390000 - 0x00007ffc763c1000 	C:\WINDOWS\SYSTEM32\ntmarta.dll
0x00007ffc69be0000 - 0x00007ffc69dbc000 	C:\WINDOWS\system32\nvspcap64.dll
0x00007ffc730f0000 - 0x00007ffc731cd000 	C:\WINDOWS\SYSTEM32\WINHTTP.dll
0x00007ffc76430000 - 0x00007ffc76486000 	C:\WINDOWS\SYSTEM32\WINSTA.dll

dbghelp: loaded successfully - version: 4.0.5 - missing functions: none
symbol engine: initialized successfully - sym options: 0x614 - pdb path: .;C:\Program Files\Java\jre-10\bin;C:\WINDOWS\SYSTEM32;C:\WINDOWS\WinSxS\amd64_microsoft.windows.common-controls_6595b64144ccf1df_6.0.17134.590_none_fb3d9bff3069e088;C:\Program Files\Java\jre-10\bin\server;H:\eclipse\vs_workspace\pcl-java-master\pcl-java-master\natives\win32\x86_64;C:\Program Files\PCL 1.8.1\bin;C:\Program Files\PCL 1.8.1\3rdParty\OpenNI2\Redist;C:\Program Files (x86)\TeamViewer

VM Arguments:
jvm_args: -Djava.library.path=H:\eclipse\vs_workspace\pcl-java-master\pcl-java-master\target\natives\win32\x86_64 -Dfile.encoding=Cp1252 
java_command: com.movlad.pcl.examples.ICPDemo
java_class_path (initial): H:\eclipse\vs_workspace\pcl-java-master\pcl-java-master\bin;H:\eclipse\vs_workspace\junit-4.11.jar;H:\eclipse\vs_workspace\junit-jupiter-api-5.4.0.jar;H:\eclipse\vs_workspace\commonsIO-2.5.0-javadoc.jar;H:\eclipse\vs_workspace\commonsIO-2.5.0-sources.jar;C:\Users\VS-01\Downloads\commons-io-1.3.2.jar
Launcher Type: SUN_STANDARD

Logging:
Log output configuration:
#0: stdout all=warning uptime,level,tags
#1: stderr all=off uptime,level,tags

Environment Variables:
JAVA_HOME=C:\Program Files\Java\jdk-10\bin
CLASSPATH=C:\Program Files\OpenNI\Bin64\org.OpenNI.jar
PATH=C:/Program Files/Java/jre1.8.0_161/bin/server;C:/Program Files/Java/jre1.8.0_161/bin;C:/Program Files/Java/jre1.8.0_161/lib/amd64;C:\Program Files\NVIDIA GPU Computing Toolkit\CUDA\v9.0\bin;C:\Program Files\NVIDIA GPU Computing Toolkit\CUDA\v9.0\libnvvp;C:\Program Files\NVIDIA GPU Computing Toolkit\CUDA\v8.0\bin;C:\Program Files\NVIDIA GPU Computing Toolkit\CUDA\v8.0\libnvvp;C:\ProgramData\Oracle\Java\javapath;C:\Program Files (x86)\Common Files\Intergraph\Grid Analysis SDK\1.0\Program;C:\Program Files\Microsoft MPI\Bin\;C:\Windows\system32;C:\Windows;C:\Windows\System32\Wbem;C:\Windows\System32\WindowsPowerShell\v1.0\;C:\Program Files\MATLAB\R2017b\bin;C:\Program Files\Microsoft SQL Server\130\Tools\Binn\;C:\Program Files\dotnet\;C:\Program Files\Git\cmd;C:\Program Files\Common Files\Autodesk Shared\;C:\Program Files (x86)\Autodesk\Backburner\;C:\Program Files (x86)\GtkSharp\2.12\bin;C:\Users\VS-01\Documents\Yao Sidan\apache-ant-1.10.1\bin;C:\Program Files (x86)\Java\jdk1.8.0_144;C:\Program Files (x86)\Java\jdk1.8.0_144\bin;C:\Users\VS-01\Documents\Yao Sidan\apache-ant-1.8.2\bin;C:\Program Files (x86)\NVIDIA Corporation\PhysX\Common;C:\apache-maven-3.5.0\bin;C:\opencv\build\x64\vc14\bin;C:\Program Files\NVIDIA GPU Computing Toolkit\CUDA\cudnn-8.0-windows10-x64-v6.0\cuda\bin;C:\WINDOWS\system32;C:\WINDOWS;C:\WINDOWS\System32\Wbem;C:\WINDOWS\System32\WindowsPowerShell\v1.0\;C:\Program Files\MATLAB\MATLAB Runtime\v93\runtime\win64;C:\Program Files\Microsoft SQL Server\110\Tools\Binn\;C:\Qt1\5.5\msvc2013_64\plugins;C:\WINDOWS\system32;C:\WINDOWS;C:\WINDOWS\System32\Wbem;C:\WINDOWS\System32\WindowsPowerShell\v1.0\;C:\WINDOWS\System32\OpenSSH\;C:\Program Files\FME\;C:\Program Files\OpenNI\Bin64;"C:\Program Files\PCL 1.8.1\bin;C:\Program Files\PCL 1.8.1\3rdParty\FLANN\bin;C:\Program Files\PCL 1.8.1\3rdParty\VTK\bin;C:\Program Files\PCL 1.8.1\Qhull\bin;C:\Program Files\PCL 1.8.1\3rdParty\OpenNI2\Tools";C:\Users\VS-01\AppData\Local\Programs\Python\Python35\Scripts\;C:\Use
USERNAME=VS-01
OS=Windows_NT
PROCESSOR_IDENTIFIER=Intel64 Family 6 Model 79 Stepping 1, GenuineIntel



---------------  S Y S T E M  ---------------

OS: Windows 10 , 64 bit Build 17134 (10.0.17134.556)

CPU:total 12 (initial active 12) (6 cores per cpu, 2 threads per core) family 6 model 79 stepping 1, cmov, cx8, fxsr, mmx, sse, sse2, sse3, ssse3, sse4.1, sse4.2, popcnt, avx, avx2, aes, clmul, erms, rtm, 3dnowpref, lzcnt, ht, tsc, tscinvbit, bmi1, bmi2, adx, fma

Memory: 4k page, physical 66983556k(45382908k free), swap 100845764k(18409692k free)

vm_info: Java HotSpot(TM) 64-Bit Server VM (10+46) for windows-amd64 JRE (10+46), built on Mar  8 2018 02:11:18 by "mach5one" with MS VC++ 12.0 (VS2013)

END.
