#
# A fatal error has been detected by the Java Runtime Environment:
#
#  EXCEPTION_ACCESS_VIOLATION (0xc0000005) at pc=0x00007ffc86ab5498, pid=7144, tid=20200
#
# JRE version: Java(TM) SE Runtime Environment (10.0+46) (build 10+46)
# Java VM: Java HotSpot(TM) 64-Bit Server VM (10+46, mixed mode, tiered, compressed oops, g1 gc, windows-amd64)
# Problematic frame:
# C  [pcl_icp_test.dll+0x5c5498]
#
# No core dump will be written. Minidumps are not enabled by default on client versions of Windows
#
# If you would like to submit a bug report, please visit:
#   http://bugreport.java.com/bugreport/crash.jsp
# The crash happened outside the Java Virtual Machine in native code.
# See problematic frame for where to report the bug.
#

---------------  S U M M A R Y ------------

Command Line: -Djava.library.path=H:\eclipse\vs_workspace\pcl-java-master\pcl-java-master\target\natives\win32\x86_64 -Dfile.encoding=Cp1252 com.movlad.pcl.examples.ICPDemo

Host: Intel(R) Xeon(R) CPU E5-1650 v4 @ 3.60GHz, 12 cores, 63G,  Windows 10 , 64 bit Build 17134 (10.0.17134.556)
Time: Fri Feb 22 15:52:00 2019 Malay Peninsula Standard Time elapsed time: 9 seconds (0d 0h 0m 9s)

---------------  T H R E A D  ---------------

Current thread (0x000002bd37575000):  JavaThread "main" [_thread_in_native, id=20200, stack(0x000000f429e00000,0x000000f429f00000)]

Stack: [0x000000f429e00000,0x000000f429f00000],  sp=0x000000f429efeac0,  free space=1018k
Native frames: (J=compiled Java code, j=interpreted, Vv=VM code, C=native code)
C  [pcl_icp_test.dll+0x5c5498]

Java frames: (J=compiled Java code, j=interpreted, Vv=VM code)
j  pcl.icp.compute(Lcom/movlad/pcl/PointCloud3d;Lcom/movlad/pcl/PointCloud3d;IF[F)F+0
j  com.movlad.pcl.examples.ICPDemo.main([Ljava/lang/String;)V+194
v  ~StubRoutines::call_stub

siginfo: EXCEPTION_ACCESS_VIOLATION (0xc0000005), reading address 0x0000000000000008


Register to memory mapping:

RIP=0x00007ffc86ab5498 pcl_icp_test.dll
RAX=0x000000f429efee58 is pointing into the stack for thread: 0x000002bd37575000
RBX={method} {0x000002bd77a3b298} 'compute' '(Lcom/movlad/pcl/PointCloud3d;Lcom/movlad/pcl/PointCloud3d;IF[F)F' in 'pcl/icp'
RCX=0x0000000000000008 is an unknown value
RDX=0x0000000000000008 is an unknown value
RSP=0x000000f429efeac0 is pointing into the stack for thread: 0x000002bd37575000
RBP=0x000000f429efeae0 is pointing into the stack for thread: 0x000002bd37575000
RSI=0x00000007c0062278 is pointing into metadata
RDI=0x000000f429efebc8 is pointing into the stack for thread: 0x000002bd37575000
R8 =0x0000000000000042 is an unknown value
R9 =0x0000000401b5d2b0 is pointing into object: 0x00000004018f5d48

[error occurred during error reporting (printing register info), id 0xc0000005]

Registers:
RAX=0x000000f429efee58, RBX=0x000002bd77a3b290, RCX=0x0000000000000008, RDX=0x0000000000000008
RSP=0x000000f429efeac0, RBP=0x000000f429efeae0, RSI=0x00000007c0062278, RDI=0x000000f429efebc8
R8 =0x0000000000000042, R9 =0x0000000401b5d2b0, R10=0x000000000000000a, R11=0x00000000729f5cf0
R12=0x0000000000000000, R13=0x000002bd77a3b290, R14=0x000000f429eff3f8, R15=0x000002bd37575000
RIP=0x00007ffc86ab5498, EFLAGS=0x0000000000010206

Top of Stack: (sp=0x000000f429efeac0)
0x000000f429efeac0:   cccccccccccccccc cccccccccccccccc
0x000000f429efead0:   cccccccccccccccc cccccccccccccccc
0x000000f429efeae0:   cccccccccccccccc cccccccccccccccc
0x000000f429efeaf0:   cccccccccccccccc cccccccccccccccc
0x000000f429efeb00:   cccccccccccccccc cccccccccccccccc
0x000000f429efeb10:   cccccccccccccccc cccccccccccccccc
0x000000f429efeb20:   cccccccccccccccc cccccccccccccccc
0x000000f429efeb30:   cccccccccccccccc cccccccccccccccc
0x000000f429efeb40:   cccccccccccccccc cccccccccccccccc
0x000000f429efeb50:   cccccccccccccccc cccccccccccccccc
0x000000f429efeb60:   cccccccccccccccc cccccccccccccccc
0x000000f429efeb70:   cccccccccccccccc cccccccccccccccc
0x000000f429efeb80:   cccccccccccccccc cccccccccccccccc
0x000000f429efeb90:   cccccccccccccccc cccccccccccccccc
0x000000f429efeba0:   cccccccccccccccc fffffffffffffffe
0x000000f429efebb0:   cccccccccccccccc cccccccccccccccc 

Instructions: (pc=0x00007ffc86ab5498)
0x00007ffc86ab5478:   8b 8c 24 28 01 00 00 48 c7 85 c8 00 00 00 fe ff
0x00007ffc86ab5488:   ff ff 48 8b 85 00 01 00 00 48 8b 8d 08 01 00 00
0x00007ffc86ab5498:   48 8b 09 48 89 08 48 8b 85 08 01 00 00 48 83 c0
0x00007ffc86ab54a8:   08 48 8b 8d 00 01 00 00 48 83 c1 08 48 8b d0 e8 



---------------  P R O C E S S  ---------------

Threads class SMR info:
_java_thread_list=0x000002bd7759fa40, length=12, elements={
0x000002bd37575000, 0x000002bd77408000, 0x000002bd77411000, 0x000002bd7741d000,
0x000002bd7741e000, 0x000002bd7741e800, 0x000002bd77423800, 0x000002bd7742a800,
0x000002bd7742e800, 0x000002bd77437000, 0x000002bd775ef800, 0x000002bd77619800
}

Java Threads: ( => current thread )
=>0x000002bd37575000 JavaThread "main" [_thread_in_native, id=20200, stack(0x000000f429e00000,0x000000f429f00000)]
  0x000002bd77408000 JavaThread "Reference Handler" daemon [_thread_blocked, id=2816, stack(0x000000f42b900000,0x000000f42ba00000)]
  0x000002bd77411000 JavaThread "Finalizer" daemon [_thread_blocked, id=19796, stack(0x000000f42ba00000,0x000000f42bb00000)]
  0x000002bd7741d000 JavaThread "Signal Dispatcher" daemon [_thread_blocked, id=3240, stack(0x000000f42bb00000,0x000000f42bc00000)]
  0x000002bd7741e000 JavaThread "Attach Listener" daemon [_thread_blocked, id=19452, stack(0x000000f42bc00000,0x000000f42bd00000)]
  0x000002bd7741e800 JavaThread "C2 CompilerThread0" daemon [_thread_blocked, id=2672, stack(0x000000f42bd00000,0x000000f42be00000)]
  0x000002bd77423800 JavaThread "C2 CompilerThread1" daemon [_thread_blocked, id=18204, stack(0x000000f42be00000,0x000000f42bf00000)]
  0x000002bd7742a800 JavaThread "C2 CompilerThread2" daemon [_thread_blocked, id=20212, stack(0x000000f42bf00000,0x000000f42c000000)]
  0x000002bd7742e800 JavaThread "C1 CompilerThread3" daemon [_thread_blocked, id=5424, stack(0x000000f42c000000,0x000000f42c100000)]
  0x000002bd77437000 JavaThread "Sweeper thread" daemon [_thread_blocked, id=2784, stack(0x000000f42c100000,0x000000f42c200000)]
  0x000002bd775ef800 JavaThread "Service Thread" daemon [_thread_blocked, id=8940, stack(0x000000f42c200000,0x000000f42c300000)]
  0x000002bd77619800 JavaThread "Common-Cleaner" daemon [_thread_blocked, id=2224, stack(0x000000f42c300000,0x000000f42c400000)]

Other Threads:
  0x000002bd773f4800 VMThread "VM Thread" [stack: 0x000000f42b800000,0x000000f42b900000] [id=4348]
  0x000002bd7761c800 WatcherThread [stack: 0x000000f42c400000,0x000000f42c500000] [id=14268]
  0x000002bd3758e000 GCTaskThread "GC Thread#0" [stack: 0x000000f429f00000,0x000000f42a000000] [id=7856]
  0x000002bd3758f800 GCTaskThread "GC Thread#1" [stack: 0x000000f42a000000,0x000000f42a100000] [id=18524]
  0x000002bd37592000 GCTaskThread "GC Thread#2" [stack: 0x000000f42a100000,0x000000f42a200000] [id=18372]
  0x000002bd37594800 GCTaskThread "GC Thread#3" [stack: 0x000000f42a200000,0x000000f42a300000] [id=6556]
  0x000002bd3759d000 GCTaskThread "GC Thread#4" [stack: 0x000000f42a300000,0x000000f42a400000] [id=15412]
  0x000002bd375a5800 GCTaskThread "GC Thread#5" [stack: 0x000000f42a400000,0x000000f42a500000] [id=19960]
  0x000002bd375a6800 GCTaskThread "GC Thread#6" [stack: 0x000000f42a500000,0x000000f42a600000] [id=11428]
  0x000002bd375a9000 GCTaskThread "GC Thread#7" [stack: 0x000000f42a600000,0x000000f42a700000] [id=16568]
  0x000002bd375af800 GCTaskThread "GC Thread#8" [stack: 0x000000f42a700000,0x000000f42a800000] [id=18796]
  0x000002bd375ad000 GCTaskThread "GC Thread#9" [stack: 0x000000f42a800000,0x000000f42a900000] [id=13136]
  0x000002bd7422b000 ConcurrentGCThread "G1 Main Marker" [stack: 0x000000f42a900000,0x000000f42aa00000] [id=19444]
  0x000002bd375ac000 ConcurrentGCThread "G1 Conc#0" [stack: 0x000000f42aa00000,0x000000f42ab00000] [id=19748]
  0x000002bd375ab000 ConcurrentGCThread "G1 Conc#1" [stack: 0x000000f42ab00000,0x000000f42ac00000] [id=6668]
  0x000002bd375ae800 ConcurrentGCThread "G1 Conc#2" [stack: 0x000000f42ac00000,0x000000f42ad00000] [id=6780]
  0x000002bd74387800 ConcurrentGCThread "G1 Refine#0" [stack: 0x000000f42ad00000,0x000000f42ae00000] [id=20392]
  0x000002bd74388800 ConcurrentGCThread "G1 Refine#1" [stack: 0x000000f42ae00000,0x000000f42af00000] [id=112]
  0x000002bd74389000 ConcurrentGCThread "G1 Refine#2" [stack: 0x000000f42af00000,0x000000f42b000000] [id=18756]
  0x000002bd77280800 ConcurrentGCThread "G1 Refine#3" [stack: 0x000000f42b000000,0x000000f42b100000] [id=2260]
  0x000002bd375ac800 ConcurrentGCThread "G1 Refine#4" [stack: 0x000000f42b100000,0x000000f42b200000] [id=4284]
  0x000002bd375aa800 ConcurrentGCThread "G1 Refine#5" [stack: 0x000000f42b200000,0x000000f42b300000] [id=4744]
  0x000002bd375b0800 ConcurrentGCThread "G1 Refine#6" [stack: 0x000000f42b300000,0x000000f42b400000] [id=20024]
  0x000002bd375b1000 ConcurrentGCThread "G1 Refine#7" [stack: 0x000000f42b400000,0x000000f42b500000] [id=1564]
  0x000002bd375aa000 ConcurrentGCThread "G1 Refine#8" [stack: 0x000000f42b500000,0x000000f42b600000] [id=20372]
  0x000002bd375ad800 ConcurrentGCThread "G1 Refine#9" [stack: 0x000000f42b600000,0x000000f42b700000] [id=5596]
  0x000002bd7438d000 ConcurrentGCThread "G1 Young RemSet Sampling" [stack: 0x000000f42b700000,0x000000f42b800000] [id=13712]

Threads with active compile tasks:

VM state:not at safepoint (normal execution)

VM Mutex/Monitor currently owned by a thread: None

Heap address: 0x00000003c1c00000, size: 16356 MB, Compressed Oops mode: Zero based, Oop shift amount: 3
Narrow klass base: 0x0000000000000000, Narrow klass shift: 3
Compressed class space size: 1073741824 Address: 0x00000007c0000000

Heap:
 garbage-first heap   total 1048576K, used 0K [0x00000003c1c00000, 0x00000007c0000000)
  region size 4096K, 1 young (4096K), 0 survivors (0K)
 Metaspace       used 3700K, capacity 4600K, committed 4864K, reserved 1056768K
  class space    used 354K, capacity 424K, committed 512K, reserved 1048576K
Heap Regions: E=young(eden), S=young(survivor), O=old, HS=humongous(starts), HC=humongous(continues), CS=collection set, F=free, A=archive, TS=gc time stamp, AC=allocation context, TAMS=top-at-mark-start (previous, next)
|   0|0x00000003c1c00000, 0x00000003c1c00000, 0x00000003c2000000|  0%| F|  |TS  0|AC  0|TAMS 0x00000003c1c00000, 0x00000003c1c00000|
|   1|0x00000003c2000000, 0x00000003c2000000, 0x00000003c2400000|  0%| F|  |TS  0|AC  0|TAMS 0x00000003c2000000, 0x00000003c2000000|
|   2|0x00000003c2400000, 0x00000003c2400000, 0x00000003c2800000|  0%| F|  |TS  0|AC  0|TAMS 0x00000003c2400000, 0x00000003c2400000|
|   3|0x00000003c2800000, 0x00000003c2800000, 0x00000003c2c00000|  0%| F|  |TS  0|AC  0|TAMS 0x00000003c2800000, 0x00000003c2800000|
|   4|0x00000003c2c00000, 0x00000003c2c00000, 0x00000003c3000000|  0%| F|  |TS  0|AC  0|TAMS 0x00000003c2c00000, 0x00000003c2c00000|
|   5|0x00000003c3000000, 0x00000003c3000000, 0x00000003c3400000|  0%| F|  |TS  0|AC  0|TAMS 0x00000003c3000000, 0x00000003c3000000|
|   6|0x00000003c3400000, 0x00000003c3400000, 0x00000003c3800000|  0%| F|  |TS  0|AC  0|TAMS 0x00000003c3400000, 0x00000003c3400000|
|   7|0x00000003c3800000, 0x00000003c3800000, 0x00000003c3c00000|  0%| F|  |TS  0|AC  0|TAMS 0x00000003c3800000, 0x00000003c3800000|
|   8|0x00000003c3c00000, 0x00000003c3c00000, 0x00000003c4000000|  0%| F|  |TS  0|AC  0|TAMS 0x00000003c3c00000, 0x00000003c3c00000|
|   9|0x00000003c4000000, 0x00000003c4000000, 0x00000003c4400000|  0%| F|  |TS  0|AC  0|TAMS 0x00000003c4000000, 0x00000003c4000000|
|  10|0x00000003c4400000, 0x00000003c4400000, 0x00000003c4800000|  0%| F|  |TS  0|AC  0|TAMS 0x00000003c4400000, 0x00000003c4400000|
|  11|0x00000003c4800000, 0x00000003c4800000, 0x00000003c4c00000|  0%| F|  |TS  0|AC  0|TAMS 0x00000003c4800000, 0x00000003c4800000|
|  12|0x00000003c4c00000, 0x00000003c4c00000, 0x00000003c5000000|  0%| F|  |TS  0|AC  0|TAMS 0x00000003c4c00000, 0x00000003c4c00000|
|  13|0x00000003c5000000, 0x00000003c5000000, 0x00000003c5400000|  0%| F|  |TS  0|AC  0|TAMS 0x00000003c5000000, 0x00000003c5000000|
|  14|0x00000003c5400000, 0x00000003c5400000, 0x00000003c5800000|  0%| F|  |TS  0|AC  0|TAMS 0x00000003c5400000, 0x00000003c5400000|
|  15|0x00000003c5800000, 0x00000003c5800000, 0x00000003c5c00000|  0%| F|  |TS  0|AC  0|TAMS 0x00000003c5800000, 0x00000003c5800000|
|  16|0x00000003c5c00000, 0x00000003c5c00000, 0x00000003c6000000|  0%| F|  |TS  0|AC  0|TAMS 0x00000003c5c00000, 0x00000003c5c00000|
|  17|0x00000003c6000000, 0x00000003c6000000, 0x00000003c6400000|  0%| F|  |TS  0|AC  0|TAMS 0x00000003c6000000, 0x00000003c6000000|
|  18|0x00000003c6400000, 0x00000003c6400000, 0x00000003c6800000|  0%| F|  |TS  0|AC  0|TAMS 0x00000003c6400000, 0x00000003c6400000|
|  19|0x00000003c6800000, 0x00000003c6800000, 0x00000003c6c00000|  0%| F|  |TS  0|AC  0|TAMS 0x00000003c6800000, 0x00000003c6800000|
|  20|0x00000003c6c00000, 0x00000003c6c00000, 0x00000003c7000000|  0%| F|  |TS  0|AC  0|TAMS 0x00000003c6c00000, 0x00000003c6c00000|
|  21|0x00000003c7000000, 0x00000003c7000000, 0x00000003c7400000|  0%| F|  |TS  0|AC  0|TAMS 0x00000003c7000000, 0x00000003c7000000|
|  22|0x00000003c7400000, 0x00000003c7400000, 0x00000003c7800000|  0%| F|  |TS  0|AC  0|TAMS 0x00000003c7400000, 0x00000003c7400000|
|  23|0x00000003c7800000, 0x00000003c7800000, 0x00000003c7c00000|  0%| F|  |TS  0|AC  0|TAMS 0x00000003c7800000, 0x00000003c7800000|
|  24|0x00000003c7c00000, 0x00000003c7c00000, 0x00000003c8000000|  0%| F|  |TS  0|AC  0|TAMS 0x00000003c7c00000, 0x00000003c7c00000|
|  25|0x00000003c8000000, 0x00000003c8000000, 0x00000003c8400000|  0%| F|  |TS  0|AC  0|TAMS 0x00000003c8000000, 0x00000003c8000000|
|  26|0x00000003c8400000, 0x00000003c8400000, 0x00000003c8800000|  0%| F|  |TS  0|AC  0|TAMS 0x00000003c8400000, 0x00000003c8400000|
|  27|0x00000003c8800000, 0x00000003c8800000, 0x00000003c8c00000|  0%| F|  |TS  0|AC  0|TAMS 0x00000003c8800000, 0x00000003c8800000|
|  28|0x00000003c8c00000, 0x00000003c8c00000, 0x00000003c9000000|  0%| F|  |TS  0|AC  0|TAMS 0x00000003c8c00000, 0x00000003c8c00000|
|  29|0x00000003c9000000, 0x00000003c9000000, 0x00000003c9400000|  0%| F|  |TS  0|AC  0|TAMS 0x00000003c9000000, 0x00000003c9000000|
|  30|0x00000003c9400000, 0x00000003c9400000, 0x00000003c9800000|  0%| F|  |TS  0|AC  0|TAMS 0x00000003c9400000, 0x00000003c9400000|
|  31|0x00000003c9800000, 0x00000003c9800000, 0x00000003c9c00000|  0%| F|  |TS  0|AC  0|TAMS 0x00000003c9800000, 0x00000003c9800000|
|  32|0x00000003c9c00000, 0x00000003c9c00000, 0x00000003ca000000|  0%| F|  |TS  0|AC  0|TAMS 0x00000003c9c00000, 0x00000003c9c00000|
|  33|0x00000003ca000000, 0x00000003ca000000, 0x00000003ca400000|  0%| F|  |TS  0|AC  0|TAMS 0x00000003ca000000, 0x00000003ca000000|
|  34|0x00000003ca400000, 0x00000003ca400000, 0x00000003ca800000|  0%| F|  |TS  0|AC  0|TAMS 0x00000003ca400000, 0x00000003ca400000|
|  35|0x00000003ca800000, 0x00000003ca800000, 0x00000003cac00000|  0%| F|  |TS  0|AC  0|TAMS 0x00000003ca800000, 0x00000003ca800000|
|  36|0x00000003cac00000, 0x00000003cac00000, 0x00000003cb000000|  0%| F|  |TS  0|AC  0|TAMS 0x00000003cac00000, 0x00000003cac00000|
|  37|0x00000003cb000000, 0x00000003cb000000, 0x00000003cb400000|  0%| F|  |TS  0|AC  0|TAMS 0x00000003cb000000, 0x00000003cb000000|
|  38|0x00000003cb400000, 0x00000003cb400000, 0x00000003cb800000|  0%| F|  |TS  0|AC  0|TAMS 0x00000003cb400000, 0x00000003cb400000|
|  39|0x00000003cb800000, 0x00000003cb800000, 0x00000003cbc00000|  0%| F|  |TS  0|AC  0|TAMS 0x00000003cb800000, 0x00000003cb800000|
|  40|0x00000003cbc00000, 0x00000003cbc00000, 0x00000003cc000000|  0%| F|  |TS  0|AC  0|TAMS 0x00000003cbc00000, 0x00000003cbc00000|
|  41|0x00000003cc000000, 0x00000003cc000000, 0x00000003cc400000|  0%| F|  |TS  0|AC  0|TAMS 0x00000003cc000000, 0x00000003cc000000|
|  42|0x00000003cc400000, 0x00000003cc400000, 0x00000003cc800000|  0%| F|  |TS  0|AC  0|TAMS 0x00000003cc400000, 0x00000003cc400000|
|  43|0x00000003cc800000, 0x00000003cc800000, 0x00000003ccc00000|  0%| F|  |TS  0|AC  0|TAMS 0x00000003cc800000, 0x00000003cc800000|
|  44|0x00000003ccc00000, 0x00000003ccc00000, 0x00000003cd000000|  0%| F|  |TS  0|AC  0|TAMS 0x00000003ccc00000, 0x00000003ccc00000|
|  45|0x00000003cd000000, 0x00000003cd000000, 0x00000003cd400000|  0%| F|  |TS  0|AC  0|TAMS 0x00000003cd000000, 0x00000003cd000000|
|  46|0x00000003cd400000, 0x00000003cd400000, 0x00000003cd800000|  0%| F|  |TS  0|AC  0|TAMS 0x00000003cd400000, 0x00000003cd400000|
|  47|0x00000003cd800000, 0x00000003cd800000, 0x00000003cdc00000|  0%| F|  |TS  0|AC  0|TAMS 0x00000003cd800000, 0x00000003cd800000|
|  48|0x00000003cdc00000, 0x00000003cdc00000, 0x00000003ce000000|  0%| F|  |TS  0|AC  0|TAMS 0x00000003cdc00000, 0x00000003cdc00000|
|  49|0x00000003ce000000, 0x00000003ce000000, 0x00000003ce400000|  0%| F|  |TS  0|AC  0|TAMS 0x00000003ce000000, 0x00000003ce000000|
|  50|0x00000003ce400000, 0x00000003ce400000, 0x00000003ce800000|  0%| F|  |TS  0|AC  0|TAMS 0x00000003ce400000, 0x00000003ce400000|
|  51|0x00000003ce800000, 0x00000003ce800000, 0x00000003cec00000|  0%| F|  |TS  0|AC  0|TAMS 0x00000003ce800000, 0x00000003ce800000|
|  52|0x00000003cec00000, 0x00000003cec00000, 0x00000003cf000000|  0%| F|  |TS  0|AC  0|TAMS 0x00000003cec00000, 0x00000003cec00000|
|  53|0x00000003cf000000, 0x00000003cf000000, 0x00000003cf400000|  0%| F|  |TS  0|AC  0|TAMS 0x00000003cf000000, 0x00000003cf000000|
|  54|0x00000003cf400000, 0x00000003cf400000, 0x00000003cf800000|  0%| F|  |TS  0|AC  0|TAMS 0x00000003cf400000, 0x00000003cf400000|
|  55|0x00000003cf800000, 0x00000003cf800000, 0x00000003cfc00000|  0%| F|  |TS  0|AC  0|TAMS 0x00000003cf800000, 0x00000003cf800000|
|  56|0x00000003cfc00000, 0x00000003cfc00000, 0x00000003d0000000|  0%| F|  |TS  0|AC  0|TAMS 0x00000003cfc00000, 0x00000003cfc00000|
|  57|0x00000003d0000000, 0x00000003d0000000, 0x00000003d0400000|  0%| F|  |TS  0|AC  0|TAMS 0x00000003d0000000, 0x00000003d0000000|
|  58|0x00000003d0400000, 0x00000003d0400000, 0x00000003d0800000|  0%| F|  |TS  0|AC  0|TAMS 0x00000003d0400000, 0x00000003d0400000|
|  59|0x00000003d0800000, 0x00000003d0800000, 0x00000003d0c00000|  0%| F|  |TS  0|AC  0|TAMS 0x00000003d0800000, 0x00000003d0800000|
|  60|0x00000003d0c00000, 0x00000003d0c00000, 0x00000003d1000000|  0%| F|  |TS  0|AC  0|TAMS 0x00000003d0c00000, 0x00000003d0c00000|
|  61|0x00000003d1000000, 0x00000003d1000000, 0x00000003d1400000|  0%| F|  |TS  0|AC  0|TAMS 0x00000003d1000000, 0x00000003d1000000|
|  62|0x00000003d1400000, 0x00000003d1400000, 0x00000003d1800000|  0%| F|  |TS  0|AC  0|TAMS 0x00000003d1400000, 0x00000003d1400000|
|  63|0x00000003d1800000, 0x00000003d1800000, 0x00000003d1c00000|  0%| F|  |TS  0|AC  0|TAMS 0x00000003d1800000, 0x00000003d1800000|
|  64|0x00000003d1c00000, 0x00000003d1c00000, 0x00000003d2000000|  0%| F|  |TS  0|AC  0|TAMS 0x00000003d1c00000, 0x00000003d1c00000|
|  65|0x00000003d2000000, 0x00000003d2000000, 0x00000003d2400000|  0%| F|  |TS  0|AC  0|TAMS 0x00000003d2000000, 0x00000003d2000000|
|  66|0x00000003d2400000, 0x00000003d2400000, 0x00000003d2800000|  0%| F|  |TS  0|AC  0|TAMS 0x00000003d2400000, 0x00000003d2400000|
|  67|0x00000003d2800000, 0x00000003d2800000, 0x00000003d2c00000|  0%| F|  |TS  0|AC  0|TAMS 0x00000003d2800000, 0x00000003d2800000|
|  68|0x00000003d2c00000, 0x00000003d2c00000, 0x00000003d3000000|  0%| F|  |TS  0|AC  0|TAMS 0x00000003d2c00000, 0x00000003d2c00000|
|  69|0x00000003d3000000, 0x00000003d3000000, 0x00000003d3400000|  0%| F|  |TS  0|AC  0|TAMS 0x00000003d3000000, 0x00000003d3000000|
|  70|0x00000003d3400000, 0x00000003d3400000, 0x00000003d3800000|  0%| F|  |TS  0|AC  0|TAMS 0x00000003d3400000, 0x00000003d3400000|
|  71|0x00000003d3800000, 0x00000003d3800000, 0x00000003d3c00000|  0%| F|  |TS  0|AC  0|TAMS 0x00000003d3800000, 0x00000003d3800000|
|  72|0x00000003d3c00000, 0x00000003d3c00000, 0x00000003d4000000|  0%| F|  |TS  0|AC  0|TAMS 0x00000003d3c00000, 0x00000003d3c00000|
|  73|0x00000003d4000000, 0x00000003d4000000, 0x00000003d4400000|  0%| F|  |TS  0|AC  0|TAMS 0x00000003d4000000, 0x00000003d4000000|
|  74|0x00000003d4400000, 0x00000003d4400000, 0x00000003d4800000|  0%| F|  |TS  0|AC  0|TAMS 0x00000003d4400000, 0x00000003d4400000|
|  75|0x00000003d4800000, 0x00000003d4800000, 0x00000003d4c00000|  0%| F|  |TS  0|AC  0|TAMS 0x00000003d4800000, 0x00000003d4800000|
|  76|0x00000003d4c00000, 0x00000003d4c00000, 0x00000003d5000000|  0%| F|  |TS  0|AC  0|TAMS 0x00000003d4c00000, 0x00000003d4c00000|
|  77|0x00000003d5000000, 0x00000003d5000000, 0x00000003d5400000|  0%| F|  |TS  0|AC  0|TAMS 0x00000003d5000000, 0x00000003d5000000|
|  78|0x00000003d5400000, 0x00000003d5400000, 0x00000003d5800000|  0%| F|  |TS  0|AC  0|TAMS 0x00000003d5400000, 0x00000003d5400000|
|  79|0x00000003d5800000, 0x00000003d5800000, 0x00000003d5c00000|  0%| F|  |TS  0|AC  0|TAMS 0x00000003d5800000, 0x00000003d5800000|
|  80|0x00000003d5c00000, 0x00000003d5c00000, 0x00000003d6000000|  0%| F|  |TS  0|AC  0|TAMS 0x00000003d5c00000, 0x00000003d5c00000|
|  81|0x00000003d6000000, 0x00000003d6000000, 0x00000003d6400000|  0%| F|  |TS  0|AC  0|TAMS 0x00000003d6000000, 0x00000003d6000000|
|  82|0x00000003d6400000, 0x00000003d6400000, 0x00000003d6800000|  0%| F|  |TS  0|AC  0|TAMS 0x00000003d6400000, 0x00000003d6400000|
|  83|0x00000003d6800000, 0x00000003d6800000, 0x00000003d6c00000|  0%| F|  |TS  0|AC  0|TAMS 0x00000003d6800000, 0x00000003d6800000|
|  84|0x00000003d6c00000, 0x00000003d6c00000, 0x00000003d7000000|  0%| F|  |TS  0|AC  0|TAMS 0x00000003d6c00000, 0x00000003d6c00000|
|  85|0x00000003d7000000, 0x00000003d7000000, 0x00000003d7400000|  0%| F|  |TS  0|AC  0|TAMS 0x00000003d7000000, 0x00000003d7000000|
|  86|0x00000003d7400000, 0x00000003d7400000, 0x00000003d7800000|  0%| F|  |TS  0|AC  0|TAMS 0x00000003d7400000, 0x00000003d7400000|
|  87|0x00000003d7800000, 0x00000003d7800000, 0x00000003d7c00000|  0%| F|  |TS  0|AC  0|TAMS 0x00000003d7800000, 0x00000003d7800000|
|  88|0x00000003d7c00000, 0x00000003d7c00000, 0x00000003d8000000|  0%| F|  |TS  0|AC  0|TAMS 0x00000003d7c00000, 0x00000003d7c00000|
|  89|0x00000003d8000000, 0x00000003d8000000, 0x00000003d8400000|  0%| F|  |TS  0|AC  0|TAMS 0x00000003d8000000, 0x00000003d8000000|
|  90|0x00000003d8400000, 0x00000003d8400000, 0x00000003d8800000|  0%| F|  |TS  0|AC  0|TAMS 0x00000003d8400000, 0x00000003d8400000|
|  91|0x00000003d8800000, 0x00000003d8800000, 0x00000003d8c00000|  0%| F|  |TS  0|AC  0|TAMS 0x00000003d8800000, 0x00000003d8800000|
|  92|0x00000003d8c00000, 0x00000003d8c00000, 0x00000003d9000000|  0%| F|  |TS  0|AC  0|TAMS 0x00000003d8c00000, 0x00000003d8c00000|
|  93|0x00000003d9000000, 0x00000003d9000000, 0x00000003d9400000|  0%| F|  |TS  0|AC  0|TAMS 0x00000003d9000000, 0x00000003d9000000|
|  94|0x00000003d9400000, 0x00000003d9400000, 0x00000003d9800000|  0%| F|  |TS  0|AC  0|TAMS 0x00000003d9400000, 0x00000003d9400000|
|  95|0x00000003d9800000, 0x00000003d9800000, 0x00000003d9c00000|  0%| F|  |TS  0|AC  0|TAMS 0x00000003d9800000, 0x00000003d9800000|
|  96|0x00000003d9c00000, 0x00000003d9c00000, 0x00000003da000000|  0%| F|  |TS  0|AC  0|TAMS 0x00000003d9c00000, 0x00000003d9c00000|
|  97|0x00000003da000000, 0x00000003da000000, 0x00000003da400000|  0%| F|  |TS  0|AC  0|TAMS 0x00000003da000000, 0x00000003da000000|
|  98|0x00000003da400000, 0x00000003da400000, 0x00000003da800000|  0%| F|  |TS  0|AC  0|TAMS 0x00000003da400000, 0x00000003da400000|
|  99|0x00000003da800000, 0x00000003da800000, 0x00000003dac00000|  0%| F|  |TS  0|AC  0|TAMS 0x00000003da800000, 0x00000003da800000|
| 100|0x00000003dac00000, 0x00000003dac00000, 0x00000003db000000|  0%| F|  |TS  0|AC  0|TAMS 0x00000003dac00000, 0x00000003dac00000|
| 101|0x00000003db000000, 0x00000003db000000, 0x00000003db400000|  0%| F|  |TS  0|AC  0|TAMS 0x00000003db000000, 0x00000003db000000|
| 102|0x00000003db400000, 0x00000003db400000, 0x00000003db800000|  0%| F|  |TS  0|AC  0|TAMS 0x00000003db400000, 0x00000003db400000|
| 103|0x00000003db800000, 0x00000003db800000, 0x00000003dbc00000|  0%| F|  |TS  0|AC  0|TAMS 0x00000003db800000, 0x00000003db800000|
| 104|0x00000003dbc00000, 0x00000003dbc00000, 0x00000003dc000000|  0%| F|  |TS  0|AC  0|TAMS 0x00000003dbc00000, 0x00000003dbc00000|
| 105|0x00000003dc000000, 0x00000003dc000000, 0x00000003dc400000|  0%| F|  |TS  0|AC  0|TAMS 0x00000003dc000000, 0x00000003dc000000|
| 106|0x00000003dc400000, 0x00000003dc400000, 0x00000003dc800000|  0%| F|  |TS  0|AC  0|TAMS 0x00000003dc400000, 0x00000003dc400000|
| 107|0x00000003dc800000, 0x00000003dc800000, 0x00000003dcc00000|  0%| F|  |TS  0|AC  0|TAMS 0x00000003dc800000, 0x00000003dc800000|
| 108|0x00000003dcc00000, 0x00000003dcc00000, 0x00000003dd000000|  0%| F|  |TS  0|AC  0|TAMS 0x00000003dcc00000, 0x00000003dcc00000|
| 109|0x00000003dd000000, 0x00000003dd000000, 0x00000003dd400000|  0%| F|  |TS  0|AC  0|TAMS 0x00000003dd000000, 0x00000003dd000000|
| 110|0x00000003dd400000, 0x00000003dd400000, 0x00000003dd800000|  0%| F|  |TS  0|AC  0|TAMS 0x00000003dd400000, 0x00000003dd400000|
| 111|0x00000003dd800000, 0x00000003dd800000, 0x00000003ddc00000|  0%| F|  |TS  0|AC  0|TAMS 0x00000003dd800000, 0x00000003dd800000|
| 112|0x00000003ddc00000, 0x00000003ddc00000, 0x00000003de000000|  0%| F|  |TS  0|AC  0|TAMS 0x00000003ddc00000, 0x00000003ddc00000|
| 113|0x00000003de000000, 0x00000003de000000, 0x00000003de400000|  0%| F|  |TS  0|AC  0|TAMS 0x00000003de000000, 0x00000003de000000|
| 114|0x00000003de400000, 0x00000003de400000, 0x00000003de800000|  0%| F|  |TS  0|AC  0|TAMS 0x00000003de400000, 0x00000003de400000|
| 115|0x00000003de800000, 0x00000003de800000, 0x00000003dec00000|  0%| F|  |TS  0|AC  0|TAMS 0x00000003de800000, 0x00000003de800000|
| 116|0x00000003dec00000, 0x00000003dec00000, 0x00000003df000000|  0%| F|  |TS  0|AC  0|TAMS 0x00000003dec00000, 0x00000003dec00000|
| 117|0x00000003df000000, 0x00000003df000000, 0x00000003df400000|  0%| F|  |TS  0|AC  0|TAMS 0x00000003df000000, 0x00000003df000000|
| 118|0x00000003df400000, 0x00000003df400000, 0x00000003df800000|  0%| F|  |TS  0|AC  0|TAMS 0x00000003df400000, 0x00000003df400000|
| 119|0x00000003df800000, 0x00000003df800000, 0x00000003dfc00000|  0%| F|  |TS  0|AC  0|TAMS 0x00000003df800000, 0x00000003df800000|
| 120|0x00000003dfc00000, 0x00000003dfc00000, 0x00000003e0000000|  0%| F|  |TS  0|AC  0|TAMS 0x00000003dfc00000, 0x00000003dfc00000|
| 121|0x00000003e0000000, 0x00000003e0000000, 0x00000003e0400000|  0%| F|  |TS  0|AC  0|TAMS 0x00000003e0000000, 0x00000003e0000000|
| 122|0x00000003e0400000, 0x00000003e0400000, 0x00000003e0800000|  0%| F|  |TS  0|AC  0|TAMS 0x00000003e0400000, 0x00000003e0400000|
| 123|0x00000003e0800000, 0x00000003e0800000, 0x00000003e0c00000|  0%| F|  |TS  0|AC  0|TAMS 0x00000003e0800000, 0x00000003e0800000|
| 124|0x00000003e0c00000, 0x00000003e0c00000, 0x00000003e1000000|  0%| F|  |TS  0|AC  0|TAMS 0x00000003e0c00000, 0x00000003e0c00000|
| 125|0x00000003e1000000, 0x00000003e1000000, 0x00000003e1400000|  0%| F|  |TS  0|AC  0|TAMS 0x00000003e1000000, 0x00000003e1000000|
| 126|0x00000003e1400000, 0x00000003e1400000, 0x00000003e1800000|  0%| F|  |TS  0|AC  0|TAMS 0x00000003e1400000, 0x00000003e1400000|
| 127|0x00000003e1800000, 0x00000003e1800000, 0x00000003e1c00000|  0%| F|  |TS  0|AC  0|TAMS 0x00000003e1800000, 0x00000003e1800000|
| 128|0x00000003e1c00000, 0x00000003e1c00000, 0x00000003e2000000|  0%| F|  |TS  0|AC  0|TAMS 0x00000003e1c00000, 0x00000003e1c00000|
| 129|0x00000003e2000000, 0x00000003e2000000, 0x00000003e2400000|  0%| F|  |TS  0|AC  0|TAMS 0x00000003e2000000, 0x00000003e2000000|
| 130|0x00000003e2400000, 0x00000003e2400000, 0x00000003e2800000|  0%| F|  |TS  0|AC  0|TAMS 0x00000003e2400000, 0x00000003e2400000|
| 131|0x00000003e2800000, 0x00000003e2800000, 0x00000003e2c00000|  0%| F|  |TS  0|AC  0|TAMS 0x00000003e2800000, 0x00000003e2800000|
| 132|0x00000003e2c00000, 0x00000003e2c00000, 0x00000003e3000000|  0%| F|  |TS  0|AC  0|TAMS 0x00000003e2c00000, 0x00000003e2c00000|
| 133|0x00000003e3000000, 0x00000003e3000000, 0x00000003e3400000|  0%| F|  |TS  0|AC  0|TAMS 0x00000003e3000000, 0x00000003e3000000|
| 134|0x00000003e3400000, 0x00000003e3400000, 0x00000003e3800000|  0%| F|  |TS  0|AC  0|TAMS 0x00000003e3400000, 0x00000003e3400000|
| 135|0x00000003e3800000, 0x00000003e3800000, 0x00000003e3c00000|  0%| F|  |TS  0|AC  0|TAMS 0x00000003e3800000, 0x00000003e3800000|
| 136|0x00000003e3c00000, 0x00000003e3c00000, 0x00000003e4000000|  0%| F|  |TS  0|AC  0|TAMS 0x00000003e3c00000, 0x00000003e3c00000|
| 137|0x00000003e4000000, 0x00000003e4000000, 0x00000003e4400000|  0%| F|  |TS  0|AC  0|TAMS 0x00000003e4000000, 0x00000003e4000000|
| 138|0x00000003e4400000, 0x00000003e4400000, 0x00000003e4800000|  0%| F|  |TS  0|AC  0|TAMS 0x00000003e4400000, 0x00000003e4400000|
| 139|0x00000003e4800000, 0x00000003e4800000, 0x00000003e4c00000|  0%| F|  |TS  0|AC  0|TAMS 0x00000003e4800000, 0x00000003e4800000|
| 140|0x00000003e4c00000, 0x00000003e4c00000, 0x00000003e5000000|  0%| F|  |TS  0|AC  0|TAMS 0x00000003e4c00000, 0x00000003e4c00000|
| 141|0x00000003e5000000, 0x00000003e5000000, 0x00000003e5400000|  0%| F|  |TS  0|AC  0|TAMS 0x00000003e5000000, 0x00000003e5000000|
| 142|0x00000003e5400000, 0x00000003e5400000, 0x00000003e5800000|  0%| F|  |TS  0|AC  0|TAMS 0x00000003e5400000, 0x00000003e5400000|
| 143|0x00000003e5800000, 0x00000003e5800000, 0x00000003e5c00000|  0%| F|  |TS  0|AC  0|TAMS 0x00000003e5800000, 0x00000003e5800000|
| 144|0x00000003e5c00000, 0x00000003e5c00000, 0x00000003e6000000|  0%| F|  |TS  0|AC  0|TAMS 0x00000003e5c00000, 0x00000003e5c00000|
| 145|0x00000003e6000000, 0x00000003e6000000, 0x00000003e6400000|  0%| F|  |TS  0|AC  0|TAMS 0x00000003e6000000, 0x00000003e6000000|
| 146|0x00000003e6400000, 0x00000003e6400000, 0x00000003e6800000|  0%| F|  |TS  0|AC  0|TAMS 0x00000003e6400000, 0x00000003e6400000|
| 147|0x00000003e6800000, 0x00000003e6800000, 0x00000003e6c00000|  0%| F|  |TS  0|AC  0|TAMS 0x00000003e6800000, 0x00000003e6800000|
| 148|0x00000003e6c00000, 0x00000003e6c00000, 0x00000003e7000000|  0%| F|  |TS  0|AC  0|TAMS 0x00000003e6c00000, 0x00000003e6c00000|
| 149|0x00000003e7000000, 0x00000003e7000000, 0x00000003e7400000|  0%| F|  |TS  0|AC  0|TAMS 0x00000003e7000000, 0x00000003e7000000|
| 150|0x00000003e7400000, 0x00000003e7400000, 0x00000003e7800000|  0%| F|  |TS  0|AC  0|TAMS 0x00000003e7400000, 0x00000003e7400000|
| 151|0x00000003e7800000, 0x00000003e7800000, 0x00000003e7c00000|  0%| F|  |TS  0|AC  0|TAMS 0x00000003e7800000, 0x00000003e7800000|
| 152|0x00000003e7c00000, 0x00000003e7c00000, 0x00000003e8000000|  0%| F|  |TS  0|AC  0|TAMS 0x00000003e7c00000, 0x00000003e7c00000|
| 153|0x00000003e8000000, 0x00000003e8000000, 0x00000003e8400000|  0%| F|  |TS  0|AC  0|TAMS 0x00000003e8000000, 0x00000003e8000000|
| 154|0x00000003e8400000, 0x00000003e8400000, 0x00000003e8800000|  0%| F|  |TS  0|AC  0|TAMS 0x00000003e8400000, 0x00000003e8400000|
| 155|0x00000003e8800000, 0x00000003e8800000, 0x00000003e8c00000|  0%| F|  |TS  0|AC  0|TAMS 0x00000003e8800000, 0x00000003e8800000|
| 156|0x00000003e8c00000, 0x00000003e8c00000, 0x00000003e9000000|  0%| F|  |TS  0|AC  0|TAMS 0x00000003e8c00000, 0x00000003e8c00000|
| 157|0x00000003e9000000, 0x00000003e9000000, 0x00000003e9400000|  0%| F|  |TS  0|AC  0|TAMS 0x00000003e9000000, 0x00000003e9000000|
| 158|0x00000003e9400000, 0x00000003e9400000, 0x00000003e9800000|  0%| F|  |TS  0|AC  0|TAMS 0x00000003e9400000, 0x00000003e9400000|
| 159|0x00000003e9800000, 0x00000003e9800000, 0x00000003e9c00000|  0%| F|  |TS  0|AC  0|TAMS 0x00000003e9800000, 0x00000003e9800000|
| 160|0x00000003e9c00000, 0x00000003e9c00000, 0x00000003ea000000|  0%| F|  |TS  0|AC  0|TAMS 0x00000003e9c00000, 0x00000003e9c00000|
| 161|0x00000003ea000000, 0x00000003ea000000, 0x00000003ea400000|  0%| F|  |TS  0|AC  0|TAMS 0x00000003ea000000, 0x00000003ea000000|
| 162|0x00000003ea400000, 0x00000003ea400000, 0x00000003ea800000|  0%| F|  |TS  0|AC  0|TAMS 0x00000003ea400000, 0x00000003ea400000|
| 163|0x00000003ea800000, 0x00000003ea800000, 0x00000003eac00000|  0%| F|  |TS  0|AC  0|TAMS 0x00000003ea800000, 0x00000003ea800000|
| 164|0x00000003eac00000, 0x00000003eac00000, 0x00000003eb000000|  0%| F|  |TS  0|AC  0|TAMS 0x00000003eac00000, 0x00000003eac00000|
| 165|0x00000003eb000000, 0x00000003eb000000, 0x00000003eb400000|  0%| F|  |TS  0|AC  0|TAMS 0x00000003eb000000, 0x00000003eb000000|
| 166|0x00000003eb400000, 0x00000003eb400000, 0x00000003eb800000|  0%| F|  |TS  0|AC  0|TAMS 0x00000003eb400000, 0x00000003eb400000|
| 167|0x00000003eb800000, 0x00000003eb800000, 0x00000003ebc00000|  0%| F|  |TS  0|AC  0|TAMS 0x00000003eb800000, 0x00000003eb800000|
| 168|0x00000003ebc00000, 0x00000003ebc00000, 0x00000003ec000000|  0%| F|  |TS  0|AC  0|TAMS 0x00000003ebc00000, 0x00000003ebc00000|
| 169|0x00000003ec000000, 0x00000003ec000000, 0x00000003ec400000|  0%| F|  |TS  0|AC  0|TAMS 0x00000003ec000000, 0x00000003ec000000|
| 170|0x00000003ec400000, 0x00000003ec400000, 0x00000003ec800000|  0%| F|  |TS  0|AC  0|TAMS 0x00000003ec400000, 0x00000003ec400000|
| 171|0x00000003ec800000, 0x00000003ec800000, 0x00000003ecc00000|  0%| F|  |TS  0|AC  0|TAMS 0x00000003ec800000, 0x00000003ec800000|
| 172|0x00000003ecc00000, 0x00000003ecc00000, 0x00000003ed000000|  0%| F|  |TS  0|AC  0|TAMS 0x00000003ecc00000, 0x00000003ecc00000|
| 173|0x00000003ed000000, 0x00000003ed000000, 0x00000003ed400000|  0%| F|  |TS  0|AC  0|TAMS 0x00000003ed000000, 0x00000003ed000000|
| 174|0x00000003ed400000, 0x00000003ed400000, 0x00000003ed800000|  0%| F|  |TS  0|AC  0|TAMS 0x00000003ed400000, 0x00000003ed400000|
| 175|0x00000003ed800000, 0x00000003ed800000, 0x00000003edc00000|  0%| F|  |TS  0|AC  0|TAMS 0x00000003ed800000, 0x00000003ed800000|
| 176|0x00000003edc00000, 0x00000003edc00000, 0x00000003ee000000|  0%| F|  |TS  0|AC  0|TAMS 0x00000003edc00000, 0x00000003edc00000|
| 177|0x00000003ee000000, 0x00000003ee000000, 0x00000003ee400000|  0%| F|  |TS  0|AC  0|TAMS 0x00000003ee000000, 0x00000003ee000000|
| 178|0x00000003ee400000, 0x00000003ee400000, 0x00000003ee800000|  0%| F|  |TS  0|AC  0|TAMS 0x00000003ee400000, 0x00000003ee400000|
| 179|0x00000003ee800000, 0x00000003ee800000, 0x00000003eec00000|  0%| F|  |TS  0|AC  0|TAMS 0x00000003ee800000, 0x00000003ee800000|
| 180|0x00000003eec00000, 0x00000003eec00000, 0x00000003ef000000|  0%| F|  |TS  0|AC  0|TAMS 0x00000003eec00000, 0x00000003eec00000|
| 181|0x00000003ef000000, 0x00000003ef000000, 0x00000003ef400000|  0%| F|  |TS  0|AC  0|TAMS 0x00000003ef000000, 0x00000003ef000000|
| 182|0x00000003ef400000, 0x00000003ef400000, 0x00000003ef800000|  0%| F|  |TS  0|AC  0|TAMS 0x00000003ef400000, 0x00000003ef400000|
| 183|0x00000003ef800000, 0x00000003ef800000, 0x00000003efc00000|  0%| F|  |TS  0|AC  0|TAMS 0x00000003ef800000, 0x00000003ef800000|
| 184|0x00000003efc00000, 0x00000003efc00000, 0x00000003f0000000|  0%| F|  |TS  0|AC  0|TAMS 0x00000003efc00000, 0x00000003efc00000|
| 185|0x00000003f0000000, 0x00000003f0000000, 0x00000003f0400000|  0%| F|  |TS  0|AC  0|TAMS 0x00000003f0000000, 0x00000003f0000000|
| 186|0x00000003f0400000, 0x00000003f0400000, 0x00000003f0800000|  0%| F|  |TS  0|AC  0|TAMS 0x00000003f0400000, 0x00000003f0400000|
| 187|0x00000003f0800000, 0x00000003f0800000, 0x00000003f0c00000|  0%| F|  |TS  0|AC  0|TAMS 0x00000003f0800000, 0x00000003f0800000|
| 188|0x00000003f0c00000, 0x00000003f0c00000, 0x00000003f1000000|  0%| F|  |TS  0|AC  0|TAMS 0x00000003f0c00000, 0x00000003f0c00000|
| 189|0x00000003f1000000, 0x00000003f1000000, 0x00000003f1400000|  0%| F|  |TS  0|AC  0|TAMS 0x00000003f1000000, 0x00000003f1000000|
| 190|0x00000003f1400000, 0x00000003f1400000, 0x00000003f1800000|  0%| F|  |TS  0|AC  0|TAMS 0x00000003f1400000, 0x00000003f1400000|
| 191|0x00000003f1800000, 0x00000003f1800000, 0x00000003f1c00000|  0%| F|  |TS  0|AC  0|TAMS 0x00000003f1800000, 0x00000003f1800000|
| 192|0x00000003f1c00000, 0x00000003f1c00000, 0x00000003f2000000|  0%| F|  |TS  0|AC  0|TAMS 0x00000003f1c00000, 0x00000003f1c00000|
| 193|0x00000003f2000000, 0x00000003f2000000, 0x00000003f2400000|  0%| F|  |TS  0|AC  0|TAMS 0x00000003f2000000, 0x00000003f2000000|
| 194|0x00000003f2400000, 0x00000003f2400000, 0x00000003f2800000|  0%| F|  |TS  0|AC  0|TAMS 0x00000003f2400000, 0x00000003f2400000|
| 195|0x00000003f2800000, 0x00000003f2800000, 0x00000003f2c00000|  0%| F|  |TS  0|AC  0|TAMS 0x00000003f2800000, 0x00000003f2800000|
| 196|0x00000003f2c00000, 0x00000003f2c00000, 0x00000003f3000000|  0%| F|  |TS  0|AC  0|TAMS 0x00000003f2c00000, 0x00000003f2c00000|
| 197|0x00000003f3000000, 0x00000003f3000000, 0x00000003f3400000|  0%| F|  |TS  0|AC  0|TAMS 0x00000003f3000000, 0x00000003f3000000|
| 198|0x00000003f3400000, 0x00000003f3400000, 0x00000003f3800000|  0%| F|  |TS  0|AC  0|TAMS 0x00000003f3400000, 0x00000003f3400000|
| 199|0x00000003f3800000, 0x00000003f3800000, 0x00000003f3c00000|  0%| F|  |TS  0|AC  0|TAMS 0x00000003f3800000, 0x00000003f3800000|
| 200|0x00000003f3c00000, 0x00000003f3c00000, 0x00000003f4000000|  0%| F|  |TS  0|AC  0|TAMS 0x00000003f3c00000, 0x00000003f3c00000|
| 201|0x00000003f4000000, 0x00000003f4000000, 0x00000003f4400000|  0%| F|  |TS  0|AC  0|TAMS 0x00000003f4000000, 0x00000003f4000000|
| 202|0x00000003f4400000, 0x00000003f4400000, 0x00000003f4800000|  0%| F|  |TS  0|AC  0|TAMS 0x00000003f4400000, 0x00000003f4400000|
| 203|0x00000003f4800000, 0x00000003f4800000, 0x00000003f4c00000|  0%| F|  |TS  0|AC  0|TAMS 0x00000003f4800000, 0x00000003f4800000|
| 204|0x00000003f4c00000, 0x00000003f4c00000, 0x00000003f5000000|  0%| F|  |TS  0|AC  0|TAMS 0x00000003f4c00000, 0x00000003f4c00000|
| 205|0x00000003f5000000, 0x00000003f5000000, 0x00000003f5400000|  0%| F|  |TS  0|AC  0|TAMS 0x00000003f5000000, 0x00000003f5000000|
| 206|0x00000003f5400000, 0x00000003f5400000, 0x00000003f5800000|  0%| F|  |TS  0|AC  0|TAMS 0x00000003f5400000, 0x00000003f5400000|
| 207|0x00000003f5800000, 0x00000003f5800000, 0x00000003f5c00000|  0%| F|  |TS  0|AC  0|TAMS 0x00000003f5800000, 0x00000003f5800000|
| 208|0x00000003f5c00000, 0x00000003f5c00000, 0x00000003f6000000|  0%| F|  |TS  0|AC  0|TAMS 0x00000003f5c00000, 0x00000003f5c00000|
| 209|0x00000003f6000000, 0x00000003f6000000, 0x00000003f6400000|  0%| F|  |TS  0|AC  0|TAMS 0x00000003f6000000, 0x00000003f6000000|
| 210|0x00000003f6400000, 0x00000003f6400000, 0x00000003f6800000|  0%| F|  |TS  0|AC  0|TAMS 0x00000003f6400000, 0x00000003f6400000|
| 211|0x00000003f6800000, 0x00000003f6800000, 0x00000003f6c00000|  0%| F|  |TS  0|AC  0|TAMS 0x00000003f6800000, 0x00000003f6800000|
| 212|0x00000003f6c00000, 0x00000003f6c00000, 0x00000003f7000000|  0%| F|  |TS  0|AC  0|TAMS 0x00000003f6c00000, 0x00000003f6c00000|
| 213|0x00000003f7000000, 0x00000003f7000000, 0x00000003f7400000|  0%| F|  |TS  0|AC  0|TAMS 0x00000003f7000000, 0x00000003f7000000|
| 214|0x00000003f7400000, 0x00000003f7400000, 0x00000003f7800000|  0%| F|  |TS  0|AC  0|TAMS 0x00000003f7400000, 0x00000003f7400000|
| 215|0x00000003f7800000, 0x00000003f7800000, 0x00000003f7c00000|  0%| F|  |TS  0|AC  0|TAMS 0x00000003f7800000, 0x00000003f7800000|
| 216|0x00000003f7c00000, 0x00000003f7c00000, 0x00000003f8000000|  0%| F|  |TS  0|AC  0|TAMS 0x00000003f7c00000, 0x00000003f7c00000|
| 217|0x00000003f8000000, 0x00000003f8000000, 0x00000003f8400000|  0%| F|  |TS  0|AC  0|TAMS 0x00000003f8000000, 0x00000003f8000000|
| 218|0x00000003f8400000, 0x00000003f8400000, 0x00000003f8800000|  0%| F|  |TS  0|AC  0|TAMS 0x00000003f8400000, 0x00000003f8400000|
| 219|0x00000003f8800000, 0x00000003f8800000, 0x00000003f8c00000|  0%| F|  |TS  0|AC  0|TAMS 0x00000003f8800000, 0x00000003f8800000|
| 220|0x00000003f8c00000, 0x00000003f8c00000, 0x00000003f9000000|  0%| F|  |TS  0|AC  0|TAMS 0x00000003f8c00000, 0x00000003f8c00000|
| 221|0x00000003f9000000, 0x00000003f9000000, 0x00000003f9400000|  0%| F|  |TS  0|AC  0|TAMS 0x00000003f9000000, 0x00000003f9000000|
| 222|0x00000003f9400000, 0x00000003f9400000, 0x00000003f9800000|  0%| F|  |TS  0|AC  0|TAMS 0x00000003f9400000, 0x00000003f9400000|
| 223|0x00000003f9800000, 0x00000003f9800000, 0x00000003f9c00000|  0%| F|  |TS  0|AC  0|TAMS 0x00000003f9800000, 0x00000003f9800000|
| 224|0x00000003f9c00000, 0x00000003f9c00000, 0x00000003fa000000|  0%| F|  |TS  0|AC  0|TAMS 0x00000003f9c00000, 0x00000003f9c00000|
| 225|0x00000003fa000000, 0x00000003fa000000, 0x00000003fa400000|  0%| F|  |TS  0|AC  0|TAMS 0x00000003fa000000, 0x00000003fa000000|
| 226|0x00000003fa400000, 0x00000003fa400000, 0x00000003fa800000|  0%| F|  |TS  0|AC  0|TAMS 0x00000003fa400000, 0x00000003fa400000|
| 227|0x00000003fa800000, 0x00000003fa800000, 0x00000003fac00000|  0%| F|  |TS  0|AC  0|TAMS 0x00000003fa800000, 0x00000003fa800000|
| 228|0x00000003fac00000, 0x00000003fac00000, 0x00000003fb000000|  0%| F|  |TS  0|AC  0|TAMS 0x00000003fac00000, 0x00000003fac00000|
| 229|0x00000003fb000000, 0x00000003fb000000, 0x00000003fb400000|  0%| F|  |TS  0|AC  0|TAMS 0x00000003fb000000, 0x00000003fb000000|
| 230|0x00000003fb400000, 0x00000003fb400000, 0x00000003fb800000|  0%| F|  |TS  0|AC  0|TAMS 0x00000003fb400000, 0x00000003fb400000|
| 231|0x00000003fb800000, 0x00000003fb800000, 0x00000003fbc00000|  0%| F|  |TS  0|AC  0|TAMS 0x00000003fb800000, 0x00000003fb800000|
| 232|0x00000003fbc00000, 0x00000003fbc00000, 0x00000003fc000000|  0%| F|  |TS  0|AC  0|TAMS 0x00000003fbc00000, 0x00000003fbc00000|
| 233|0x00000003fc000000, 0x00000003fc000000, 0x00000003fc400000|  0%| F|  |TS  0|AC  0|TAMS 0x00000003fc000000, 0x00000003fc000000|
| 234|0x00000003fc400000, 0x00000003fc400000, 0x00000003fc800000|  0%| F|  |TS  0|AC  0|TAMS 0x00000003fc400000, 0x00000003fc400000|
| 235|0x00000003fc800000, 0x00000003fc800000, 0x00000003fcc00000|  0%| F|  |TS  0|AC  0|TAMS 0x00000003fc800000, 0x00000003fc800000|
| 236|0x00000003fcc00000, 0x00000003fcc00000, 0x00000003fd000000|  0%| F|  |TS  0|AC  0|TAMS 0x00000003fcc00000, 0x00000003fcc00000|
| 237|0x00000003fd000000, 0x00000003fd000000, 0x00000003fd400000|  0%| F|  |TS  0|AC  0|TAMS 0x00000003fd000000, 0x00000003fd000000|
| 238|0x00000003fd400000, 0x00000003fd400000, 0x00000003fd800000|  0%| F|  |TS  0|AC  0|TAMS 0x00000003fd400000, 0x00000003fd400000|
| 239|0x00000003fd800000, 0x00000003fd800000, 0x00000003fdc00000|  0%| F|  |TS  0|AC  0|TAMS 0x00000003fd800000, 0x00000003fd800000|
| 240|0x00000003fdc00000, 0x00000003fdc00000, 0x00000003fe000000|  0%| F|  |TS  0|AC  0|TAMS 0x00000003fdc00000, 0x00000003fdc00000|
| 241|0x00000003fe000000, 0x00000003fe000000, 0x00000003fe400000|  0%| F|  |TS  0|AC  0|TAMS 0x00000003fe000000, 0x00000003fe000000|
| 242|0x00000003fe400000, 0x00000003fe400000, 0x00000003fe800000|  0%| F|  |TS  0|AC  0|TAMS 0x00000003fe400000, 0x00000003fe400000|
| 243|0x00000003fe800000, 0x00000003fe800000, 0x00000003fec00000|  0%| F|  |TS  0|AC  0|TAMS 0x00000003fe800000, 0x00000003fe800000|
| 244|0x00000003fec00000, 0x00000003fec00000, 0x00000003ff000000|  0%| F|  |TS  0|AC  0|TAMS 0x00000003fec00000, 0x00000003fec00000|
| 245|0x00000003ff000000, 0x00000003ff000000, 0x00000003ff400000|  0%| F|  |TS  0|AC  0|TAMS 0x00000003ff000000, 0x00000003ff000000|
| 246|0x00000003ff400000, 0x00000003ff400000, 0x00000003ff800000|  0%| F|  |TS  0|AC  0|TAMS 0x00000003ff400000, 0x00000003ff400000|
| 247|0x00000003ff800000, 0x00000003ff800000, 0x00000003ffc00000|  0%| F|  |TS  0|AC  0|TAMS 0x00000003ff800000, 0x00000003ff800000|
| 248|0x00000003ffc00000, 0x00000003ffc00000, 0x0000000400000000|  0%| F|  |TS  0|AC  0|TAMS 0x00000003ffc00000, 0x00000003ffc00000|
| 249|0x0000000400000000, 0x0000000400000000, 0x0000000400400000|  0%| F|  |TS  0|AC  0|TAMS 0x0000000400000000, 0x0000000400000000|
| 250|0x0000000400400000, 0x0000000400400000, 0x0000000400800000|  0%| F|  |TS  0|AC  0|TAMS 0x0000000400400000, 0x0000000400400000|
| 251|0x0000000400800000, 0x0000000400800000, 0x0000000400c00000|  0%| F|  |TS  0|AC  0|TAMS 0x0000000400800000, 0x0000000400800000|
| 252|0x0000000400c00000, 0x0000000400c00000, 0x0000000401000000|  0%| F|  |TS  0|AC  0|TAMS 0x0000000400c00000, 0x0000000400c00000|
| 253|0x0000000401000000, 0x0000000401000000, 0x0000000401400000|  0%| F|  |TS  0|AC  0|TAMS 0x0000000401000000, 0x0000000401000000|
| 254|0x0000000401400000, 0x0000000401400000, 0x0000000401800000|  0%| F|  |TS  0|AC  0|TAMS 0x0000000401400000, 0x0000000401400000|
| 255|0x0000000401800000, 0x0000000401bd71a8, 0x0000000401c00000| 96%| E|  |TS  0|AC  0|TAMS 0x0000000401800000, 0x0000000401800000|

Card table byte_map: [0x000002bd50270000,0x000002bd52270000] byte_map_base: 0x000002bd4e462000

Marking Bits (Prev, Next): (CMBitMap*) 0x000002bd3764e150, (CMBitMap*) 0x000002bd3764e188
 Prev Bits: [0x000002bd54270000, 0x000002bd64200000)
 Next Bits: [0x000002bd64200000, 0x000002bd74190000)

Polling page: 0x000002bd35510000

CodeHeap 'non-profiled nmethods': size=120000Kb used=47Kb max_used=47Kb free=119952Kb
 bounds [0x000002bd467f0000, 0x000002bd46a60000, 0x000002bd4dd20000]
CodeHeap 'profiled nmethods': size=120000Kb used=334Kb max_used=334Kb free=119665Kb
 bounds [0x000002bd3f2c0000, 0x000002bd3f530000, 0x000002bd467f0000]
CodeHeap 'non-nmethods': size=5760Kb used=1004Kb max_used=1011Kb free=4755Kb
 bounds [0x000002bd3ed20000, 0x000002bd3ef90000, 0x000002bd3f2c0000]
 total_blobs=511 nmethods=180 adapters=178
 compilation: enabled

Compilation events (10 events):
Event: 9.143 Thread 0x000002bd7742e800  176       3       java.util.ArrayList::<init> (12 bytes)
Event: 9.143 Thread 0x000002bd7742e800 nmethod 176 0x000002bd3f30fa10 code [0x000002bd3f30fbe0, 0x000002bd3f30fed8]
Event: 9.143 Thread 0x000002bd7742e800  178       3       java.util.ArrayList::subList (20 bytes)
Event: 9.143 Thread 0x000002bd7742e800 nmethod 178 0x000002bd3f310010 code [0x000002bd3f310200, 0x000002bd3f310610]
Event: 9.143 Thread 0x000002bd7742e800  179       3       java.util.AbstractList::subListRangeCheck (110 bytes)
Event: 9.144 Thread 0x000002bd7742e800 nmethod 179 0x000002bd3f310790 code [0x000002bd3f310bc0, 0x000002bd3f3124f0]
Event: 9.144 Thread 0x000002bd7742e800  180       3       java.util.ArrayList$SubList::<init> (35 bytes)
Event: 9.144 Thread 0x000002bd7742e800 nmethod 180 0x000002bd3f312d90 code [0x000002bd3f312f60, 0x000002bd3f313298]
Event: 9.144 Thread 0x000002bd7742e800  181       3       java.util.ArrayList$SubList::size (9 bytes)
Event: 9.145 Thread 0x000002bd7742e800 nmethod 181 0x000002bd3f313410 code [0x000002bd3f3135e0, 0x000002bd3f313870]

GC Heap History (0 events):
No events

Deoptimization events (1 events):
Event: 0.087 Thread 0x000002bd37575000 Uncommon trap: reason=unstable_if action=reinterpret pc=0x000002bd467f57dc method=java.lang.String.hashCode()I @ 14 c2

Classes redefined (0 events):
No events

Internal exceptions (0 events):
No events

Events (10 events):
Event: 9.124 loading class jdk/internal/math/FloatingDecimal$PreparedASCIIToBinaryBuffer
Event: 9.124 loading class jdk/internal/math/FloatingDecimal$ASCIIToBinaryConverter
Event: 9.124 loading class jdk/internal/math/FloatingDecimal$ASCIIToBinaryConverter done
Event: 9.124 loading class jdk/internal/math/FloatingDecimal$PreparedASCIIToBinaryBuffer done
Event: 9.124 loading class jdk/internal/math/FloatingDecimal$ASCIIToBinaryBuffer
Event: 9.124 loading class jdk/internal/math/FloatingDecimal$ASCIIToBinaryBuffer done
Event: 9.132 loading class jdk/internal/math/FDBigInteger
Event: 9.132 loading class jdk/internal/math/FDBigInteger done
Event: 9.841 loading class pcl/icp
Event: 9.841 loading class pcl/icp done


Dynamic libraries:
0x00007ff7d51a0000 - 0x00007ff7d51de000 	C:\Program Files\Java\jre-10\bin\javaw.exe
0x00007ffcfcab0000 - 0x00007ffcfcc91000 	C:\WINDOWS\SYSTEM32\ntdll.dll
0x00007ffcfc080000 - 0x00007ffcfc132000 	C:\WINDOWS\System32\KERNEL32.DLL
0x00007ffcf8f00000 - 0x00007ffcf9173000 	C:\WINDOWS\System32\KERNELBASE.dll
0x00007ffcfc770000 - 0x00007ffcfc811000 	C:\WINDOWS\System32\ADVAPI32.dll
0x00007ffcfc820000 - 0x00007ffcfc8be000 	C:\WINDOWS\System32\msvcrt.dll
0x00007ffcfca20000 - 0x00007ffcfca7b000 	C:\WINDOWS\System32\sechost.dll
0x00007ffcfa090000 - 0x00007ffcfa1b4000 	C:\WINDOWS\System32\RPCRT4.dll
0x00007ffcfa530000 - 0x00007ffcfa6c0000 	C:\WINDOWS\System32\USER32.dll
0x00007ffcf9dd0000 - 0x00007ffcf9df0000 	C:\WINDOWS\System32\win32u.dll
0x00007ffcfa1d0000 - 0x00007ffcfa1f8000 	C:\WINDOWS\System32\GDI32.dll
0x00007ffcf9370000 - 0x00007ffcf9502000 	C:\WINDOWS\System32\gdi32full.dll
0x00007ffcf9df0000 - 0x00007ffcf9e8f000 	C:\WINDOWS\System32\msvcp_win.dll
0x00007ffcf9510000 - 0x00007ffcf960a000 	C:\WINDOWS\System32\ucrtbase.dll
0x00007ffced830000 - 0x00007ffceda99000 	C:\WINDOWS\WinSxS\amd64_microsoft.windows.common-controls_6595b64144ccf1df_6.0.17134.590_none_fb3d9bff3069e088\COMCTL32.dll
0x00007ffcfa200000 - 0x00007ffcfa522000 	C:\WINDOWS\System32\combase.dll
0x00007ffcf3730000 - 0x00007ffcf373a000 	C:\WINDOWS\SYSTEM32\VERSION.dll
0x00007ffcf8e80000 - 0x00007ffcf8efa000 	C:\WINDOWS\System32\bcryptPrimitives.dll
0x00007ffcfc140000 - 0x00007ffcfc16d000 	C:\WINDOWS\System32\IMM32.DLL
0x00007ffc88750000 - 0x00007ffc8883f000 	C:\Program Files\Java\jre-10\bin\msvcr120.dll
0x00007ffc88610000 - 0x00007ffc886b6000 	C:\Program Files\Java\jre-10\bin\msvcp120.dll
0x0000000072040000 - 0x0000000072aaf000 	C:\Program Files\Java\jre-10\bin\server\jvm.dll
0x00007ffcfbf50000 - 0x00007ffcfbf58000 	C:\WINDOWS\System32\PSAPI.DLL
0x00007ffcdaea0000 - 0x00007ffcdaea9000 	C:\WINDOWS\SYSTEM32\WSOCK32.dll
0x00007ffcf40a0000 - 0x00007ffcf40c3000 	C:\WINDOWS\SYSTEM32\WINMM.dll
0x00007ffcfc670000 - 0x00007ffcfc6dc000 	C:\WINDOWS\System32\WS2_32.dll
0x00007ffcf3f60000 - 0x00007ffcf3f8a000 	C:\WINDOWS\SYSTEM32\winmmbase.dll
0x00007ffcf9670000 - 0x00007ffcf96b9000 	C:\WINDOWS\System32\cfgmgr32.dll
0x00007ffce0ec0000 - 0x00007ffce0ecf000 	C:\Program Files\Java\jre-10\bin\verify.dll
0x00007ffce6fa0000 - 0x00007ffce7169000 	C:\WINDOWS\SYSTEM32\DBGHELP.DLL
0x00007ffce4f90000 - 0x00007ffce4fb9000 	C:\WINDOWS\SYSTEM32\dbgcore.DLL
0x00007ffcdc940000 - 0x00007ffcdc967000 	C:\Program Files\Java\jre-10\bin\java.dll
0x00007ffcd0bb0000 - 0x00007ffcd0bc6000 	C:\Program Files\Java\jre-10\bin\zip.dll
0x00007ffce08b0000 - 0x00007ffce08ba000 	C:\Program Files\Java\jre-10\bin\jimage.dll
0x00007ffcfab10000 - 0x00007ffcfbf50000 	C:\WINDOWS\System32\SHELL32.dll
0x00007ffcfc2f0000 - 0x00007ffcfc399000 	C:\WINDOWS\System32\shcore.dll
0x00007ffcf96c0000 - 0x00007ffcf9dcd000 	C:\WINDOWS\System32\windows.storage.dll
0x00007ffcfc610000 - 0x00007ffcfc661000 	C:\WINDOWS\System32\shlwapi.dll
0x00007ffcf8e30000 - 0x00007ffcf8e41000 	C:\WINDOWS\System32\kernel.appcore.dll
0x00007ffcf8e10000 - 0x00007ffcf8e2f000 	C:\WINDOWS\System32\profapi.dll
0x00007ffcf8dc0000 - 0x00007ffcf8e0c000 	C:\WINDOWS\System32\powrprof.dll
0x00007ffcf8e70000 - 0x00007ffcf8e7a000 	C:\WINDOWS\System32\FLTLIB.DLL
0x00007ffc864f0000 - 0x00007ffc88091000 	H:\eclipse\vs_workspace\pcl-java-master\pcl-java-master\natives\win32\x86_64\pcl_icp_test.dll
0x00007ffc882e0000 - 0x00007ffc8860a000 	C:\Program Files\PCL 1.8.1\bin\pcl_common_debug.dll
0x00007ffc85730000 - 0x00007ffc864ee000 	C:\Program Files\PCL 1.8.1\bin\pcl_features_debug.dll
0x00007ffc83140000 - 0x00007ffc83755000 	C:\Program Files\PCL 1.8.1\bin\pcl_sample_consensus_debug.dll
0x00007ffc83760000 - 0x00007ffc85722000 	C:\Program Files\PCL 1.8.1\bin\pcl_io_debug.dll
0x00007ffc881e0000 - 0x00007ffc882d1000 	C:\WINDOWS\SYSTEM32\MSVCP140D.dll
0x00007ffc888a0000 - 0x00007ffc888c1000 	C:\WINDOWS\SYSTEM32\VCRUNTIME140D.dll
0x00007ffc82f80000 - 0x00007ffc83138000 	C:\WINDOWS\SYSTEM32\ucrtbased.dll
0x00007ffc829f0000 - 0x00007ffc82f78000 	C:\Program Files\PCL 1.8.1\bin\pcl_search_debug.dll
0x00007ffc7f920000 - 0x00007ffc829f0000 	C:\Program Files\PCL 1.8.1\bin\pcl_visualization_debug.dll
0x00007ffc7e7a0000 - 0x00007ffc7f914000 	C:\Program Files\PCL 1.8.1\bin\pcl_filters_debug.dll
0x00007ffc7e410000 - 0x00007ffc7e795000 	C:\Program Files\PCL 1.8.1\bin\pcl_kdtree_debug.dll
0x00007ffc7dec0000 - 0x00007ffc7e405000 	C:\Program Files\PCL 1.8.1\bin\pcl_octree_debug.dll
0x00007ffc88170000 - 0x00007ffc881db000 	C:\Program Files\PCL 1.8.1\3rdParty\OpenNI2\Redist\OpenNI2.dll
0x00007ffc7dd80000 - 0x00007ffc7deb4000 	C:\Program Files\PCL 1.8.1\bin\pcl_io_ply_debug.dll
0x00007ffcca110000 - 0x00007ffcca230000 	C:\WINDOWS\SYSTEM32\OPENGL32.dll
0x00000000518d0000 - 0x00000000519a2000 	C:\WINDOWS\SYSTEM32\MSVCR100.dll
0x00007ffce4af0000 - 0x00007ffce4b1c000 	C:\WINDOWS\SYSTEM32\GLU32.dll
0x00007ffcf6e70000 - 0x00007ffcf6f08000 	C:\WINDOWS\system32\uxtheme.dll
0x00007ffcfc170000 - 0x00007ffcfc2e3000 	C:\WINDOWS\System32\MSCTF.dll
0x00007ffcfc3a0000 - 0x00007ffcfc463000 	C:\WINDOWS\System32\OLEAUT32.dll
0x00007ffcea070000 - 0x00007ffcea0b8000 	C:\Program Files (x86)\TeamViewer\tv_x64.dll
0x00007ffcfc8c0000 - 0x00007ffcfca11000 	C:\WINDOWS\System32\ole32.dll
0x00007ffcf7220000 - 0x00007ffcf7249000 	C:\WINDOWS\system32\dwmapi.dll
0x00007ffcec820000 - 0x00007ffcec8b6000 	C:\WINDOWS\System32\TextInputFramework.dll
0x00007ffcf2890000 - 0x00007ffcf2bae000 	C:\WINDOWS\System32\CoreUIComponents.dll
0x00007ffcf6840000 - 0x00007ffcf691a000 	C:\WINDOWS\System32\CoreMessaging.dll
0x00007ffcf7eb0000 - 0x00007ffcf7ee1000 	C:\WINDOWS\SYSTEM32\ntmarta.dll
0x00007ffcf4330000 - 0x00007ffcf447d000 	C:\WINDOWS\SYSTEM32\wintypes.dll
0x0000000074d70000 - 0x0000000077037000 	C:\WINDOWS\SYSTEM32\nvoglv64.DLL
0x00007ffcfa6c0000 - 0x00007ffcfab0b000 	C:\WINDOWS\System32\SETUPAPI.dll
0x00007ffcf48d0000 - 0x00007ffcf48e3000 	C:\WINDOWS\SYSTEM32\WTSAPI32.dll
0x00007ffcf8bd0000 - 0x00007ffcf8bf7000 	C:\WINDOWS\SYSTEM32\DEVOBJ.dll
0x00007ffcf9610000 - 0x00007ffcf9667000 	C:\WINDOWS\System32\WINTRUST.dll
0x00007ffcf8e50000 - 0x00007ffcf8e62000 	C:\WINDOWS\System32\MSASN1.dll
0x00007ffcf9180000 - 0x00007ffcf9362000 	C:\WINDOWS\System32\CRYPT32.dll
0x00007ffceb1b0000 - 0x00007ffceb38c000 	C:\WINDOWS\system32\nvspcap64.dll
0x00007ffcf4ad0000 - 0x00007ffcf4bad000 	C:\WINDOWS\SYSTEM32\WINHTTP.dll
0x00007ffcf7f50000 - 0x00007ffcf7fa6000 	C:\WINDOWS\SYSTEM32\WINSTA.dll

dbghelp: loaded successfully - version: 4.0.5 - missing functions: none
symbol engine: initialized successfully - sym options: 0x614 - pdb path: .;C:\Program Files\Java\jre-10\bin;C:\WINDOWS\SYSTEM32;C:\WINDOWS\WinSxS\amd64_microsoft.windows.common-controls_6595b64144ccf1df_6.0.17134.590_none_fb3d9bff3069e088;C:\Program Files\Java\jre-10\bin\server;H:\eclipse\vs_workspace\pcl-java-master\pcl-java-master\natives\win32\x86_64;C:\Program Files\PCL 1.8.1\bin;C:\Program Files\PCL 1.8.1\3rdParty\OpenNI2\Redist;C:\Program Files (x86)\TeamViewer

VM Arguments:
jvm_args: -Djava.library.path=H:\eclipse\vs_workspace\pcl-java-master\pcl-java-master\target\natives\win32\x86_64 -Dfile.encoding=Cp1252 
java_command: com.movlad.pcl.examples.ICPDemo
java_class_path (initial): H:\eclipse\vs_workspace\pcl-java-master\pcl-java-master\bin;H:\eclipse\vs_workspace\junit-4.11.jar;H:\eclipse\vs_workspace\junit-jupiter-api-5.4.0.jar;H:\eclipse\vs_workspace\commonsIO-2.5.0-javadoc.jar;H:\eclipse\vs_workspace\commonsIO-2.5.0-sources.jar;C:\Users\VS-01\Downloads\commons-io-1.3.2.jar
Launcher Type: SUN_STANDARD

Logging:
Log output configuration:
#0: stdout all=warning uptime,level,tags
#1: stderr all=off uptime,level,tags

Environment Variables:
JAVA_HOME=C:\Program Files\Java\jdk-10\bin
CLASSPATH=C:\Program Files\OpenNI\Bin64\org.OpenNI.jar
PATH=C:/Program Files/Java/jre1.8.0_161/bin/server;C:/Program Files/Java/jre1.8.0_161/bin;C:/Program Files/Java/jre1.8.0_161/lib/amd64;C:\Program Files\NVIDIA GPU Computing Toolkit\CUDA\v9.0\bin;C:\Program Files\NVIDIA GPU Computing Toolkit\CUDA\v9.0\libnvvp;C:\Program Files\NVIDIA GPU Computing Toolkit\CUDA\v8.0\bin;C:\Program Files\NVIDIA GPU Computing Toolkit\CUDA\v8.0\libnvvp;C:\ProgramData\Oracle\Java\javapath;C:\Program Files (x86)\Common Files\Intergraph\Grid Analysis SDK\1.0\Program;C:\Program Files\Microsoft MPI\Bin\;C:\Windows\system32;C:\Windows;C:\Windows\System32\Wbem;C:\Windows\System32\WindowsPowerShell\v1.0\;C:\Program Files\MATLAB\R2017b\bin;C:\Program Files\Microsoft SQL Server\130\Tools\Binn\;C:\Program Files\dotnet\;C:\Program Files\Git\cmd;C:\Program Files\Common Files\Autodesk Shared\;C:\Program Files (x86)\Autodesk\Backburner\;C:\Program Files (x86)\GtkSharp\2.12\bin;C:\Users\VS-01\Documents\Yao Sidan\apache-ant-1.10.1\bin;C:\Program Files (x86)\Java\jdk1.8.0_144;C:\Program Files (x86)\Java\jdk1.8.0_144\bin;C:\Users\VS-01\Documents\Yao Sidan\apache-ant-1.8.2\bin;C:\Program Files (x86)\NVIDIA Corporation\PhysX\Common;C:\apache-maven-3.5.0\bin;C:\opencv\build\x64\vc14\bin;C:\Program Files\NVIDIA GPU Computing Toolkit\CUDA\cudnn-8.0-windows10-x64-v6.0\cuda\bin;C:\WINDOWS\system32;C:\WINDOWS;C:\WINDOWS\System32\Wbem;C:\WINDOWS\System32\WindowsPowerShell\v1.0\;C:\Program Files\MATLAB\MATLAB Runtime\v93\runtime\win64;C:\Program Files\Microsoft SQL Server\110\Tools\Binn\;C:\Qt1\5.5\msvc2013_64\plugins;C:\WINDOWS\system32;C:\WINDOWS;C:\WINDOWS\System32\Wbem;C:\WINDOWS\System32\WindowsPowerShell\v1.0\;C:\WINDOWS\System32\OpenSSH\;C:\Program Files\FME\;C:\Program Files\OpenNI\Bin64;"C:\Program Files\PCL 1.8.1\bin;C:\Program Files\PCL 1.8.1\3rdParty\FLANN\bin;C:\Program Files\PCL 1.8.1\3rdParty\VTK\bin;C:\Program Files\PCL 1.8.1\Qhull\bin;C:\Program Files\PCL 1.8.1\3rdParty\OpenNI2\Tools";C:\Users\VS-01\AppData\Local\Programs\Python\Python35\Scripts\;C:\Use
USERNAME=VS-01
OS=Windows_NT
PROCESSOR_IDENTIFIER=Intel64 Family 6 Model 79 Stepping 1, GenuineIntel



---------------  S Y S T E M  ---------------

OS: Windows 10 , 64 bit Build 17134 (10.0.17134.556)

CPU:total 12 (initial active 12) (6 cores per cpu, 2 threads per core) family 6 model 79 stepping 1, cmov, cx8, fxsr, mmx, sse, sse2, sse3, ssse3, sse4.1, sse4.2, popcnt, avx, avx2, aes, clmul, erms, rtm, 3dnowpref, lzcnt, ht, tsc, tscinvbit, bmi1, bmi2, adx, fma

Memory: 4k page, physical 66983556k(54864980k free), swap 76945028k(59488800k free)

vm_info: Java HotSpot(TM) 64-Bit Server VM (10+46) for windows-amd64 JRE (10+46), built on Mar  8 2018 02:11:18 by "mach5one" with MS VC++ 12.0 (VS2013)

END.
