#
# A fatal error has been detected by the Java Runtime Environment:
#
#  EXCEPTION_ACCESS_VIOLATION (0xc0000005) at pc=0x00007ffbed8ed858, pid=24620, tid=20832
#
# JRE version: Java(TM) SE Runtime Environment (10.0+46) (build 10+46)
# Java VM: Java HotSpot(TM) 64-Bit Server VM (10+46, mixed mode, tiered, compressed oops, g1 gc, windows-amd64)
# Problematic frame:
# C  [pcl_icp_test.dll+0x6cd858]
#
# No core dump will be written. Minidumps are not enabled by default on client versions of Windows
#
# If you would like to submit a bug report, please visit:
#   http://bugreport.java.com/bugreport/crash.jsp
# The crash happened outside the Java Virtual Machine in native code.
# See problematic frame for where to report the bug.
#

---------------  S U M M A R Y ------------

Command Line: -Djava.library.path=H:\eclipse\vs_workspace\pcl-java-master\pcl-java-master\target\natives\win32\x86_64 -Dfile.encoding=Cp1252 com.movlad.pcl.examples.ICPDemo

Host: Intel(R) Xeon(R) CPU E5-1650 v4 @ 3.60GHz, 12 cores, 63G,  Windows 10 , 64 bit Build 17134 (10.0.17134.556)
Time: Mon Mar 11 11:38:28 2019 Malay Peninsula Standard Time elapsed time: 10 seconds (0d 0h 0m 10s)

---------------  T H R E A D  ---------------

Current thread (0x0000017d06aa5000):  JavaThread "main" [_thread_in_native, id=20832, stack(0x0000000647100000,0x0000000647200000)]

Stack: [0x0000000647100000,0x0000000647200000],  sp=0x00000006471fee80,  free space=1019k
Native frames: (J=compiled Java code, j=interpreted, Vv=VM code, C=native code)
C  [pcl_icp_test.dll+0x6cd858]

Java frames: (J=compiled Java code, j=interpreted, Vv=VM code)
j  pcl.icp.test()F+0
j  com.movlad.pcl.examples.ICPDemo.main([Ljava/lang/String;)V+206
v  ~StubRoutines::call_stub

siginfo: EXCEPTION_ACCESS_VIOLATION (0xc0000005), reading address 0x0000000000000008


Register to memory mapping:

RIP=0x00007ffbed8ed858 pcl_icp_test.dll
RAX=0x00000006471ff218 is pointing into the stack for thread: 0x0000017d06aa5000
RBX={method} {0x0000017d46f6b338} 'test' '()F' in 'pcl/icp'
RCX=0x0000000000000008 is an unknown value
RDX=0x0000000000000008 is an unknown value
RSP=0x00000006471fee80 is pointing into the stack for thread: 0x0000017d06aa5000
RBP=0x00000006471feea0 is pointing into the stack for thread: 0x0000017d06aa5000
RSI=0x0000000594062278 is pointing into metadata
RDI=0x00000006471fef88 is pointing into the stack for thread: 0x0000017d06aa5000
R8 =0x0000000000000042 is an unknown value
R9 =0x00000001d5b5d240 is pointing into object: 0x00000001d58f5d48

[error occurred during error reporting (printing register info), id 0xc0000005]

Registers:
RAX=0x00000006471ff218, RBX=0x0000017d46f6b330, RCX=0x0000000000000008, RDX=0x0000000000000008
RSP=0x00000006471fee80, RBP=0x00000006471feea0, RSI=0x0000000594062278, RDI=0x00000006471fef88
R8 =0x0000000000000042, R9 =0x00000001d5b5d240, R10=0x000000000000000c, R11=0x000000006f015cf0
R12=0x0000000000000000, R13=0x0000017d46f6b330, R14=0x00000006471ff3d8, R15=0x0000017d06aa5000
RIP=0x00007ffbed8ed858, EFLAGS=0x0000000000010202

Top of Stack: (sp=0x00000006471fee80)
0x00000006471fee80:   cccccccccccccccc cccccccccccccccc
0x00000006471fee90:   cccccccccccccccc cccccccccccccccc
0x00000006471feea0:   cccccccccccccccc cccccccccccccccc
0x00000006471feeb0:   cccccccccccccccc cccccccccccccccc
0x00000006471feec0:   cccccccccccccccc cccccccccccccccc
0x00000006471feed0:   cccccccccccccccc cccccccccccccccc
0x00000006471feee0:   cccccccccccccccc cccccccccccccccc
0x00000006471feef0:   cccccccccccccccc cccccccccccccccc
0x00000006471fef00:   cccccccccccccccc cccccccccccccccc
0x00000006471fef10:   cccccccccccccccc cccccccccccccccc
0x00000006471fef20:   cccccccccccccccc cccccccccccccccc
0x00000006471fef30:   cccccccccccccccc cccccccccccccccc
0x00000006471fef40:   cccccccccccccccc cccccccccccccccc
0x00000006471fef50:   cccccccccccccccc cccccccccccccccc
0x00000006471fef60:   cccccccccccccccc fffffffffffffffe
0x00000006471fef70:   cccccccccccccccc cccccccccccccccc 

Instructions: (pc=0x00007ffbed8ed858)
0x00007ffbed8ed838:   8b 8c 24 28 01 00 00 48 c7 85 c8 00 00 00 fe ff
0x00007ffbed8ed848:   ff ff 48 8b 85 00 01 00 00 48 8b 8d 08 01 00 00
0x00007ffbed8ed858:   48 8b 09 48 89 08 48 8b 85 08 01 00 00 48 83 c0
0x00007ffbed8ed868:   08 48 8b 8d 00 01 00 00 48 83 c1 08 48 8b d0 e8 



---------------  P R O C E S S  ---------------

Threads class SMR info:
_java_thread_list=0x0000017d468c2330, length=12, elements={
0x0000017d06aa5000, 0x0000017d46938800, 0x0000017d46933800, 0x0000017d4693e000,
0x0000017d46943000, 0x0000017d4694c000, 0x0000017d46953800, 0x0000017d4695b800,
0x0000017d46966000, 0x0000017d46977000, 0x0000017d46b41800, 0x0000017d46b44000
}

Java Threads: ( => current thread )
=>0x0000017d06aa5000 JavaThread "main" [_thread_in_native, id=20832, stack(0x0000000647100000,0x0000000647200000)]
  0x0000017d46938800 JavaThread "Reference Handler" daemon [_thread_blocked, id=15720, stack(0x0000000648c00000,0x0000000648d00000)]
  0x0000017d46933800 JavaThread "Finalizer" daemon [_thread_blocked, id=25208, stack(0x0000000648d00000,0x0000000648e00000)]
  0x0000017d4693e000 JavaThread "Signal Dispatcher" daemon [_thread_blocked, id=24800, stack(0x0000000648e00000,0x0000000648f00000)]
  0x0000017d46943000 JavaThread "Attach Listener" daemon [_thread_blocked, id=23492, stack(0x0000000648f00000,0x0000000649000000)]
  0x0000017d4694c000 JavaThread "C2 CompilerThread0" daemon [_thread_blocked, id=8256, stack(0x0000000649000000,0x0000000649100000)]
  0x0000017d46953800 JavaThread "C2 CompilerThread1" daemon [_thread_blocked, id=5992, stack(0x0000000649100000,0x0000000649200000)]
  0x0000017d4695b800 JavaThread "C2 CompilerThread2" daemon [_thread_blocked, id=25120, stack(0x0000000649200000,0x0000000649300000)]
  0x0000017d46966000 JavaThread "C1 CompilerThread3" daemon [_thread_blocked, id=23548, stack(0x0000000649300000,0x0000000649400000)]
  0x0000017d46977000 JavaThread "Sweeper thread" daemon [_thread_blocked, id=23200, stack(0x0000000649400000,0x0000000649500000)]
  0x0000017d46b41800 JavaThread "Service Thread" daemon [_thread_blocked, id=24596, stack(0x0000000649500000,0x0000000649600000)]
  0x0000017d46b44000 JavaThread "Common-Cleaner" daemon [_thread_blocked, id=21072, stack(0x0000000649600000,0x0000000649700000)]

Other Threads:
  0x0000017d46924800 VMThread "VM Thread" [stack: 0x0000000648b00000,0x0000000648c00000] [id=3256]
  0x0000017d47558800 WatcherThread [stack: 0x0000000649700000,0x0000000649800000] [id=24964]
  0x0000017d06abe000 GCTaskThread "GC Thread#0" [stack: 0x0000000647200000,0x0000000647300000] [id=8224]
  0x0000017d06abf800 GCTaskThread "GC Thread#1" [stack: 0x0000000647300000,0x0000000647400000] [id=8520]
  0x0000017d06ac2000 GCTaskThread "GC Thread#2" [stack: 0x0000000647400000,0x0000000647500000] [id=25140]
  0x0000017d06ac5000 GCTaskThread "GC Thread#3" [stack: 0x0000000647500000,0x0000000647600000] [id=22648]
  0x0000017d06acb000 GCTaskThread "GC Thread#4" [stack: 0x0000000647600000,0x0000000647700000] [id=1364]
  0x0000017d06ad2800 GCTaskThread "GC Thread#5" [stack: 0x0000000647700000,0x0000000647800000] [id=25224]
  0x0000017d06ad4800 GCTaskThread "GC Thread#6" [stack: 0x0000000647800000,0x0000000647900000] [id=5848]
  0x0000017d06ad3000 GCTaskThread "GC Thread#7" [stack: 0x0000000647900000,0x0000000647a00000] [id=25312]
  0x0000017d06ad4000 GCTaskThread "GC Thread#8" [stack: 0x0000000647a00000,0x0000000647b00000] [id=20908]
  0x0000017d06ad1800 GCTaskThread "GC Thread#9" [stack: 0x0000000647b00000,0x0000000647c00000] [id=11476]
  0x0000017d4375a000 ConcurrentGCThread "G1 Main Marker" [stack: 0x0000000647c00000,0x0000000647d00000] [id=22120]
  0x0000017d06ad5000 ConcurrentGCThread "G1 Conc#0" [stack: 0x0000000647d00000,0x0000000647e00000] [id=7812]
  0x0000017d06ad6000 ConcurrentGCThread "G1 Conc#1" [stack: 0x0000000647e00000,0x0000000647f00000] [id=24708]
  0x0000017d06ad6800 ConcurrentGCThread "G1 Conc#2" [stack: 0x0000000647f00000,0x0000000648000000] [id=1944]
  0x0000017d467a8800 ConcurrentGCThread "G1 Refine#0" [stack: 0x0000000648000000,0x0000000648100000] [id=8712]
  0x0000017d438be800 ConcurrentGCThread "G1 Refine#1" [stack: 0x0000000648100000,0x0000000648200000] [id=7580]
  0x0000017d467a9000 ConcurrentGCThread "G1 Refine#2" [stack: 0x0000000648200000,0x0000000648300000] [id=8156]
  0x0000017d467aa000 ConcurrentGCThread "G1 Refine#3" [stack: 0x0000000648300000,0x0000000648400000] [id=8288]
  0x0000017d467aa800 ConcurrentGCThread "G1 Refine#4" [stack: 0x0000000648400000,0x0000000648500000] [id=23716]
  0x0000017d467b3000 ConcurrentGCThread "G1 Refine#5" [stack: 0x0000000648500000,0x0000000648600000] [id=25276]
  0x0000017d06acf800 ConcurrentGCThread "G1 Refine#6" [stack: 0x0000000648600000,0x0000000648700000] [id=24228]
  0x0000017d06ad0000 ConcurrentGCThread "G1 Refine#7" [stack: 0x0000000648700000,0x0000000648800000] [id=24780]
  0x0000017d06ad0800 ConcurrentGCThread "G1 Refine#8" [stack: 0x0000000648800000,0x0000000648900000] [id=25024]
  0x0000017d06ad2000 ConcurrentGCThread "G1 Refine#9" [stack: 0x0000000648900000,0x0000000648a00000] [id=3292]
  0x0000017d467bc000 ConcurrentGCThread "G1 Young RemSet Sampling" [stack: 0x0000000648a00000,0x0000000648b00000] [id=18380]

Threads with active compile tasks:

VM state:not at safepoint (normal execution)

VM Mutex/Monitor currently owned by a thread: None

Heap address: 0x0000000195c00000, size: 16356 MB, Compressed Oops mode: Zero based, Oop shift amount: 3
Narrow klass base: 0x0000000000000000, Narrow klass shift: 3
Compressed class space size: 1073741824 Address: 0x0000000594000000

Heap:
 garbage-first heap   total 1048576K, used 0K [0x0000000195c00000, 0x0000000594000000)
  region size 4096K, 1 young (4096K), 0 survivors (0K)
 Metaspace       used 3702K, capacity 4600K, committed 4864K, reserved 1056768K
  class space    used 354K, capacity 424K, committed 512K, reserved 1048576K
Heap Regions: E=young(eden), S=young(survivor), O=old, HS=humongous(starts), HC=humongous(continues), CS=collection set, F=free, A=archive, TS=gc time stamp, AC=allocation context, TAMS=top-at-mark-start (previous, next)
|   0|0x0000000195c00000, 0x0000000195c00000, 0x0000000196000000|  0%| F|  |TS  0|AC  0|TAMS 0x0000000195c00000, 0x0000000195c00000|
|   1|0x0000000196000000, 0x0000000196000000, 0x0000000196400000|  0%| F|  |TS  0|AC  0|TAMS 0x0000000196000000, 0x0000000196000000|
|   2|0x0000000196400000, 0x0000000196400000, 0x0000000196800000|  0%| F|  |TS  0|AC  0|TAMS 0x0000000196400000, 0x0000000196400000|
|   3|0x0000000196800000, 0x0000000196800000, 0x0000000196c00000|  0%| F|  |TS  0|AC  0|TAMS 0x0000000196800000, 0x0000000196800000|
|   4|0x0000000196c00000, 0x0000000196c00000, 0x0000000197000000|  0%| F|  |TS  0|AC  0|TAMS 0x0000000196c00000, 0x0000000196c00000|
|   5|0x0000000197000000, 0x0000000197000000, 0x0000000197400000|  0%| F|  |TS  0|AC  0|TAMS 0x0000000197000000, 0x0000000197000000|
|   6|0x0000000197400000, 0x0000000197400000, 0x0000000197800000|  0%| F|  |TS  0|AC  0|TAMS 0x0000000197400000, 0x0000000197400000|
|   7|0x0000000197800000, 0x0000000197800000, 0x0000000197c00000|  0%| F|  |TS  0|AC  0|TAMS 0x0000000197800000, 0x0000000197800000|
|   8|0x0000000197c00000, 0x0000000197c00000, 0x0000000198000000|  0%| F|  |TS  0|AC  0|TAMS 0x0000000197c00000, 0x0000000197c00000|
|   9|0x0000000198000000, 0x0000000198000000, 0x0000000198400000|  0%| F|  |TS  0|AC  0|TAMS 0x0000000198000000, 0x0000000198000000|
|  10|0x0000000198400000, 0x0000000198400000, 0x0000000198800000|  0%| F|  |TS  0|AC  0|TAMS 0x0000000198400000, 0x0000000198400000|
|  11|0x0000000198800000, 0x0000000198800000, 0x0000000198c00000|  0%| F|  |TS  0|AC  0|TAMS 0x0000000198800000, 0x0000000198800000|
|  12|0x0000000198c00000, 0x0000000198c00000, 0x0000000199000000|  0%| F|  |TS  0|AC  0|TAMS 0x0000000198c00000, 0x0000000198c00000|
|  13|0x0000000199000000, 0x0000000199000000, 0x0000000199400000|  0%| F|  |TS  0|AC  0|TAMS 0x0000000199000000, 0x0000000199000000|
|  14|0x0000000199400000, 0x0000000199400000, 0x0000000199800000|  0%| F|  |TS  0|AC  0|TAMS 0x0000000199400000, 0x0000000199400000|
|  15|0x0000000199800000, 0x0000000199800000, 0x0000000199c00000|  0%| F|  |TS  0|AC  0|TAMS 0x0000000199800000, 0x0000000199800000|
|  16|0x0000000199c00000, 0x0000000199c00000, 0x000000019a000000|  0%| F|  |TS  0|AC  0|TAMS 0x0000000199c00000, 0x0000000199c00000|
|  17|0x000000019a000000, 0x000000019a000000, 0x000000019a400000|  0%| F|  |TS  0|AC  0|TAMS 0x000000019a000000, 0x000000019a000000|
|  18|0x000000019a400000, 0x000000019a400000, 0x000000019a800000|  0%| F|  |TS  0|AC  0|TAMS 0x000000019a400000, 0x000000019a400000|
|  19|0x000000019a800000, 0x000000019a800000, 0x000000019ac00000|  0%| F|  |TS  0|AC  0|TAMS 0x000000019a800000, 0x000000019a800000|
|  20|0x000000019ac00000, 0x000000019ac00000, 0x000000019b000000|  0%| F|  |TS  0|AC  0|TAMS 0x000000019ac00000, 0x000000019ac00000|
|  21|0x000000019b000000, 0x000000019b000000, 0x000000019b400000|  0%| F|  |TS  0|AC  0|TAMS 0x000000019b000000, 0x000000019b000000|
|  22|0x000000019b400000, 0x000000019b400000, 0x000000019b800000|  0%| F|  |TS  0|AC  0|TAMS 0x000000019b400000, 0x000000019b400000|
|  23|0x000000019b800000, 0x000000019b800000, 0x000000019bc00000|  0%| F|  |TS  0|AC  0|TAMS 0x000000019b800000, 0x000000019b800000|
|  24|0x000000019bc00000, 0x000000019bc00000, 0x000000019c000000|  0%| F|  |TS  0|AC  0|TAMS 0x000000019bc00000, 0x000000019bc00000|
|  25|0x000000019c000000, 0x000000019c000000, 0x000000019c400000|  0%| F|  |TS  0|AC  0|TAMS 0x000000019c000000, 0x000000019c000000|
|  26|0x000000019c400000, 0x000000019c400000, 0x000000019c800000|  0%| F|  |TS  0|AC  0|TAMS 0x000000019c400000, 0x000000019c400000|
|  27|0x000000019c800000, 0x000000019c800000, 0x000000019cc00000|  0%| F|  |TS  0|AC  0|TAMS 0x000000019c800000, 0x000000019c800000|
|  28|0x000000019cc00000, 0x000000019cc00000, 0x000000019d000000|  0%| F|  |TS  0|AC  0|TAMS 0x000000019cc00000, 0x000000019cc00000|
|  29|0x000000019d000000, 0x000000019d000000, 0x000000019d400000|  0%| F|  |TS  0|AC  0|TAMS 0x000000019d000000, 0x000000019d000000|
|  30|0x000000019d400000, 0x000000019d400000, 0x000000019d800000|  0%| F|  |TS  0|AC  0|TAMS 0x000000019d400000, 0x000000019d400000|
|  31|0x000000019d800000, 0x000000019d800000, 0x000000019dc00000|  0%| F|  |TS  0|AC  0|TAMS 0x000000019d800000, 0x000000019d800000|
|  32|0x000000019dc00000, 0x000000019dc00000, 0x000000019e000000|  0%| F|  |TS  0|AC  0|TAMS 0x000000019dc00000, 0x000000019dc00000|
|  33|0x000000019e000000, 0x000000019e000000, 0x000000019e400000|  0%| F|  |TS  0|AC  0|TAMS 0x000000019e000000, 0x000000019e000000|
|  34|0x000000019e400000, 0x000000019e400000, 0x000000019e800000|  0%| F|  |TS  0|AC  0|TAMS 0x000000019e400000, 0x000000019e400000|
|  35|0x000000019e800000, 0x000000019e800000, 0x000000019ec00000|  0%| F|  |TS  0|AC  0|TAMS 0x000000019e800000, 0x000000019e800000|
|  36|0x000000019ec00000, 0x000000019ec00000, 0x000000019f000000|  0%| F|  |TS  0|AC  0|TAMS 0x000000019ec00000, 0x000000019ec00000|
|  37|0x000000019f000000, 0x000000019f000000, 0x000000019f400000|  0%| F|  |TS  0|AC  0|TAMS 0x000000019f000000, 0x000000019f000000|
|  38|0x000000019f400000, 0x000000019f400000, 0x000000019f800000|  0%| F|  |TS  0|AC  0|TAMS 0x000000019f400000, 0x000000019f400000|
|  39|0x000000019f800000, 0x000000019f800000, 0x000000019fc00000|  0%| F|  |TS  0|AC  0|TAMS 0x000000019f800000, 0x000000019f800000|
|  40|0x000000019fc00000, 0x000000019fc00000, 0x00000001a0000000|  0%| F|  |TS  0|AC  0|TAMS 0x000000019fc00000, 0x000000019fc00000|
|  41|0x00000001a0000000, 0x00000001a0000000, 0x00000001a0400000|  0%| F|  |TS  0|AC  0|TAMS 0x00000001a0000000, 0x00000001a0000000|
|  42|0x00000001a0400000, 0x00000001a0400000, 0x00000001a0800000|  0%| F|  |TS  0|AC  0|TAMS 0x00000001a0400000, 0x00000001a0400000|
|  43|0x00000001a0800000, 0x00000001a0800000, 0x00000001a0c00000|  0%| F|  |TS  0|AC  0|TAMS 0x00000001a0800000, 0x00000001a0800000|
|  44|0x00000001a0c00000, 0x00000001a0c00000, 0x00000001a1000000|  0%| F|  |TS  0|AC  0|TAMS 0x00000001a0c00000, 0x00000001a0c00000|
|  45|0x00000001a1000000, 0x00000001a1000000, 0x00000001a1400000|  0%| F|  |TS  0|AC  0|TAMS 0x00000001a1000000, 0x00000001a1000000|
|  46|0x00000001a1400000, 0x00000001a1400000, 0x00000001a1800000|  0%| F|  |TS  0|AC  0|TAMS 0x00000001a1400000, 0x00000001a1400000|
|  47|0x00000001a1800000, 0x00000001a1800000, 0x00000001a1c00000|  0%| F|  |TS  0|AC  0|TAMS 0x00000001a1800000, 0x00000001a1800000|
|  48|0x00000001a1c00000, 0x00000001a1c00000, 0x00000001a2000000|  0%| F|  |TS  0|AC  0|TAMS 0x00000001a1c00000, 0x00000001a1c00000|
|  49|0x00000001a2000000, 0x00000001a2000000, 0x00000001a2400000|  0%| F|  |TS  0|AC  0|TAMS 0x00000001a2000000, 0x00000001a2000000|
|  50|0x00000001a2400000, 0x00000001a2400000, 0x00000001a2800000|  0%| F|  |TS  0|AC  0|TAMS 0x00000001a2400000, 0x00000001a2400000|
|  51|0x00000001a2800000, 0x00000001a2800000, 0x00000001a2c00000|  0%| F|  |TS  0|AC  0|TAMS 0x00000001a2800000, 0x00000001a2800000|
|  52|0x00000001a2c00000, 0x00000001a2c00000, 0x00000001a3000000|  0%| F|  |TS  0|AC  0|TAMS 0x00000001a2c00000, 0x00000001a2c00000|
|  53|0x00000001a3000000, 0x00000001a3000000, 0x00000001a3400000|  0%| F|  |TS  0|AC  0|TAMS 0x00000001a3000000, 0x00000001a3000000|
|  54|0x00000001a3400000, 0x00000001a3400000, 0x00000001a3800000|  0%| F|  |TS  0|AC  0|TAMS 0x00000001a3400000, 0x00000001a3400000|
|  55|0x00000001a3800000, 0x00000001a3800000, 0x00000001a3c00000|  0%| F|  |TS  0|AC  0|TAMS 0x00000001a3800000, 0x00000001a3800000|
|  56|0x00000001a3c00000, 0x00000001a3c00000, 0x00000001a4000000|  0%| F|  |TS  0|AC  0|TAMS 0x00000001a3c00000, 0x00000001a3c00000|
|  57|0x00000001a4000000, 0x00000001a4000000, 0x00000001a4400000|  0%| F|  |TS  0|AC  0|TAMS 0x00000001a4000000, 0x00000001a4000000|
|  58|0x00000001a4400000, 0x00000001a4400000, 0x00000001a4800000|  0%| F|  |TS  0|AC  0|TAMS 0x00000001a4400000, 0x00000001a4400000|
|  59|0x00000001a4800000, 0x00000001a4800000, 0x00000001a4c00000|  0%| F|  |TS  0|AC  0|TAMS 0x00000001a4800000, 0x00000001a4800000|
|  60|0x00000001a4c00000, 0x00000001a4c00000, 0x00000001a5000000|  0%| F|  |TS  0|AC  0|TAMS 0x00000001a4c00000, 0x00000001a4c00000|
|  61|0x00000001a5000000, 0x00000001a5000000, 0x00000001a5400000|  0%| F|  |TS  0|AC  0|TAMS 0x00000001a5000000, 0x00000001a5000000|
|  62|0x00000001a5400000, 0x00000001a5400000, 0x00000001a5800000|  0%| F|  |TS  0|AC  0|TAMS 0x00000001a5400000, 0x00000001a5400000|
|  63|0x00000001a5800000, 0x00000001a5800000, 0x00000001a5c00000|  0%| F|  |TS  0|AC  0|TAMS 0x00000001a5800000, 0x00000001a5800000|
|  64|0x00000001a5c00000, 0x00000001a5c00000, 0x00000001a6000000|  0%| F|  |TS  0|AC  0|TAMS 0x00000001a5c00000, 0x00000001a5c00000|
|  65|0x00000001a6000000, 0x00000001a6000000, 0x00000001a6400000|  0%| F|  |TS  0|AC  0|TAMS 0x00000001a6000000, 0x00000001a6000000|
|  66|0x00000001a6400000, 0x00000001a6400000, 0x00000001a6800000|  0%| F|  |TS  0|AC  0|TAMS 0x00000001a6400000, 0x00000001a6400000|
|  67|0x00000001a6800000, 0x00000001a6800000, 0x00000001a6c00000|  0%| F|  |TS  0|AC  0|TAMS 0x00000001a6800000, 0x00000001a6800000|
|  68|0x00000001a6c00000, 0x00000001a6c00000, 0x00000001a7000000|  0%| F|  |TS  0|AC  0|TAMS 0x00000001a6c00000, 0x00000001a6c00000|
|  69|0x00000001a7000000, 0x00000001a7000000, 0x00000001a7400000|  0%| F|  |TS  0|AC  0|TAMS 0x00000001a7000000, 0x00000001a7000000|
|  70|0x00000001a7400000, 0x00000001a7400000, 0x00000001a7800000|  0%| F|  |TS  0|AC  0|TAMS 0x00000001a7400000, 0x00000001a7400000|
|  71|0x00000001a7800000, 0x00000001a7800000, 0x00000001a7c00000|  0%| F|  |TS  0|AC  0|TAMS 0x00000001a7800000, 0x00000001a7800000|
|  72|0x00000001a7c00000, 0x00000001a7c00000, 0x00000001a8000000|  0%| F|  |TS  0|AC  0|TAMS 0x00000001a7c00000, 0x00000001a7c00000|
|  73|0x00000001a8000000, 0x00000001a8000000, 0x00000001a8400000|  0%| F|  |TS  0|AC  0|TAMS 0x00000001a8000000, 0x00000001a8000000|
|  74|0x00000001a8400000, 0x00000001a8400000, 0x00000001a8800000|  0%| F|  |TS  0|AC  0|TAMS 0x00000001a8400000, 0x00000001a8400000|
|  75|0x00000001a8800000, 0x00000001a8800000, 0x00000001a8c00000|  0%| F|  |TS  0|AC  0|TAMS 0x00000001a8800000, 0x00000001a8800000|
|  76|0x00000001a8c00000, 0x00000001a8c00000, 0x00000001a9000000|  0%| F|  |TS  0|AC  0|TAMS 0x00000001a8c00000, 0x00000001a8c00000|
|  77|0x00000001a9000000, 0x00000001a9000000, 0x00000001a9400000|  0%| F|  |TS  0|AC  0|TAMS 0x00000001a9000000, 0x00000001a9000000|
|  78|0x00000001a9400000, 0x00000001a9400000, 0x00000001a9800000|  0%| F|  |TS  0|AC  0|TAMS 0x00000001a9400000, 0x00000001a9400000|
|  79|0x00000001a9800000, 0x00000001a9800000, 0x00000001a9c00000|  0%| F|  |TS  0|AC  0|TAMS 0x00000001a9800000, 0x00000001a9800000|
|  80|0x00000001a9c00000, 0x00000001a9c00000, 0x00000001aa000000|  0%| F|  |TS  0|AC  0|TAMS 0x00000001a9c00000, 0x00000001a9c00000|
|  81|0x00000001aa000000, 0x00000001aa000000, 0x00000001aa400000|  0%| F|  |TS  0|AC  0|TAMS 0x00000001aa000000, 0x00000001aa000000|
|  82|0x00000001aa400000, 0x00000001aa400000, 0x00000001aa800000|  0%| F|  |TS  0|AC  0|TAMS 0x00000001aa400000, 0x00000001aa400000|
|  83|0x00000001aa800000, 0x00000001aa800000, 0x00000001aac00000|  0%| F|  |TS  0|AC  0|TAMS 0x00000001aa800000, 0x00000001aa800000|
|  84|0x00000001aac00000, 0x00000001aac00000, 0x00000001ab000000|  0%| F|  |TS  0|AC  0|TAMS 0x00000001aac00000, 0x00000001aac00000|
|  85|0x00000001ab000000, 0x00000001ab000000, 0x00000001ab400000|  0%| F|  |TS  0|AC  0|TAMS 0x00000001ab000000, 0x00000001ab000000|
|  86|0x00000001ab400000, 0x00000001ab400000, 0x00000001ab800000|  0%| F|  |TS  0|AC  0|TAMS 0x00000001ab400000, 0x00000001ab400000|
|  87|0x00000001ab800000, 0x00000001ab800000, 0x00000001abc00000|  0%| F|  |TS  0|AC  0|TAMS 0x00000001ab800000, 0x00000001ab800000|
|  88|0x00000001abc00000, 0x00000001abc00000, 0x00000001ac000000|  0%| F|  |TS  0|AC  0|TAMS 0x00000001abc00000, 0x00000001abc00000|
|  89|0x00000001ac000000, 0x00000001ac000000, 0x00000001ac400000|  0%| F|  |TS  0|AC  0|TAMS 0x00000001ac000000, 0x00000001ac000000|
|  90|0x00000001ac400000, 0x00000001ac400000, 0x00000001ac800000|  0%| F|  |TS  0|AC  0|TAMS 0x00000001ac400000, 0x00000001ac400000|
|  91|0x00000001ac800000, 0x00000001ac800000, 0x00000001acc00000|  0%| F|  |TS  0|AC  0|TAMS 0x00000001ac800000, 0x00000001ac800000|
|  92|0x00000001acc00000, 0x00000001acc00000, 0x00000001ad000000|  0%| F|  |TS  0|AC  0|TAMS 0x00000001acc00000, 0x00000001acc00000|
|  93|0x00000001ad000000, 0x00000001ad000000, 0x00000001ad400000|  0%| F|  |TS  0|AC  0|TAMS 0x00000001ad000000, 0x00000001ad000000|
|  94|0x00000001ad400000, 0x00000001ad400000, 0x00000001ad800000|  0%| F|  |TS  0|AC  0|TAMS 0x00000001ad400000, 0x00000001ad400000|
|  95|0x00000001ad800000, 0x00000001ad800000, 0x00000001adc00000|  0%| F|  |TS  0|AC  0|TAMS 0x00000001ad800000, 0x00000001ad800000|
|  96|0x00000001adc00000, 0x00000001adc00000, 0x00000001ae000000|  0%| F|  |TS  0|AC  0|TAMS 0x00000001adc00000, 0x00000001adc00000|
|  97|0x00000001ae000000, 0x00000001ae000000, 0x00000001ae400000|  0%| F|  |TS  0|AC  0|TAMS 0x00000001ae000000, 0x00000001ae000000|
|  98|0x00000001ae400000, 0x00000001ae400000, 0x00000001ae800000|  0%| F|  |TS  0|AC  0|TAMS 0x00000001ae400000, 0x00000001ae400000|
|  99|0x00000001ae800000, 0x00000001ae800000, 0x00000001aec00000|  0%| F|  |TS  0|AC  0|TAMS 0x00000001ae800000, 0x00000001ae800000|
| 100|0x00000001aec00000, 0x00000001aec00000, 0x00000001af000000|  0%| F|  |TS  0|AC  0|TAMS 0x00000001aec00000, 0x00000001aec00000|
| 101|0x00000001af000000, 0x00000001af000000, 0x00000001af400000|  0%| F|  |TS  0|AC  0|TAMS 0x00000001af000000, 0x00000001af000000|
| 102|0x00000001af400000, 0x00000001af400000, 0x00000001af800000|  0%| F|  |TS  0|AC  0|TAMS 0x00000001af400000, 0x00000001af400000|
| 103|0x00000001af800000, 0x00000001af800000, 0x00000001afc00000|  0%| F|  |TS  0|AC  0|TAMS 0x00000001af800000, 0x00000001af800000|
| 104|0x00000001afc00000, 0x00000001afc00000, 0x00000001b0000000|  0%| F|  |TS  0|AC  0|TAMS 0x00000001afc00000, 0x00000001afc00000|
| 105|0x00000001b0000000, 0x00000001b0000000, 0x00000001b0400000|  0%| F|  |TS  0|AC  0|TAMS 0x00000001b0000000, 0x00000001b0000000|
| 106|0x00000001b0400000, 0x00000001b0400000, 0x00000001b0800000|  0%| F|  |TS  0|AC  0|TAMS 0x00000001b0400000, 0x00000001b0400000|
| 107|0x00000001b0800000, 0x00000001b0800000, 0x00000001b0c00000|  0%| F|  |TS  0|AC  0|TAMS 0x00000001b0800000, 0x00000001b0800000|
| 108|0x00000001b0c00000, 0x00000001b0c00000, 0x00000001b1000000|  0%| F|  |TS  0|AC  0|TAMS 0x00000001b0c00000, 0x00000001b0c00000|
| 109|0x00000001b1000000, 0x00000001b1000000, 0x00000001b1400000|  0%| F|  |TS  0|AC  0|TAMS 0x00000001b1000000, 0x00000001b1000000|
| 110|0x00000001b1400000, 0x00000001b1400000, 0x00000001b1800000|  0%| F|  |TS  0|AC  0|TAMS 0x00000001b1400000, 0x00000001b1400000|
| 111|0x00000001b1800000, 0x00000001b1800000, 0x00000001b1c00000|  0%| F|  |TS  0|AC  0|TAMS 0x00000001b1800000, 0x00000001b1800000|
| 112|0x00000001b1c00000, 0x00000001b1c00000, 0x00000001b2000000|  0%| F|  |TS  0|AC  0|TAMS 0x00000001b1c00000, 0x00000001b1c00000|
| 113|0x00000001b2000000, 0x00000001b2000000, 0x00000001b2400000|  0%| F|  |TS  0|AC  0|TAMS 0x00000001b2000000, 0x00000001b2000000|
| 114|0x00000001b2400000, 0x00000001b2400000, 0x00000001b2800000|  0%| F|  |TS  0|AC  0|TAMS 0x00000001b2400000, 0x00000001b2400000|
| 115|0x00000001b2800000, 0x00000001b2800000, 0x00000001b2c00000|  0%| F|  |TS  0|AC  0|TAMS 0x00000001b2800000, 0x00000001b2800000|
| 116|0x00000001b2c00000, 0x00000001b2c00000, 0x00000001b3000000|  0%| F|  |TS  0|AC  0|TAMS 0x00000001b2c00000, 0x00000001b2c00000|
| 117|0x00000001b3000000, 0x00000001b3000000, 0x00000001b3400000|  0%| F|  |TS  0|AC  0|TAMS 0x00000001b3000000, 0x00000001b3000000|
| 118|0x00000001b3400000, 0x00000001b3400000, 0x00000001b3800000|  0%| F|  |TS  0|AC  0|TAMS 0x00000001b3400000, 0x00000001b3400000|
| 119|0x00000001b3800000, 0x00000001b3800000, 0x00000001b3c00000|  0%| F|  |TS  0|AC  0|TAMS 0x00000001b3800000, 0x00000001b3800000|
| 120|0x00000001b3c00000, 0x00000001b3c00000, 0x00000001b4000000|  0%| F|  |TS  0|AC  0|TAMS 0x00000001b3c00000, 0x00000001b3c00000|
| 121|0x00000001b4000000, 0x00000001b4000000, 0x00000001b4400000|  0%| F|  |TS  0|AC  0|TAMS 0x00000001b4000000, 0x00000001b4000000|
| 122|0x00000001b4400000, 0x00000001b4400000, 0x00000001b4800000|  0%| F|  |TS  0|AC  0|TAMS 0x00000001b4400000, 0x00000001b4400000|
| 123|0x00000001b4800000, 0x00000001b4800000, 0x00000001b4c00000|  0%| F|  |TS  0|AC  0|TAMS 0x00000001b4800000, 0x00000001b4800000|
| 124|0x00000001b4c00000, 0x00000001b4c00000, 0x00000001b5000000|  0%| F|  |TS  0|AC  0|TAMS 0x00000001b4c00000, 0x00000001b4c00000|
| 125|0x00000001b5000000, 0x00000001b5000000, 0x00000001b5400000|  0%| F|  |TS  0|AC  0|TAMS 0x00000001b5000000, 0x00000001b5000000|
| 126|0x00000001b5400000, 0x00000001b5400000, 0x00000001b5800000|  0%| F|  |TS  0|AC  0|TAMS 0x00000001b5400000, 0x00000001b5400000|
| 127|0x00000001b5800000, 0x00000001b5800000, 0x00000001b5c00000|  0%| F|  |TS  0|AC  0|TAMS 0x00000001b5800000, 0x00000001b5800000|
| 128|0x00000001b5c00000, 0x00000001b5c00000, 0x00000001b6000000|  0%| F|  |TS  0|AC  0|TAMS 0x00000001b5c00000, 0x00000001b5c00000|
| 129|0x00000001b6000000, 0x00000001b6000000, 0x00000001b6400000|  0%| F|  |TS  0|AC  0|TAMS 0x00000001b6000000, 0x00000001b6000000|
| 130|0x00000001b6400000, 0x00000001b6400000, 0x00000001b6800000|  0%| F|  |TS  0|AC  0|TAMS 0x00000001b6400000, 0x00000001b6400000|
| 131|0x00000001b6800000, 0x00000001b6800000, 0x00000001b6c00000|  0%| F|  |TS  0|AC  0|TAMS 0x00000001b6800000, 0x00000001b6800000|
| 132|0x00000001b6c00000, 0x00000001b6c00000, 0x00000001b7000000|  0%| F|  |TS  0|AC  0|TAMS 0x00000001b6c00000, 0x00000001b6c00000|
| 133|0x00000001b7000000, 0x00000001b7000000, 0x00000001b7400000|  0%| F|  |TS  0|AC  0|TAMS 0x00000001b7000000, 0x00000001b7000000|
| 134|0x00000001b7400000, 0x00000001b7400000, 0x00000001b7800000|  0%| F|  |TS  0|AC  0|TAMS 0x00000001b7400000, 0x00000001b7400000|
| 135|0x00000001b7800000, 0x00000001b7800000, 0x00000001b7c00000|  0%| F|  |TS  0|AC  0|TAMS 0x00000001b7800000, 0x00000001b7800000|
| 136|0x00000001b7c00000, 0x00000001b7c00000, 0x00000001b8000000|  0%| F|  |TS  0|AC  0|TAMS 0x00000001b7c00000, 0x00000001b7c00000|
| 137|0x00000001b8000000, 0x00000001b8000000, 0x00000001b8400000|  0%| F|  |TS  0|AC  0|TAMS 0x00000001b8000000, 0x00000001b8000000|
| 138|0x00000001b8400000, 0x00000001b8400000, 0x00000001b8800000|  0%| F|  |TS  0|AC  0|TAMS 0x00000001b8400000, 0x00000001b8400000|
| 139|0x00000001b8800000, 0x00000001b8800000, 0x00000001b8c00000|  0%| F|  |TS  0|AC  0|TAMS 0x00000001b8800000, 0x00000001b8800000|
| 140|0x00000001b8c00000, 0x00000001b8c00000, 0x00000001b9000000|  0%| F|  |TS  0|AC  0|TAMS 0x00000001b8c00000, 0x00000001b8c00000|
| 141|0x00000001b9000000, 0x00000001b9000000, 0x00000001b9400000|  0%| F|  |TS  0|AC  0|TAMS 0x00000001b9000000, 0x00000001b9000000|
| 142|0x00000001b9400000, 0x00000001b9400000, 0x00000001b9800000|  0%| F|  |TS  0|AC  0|TAMS 0x00000001b9400000, 0x00000001b9400000|
| 143|0x00000001b9800000, 0x00000001b9800000, 0x00000001b9c00000|  0%| F|  |TS  0|AC  0|TAMS 0x00000001b9800000, 0x00000001b9800000|
| 144|0x00000001b9c00000, 0x00000001b9c00000, 0x00000001ba000000|  0%| F|  |TS  0|AC  0|TAMS 0x00000001b9c00000, 0x00000001b9c00000|
| 145|0x00000001ba000000, 0x00000001ba000000, 0x00000001ba400000|  0%| F|  |TS  0|AC  0|TAMS 0x00000001ba000000, 0x00000001ba000000|
| 146|0x00000001ba400000, 0x00000001ba400000, 0x00000001ba800000|  0%| F|  |TS  0|AC  0|TAMS 0x00000001ba400000, 0x00000001ba400000|
| 147|0x00000001ba800000, 0x00000001ba800000, 0x00000001bac00000|  0%| F|  |TS  0|AC  0|TAMS 0x00000001ba800000, 0x00000001ba800000|
| 148|0x00000001bac00000, 0x00000001bac00000, 0x00000001bb000000|  0%| F|  |TS  0|AC  0|TAMS 0x00000001bac00000, 0x00000001bac00000|
| 149|0x00000001bb000000, 0x00000001bb000000, 0x00000001bb400000|  0%| F|  |TS  0|AC  0|TAMS 0x00000001bb000000, 0x00000001bb000000|
| 150|0x00000001bb400000, 0x00000001bb400000, 0x00000001bb800000|  0%| F|  |TS  0|AC  0|TAMS 0x00000001bb400000, 0x00000001bb400000|
| 151|0x00000001bb800000, 0x00000001bb800000, 0x00000001bbc00000|  0%| F|  |TS  0|AC  0|TAMS 0x00000001bb800000, 0x00000001bb800000|
| 152|0x00000001bbc00000, 0x00000001bbc00000, 0x00000001bc000000|  0%| F|  |TS  0|AC  0|TAMS 0x00000001bbc00000, 0x00000001bbc00000|
| 153|0x00000001bc000000, 0x00000001bc000000, 0x00000001bc400000|  0%| F|  |TS  0|AC  0|TAMS 0x00000001bc000000, 0x00000001bc000000|
| 154|0x00000001bc400000, 0x00000001bc400000, 0x00000001bc800000|  0%| F|  |TS  0|AC  0|TAMS 0x00000001bc400000, 0x00000001bc400000|
| 155|0x00000001bc800000, 0x00000001bc800000, 0x00000001bcc00000|  0%| F|  |TS  0|AC  0|TAMS 0x00000001bc800000, 0x00000001bc800000|
| 156|0x00000001bcc00000, 0x00000001bcc00000, 0x00000001bd000000|  0%| F|  |TS  0|AC  0|TAMS 0x00000001bcc00000, 0x00000001bcc00000|
| 157|0x00000001bd000000, 0x00000001bd000000, 0x00000001bd400000|  0%| F|  |TS  0|AC  0|TAMS 0x00000001bd000000, 0x00000001bd000000|
| 158|0x00000001bd400000, 0x00000001bd400000, 0x00000001bd800000|  0%| F|  |TS  0|AC  0|TAMS 0x00000001bd400000, 0x00000001bd400000|
| 159|0x00000001bd800000, 0x00000001bd800000, 0x00000001bdc00000|  0%| F|  |TS  0|AC  0|TAMS 0x00000001bd800000, 0x00000001bd800000|
| 160|0x00000001bdc00000, 0x00000001bdc00000, 0x00000001be000000|  0%| F|  |TS  0|AC  0|TAMS 0x00000001bdc00000, 0x00000001bdc00000|
| 161|0x00000001be000000, 0x00000001be000000, 0x00000001be400000|  0%| F|  |TS  0|AC  0|TAMS 0x00000001be000000, 0x00000001be000000|
| 162|0x00000001be400000, 0x00000001be400000, 0x00000001be800000|  0%| F|  |TS  0|AC  0|TAMS 0x00000001be400000, 0x00000001be400000|
| 163|0x00000001be800000, 0x00000001be800000, 0x00000001bec00000|  0%| F|  |TS  0|AC  0|TAMS 0x00000001be800000, 0x00000001be800000|
| 164|0x00000001bec00000, 0x00000001bec00000, 0x00000001bf000000|  0%| F|  |TS  0|AC  0|TAMS 0x00000001bec00000, 0x00000001bec00000|
| 165|0x00000001bf000000, 0x00000001bf000000, 0x00000001bf400000|  0%| F|  |TS  0|AC  0|TAMS 0x00000001bf000000, 0x00000001bf000000|
| 166|0x00000001bf400000, 0x00000001bf400000, 0x00000001bf800000|  0%| F|  |TS  0|AC  0|TAMS 0x00000001bf400000, 0x00000001bf400000|
| 167|0x00000001bf800000, 0x00000001bf800000, 0x00000001bfc00000|  0%| F|  |TS  0|AC  0|TAMS 0x00000001bf800000, 0x00000001bf800000|
| 168|0x00000001bfc00000, 0x00000001bfc00000, 0x00000001c0000000|  0%| F|  |TS  0|AC  0|TAMS 0x00000001bfc00000, 0x00000001bfc00000|
| 169|0x00000001c0000000, 0x00000001c0000000, 0x00000001c0400000|  0%| F|  |TS  0|AC  0|TAMS 0x00000001c0000000, 0x00000001c0000000|
| 170|0x00000001c0400000, 0x00000001c0400000, 0x00000001c0800000|  0%| F|  |TS  0|AC  0|TAMS 0x00000001c0400000, 0x00000001c0400000|
| 171|0x00000001c0800000, 0x00000001c0800000, 0x00000001c0c00000|  0%| F|  |TS  0|AC  0|TAMS 0x00000001c0800000, 0x00000001c0800000|
| 172|0x00000001c0c00000, 0x00000001c0c00000, 0x00000001c1000000|  0%| F|  |TS  0|AC  0|TAMS 0x00000001c0c00000, 0x00000001c0c00000|
| 173|0x00000001c1000000, 0x00000001c1000000, 0x00000001c1400000|  0%| F|  |TS  0|AC  0|TAMS 0x00000001c1000000, 0x00000001c1000000|
| 174|0x00000001c1400000, 0x00000001c1400000, 0x00000001c1800000|  0%| F|  |TS  0|AC  0|TAMS 0x00000001c1400000, 0x00000001c1400000|
| 175|0x00000001c1800000, 0x00000001c1800000, 0x00000001c1c00000|  0%| F|  |TS  0|AC  0|TAMS 0x00000001c1800000, 0x00000001c1800000|
| 176|0x00000001c1c00000, 0x00000001c1c00000, 0x00000001c2000000|  0%| F|  |TS  0|AC  0|TAMS 0x00000001c1c00000, 0x00000001c1c00000|
| 177|0x00000001c2000000, 0x00000001c2000000, 0x00000001c2400000|  0%| F|  |TS  0|AC  0|TAMS 0x00000001c2000000, 0x00000001c2000000|
| 178|0x00000001c2400000, 0x00000001c2400000, 0x00000001c2800000|  0%| F|  |TS  0|AC  0|TAMS 0x00000001c2400000, 0x00000001c2400000|
| 179|0x00000001c2800000, 0x00000001c2800000, 0x00000001c2c00000|  0%| F|  |TS  0|AC  0|TAMS 0x00000001c2800000, 0x00000001c2800000|
| 180|0x00000001c2c00000, 0x00000001c2c00000, 0x00000001c3000000|  0%| F|  |TS  0|AC  0|TAMS 0x00000001c2c00000, 0x00000001c2c00000|
| 181|0x00000001c3000000, 0x00000001c3000000, 0x00000001c3400000|  0%| F|  |TS  0|AC  0|TAMS 0x00000001c3000000, 0x00000001c3000000|
| 182|0x00000001c3400000, 0x00000001c3400000, 0x00000001c3800000|  0%| F|  |TS  0|AC  0|TAMS 0x00000001c3400000, 0x00000001c3400000|
| 183|0x00000001c3800000, 0x00000001c3800000, 0x00000001c3c00000|  0%| F|  |TS  0|AC  0|TAMS 0x00000001c3800000, 0x00000001c3800000|
| 184|0x00000001c3c00000, 0x00000001c3c00000, 0x00000001c4000000|  0%| F|  |TS  0|AC  0|TAMS 0x00000001c3c00000, 0x00000001c3c00000|
| 185|0x00000001c4000000, 0x00000001c4000000, 0x00000001c4400000|  0%| F|  |TS  0|AC  0|TAMS 0x00000001c4000000, 0x00000001c4000000|
| 186|0x00000001c4400000, 0x00000001c4400000, 0x00000001c4800000|  0%| F|  |TS  0|AC  0|TAMS 0x00000001c4400000, 0x00000001c4400000|
| 187|0x00000001c4800000, 0x00000001c4800000, 0x00000001c4c00000|  0%| F|  |TS  0|AC  0|TAMS 0x00000001c4800000, 0x00000001c4800000|
| 188|0x00000001c4c00000, 0x00000001c4c00000, 0x00000001c5000000|  0%| F|  |TS  0|AC  0|TAMS 0x00000001c4c00000, 0x00000001c4c00000|
| 189|0x00000001c5000000, 0x00000001c5000000, 0x00000001c5400000|  0%| F|  |TS  0|AC  0|TAMS 0x00000001c5000000, 0x00000001c5000000|
| 190|0x00000001c5400000, 0x00000001c5400000, 0x00000001c5800000|  0%| F|  |TS  0|AC  0|TAMS 0x00000001c5400000, 0x00000001c5400000|
| 191|0x00000001c5800000, 0x00000001c5800000, 0x00000001c5c00000|  0%| F|  |TS  0|AC  0|TAMS 0x00000001c5800000, 0x00000001c5800000|
| 192|0x00000001c5c00000, 0x00000001c5c00000, 0x00000001c6000000|  0%| F|  |TS  0|AC  0|TAMS 0x00000001c5c00000, 0x00000001c5c00000|
| 193|0x00000001c6000000, 0x00000001c6000000, 0x00000001c6400000|  0%| F|  |TS  0|AC  0|TAMS 0x00000001c6000000, 0x00000001c6000000|
| 194|0x00000001c6400000, 0x00000001c6400000, 0x00000001c6800000|  0%| F|  |TS  0|AC  0|TAMS 0x00000001c6400000, 0x00000001c6400000|
| 195|0x00000001c6800000, 0x00000001c6800000, 0x00000001c6c00000|  0%| F|  |TS  0|AC  0|TAMS 0x00000001c6800000, 0x00000001c6800000|
| 196|0x00000001c6c00000, 0x00000001c6c00000, 0x00000001c7000000|  0%| F|  |TS  0|AC  0|TAMS 0x00000001c6c00000, 0x00000001c6c00000|
| 197|0x00000001c7000000, 0x00000001c7000000, 0x00000001c7400000|  0%| F|  |TS  0|AC  0|TAMS 0x00000001c7000000, 0x00000001c7000000|
| 198|0x00000001c7400000, 0x00000001c7400000, 0x00000001c7800000|  0%| F|  |TS  0|AC  0|TAMS 0x00000001c7400000, 0x00000001c7400000|
| 199|0x00000001c7800000, 0x00000001c7800000, 0x00000001c7c00000|  0%| F|  |TS  0|AC  0|TAMS 0x00000001c7800000, 0x00000001c7800000|
| 200|0x00000001c7c00000, 0x00000001c7c00000, 0x00000001c8000000|  0%| F|  |TS  0|AC  0|TAMS 0x00000001c7c00000, 0x00000001c7c00000|
| 201|0x00000001c8000000, 0x00000001c8000000, 0x00000001c8400000|  0%| F|  |TS  0|AC  0|TAMS 0x00000001c8000000, 0x00000001c8000000|
| 202|0x00000001c8400000, 0x00000001c8400000, 0x00000001c8800000|  0%| F|  |TS  0|AC  0|TAMS 0x00000001c8400000, 0x00000001c8400000|
| 203|0x00000001c8800000, 0x00000001c8800000, 0x00000001c8c00000|  0%| F|  |TS  0|AC  0|TAMS 0x00000001c8800000, 0x00000001c8800000|
| 204|0x00000001c8c00000, 0x00000001c8c00000, 0x00000001c9000000|  0%| F|  |TS  0|AC  0|TAMS 0x00000001c8c00000, 0x00000001c8c00000|
| 205|0x00000001c9000000, 0x00000001c9000000, 0x00000001c9400000|  0%| F|  |TS  0|AC  0|TAMS 0x00000001c9000000, 0x00000001c9000000|
| 206|0x00000001c9400000, 0x00000001c9400000, 0x00000001c9800000|  0%| F|  |TS  0|AC  0|TAMS 0x00000001c9400000, 0x00000001c9400000|
| 207|0x00000001c9800000, 0x00000001c9800000, 0x00000001c9c00000|  0%| F|  |TS  0|AC  0|TAMS 0x00000001c9800000, 0x00000001c9800000|
| 208|0x00000001c9c00000, 0x00000001c9c00000, 0x00000001ca000000|  0%| F|  |TS  0|AC  0|TAMS 0x00000001c9c00000, 0x00000001c9c00000|
| 209|0x00000001ca000000, 0x00000001ca000000, 0x00000001ca400000|  0%| F|  |TS  0|AC  0|TAMS 0x00000001ca000000, 0x00000001ca000000|
| 210|0x00000001ca400000, 0x00000001ca400000, 0x00000001ca800000|  0%| F|  |TS  0|AC  0|TAMS 0x00000001ca400000, 0x00000001ca400000|
| 211|0x00000001ca800000, 0x00000001ca800000, 0x00000001cac00000|  0%| F|  |TS  0|AC  0|TAMS 0x00000001ca800000, 0x00000001ca800000|
| 212|0x00000001cac00000, 0x00000001cac00000, 0x00000001cb000000|  0%| F|  |TS  0|AC  0|TAMS 0x00000001cac00000, 0x00000001cac00000|
| 213|0x00000001cb000000, 0x00000001cb000000, 0x00000001cb400000|  0%| F|  |TS  0|AC  0|TAMS 0x00000001cb000000, 0x00000001cb000000|
| 214|0x00000001cb400000, 0x00000001cb400000, 0x00000001cb800000|  0%| F|  |TS  0|AC  0|TAMS 0x00000001cb400000, 0x00000001cb400000|
| 215|0x00000001cb800000, 0x00000001cb800000, 0x00000001cbc00000|  0%| F|  |TS  0|AC  0|TAMS 0x00000001cb800000, 0x00000001cb800000|
| 216|0x00000001cbc00000, 0x00000001cbc00000, 0x00000001cc000000|  0%| F|  |TS  0|AC  0|TAMS 0x00000001cbc00000, 0x00000001cbc00000|
| 217|0x00000001cc000000, 0x00000001cc000000, 0x00000001cc400000|  0%| F|  |TS  0|AC  0|TAMS 0x00000001cc000000, 0x00000001cc000000|
| 218|0x00000001cc400000, 0x00000001cc400000, 0x00000001cc800000|  0%| F|  |TS  0|AC  0|TAMS 0x00000001cc400000, 0x00000001cc400000|
| 219|0x00000001cc800000, 0x00000001cc800000, 0x00000001ccc00000|  0%| F|  |TS  0|AC  0|TAMS 0x00000001cc800000, 0x00000001cc800000|
| 220|0x00000001ccc00000, 0x00000001ccc00000, 0x00000001cd000000|  0%| F|  |TS  0|AC  0|TAMS 0x00000001ccc00000, 0x00000001ccc00000|
| 221|0x00000001cd000000, 0x00000001cd000000, 0x00000001cd400000|  0%| F|  |TS  0|AC  0|TAMS 0x00000001cd000000, 0x00000001cd000000|
| 222|0x00000001cd400000, 0x00000001cd400000, 0x00000001cd800000|  0%| F|  |TS  0|AC  0|TAMS 0x00000001cd400000, 0x00000001cd400000|
| 223|0x00000001cd800000, 0x00000001cd800000, 0x00000001cdc00000|  0%| F|  |TS  0|AC  0|TAMS 0x00000001cd800000, 0x00000001cd800000|
| 224|0x00000001cdc00000, 0x00000001cdc00000, 0x00000001ce000000|  0%| F|  |TS  0|AC  0|TAMS 0x00000001cdc00000, 0x00000001cdc00000|
| 225|0x00000001ce000000, 0x00000001ce000000, 0x00000001ce400000|  0%| F|  |TS  0|AC  0|TAMS 0x00000001ce000000, 0x00000001ce000000|
| 226|0x00000001ce400000, 0x00000001ce400000, 0x00000001ce800000|  0%| F|  |TS  0|AC  0|TAMS 0x00000001ce400000, 0x00000001ce400000|
| 227|0x00000001ce800000, 0x00000001ce800000, 0x00000001cec00000|  0%| F|  |TS  0|AC  0|TAMS 0x00000001ce800000, 0x00000001ce800000|
| 228|0x00000001cec00000, 0x00000001cec00000, 0x00000001cf000000|  0%| F|  |TS  0|AC  0|TAMS 0x00000001cec00000, 0x00000001cec00000|
| 229|0x00000001cf000000, 0x00000001cf000000, 0x00000001cf400000|  0%| F|  |TS  0|AC  0|TAMS 0x00000001cf000000, 0x00000001cf000000|
| 230|0x00000001cf400000, 0x00000001cf400000, 0x00000001cf800000|  0%| F|  |TS  0|AC  0|TAMS 0x00000001cf400000, 0x00000001cf400000|
| 231|0x00000001cf800000, 0x00000001cf800000, 0x00000001cfc00000|  0%| F|  |TS  0|AC  0|TAMS 0x00000001cf800000, 0x00000001cf800000|
| 232|0x00000001cfc00000, 0x00000001cfc00000, 0x00000001d0000000|  0%| F|  |TS  0|AC  0|TAMS 0x00000001cfc00000, 0x00000001cfc00000|
| 233|0x00000001d0000000, 0x00000001d0000000, 0x00000001d0400000|  0%| F|  |TS  0|AC  0|TAMS 0x00000001d0000000, 0x00000001d0000000|
| 234|0x00000001d0400000, 0x00000001d0400000, 0x00000001d0800000|  0%| F|  |TS  0|AC  0|TAMS 0x00000001d0400000, 0x00000001d0400000|
| 235|0x00000001d0800000, 0x00000001d0800000, 0x00000001d0c00000|  0%| F|  |TS  0|AC  0|TAMS 0x00000001d0800000, 0x00000001d0800000|
| 236|0x00000001d0c00000, 0x00000001d0c00000, 0x00000001d1000000|  0%| F|  |TS  0|AC  0|TAMS 0x00000001d0c00000, 0x00000001d0c00000|
| 237|0x00000001d1000000, 0x00000001d1000000, 0x00000001d1400000|  0%| F|  |TS  0|AC  0|TAMS 0x00000001d1000000, 0x00000001d1000000|
| 238|0x00000001d1400000, 0x00000001d1400000, 0x00000001d1800000|  0%| F|  |TS  0|AC  0|TAMS 0x00000001d1400000, 0x00000001d1400000|
| 239|0x00000001d1800000, 0x00000001d1800000, 0x00000001d1c00000|  0%| F|  |TS  0|AC  0|TAMS 0x00000001d1800000, 0x00000001d1800000|
| 240|0x00000001d1c00000, 0x00000001d1c00000, 0x00000001d2000000|  0%| F|  |TS  0|AC  0|TAMS 0x00000001d1c00000, 0x00000001d1c00000|
| 241|0x00000001d2000000, 0x00000001d2000000, 0x00000001d2400000|  0%| F|  |TS  0|AC  0|TAMS 0x00000001d2000000, 0x00000001d2000000|
| 242|0x00000001d2400000, 0x00000001d2400000, 0x00000001d2800000|  0%| F|  |TS  0|AC  0|TAMS 0x00000001d2400000, 0x00000001d2400000|
| 243|0x00000001d2800000, 0x00000001d2800000, 0x00000001d2c00000|  0%| F|  |TS  0|AC  0|TAMS 0x00000001d2800000, 0x00000001d2800000|
| 244|0x00000001d2c00000, 0x00000001d2c00000, 0x00000001d3000000|  0%| F|  |TS  0|AC  0|TAMS 0x00000001d2c00000, 0x00000001d2c00000|
| 245|0x00000001d3000000, 0x00000001d3000000, 0x00000001d3400000|  0%| F|  |TS  0|AC  0|TAMS 0x00000001d3000000, 0x00000001d3000000|
| 246|0x00000001d3400000, 0x00000001d3400000, 0x00000001d3800000|  0%| F|  |TS  0|AC  0|TAMS 0x00000001d3400000, 0x00000001d3400000|
| 247|0x00000001d3800000, 0x00000001d3800000, 0x00000001d3c00000|  0%| F|  |TS  0|AC  0|TAMS 0x00000001d3800000, 0x00000001d3800000|
| 248|0x00000001d3c00000, 0x00000001d3c00000, 0x00000001d4000000|  0%| F|  |TS  0|AC  0|TAMS 0x00000001d3c00000, 0x00000001d3c00000|
| 249|0x00000001d4000000, 0x00000001d4000000, 0x00000001d4400000|  0%| F|  |TS  0|AC  0|TAMS 0x00000001d4000000, 0x00000001d4000000|
| 250|0x00000001d4400000, 0x00000001d4400000, 0x00000001d4800000|  0%| F|  |TS  0|AC  0|TAMS 0x00000001d4400000, 0x00000001d4400000|
| 251|0x00000001d4800000, 0x00000001d4800000, 0x00000001d4c00000|  0%| F|  |TS  0|AC  0|TAMS 0x00000001d4800000, 0x00000001d4800000|
| 252|0x00000001d4c00000, 0x00000001d4c00000, 0x00000001d5000000|  0%| F|  |TS  0|AC  0|TAMS 0x00000001d4c00000, 0x00000001d4c00000|
| 253|0x00000001d5000000, 0x00000001d5000000, 0x00000001d5400000|  0%| F|  |TS  0|AC  0|TAMS 0x00000001d5000000, 0x00000001d5000000|
| 254|0x00000001d5400000, 0x00000001d5400000, 0x00000001d5800000|  0%| F|  |TS  0|AC  0|TAMS 0x00000001d5400000, 0x00000001d5400000|
| 255|0x00000001d5800000, 0x00000001d5bd71b8, 0x00000001d5c00000| 96%| E|  |TS  0|AC  0|TAMS 0x00000001d5800000, 0x00000001d5800000|

Card table byte_map: [0x0000017d1f7a0000,0x0000017d217a0000] byte_map_base: 0x0000017d1eaf2000

Marking Bits (Prev, Next): (CMBitMap*) 0x0000017d06b7e470, (CMBitMap*) 0x0000017d06b7e4a8
 Prev Bits: [0x0000017d237a0000, 0x0000017d33730000)
 Next Bits: [0x0000017d33730000, 0x0000017d436c0000)

Polling page: 0x0000017d04890000

CodeHeap 'non-profiled nmethods': size=120000Kb used=47Kb max_used=47Kb free=119952Kb
 bounds [0x0000017d15d20000, 0x0000017d15f90000, 0x0000017d1d250000]
CodeHeap 'profiled nmethods': size=120000Kb used=337Kb max_used=337Kb free=119663Kb
 bounds [0x0000017d0e7f0000, 0x0000017d0ea60000, 0x0000017d15d20000]
CodeHeap 'non-nmethods': size=5760Kb used=1004Kb max_used=1011Kb free=4755Kb
 bounds [0x0000017d0e250000, 0x0000017d0e4c0000, 0x0000017d0e7f0000]
 total_blobs=514 nmethods=181 adapters=178
 compilation: enabled

Compilation events (10 events):
Event: 9.380 Thread 0x0000017d46966000  177       3       java.util.ArrayList::subList (20 bytes)
Event: 9.381 Thread 0x0000017d46966000 nmethod 177 0x0000017d0e840010 code [0x0000017d0e840200, 0x0000017d0e840610]
Event: 9.381 Thread 0x0000017d46966000  178       3       java.util.AbstractList::subListRangeCheck (110 bytes)
Event: 9.381 Thread 0x0000017d46966000 nmethod 178 0x0000017d0e840790 code [0x0000017d0e840bc0, 0x0000017d0e8424f0]
Event: 9.381 Thread 0x0000017d46966000  179       3       java.util.ArrayList$SubList::<init> (35 bytes)
Event: 9.382 Thread 0x0000017d46966000 nmethod 179 0x0000017d0e842d90 code [0x0000017d0e842f60, 0x0000017d0e843298]
Event: 9.382 Thread 0x0000017d46966000  180       3       java.util.ArrayList$SubList::size (9 bytes)
Event: 9.382 Thread 0x0000017d46966000 nmethod 180 0x0000017d0e843410 code [0x0000017d0e8435e0, 0x0000017d0e843870]
Event: 9.382 Thread 0x0000017d46966000  181       3       java.util.ArrayList$SubList::iterator (5 bytes)
Event: 9.382 Thread 0x0000017d46966000 nmethod 181 0x0000017d0e843990 code [0x0000017d0e843bc0, 0x0000017d0e8441a0]

GC Heap History (0 events):
No events

Deoptimization events (1 events):
Event: 0.090 Thread 0x0000017d06aa5000 Uncommon trap: reason=unstable_if action=reinterpret pc=0x0000017d15d254dc method=java.lang.String.hashCode()I @ 14 c2

Classes redefined (0 events):
No events

Internal exceptions (0 events):
No events

Events (10 events):
Event: 9.361 loading class jdk/internal/math/FloatingDecimal$PreparedASCIIToBinaryBuffer
Event: 9.361 loading class jdk/internal/math/FloatingDecimal$ASCIIToBinaryConverter
Event: 9.361 loading class jdk/internal/math/FloatingDecimal$ASCIIToBinaryConverter done
Event: 9.361 loading class jdk/internal/math/FloatingDecimal$PreparedASCIIToBinaryBuffer done
Event: 9.361 loading class jdk/internal/math/FloatingDecimal$ASCIIToBinaryBuffer
Event: 9.361 loading class jdk/internal/math/FloatingDecimal$ASCIIToBinaryBuffer done
Event: 9.369 loading class jdk/internal/math/FDBigInteger
Event: 9.369 loading class jdk/internal/math/FDBigInteger done
Event: 10.170 loading class pcl/icp
Event: 10.170 loading class pcl/icp done


Dynamic libraries:
0x00007ff778140000 - 0x00007ff77817e000 	C:\Program Files\Java\jre-10\bin\javaw.exe
0x00007ffc7af90000 - 0x00007ffc7b171000 	C:\WINDOWS\SYSTEM32\ntdll.dll
0x00007ffc7a360000 - 0x00007ffc7a412000 	C:\WINDOWS\System32\KERNEL32.DLL
0x00007ffc77660000 - 0x00007ffc778d3000 	C:\WINDOWS\System32\KERNELBASE.dll
0x00007ffc7ab30000 - 0x00007ffc7abd1000 	C:\WINDOWS\System32\ADVAPI32.dll
0x00007ffc7ad10000 - 0x00007ffc7adae000 	C:\WINDOWS\System32\msvcrt.dll
0x00007ffc7ae60000 - 0x00007ffc7aebb000 	C:\WINDOWS\System32\sechost.dll
0x00007ffc7a4c0000 - 0x00007ffc7a5e4000 	C:\WINDOWS\System32\RPCRT4.dll
0x00007ffc785e0000 - 0x00007ffc78770000 	C:\WINDOWS\System32\USER32.dll
0x00007ffc78400000 - 0x00007ffc78420000 	C:\WINDOWS\System32\win32u.dll
0x00007ffc7adb0000 - 0x00007ffc7add8000 	C:\WINDOWS\System32\GDI32.dll
0x00007ffc77360000 - 0x00007ffc774f2000 	C:\WINDOWS\System32\gdi32full.dll
0x00007ffc77960000 - 0x00007ffc779ff000 	C:\WINDOWS\System32\msvcp_win.dll
0x00007ffc77bf0000 - 0x00007ffc77cea000 	C:\WINDOWS\System32\ucrtbase.dll
0x00007ffc6e990000 - 0x00007ffc6ebf9000 	C:\WINDOWS\WinSxS\amd64_microsoft.windows.common-controls_6595b64144ccf1df_6.0.17134.590_none_fb3d9bff3069e088\COMCTL32.dll
0x00007ffc79e30000 - 0x00007ffc7a152000 	C:\WINDOWS\System32\combase.dll
0x00007ffc71d80000 - 0x00007ffc71d8a000 	C:\WINDOWS\SYSTEM32\VERSION.dll
0x00007ffc778e0000 - 0x00007ffc7795a000 	C:\WINDOWS\System32\bcryptPrimitives.dll
0x00007ffc7a490000 - 0x00007ffc7a4bd000 	C:\WINDOWS\System32\IMM32.DLL
0x00007ffc38a30000 - 0x00007ffc38b1f000 	C:\Program Files\Java\jre-10\bin\msvcr120.dll
0x00007ffc387c0000 - 0x00007ffc38866000 	C:\Program Files\Java\jre-10\bin\msvcp120.dll
0x000000006e660000 - 0x000000006f0cf000 	C:\Program Files\Java\jre-10\bin\server\jvm.dll
0x00007ffc7a420000 - 0x00007ffc7a428000 	C:\WINDOWS\System32\PSAPI.DLL
0x00007ffc6b630000 - 0x00007ffc6b653000 	C:\WINDOWS\SYSTEM32\WINMM.dll
0x00007ffc69860000 - 0x00007ffc69869000 	C:\WINDOWS\SYSTEM32\WSOCK32.dll
0x00007ffc7aca0000 - 0x00007ffc7ad0c000 	C:\WINDOWS\System32\WS2_32.dll
0x00007ffc6b560000 - 0x00007ffc6b58a000 	C:\WINDOWS\SYSTEM32\winmmbase.dll
0x00007ffc775b0000 - 0x00007ffc775f9000 	C:\WINDOWS\System32\cfgmgr32.dll
0x00007ffc68d00000 - 0x00007ffc68d0f000 	C:\Program Files\Java\jre-10\bin\verify.dll
0x00007ffc6e6a0000 - 0x00007ffc6e869000 	C:\WINDOWS\SYSTEM32\DBGHELP.DLL
0x00007ffc6b9a0000 - 0x00007ffc6b9c9000 	C:\WINDOWS\SYSTEM32\dbgcore.DLL
0x00007ffc5e0d0000 - 0x00007ffc5e0f7000 	C:\Program Files\Java\jre-10\bin\java.dll
0x00007ffc5e1a0000 - 0x00007ffc5e1b6000 	C:\Program Files\Java\jre-10\bin\zip.dll
0x00007ffc68cb0000 - 0x00007ffc68cba000 	C:\Program Files\Java\jre-10\bin\jimage.dll
0x00007ffc789f0000 - 0x00007ffc79e30000 	C:\WINDOWS\System32\SHELL32.dll
0x00007ffc7abe0000 - 0x00007ffc7ac89000 	C:\WINDOWS\System32\shcore.dll
0x00007ffc77cf0000 - 0x00007ffc783fd000 	C:\WINDOWS\System32\windows.storage.dll
0x00007ffc7a430000 - 0x00007ffc7a481000 	C:\WINDOWS\System32\shlwapi.dll
0x00007ffc772f0000 - 0x00007ffc77301000 	C:\WINDOWS\System32\kernel.appcore.dll
0x00007ffc772d0000 - 0x00007ffc772ef000 	C:\WINDOWS\System32\profapi.dll
0x00007ffc77310000 - 0x00007ffc7735c000 	C:\WINDOWS\System32\powrprof.dll
0x00007ffc772a0000 - 0x00007ffc772aa000 	C:\WINDOWS\System32\FLTLIB.DLL
0x00007ffbed220000 - 0x00007ffbeeefb000 	H:\eclipse\vs_workspace\pcl-java-master\pcl-java-master\natives\win32\x86_64\pcl_icp_test.dll
0x00007ffc2a250000 - 0x00007ffc2a57a000 	C:\Program Files\PCL 1.8.1\bin\pcl_common_debug.dll
0x00007ffc248d0000 - 0x00007ffc24ee5000 	C:\Program Files\PCL 1.8.1\bin\pcl_sample_consensus_debug.dll
0x00007ffbe38b0000 - 0x00007ffbe466e000 	C:\Program Files\PCL 1.8.1\bin\pcl_features_debug.dll
0x00007ffbe4670000 - 0x00007ffbe6632000 	C:\Program Files\PCL 1.8.1\bin\pcl_io_debug.dll
0x00007ffc386c0000 - 0x00007ffc387b1000 	C:\WINDOWS\SYSTEM32\MSVCP140D.dll
0x00007ffc55700000 - 0x00007ffc55721000 	C:\WINDOWS\SYSTEM32\VCRUNTIME140D.dll
0x00007ffc25220000 - 0x00007ffc253d8000 	C:\WINDOWS\SYSTEM32\ucrtbased.dll
0x00007ffbf13d0000 - 0x00007ffbf1958000 	C:\Program Files\PCL 1.8.1\bin\pcl_search_debug.dll
0x00007ffbd8820000 - 0x00007ffbdb8f0000 	C:\Program Files\PCL 1.8.1\bin\pcl_visualization_debug.dll
0x00007ffbd4c70000 - 0x00007ffbd5de4000 	C:\Program Files\PCL 1.8.1\bin\pcl_filters_debug.dll
0x00007ffbf0670000 - 0x00007ffbf09f5000 	C:\Program Files\PCL 1.8.1\bin\pcl_kdtree_debug.dll
0x00007ffbf0e80000 - 0x00007ffbf13c5000 	C:\Program Files\PCL 1.8.1\bin\pcl_octree_debug.dll
0x00007ffc3a490000 - 0x00007ffc3a4fb000 	C:\Program Files\PCL 1.8.1\3rdParty\OpenNI2\Redist\OpenNI2.dll
0x00007ffc38230000 - 0x00007ffc38364000 	C:\Program Files\PCL 1.8.1\bin\pcl_io_ply_debug.dll
0x00007ffc266f0000 - 0x00007ffc26810000 	C:\WINDOWS\SYSTEM32\OPENGL32.dll
0x0000000070090000 - 0x0000000070162000 	C:\WINDOWS\SYSTEM32\MSVCR100.dll
0x00007ffc50460000 - 0x00007ffc5048c000 	C:\WINDOWS\SYSTEM32\GLU32.dll
0x00007ffc755e0000 - 0x00007ffc75678000 	C:\WINDOWS\system32\uxtheme.dll
0x00007ffc78770000 - 0x00007ffc788e3000 	C:\WINDOWS\System32\MSCTF.dll
0x00007ffc7aa40000 - 0x00007ffc7ab03000 	C:\WINDOWS\System32\OLEAUT32.dll
0x00007ffc59e20000 - 0x00007ffc59e68000 	C:\Program Files (x86)\TeamViewer\tv_x64.dll
0x00007ffc78480000 - 0x00007ffc785d1000 	C:\WINDOWS\System32\ole32.dll
0x00007ffc75760000 - 0x00007ffc75789000 	C:\WINDOWS\system32\dwmapi.dll
0x00007ffc670e0000 - 0x00007ffc67176000 	C:\WINDOWS\System32\TextInputFramework.dll
0x00007ffc75150000 - 0x00007ffc7522a000 	C:\WINDOWS\System32\CoreMessaging.dll
0x00007ffc67350000 - 0x00007ffc6766e000 	C:\WINDOWS\System32\CoreUIComponents.dll
0x00007ffc76390000 - 0x00007ffc763c1000 	C:\WINDOWS\SYSTEM32\ntmarta.dll
0x00007ffc72690000 - 0x00007ffc727dd000 	C:\WINDOWS\SYSTEM32\wintypes.dll
0x000000006c390000 - 0x000000006e657000 	C:\WINDOWS\SYSTEM32\nvoglv64.DLL
0x00007ffc7a5f0000 - 0x00007ffc7aa3b000 	C:\WINDOWS\System32\SETUPAPI.dll
0x00007ffc72f00000 - 0x00007ffc72f13000 	C:\WINDOWS\SYSTEM32\WTSAPI32.dll
0x00007ffc770b0000 - 0x00007ffc770d7000 	C:\WINDOWS\SYSTEM32\DEVOBJ.dll
0x00007ffc77600000 - 0x00007ffc77657000 	C:\WINDOWS\System32\WINTRUST.dll
0x00007ffc772b0000 - 0x00007ffc772c2000 	C:\WINDOWS\System32\MSASN1.dll
0x00007ffc77a00000 - 0x00007ffc77be2000 	C:\WINDOWS\System32\CRYPT32.dll
0x00007ffc69be0000 - 0x00007ffc69dbc000 	C:\WINDOWS\system32\nvspcap64.dll
0x00007ffc730f0000 - 0x00007ffc731cd000 	C:\WINDOWS\SYSTEM32\WINHTTP.dll
0x00007ffc76430000 - 0x00007ffc76486000 	C:\WINDOWS\SYSTEM32\WINSTA.dll

dbghelp: loaded successfully - version: 4.0.5 - missing functions: none
symbol engine: initialized successfully - sym options: 0x614 - pdb path: .;C:\Program Files\Java\jre-10\bin;C:\WINDOWS\SYSTEM32;C:\WINDOWS\WinSxS\amd64_microsoft.windows.common-controls_6595b64144ccf1df_6.0.17134.590_none_fb3d9bff3069e088;C:\Program Files\Java\jre-10\bin\server;H:\eclipse\vs_workspace\pcl-java-master\pcl-java-master\natives\win32\x86_64;C:\Program Files\PCL 1.8.1\bin;C:\Program Files\PCL 1.8.1\3rdParty\OpenNI2\Redist;C:\Program Files (x86)\TeamViewer

VM Arguments:
jvm_args: -Djava.library.path=H:\eclipse\vs_workspace\pcl-java-master\pcl-java-master\target\natives\win32\x86_64 -Dfile.encoding=Cp1252 
java_command: com.movlad.pcl.examples.ICPDemo
java_class_path (initial): H:\eclipse\vs_workspace\pcl-java-master\pcl-java-master\bin;H:\eclipse\vs_workspace\junit-4.11.jar;H:\eclipse\vs_workspace\junit-jupiter-api-5.4.0.jar;H:\eclipse\vs_workspace\commonsIO-2.5.0-javadoc.jar;H:\eclipse\vs_workspace\commonsIO-2.5.0-sources.jar;C:\Users\VS-01\Downloads\commons-io-1.3.2.jar
Launcher Type: SUN_STANDARD

Logging:
Log output configuration:
#0: stdout all=warning uptime,level,tags
#1: stderr all=off uptime,level,tags

Environment Variables:
JAVA_HOME=C:\Program Files\Java\jdk-10\bin
CLASSPATH=C:\Program Files\OpenNI\Bin64\org.OpenNI.jar
PATH=C:/Program Files/Java/jre1.8.0_161/bin/server;C:/Program Files/Java/jre1.8.0_161/bin;C:/Program Files/Java/jre1.8.0_161/lib/amd64;C:\Program Files\NVIDIA GPU Computing Toolkit\CUDA\v9.0\bin;C:\Program Files\NVIDIA GPU Computing Toolkit\CUDA\v9.0\libnvvp;C:\Program Files\NVIDIA GPU Computing Toolkit\CUDA\v8.0\bin;C:\Program Files\NVIDIA GPU Computing Toolkit\CUDA\v8.0\libnvvp;C:\ProgramData\Oracle\Java\javapath;C:\Program Files (x86)\Common Files\Intergraph\Grid Analysis SDK\1.0\Program;C:\Program Files\Microsoft MPI\Bin\;C:\Windows\system32;C:\Windows;C:\Windows\System32\Wbem;C:\Windows\System32\WindowsPowerShell\v1.0\;C:\Program Files\MATLAB\R2017b\bin;C:\Program Files\Microsoft SQL Server\130\Tools\Binn\;C:\Program Files\dotnet\;C:\Program Files\Git\cmd;C:\Program Files\Common Files\Autodesk Shared\;C:\Program Files (x86)\Autodesk\Backburner\;C:\Program Files (x86)\GtkSharp\2.12\bin;C:\Users\VS-01\Documents\Yao Sidan\apache-ant-1.10.1\bin;C:\Program Files (x86)\Java\jdk1.8.0_144;C:\Program Files (x86)\Java\jdk1.8.0_144\bin;C:\Users\VS-01\Documents\Yao Sidan\apache-ant-1.8.2\bin;C:\Program Files (x86)\NVIDIA Corporation\PhysX\Common;C:\apache-maven-3.5.0\bin;C:\opencv\build\x64\vc14\bin;C:\Program Files\NVIDIA GPU Computing Toolkit\CUDA\cudnn-8.0-windows10-x64-v6.0\cuda\bin;C:\WINDOWS\system32;C:\WINDOWS;C:\WINDOWS\System32\Wbem;C:\WINDOWS\System32\WindowsPowerShell\v1.0\;C:\Program Files\MATLAB\MATLAB Runtime\v93\runtime\win64;C:\Program Files\Microsoft SQL Server\110\Tools\Binn\;C:\Qt1\5.5\msvc2013_64\plugins;C:\WINDOWS\system32;C:\WINDOWS;C:\WINDOWS\System32\Wbem;C:\WINDOWS\System32\WindowsPowerShell\v1.0\;C:\WINDOWS\System32\OpenSSH\;C:\Program Files\FME\;C:\Program Files\OpenNI\Bin64;"C:\Program Files\PCL 1.8.1\bin;C:\Program Files\PCL 1.8.1\3rdParty\FLANN\bin;C:\Program Files\PCL 1.8.1\3rdParty\VTK\bin;C:\Program Files\PCL 1.8.1\Qhull\bin;C:\Program Files\PCL 1.8.1\3rdParty\OpenNI2\Tools";C:\Users\VS-01\AppData\Local\Programs\Python\Python35\Scripts\;C:\Use
USERNAME=VS-01
OS=Windows_NT
PROCESSOR_IDENTIFIER=Intel64 Family 6 Model 79 Stepping 1, GenuineIntel



---------------  S Y S T E M  ---------------

OS: Windows 10 , 64 bit Build 17134 (10.0.17134.556)

CPU:total 12 (initial active 12) (6 cores per cpu, 2 threads per core) family 6 model 79 stepping 1, cmov, cx8, fxsr, mmx, sse, sse2, sse3, ssse3, sse4.1, sse4.2, popcnt, avx, avx2, aes, clmul, erms, rtm, 3dnowpref, lzcnt, ht, tsc, tscinvbit, bmi1, bmi2, adx, fma

Memory: 4k page, physical 66983556k(44995756k free), swap 100845764k(17910396k free)

vm_info: Java HotSpot(TM) 64-Bit Server VM (10+46) for windows-amd64 JRE (10+46), built on Mar  8 2018 02:11:18 by "mach5one" with MS VC++ 12.0 (VS2013)

END.
