#
# A fatal error has been detected by the Java Runtime Environment:
#
#  EXCEPTION_ACCESS_VIOLATION (0xc0000005) at pc=0x00007ffbed8ed858, pid=16284, tid=18884
#
# JRE version: Java(TM) SE Runtime Environment (10.0+46) (build 10+46)
# Java VM: Java HotSpot(TM) 64-Bit Server VM (10+46, mixed mode, tiered, compressed oops, g1 gc, windows-amd64)
# Problematic frame:
# C  [pcl_icp_test.dll+0x6cd858]
#
# No core dump will be written. Minidumps are not enabled by default on client versions of Windows
#
# If you would like to submit a bug report, please visit:
#   http://bugreport.java.com/bugreport/crash.jsp
# The crash happened outside the Java Virtual Machine in native code.
# See problematic frame for where to report the bug.
#

---------------  S U M M A R Y ------------

Command Line: -Djava.library.path=H:\eclipse\vs_workspace\pcl-java-master\pcl-java-master\target\natives\win32\x86_64 -Dfile.encoding=Cp1252 com.movlad.pcl.examples.ICPDemo

Host: Intel(R) Xeon(R) CPU E5-1650 v4 @ 3.60GHz, 12 cores, 63G,  Windows 10 , 64 bit Build 17134 (10.0.17134.556)
Time: Mon Mar 11 11:08:04 2019 Malay Peninsula Standard Time elapsed time: 10 seconds (0d 0h 0m 10s)

---------------  T H R E A D  ---------------

Current thread (0x0000012d08ad4800):  JavaThread "main" [_thread_in_native, id=18884, stack(0x000000203a200000,0x000000203a300000)]

Stack: [0x000000203a200000,0x000000203a300000],  sp=0x000000203a2fe950,  free space=1018k
Native frames: (J=compiled Java code, j=interpreted, Vv=VM code, C=native code)
C  [pcl_icp_test.dll+0x6cd858]

Java frames: (J=compiled Java code, j=interpreted, Vv=VM code)
j  pcl.icp.compute(Lcom/movlad/pcl/PointCloud3d;Lcom/movlad/pcl/PointCloud3d;IF[F)F+0
j  com.movlad.pcl.examples.ICPDemo.main([Ljava/lang/String;)V+216
v  ~StubRoutines::call_stub

siginfo: EXCEPTION_ACCESS_VIOLATION (0xc0000005), reading address 0x0000000000000008


Register to memory mapping:

RIP=0x00007ffbed8ed858 pcl_icp_test.dll
RAX=0x000000203a2fece8 is pointing into the stack for thread: 0x0000012d08ad4800
RBX={method} {0x0000012d48fbb2d8} 'compute' '(Lcom/movlad/pcl/PointCloud3d;Lcom/movlad/pcl/PointCloud3d;IF[F)F' in 'pcl/icp'
RCX=0x0000000000000008 is an unknown value
RDX=0x0000000000000008 is an unknown value
RSP=0x000000203a2fe950 is pointing into the stack for thread: 0x0000012d08ad4800
RBP=0x000000203a2fe970 is pointing into the stack for thread: 0x0000012d08ad4800
RSI=0x00000007c0062278 is pointing into metadata
RDI=0x000000203a2fea58 is pointing into the stack for thread: 0x0000012d08ad4800
R8 =0x0000000000000042 is an unknown value
R9 =0x0000000401b5d2b0 is pointing into object: 0x00000004018f5d48

[error occurred during error reporting (printing register info), id 0xc0000005]

Registers:
RAX=0x000000203a2fece8, RBX=0x0000012d48fbb2d0, RCX=0x0000000000000008, RDX=0x0000000000000008
RSP=0x000000203a2fe950, RBP=0x000000203a2fe970, RSI=0x00000007c0062278, RDI=0x000000203a2fea58
R8 =0x0000000000000042, R9 =0x0000000401b5d2b0, R10=0x000000000000000c, R11=0x000000006f015cf0
R12=0x0000000000000000, R13=0x0000012d48fbb2d0, R14=0x000000203a2ff1f8, R15=0x0000012d08ad4800
RIP=0x00007ffbed8ed858, EFLAGS=0x0000000000010206

Top of Stack: (sp=0x000000203a2fe950)
0x000000203a2fe950:   cccccccccccccccc cccccccccccccccc
0x000000203a2fe960:   cccccccccccccccc cccccccccccccccc
0x000000203a2fe970:   cccccccccccccccc cccccccccccccccc
0x000000203a2fe980:   cccccccccccccccc cccccccccccccccc
0x000000203a2fe990:   cccccccccccccccc cccccccccccccccc
0x000000203a2fe9a0:   cccccccccccccccc cccccccccccccccc
0x000000203a2fe9b0:   cccccccccccccccc cccccccccccccccc
0x000000203a2fe9c0:   cccccccccccccccc cccccccccccccccc
0x000000203a2fe9d0:   cccccccccccccccc cccccccccccccccc
0x000000203a2fe9e0:   cccccccccccccccc cccccccccccccccc
0x000000203a2fe9f0:   cccccccccccccccc cccccccccccccccc
0x000000203a2fea00:   cccccccccccccccc cccccccccccccccc
0x000000203a2fea10:   cccccccccccccccc cccccccccccccccc
0x000000203a2fea20:   cccccccccccccccc cccccccccccccccc
0x000000203a2fea30:   cccccccccccccccc fffffffffffffffe
0x000000203a2fea40:   cccccccccccccccc cccccccccccccccc 

Instructions: (pc=0x00007ffbed8ed858)
0x00007ffbed8ed838:   8b 8c 24 28 01 00 00 48 c7 85 c8 00 00 00 fe ff
0x00007ffbed8ed848:   ff ff 48 8b 85 00 01 00 00 48 8b 8d 08 01 00 00
0x00007ffbed8ed858:   48 8b 09 48 89 08 48 8b 85 08 01 00 00 48 83 c0
0x00007ffbed8ed868:   08 48 8b 8d 00 01 00 00 48 83 c1 08 48 8b d0 e8 



---------------  P R O C E S S  ---------------

Threads class SMR info:
_java_thread_list=0x0000012d48b5f070, length=12, elements={
0x0000012d08ad4800, 0x0000012d48959000, 0x0000012d4898f800, 0x0000012d4899d000,
0x0000012d4899e000, 0x0000012d4899e800, 0x0000012d489a3800, 0x0000012d489aa800,
0x0000012d489ae800, 0x0000012d489d9000, 0x0000012d48bab800, 0x0000012d48bae800
}

Java Threads: ( => current thread )
=>0x0000012d08ad4800 JavaThread "main" [_thread_in_native, id=18884, stack(0x000000203a200000,0x000000203a300000)]
  0x0000012d48959000 JavaThread "Reference Handler" daemon [_thread_blocked, id=16856, stack(0x000000203bd00000,0x000000203be00000)]
  0x0000012d4898f800 JavaThread "Finalizer" daemon [_thread_blocked, id=19104, stack(0x000000203be00000,0x000000203bf00000)]
  0x0000012d4899d000 JavaThread "Signal Dispatcher" daemon [_thread_blocked, id=24724, stack(0x000000203bf00000,0x000000203c000000)]
  0x0000012d4899e000 JavaThread "Attach Listener" daemon [_thread_blocked, id=23416, stack(0x000000203c000000,0x000000203c100000)]
  0x0000012d4899e800 JavaThread "C2 CompilerThread0" daemon [_thread_blocked, id=22964, stack(0x000000203c100000,0x000000203c200000)]
  0x0000012d489a3800 JavaThread "C2 CompilerThread1" daemon [_thread_blocked, id=23736, stack(0x000000203c200000,0x000000203c300000)]
  0x0000012d489aa800 JavaThread "C2 CompilerThread2" daemon [_thread_blocked, id=25280, stack(0x000000203c300000,0x000000203c400000)]
  0x0000012d489ae800 JavaThread "C1 CompilerThread3" daemon [_thread_blocked, id=18472, stack(0x000000203c400000,0x000000203c500000)]
  0x0000012d489d9000 JavaThread "Sweeper thread" daemon [_thread_blocked, id=1552, stack(0x000000203c500000,0x000000203c600000)]
  0x0000012d48bab800 JavaThread "Service Thread" daemon [_thread_blocked, id=16840, stack(0x000000203c600000,0x000000203c700000)]
  0x0000012d48bae800 JavaThread "Common-Cleaner" daemon [_thread_blocked, id=24828, stack(0x000000203c700000,0x000000203c800000)]

Other Threads:
  0x0000012d48954000 VMThread "VM Thread" [stack: 0x000000203bc00000,0x000000203bd00000] [id=25068]
  0x0000012d495b8800 WatcherThread [stack: 0x000000203c800000,0x000000203c900000] [id=6828]
  0x0000012d08aef000 GCTaskThread "GC Thread#0" [stack: 0x000000203a300000,0x000000203a400000] [id=7928]
  0x0000012d08af0800 GCTaskThread "GC Thread#1" [stack: 0x000000203a400000,0x000000203a500000] [id=16540]
  0x0000012d08af6800 GCTaskThread "GC Thread#2" [stack: 0x000000203a500000,0x000000203a600000] [id=19240]
  0x0000012d08af9000 GCTaskThread "GC Thread#3" [stack: 0x000000203a600000,0x000000203a700000] [id=25296]
  0x0000012d08afd800 GCTaskThread "GC Thread#4" [stack: 0x000000203a700000,0x000000203a800000] [id=24468]
  0x0000012d08b01000 GCTaskThread "GC Thread#5" [stack: 0x000000203a800000,0x000000203a900000] [id=8520]
  0x0000012d08b02800 GCTaskThread "GC Thread#6" [stack: 0x000000203a900000,0x000000203aa00000] [id=21656]
  0x0000012d08b04000 GCTaskThread "GC Thread#7" [stack: 0x000000203aa00000,0x000000203ab00000] [id=24892]
  0x0000012d08b05800 GCTaskThread "GC Thread#8" [stack: 0x000000203ab00000,0x000000203ac00000] [id=9128]
  0x0000012d08b0e800 GCTaskThread "GC Thread#9" [stack: 0x000000203ac00000,0x000000203ad00000] [id=25228]
  0x0000012d08bae000 ConcurrentGCThread "G1 Main Marker" [stack: 0x000000203ad00000,0x000000203ae00000] [id=19416]
  0x0000012d08b09800 ConcurrentGCThread "G1 Conc#0" [stack: 0x000000203ae00000,0x000000203af00000] [id=22700]
  0x0000012d08b0a800 ConcurrentGCThread "G1 Conc#1" [stack: 0x000000203af00000,0x000000203b000000] [id=25076]
  0x0000012d08b0c800 ConcurrentGCThread "G1 Conc#2" [stack: 0x000000203b000000,0x000000203b100000] [id=3920]
  0x0000012d458ed000 ConcurrentGCThread "G1 Refine#0" [stack: 0x000000203b100000,0x000000203b200000] [id=3036]
  0x0000012d458ed800 ConcurrentGCThread "G1 Refine#1" [stack: 0x000000203b200000,0x000000203b300000] [id=164]
  0x0000012d458ee000 ConcurrentGCThread "G1 Refine#2" [stack: 0x000000203b300000,0x000000203b400000] [id=22568]
  0x0000012d487fc800 ConcurrentGCThread "G1 Refine#3" [stack: 0x000000203b400000,0x000000203b500000] [id=18220]
  0x0000012d487fd000 ConcurrentGCThread "G1 Refine#4" [stack: 0x000000203b500000,0x000000203b600000] [id=25016]
  0x0000012d487fe800 ConcurrentGCThread "G1 Refine#5" [stack: 0x000000203b600000,0x000000203b700000] [id=8160]
  0x0000012d48801800 ConcurrentGCThread "G1 Refine#6" [stack: 0x000000203b700000,0x000000203b800000] [id=24200]
  0x0000012d48802000 ConcurrentGCThread "G1 Refine#7" [stack: 0x000000203b800000,0x000000203b900000] [id=19036]
  0x0000012d48804800 ConcurrentGCThread "G1 Refine#8" [stack: 0x000000203b900000,0x000000203ba00000] [id=22456]
  0x0000012d48806800 ConcurrentGCThread "G1 Refine#9" [stack: 0x000000203ba00000,0x000000203bb00000] [id=25372]
  0x0000012d4880f000 ConcurrentGCThread "G1 Young RemSet Sampling" [stack: 0x000000203bb00000,0x000000203bc00000] [id=11828]

Threads with active compile tasks:

VM state:not at safepoint (normal execution)

VM Mutex/Monitor currently owned by a thread: None

Heap address: 0x00000003c1c00000, size: 16356 MB, Compressed Oops mode: Zero based, Oop shift amount: 3
Narrow klass base: 0x0000000000000000, Narrow klass shift: 3
Compressed class space size: 1073741824 Address: 0x00000007c0000000

Heap:
 garbage-first heap   total 1048576K, used 0K [0x00000003c1c00000, 0x00000007c0000000)
  region size 4096K, 1 young (4096K), 0 survivors (0K)
 Metaspace       used 3702K, capacity 4600K, committed 4864K, reserved 1056768K
  class space    used 354K, capacity 424K, committed 512K, reserved 1048576K
Heap Regions: E=young(eden), S=young(survivor), O=old, HS=humongous(starts), HC=humongous(continues), CS=collection set, F=free, A=archive, TS=gc time stamp, AC=allocation context, TAMS=top-at-mark-start (previous, next)
|   0|0x00000003c1c00000, 0x00000003c1c00000, 0x00000003c2000000|  0%| F|  |TS  0|AC  0|TAMS 0x00000003c1c00000, 0x00000003c1c00000|
|   1|0x00000003c2000000, 0x00000003c2000000, 0x00000003c2400000|  0%| F|  |TS  0|AC  0|TAMS 0x00000003c2000000, 0x00000003c2000000|
|   2|0x00000003c2400000, 0x00000003c2400000, 0x00000003c2800000|  0%| F|  |TS  0|AC  0|TAMS 0x00000003c2400000, 0x00000003c2400000|
|   3|0x00000003c2800000, 0x00000003c2800000, 0x00000003c2c00000|  0%| F|  |TS  0|AC  0|TAMS 0x00000003c2800000, 0x00000003c2800000|
|   4|0x00000003c2c00000, 0x00000003c2c00000, 0x00000003c3000000|  0%| F|  |TS  0|AC  0|TAMS 0x00000003c2c00000, 0x00000003c2c00000|
|   5|0x00000003c3000000, 0x00000003c3000000, 0x00000003c3400000|  0%| F|  |TS  0|AC  0|TAMS 0x00000003c3000000, 0x00000003c3000000|
|   6|0x00000003c3400000, 0x00000003c3400000, 0x00000003c3800000|  0%| F|  |TS  0|AC  0|TAMS 0x00000003c3400000, 0x00000003c3400000|
|   7|0x00000003c3800000, 0x00000003c3800000, 0x00000003c3c00000|  0%| F|  |TS  0|AC  0|TAMS 0x00000003c3800000, 0x00000003c3800000|
|   8|0x00000003c3c00000, 0x00000003c3c00000, 0x00000003c4000000|  0%| F|  |TS  0|AC  0|TAMS 0x00000003c3c00000, 0x00000003c3c00000|
|   9|0x00000003c4000000, 0x00000003c4000000, 0x00000003c4400000|  0%| F|  |TS  0|AC  0|TAMS 0x00000003c4000000, 0x00000003c4000000|
|  10|0x00000003c4400000, 0x00000003c4400000, 0x00000003c4800000|  0%| F|  |TS  0|AC  0|TAMS 0x00000003c4400000, 0x00000003c4400000|
|  11|0x00000003c4800000, 0x00000003c4800000, 0x00000003c4c00000|  0%| F|  |TS  0|AC  0|TAMS 0x00000003c4800000, 0x00000003c4800000|
|  12|0x00000003c4c00000, 0x00000003c4c00000, 0x00000003c5000000|  0%| F|  |TS  0|AC  0|TAMS 0x00000003c4c00000, 0x00000003c4c00000|
|  13|0x00000003c5000000, 0x00000003c5000000, 0x00000003c5400000|  0%| F|  |TS  0|AC  0|TAMS 0x00000003c5000000, 0x00000003c5000000|
|  14|0x00000003c5400000, 0x00000003c5400000, 0x00000003c5800000|  0%| F|  |TS  0|AC  0|TAMS 0x00000003c5400000, 0x00000003c5400000|
|  15|0x00000003c5800000, 0x00000003c5800000, 0x00000003c5c00000|  0%| F|  |TS  0|AC  0|TAMS 0x00000003c5800000, 0x00000003c5800000|
|  16|0x00000003c5c00000, 0x00000003c5c00000, 0x00000003c6000000|  0%| F|  |TS  0|AC  0|TAMS 0x00000003c5c00000, 0x00000003c5c00000|
|  17|0x00000003c6000000, 0x00000003c6000000, 0x00000003c6400000|  0%| F|  |TS  0|AC  0|TAMS 0x00000003c6000000, 0x00000003c6000000|
|  18|0x00000003c6400000, 0x00000003c6400000, 0x00000003c6800000|  0%| F|  |TS  0|AC  0|TAMS 0x00000003c6400000, 0x00000003c6400000|
|  19|0x00000003c6800000, 0x00000003c6800000, 0x00000003c6c00000|  0%| F|  |TS  0|AC  0|TAMS 0x00000003c6800000, 0x00000003c6800000|
|  20|0x00000003c6c00000, 0x00000003c6c00000, 0x00000003c7000000|  0%| F|  |TS  0|AC  0|TAMS 0x00000003c6c00000, 0x00000003c6c00000|
|  21|0x00000003c7000000, 0x00000003c7000000, 0x00000003c7400000|  0%| F|  |TS  0|AC  0|TAMS 0x00000003c7000000, 0x00000003c7000000|
|  22|0x00000003c7400000, 0x00000003c7400000, 0x00000003c7800000|  0%| F|  |TS  0|AC  0|TAMS 0x00000003c7400000, 0x00000003c7400000|
|  23|0x00000003c7800000, 0x00000003c7800000, 0x00000003c7c00000|  0%| F|  |TS  0|AC  0|TAMS 0x00000003c7800000, 0x00000003c7800000|
|  24|0x00000003c7c00000, 0x00000003c7c00000, 0x00000003c8000000|  0%| F|  |TS  0|AC  0|TAMS 0x00000003c7c00000, 0x00000003c7c00000|
|  25|0x00000003c8000000, 0x00000003c8000000, 0x00000003c8400000|  0%| F|  |TS  0|AC  0|TAMS 0x00000003c8000000, 0x00000003c8000000|
|  26|0x00000003c8400000, 0x00000003c8400000, 0x00000003c8800000|  0%| F|  |TS  0|AC  0|TAMS 0x00000003c8400000, 0x00000003c8400000|
|  27|0x00000003c8800000, 0x00000003c8800000, 0x00000003c8c00000|  0%| F|  |TS  0|AC  0|TAMS 0x00000003c8800000, 0x00000003c8800000|
|  28|0x00000003c8c00000, 0x00000003c8c00000, 0x00000003c9000000|  0%| F|  |TS  0|AC  0|TAMS 0x00000003c8c00000, 0x00000003c8c00000|
|  29|0x00000003c9000000, 0x00000003c9000000, 0x00000003c9400000|  0%| F|  |TS  0|AC  0|TAMS 0x00000003c9000000, 0x00000003c9000000|
|  30|0x00000003c9400000, 0x00000003c9400000, 0x00000003c9800000|  0%| F|  |TS  0|AC  0|TAMS 0x00000003c9400000, 0x00000003c9400000|
|  31|0x00000003c9800000, 0x00000003c9800000, 0x00000003c9c00000|  0%| F|  |TS  0|AC  0|TAMS 0x00000003c9800000, 0x00000003c9800000|
|  32|0x00000003c9c00000, 0x00000003c9c00000, 0x00000003ca000000|  0%| F|  |TS  0|AC  0|TAMS 0x00000003c9c00000, 0x00000003c9c00000|
|  33|0x00000003ca000000, 0x00000003ca000000, 0x00000003ca400000|  0%| F|  |TS  0|AC  0|TAMS 0x00000003ca000000, 0x00000003ca000000|
|  34|0x00000003ca400000, 0x00000003ca400000, 0x00000003ca800000|  0%| F|  |TS  0|AC  0|TAMS 0x00000003ca400000, 0x00000003ca400000|
|  35|0x00000003ca800000, 0x00000003ca800000, 0x00000003cac00000|  0%| F|  |TS  0|AC  0|TAMS 0x00000003ca800000, 0x00000003ca800000|
|  36|0x00000003cac00000, 0x00000003cac00000, 0x00000003cb000000|  0%| F|  |TS  0|AC  0|TAMS 0x00000003cac00000, 0x00000003cac00000|
|  37|0x00000003cb000000, 0x00000003cb000000, 0x00000003cb400000|  0%| F|  |TS  0|AC  0|TAMS 0x00000003cb000000, 0x00000003cb000000|
|  38|0x00000003cb400000, 0x00000003cb400000, 0x00000003cb800000|  0%| F|  |TS  0|AC  0|TAMS 0x00000003cb400000, 0x00000003cb400000|
|  39|0x00000003cb800000, 0x00000003cb800000, 0x00000003cbc00000|  0%| F|  |TS  0|AC  0|TAMS 0x00000003cb800000, 0x00000003cb800000|
|  40|0x00000003cbc00000, 0x00000003cbc00000, 0x00000003cc000000|  0%| F|  |TS  0|AC  0|TAMS 0x00000003cbc00000, 0x00000003cbc00000|
|  41|0x00000003cc000000, 0x00000003cc000000, 0x00000003cc400000|  0%| F|  |TS  0|AC  0|TAMS 0x00000003cc000000, 0x00000003cc000000|
|  42|0x00000003cc400000, 0x00000003cc400000, 0x00000003cc800000|  0%| F|  |TS  0|AC  0|TAMS 0x00000003cc400000, 0x00000003cc400000|
|  43|0x00000003cc800000, 0x00000003cc800000, 0x00000003ccc00000|  0%| F|  |TS  0|AC  0|TAMS 0x00000003cc800000, 0x00000003cc800000|
|  44|0x00000003ccc00000, 0x00000003ccc00000, 0x00000003cd000000|  0%| F|  |TS  0|AC  0|TAMS 0x00000003ccc00000, 0x00000003ccc00000|
|  45|0x00000003cd000000, 0x00000003cd000000, 0x00000003cd400000|  0%| F|  |TS  0|AC  0|TAMS 0x00000003cd000000, 0x00000003cd000000|
|  46|0x00000003cd400000, 0x00000003cd400000, 0x00000003cd800000|  0%| F|  |TS  0|AC  0|TAMS 0x00000003cd400000, 0x00000003cd400000|
|  47|0x00000003cd800000, 0x00000003cd800000, 0x00000003cdc00000|  0%| F|  |TS  0|AC  0|TAMS 0x00000003cd800000, 0x00000003cd800000|
|  48|0x00000003cdc00000, 0x00000003cdc00000, 0x00000003ce000000|  0%| F|  |TS  0|AC  0|TAMS 0x00000003cdc00000, 0x00000003cdc00000|
|  49|0x00000003ce000000, 0x00000003ce000000, 0x00000003ce400000|  0%| F|  |TS  0|AC  0|TAMS 0x00000003ce000000, 0x00000003ce000000|
|  50|0x00000003ce400000, 0x00000003ce400000, 0x00000003ce800000|  0%| F|  |TS  0|AC  0|TAMS 0x00000003ce400000, 0x00000003ce400000|
|  51|0x00000003ce800000, 0x00000003ce800000, 0x00000003cec00000|  0%| F|  |TS  0|AC  0|TAMS 0x00000003ce800000, 0x00000003ce800000|
|  52|0x00000003cec00000, 0x00000003cec00000, 0x00000003cf000000|  0%| F|  |TS  0|AC  0|TAMS 0x00000003cec00000, 0x00000003cec00000|
|  53|0x00000003cf000000, 0x00000003cf000000, 0x00000003cf400000|  0%| F|  |TS  0|AC  0|TAMS 0x00000003cf000000, 0x00000003cf000000|
|  54|0x00000003cf400000, 0x00000003cf400000, 0x00000003cf800000|  0%| F|  |TS  0|AC  0|TAMS 0x00000003cf400000, 0x00000003cf400000|
|  55|0x00000003cf800000, 0x00000003cf800000, 0x00000003cfc00000|  0%| F|  |TS  0|AC  0|TAMS 0x00000003cf800000, 0x00000003cf800000|
|  56|0x00000003cfc00000, 0x00000003cfc00000, 0x00000003d0000000|  0%| F|  |TS  0|AC  0|TAMS 0x00000003cfc00000, 0x00000003cfc00000|
|  57|0x00000003d0000000, 0x00000003d0000000, 0x00000003d0400000|  0%| F|  |TS  0|AC  0|TAMS 0x00000003d0000000, 0x00000003d0000000|
|  58|0x00000003d0400000, 0x00000003d0400000, 0x00000003d0800000|  0%| F|  |TS  0|AC  0|TAMS 0x00000003d0400000, 0x00000003d0400000|
|  59|0x00000003d0800000, 0x00000003d0800000, 0x00000003d0c00000|  0%| F|  |TS  0|AC  0|TAMS 0x00000003d0800000, 0x00000003d0800000|
|  60|0x00000003d0c00000, 0x00000003d0c00000, 0x00000003d1000000|  0%| F|  |TS  0|AC  0|TAMS 0x00000003d0c00000, 0x00000003d0c00000|
|  61|0x00000003d1000000, 0x00000003d1000000, 0x00000003d1400000|  0%| F|  |TS  0|AC  0|TAMS 0x00000003d1000000, 0x00000003d1000000|
|  62|0x00000003d1400000, 0x00000003d1400000, 0x00000003d1800000|  0%| F|  |TS  0|AC  0|TAMS 0x00000003d1400000, 0x00000003d1400000|
|  63|0x00000003d1800000, 0x00000003d1800000, 0x00000003d1c00000|  0%| F|  |TS  0|AC  0|TAMS 0x00000003d1800000, 0x00000003d1800000|
|  64|0x00000003d1c00000, 0x00000003d1c00000, 0x00000003d2000000|  0%| F|  |TS  0|AC  0|TAMS 0x00000003d1c00000, 0x00000003d1c00000|
|  65|0x00000003d2000000, 0x00000003d2000000, 0x00000003d2400000|  0%| F|  |TS  0|AC  0|TAMS 0x00000003d2000000, 0x00000003d2000000|
|  66|0x00000003d2400000, 0x00000003d2400000, 0x00000003d2800000|  0%| F|  |TS  0|AC  0|TAMS 0x00000003d2400000, 0x00000003d2400000|
|  67|0x00000003d2800000, 0x00000003d2800000, 0x00000003d2c00000|  0%| F|  |TS  0|AC  0|TAMS 0x00000003d2800000, 0x00000003d2800000|
|  68|0x00000003d2c00000, 0x00000003d2c00000, 0x00000003d3000000|  0%| F|  |TS  0|AC  0|TAMS 0x00000003d2c00000, 0x00000003d2c00000|
|  69|0x00000003d3000000, 0x00000003d3000000, 0x00000003d3400000|  0%| F|  |TS  0|AC  0|TAMS 0x00000003d3000000, 0x00000003d3000000|
|  70|0x00000003d3400000, 0x00000003d3400000, 0x00000003d3800000|  0%| F|  |TS  0|AC  0|TAMS 0x00000003d3400000, 0x00000003d3400000|
|  71|0x00000003d3800000, 0x00000003d3800000, 0x00000003d3c00000|  0%| F|  |TS  0|AC  0|TAMS 0x00000003d3800000, 0x00000003d3800000|
|  72|0x00000003d3c00000, 0x00000003d3c00000, 0x00000003d4000000|  0%| F|  |TS  0|AC  0|TAMS 0x00000003d3c00000, 0x00000003d3c00000|
|  73|0x00000003d4000000, 0x00000003d4000000, 0x00000003d4400000|  0%| F|  |TS  0|AC  0|TAMS 0x00000003d4000000, 0x00000003d4000000|
|  74|0x00000003d4400000, 0x00000003d4400000, 0x00000003d4800000|  0%| F|  |TS  0|AC  0|TAMS 0x00000003d4400000, 0x00000003d4400000|
|  75|0x00000003d4800000, 0x00000003d4800000, 0x00000003d4c00000|  0%| F|  |TS  0|AC  0|TAMS 0x00000003d4800000, 0x00000003d4800000|
|  76|0x00000003d4c00000, 0x00000003d4c00000, 0x00000003d5000000|  0%| F|  |TS  0|AC  0|TAMS 0x00000003d4c00000, 0x00000003d4c00000|
|  77|0x00000003d5000000, 0x00000003d5000000, 0x00000003d5400000|  0%| F|  |TS  0|AC  0|TAMS 0x00000003d5000000, 0x00000003d5000000|
|  78|0x00000003d5400000, 0x00000003d5400000, 0x00000003d5800000|  0%| F|  |TS  0|AC  0|TAMS 0x00000003d5400000, 0x00000003d5400000|
|  79|0x00000003d5800000, 0x00000003d5800000, 0x00000003d5c00000|  0%| F|  |TS  0|AC  0|TAMS 0x00000003d5800000, 0x00000003d5800000|
|  80|0x00000003d5c00000, 0x00000003d5c00000, 0x00000003d6000000|  0%| F|  |TS  0|AC  0|TAMS 0x00000003d5c00000, 0x00000003d5c00000|
|  81|0x00000003d6000000, 0x00000003d6000000, 0x00000003d6400000|  0%| F|  |TS  0|AC  0|TAMS 0x00000003d6000000, 0x00000003d6000000|
|  82|0x00000003d6400000, 0x00000003d6400000, 0x00000003d6800000|  0%| F|  |TS  0|AC  0|TAMS 0x00000003d6400000, 0x00000003d6400000|
|  83|0x00000003d6800000, 0x00000003d6800000, 0x00000003d6c00000|  0%| F|  |TS  0|AC  0|TAMS 0x00000003d6800000, 0x00000003d6800000|
|  84|0x00000003d6c00000, 0x00000003d6c00000, 0x00000003d7000000|  0%| F|  |TS  0|AC  0|TAMS 0x00000003d6c00000, 0x00000003d6c00000|
|  85|0x00000003d7000000, 0x00000003d7000000, 0x00000003d7400000|  0%| F|  |TS  0|AC  0|TAMS 0x00000003d7000000, 0x00000003d7000000|
|  86|0x00000003d7400000, 0x00000003d7400000, 0x00000003d7800000|  0%| F|  |TS  0|AC  0|TAMS 0x00000003d7400000, 0x00000003d7400000|
|  87|0x00000003d7800000, 0x00000003d7800000, 0x00000003d7c00000|  0%| F|  |TS  0|AC  0|TAMS 0x00000003d7800000, 0x00000003d7800000|
|  88|0x00000003d7c00000, 0x00000003d7c00000, 0x00000003d8000000|  0%| F|  |TS  0|AC  0|TAMS 0x00000003d7c00000, 0x00000003d7c00000|
|  89|0x00000003d8000000, 0x00000003d8000000, 0x00000003d8400000|  0%| F|  |TS  0|AC  0|TAMS 0x00000003d8000000, 0x00000003d8000000|
|  90|0x00000003d8400000, 0x00000003d8400000, 0x00000003d8800000|  0%| F|  |TS  0|AC  0|TAMS 0x00000003d8400000, 0x00000003d8400000|
|  91|0x00000003d8800000, 0x00000003d8800000, 0x00000003d8c00000|  0%| F|  |TS  0|AC  0|TAMS 0x00000003d8800000, 0x00000003d8800000|
|  92|0x00000003d8c00000, 0x00000003d8c00000, 0x00000003d9000000|  0%| F|  |TS  0|AC  0|TAMS 0x00000003d8c00000, 0x00000003d8c00000|
|  93|0x00000003d9000000, 0x00000003d9000000, 0x00000003d9400000|  0%| F|  |TS  0|AC  0|TAMS 0x00000003d9000000, 0x00000003d9000000|
|  94|0x00000003d9400000, 0x00000003d9400000, 0x00000003d9800000|  0%| F|  |TS  0|AC  0|TAMS 0x00000003d9400000, 0x00000003d9400000|
|  95|0x00000003d9800000, 0x00000003d9800000, 0x00000003d9c00000|  0%| F|  |TS  0|AC  0|TAMS 0x00000003d9800000, 0x00000003d9800000|
|  96|0x00000003d9c00000, 0x00000003d9c00000, 0x00000003da000000|  0%| F|  |TS  0|AC  0|TAMS 0x00000003d9c00000, 0x00000003d9c00000|
|  97|0x00000003da000000, 0x00000003da000000, 0x00000003da400000|  0%| F|  |TS  0|AC  0|TAMS 0x00000003da000000, 0x00000003da000000|
|  98|0x00000003da400000, 0x00000003da400000, 0x00000003da800000|  0%| F|  |TS  0|AC  0|TAMS 0x00000003da400000, 0x00000003da400000|
|  99|0x00000003da800000, 0x00000003da800000, 0x00000003dac00000|  0%| F|  |TS  0|AC  0|TAMS 0x00000003da800000, 0x00000003da800000|
| 100|0x00000003dac00000, 0x00000003dac00000, 0x00000003db000000|  0%| F|  |TS  0|AC  0|TAMS 0x00000003dac00000, 0x00000003dac00000|
| 101|0x00000003db000000, 0x00000003db000000, 0x00000003db400000|  0%| F|  |TS  0|AC  0|TAMS 0x00000003db000000, 0x00000003db000000|
| 102|0x00000003db400000, 0x00000003db400000, 0x00000003db800000|  0%| F|  |TS  0|AC  0|TAMS 0x00000003db400000, 0x00000003db400000|
| 103|0x00000003db800000, 0x00000003db800000, 0x00000003dbc00000|  0%| F|  |TS  0|AC  0|TAMS 0x00000003db800000, 0x00000003db800000|
| 104|0x00000003dbc00000, 0x00000003dbc00000, 0x00000003dc000000|  0%| F|  |TS  0|AC  0|TAMS 0x00000003dbc00000, 0x00000003dbc00000|
| 105|0x00000003dc000000, 0x00000003dc000000, 0x00000003dc400000|  0%| F|  |TS  0|AC  0|TAMS 0x00000003dc000000, 0x00000003dc000000|
| 106|0x00000003dc400000, 0x00000003dc400000, 0x00000003dc800000|  0%| F|  |TS  0|AC  0|TAMS 0x00000003dc400000, 0x00000003dc400000|
| 107|0x00000003dc800000, 0x00000003dc800000, 0x00000003dcc00000|  0%| F|  |TS  0|AC  0|TAMS 0x00000003dc800000, 0x00000003dc800000|
| 108|0x00000003dcc00000, 0x00000003dcc00000, 0x00000003dd000000|  0%| F|  |TS  0|AC  0|TAMS 0x00000003dcc00000, 0x00000003dcc00000|
| 109|0x00000003dd000000, 0x00000003dd000000, 0x00000003dd400000|  0%| F|  |TS  0|AC  0|TAMS 0x00000003dd000000, 0x00000003dd000000|
| 110|0x00000003dd400000, 0x00000003dd400000, 0x00000003dd800000|  0%| F|  |TS  0|AC  0|TAMS 0x00000003dd400000, 0x00000003dd400000|
| 111|0x00000003dd800000, 0x00000003dd800000, 0x00000003ddc00000|  0%| F|  |TS  0|AC  0|TAMS 0x00000003dd800000, 0x00000003dd800000|
| 112|0x00000003ddc00000, 0x00000003ddc00000, 0x00000003de000000|  0%| F|  |TS  0|AC  0|TAMS 0x00000003ddc00000, 0x00000003ddc00000|
| 113|0x00000003de000000, 0x00000003de000000, 0x00000003de400000|  0%| F|  |TS  0|AC  0|TAMS 0x00000003de000000, 0x00000003de000000|
| 114|0x00000003de400000, 0x00000003de400000, 0x00000003de800000|  0%| F|  |TS  0|AC  0|TAMS 0x00000003de400000, 0x00000003de400000|
| 115|0x00000003de800000, 0x00000003de800000, 0x00000003dec00000|  0%| F|  |TS  0|AC  0|TAMS 0x00000003de800000, 0x00000003de800000|
| 116|0x00000003dec00000, 0x00000003dec00000, 0x00000003df000000|  0%| F|  |TS  0|AC  0|TAMS 0x00000003dec00000, 0x00000003dec00000|
| 117|0x00000003df000000, 0x00000003df000000, 0x00000003df400000|  0%| F|  |TS  0|AC  0|TAMS 0x00000003df000000, 0x00000003df000000|
| 118|0x00000003df400000, 0x00000003df400000, 0x00000003df800000|  0%| F|  |TS  0|AC  0|TAMS 0x00000003df400000, 0x00000003df400000|
| 119|0x00000003df800000, 0x00000003df800000, 0x00000003dfc00000|  0%| F|  |TS  0|AC  0|TAMS 0x00000003df800000, 0x00000003df800000|
| 120|0x00000003dfc00000, 0x00000003dfc00000, 0x00000003e0000000|  0%| F|  |TS  0|AC  0|TAMS 0x00000003dfc00000, 0x00000003dfc00000|
| 121|0x00000003e0000000, 0x00000003e0000000, 0x00000003e0400000|  0%| F|  |TS  0|AC  0|TAMS 0x00000003e0000000, 0x00000003e0000000|
| 122|0x00000003e0400000, 0x00000003e0400000, 0x00000003e0800000|  0%| F|  |TS  0|AC  0|TAMS 0x00000003e0400000, 0x00000003e0400000|
| 123|0x00000003e0800000, 0x00000003e0800000, 0x00000003e0c00000|  0%| F|  |TS  0|AC  0|TAMS 0x00000003e0800000, 0x00000003e0800000|
| 124|0x00000003e0c00000, 0x00000003e0c00000, 0x00000003e1000000|  0%| F|  |TS  0|AC  0|TAMS 0x00000003e0c00000, 0x00000003e0c00000|
| 125|0x00000003e1000000, 0x00000003e1000000, 0x00000003e1400000|  0%| F|  |TS  0|AC  0|TAMS 0x00000003e1000000, 0x00000003e1000000|
| 126|0x00000003e1400000, 0x00000003e1400000, 0x00000003e1800000|  0%| F|  |TS  0|AC  0|TAMS 0x00000003e1400000, 0x00000003e1400000|
| 127|0x00000003e1800000, 0x00000003e1800000, 0x00000003e1c00000|  0%| F|  |TS  0|AC  0|TAMS 0x00000003e1800000, 0x00000003e1800000|
| 128|0x00000003e1c00000, 0x00000003e1c00000, 0x00000003e2000000|  0%| F|  |TS  0|AC  0|TAMS 0x00000003e1c00000, 0x00000003e1c00000|
| 129|0x00000003e2000000, 0x00000003e2000000, 0x00000003e2400000|  0%| F|  |TS  0|AC  0|TAMS 0x00000003e2000000, 0x00000003e2000000|
| 130|0x00000003e2400000, 0x00000003e2400000, 0x00000003e2800000|  0%| F|  |TS  0|AC  0|TAMS 0x00000003e2400000, 0x00000003e2400000|
| 131|0x00000003e2800000, 0x00000003e2800000, 0x00000003e2c00000|  0%| F|  |TS  0|AC  0|TAMS 0x00000003e2800000, 0x00000003e2800000|
| 132|0x00000003e2c00000, 0x00000003e2c00000, 0x00000003e3000000|  0%| F|  |TS  0|AC  0|TAMS 0x00000003e2c00000, 0x00000003e2c00000|
| 133|0x00000003e3000000, 0x00000003e3000000, 0x00000003e3400000|  0%| F|  |TS  0|AC  0|TAMS 0x00000003e3000000, 0x00000003e3000000|
| 134|0x00000003e3400000, 0x00000003e3400000, 0x00000003e3800000|  0%| F|  |TS  0|AC  0|TAMS 0x00000003e3400000, 0x00000003e3400000|
| 135|0x00000003e3800000, 0x00000003e3800000, 0x00000003e3c00000|  0%| F|  |TS  0|AC  0|TAMS 0x00000003e3800000, 0x00000003e3800000|
| 136|0x00000003e3c00000, 0x00000003e3c00000, 0x00000003e4000000|  0%| F|  |TS  0|AC  0|TAMS 0x00000003e3c00000, 0x00000003e3c00000|
| 137|0x00000003e4000000, 0x00000003e4000000, 0x00000003e4400000|  0%| F|  |TS  0|AC  0|TAMS 0x00000003e4000000, 0x00000003e4000000|
| 138|0x00000003e4400000, 0x00000003e4400000, 0x00000003e4800000|  0%| F|  |TS  0|AC  0|TAMS 0x00000003e4400000, 0x00000003e4400000|
| 139|0x00000003e4800000, 0x00000003e4800000, 0x00000003e4c00000|  0%| F|  |TS  0|AC  0|TAMS 0x00000003e4800000, 0x00000003e4800000|
| 140|0x00000003e4c00000, 0x00000003e4c00000, 0x00000003e5000000|  0%| F|  |TS  0|AC  0|TAMS 0x00000003e4c00000, 0x00000003e4c00000|
| 141|0x00000003e5000000, 0x00000003e5000000, 0x00000003e5400000|  0%| F|  |TS  0|AC  0|TAMS 0x00000003e5000000, 0x00000003e5000000|
| 142|0x00000003e5400000, 0x00000003e5400000, 0x00000003e5800000|  0%| F|  |TS  0|AC  0|TAMS 0x00000003e5400000, 0x00000003e5400000|
| 143|0x00000003e5800000, 0x00000003e5800000, 0x00000003e5c00000|  0%| F|  |TS  0|AC  0|TAMS 0x00000003e5800000, 0x00000003e5800000|
| 144|0x00000003e5c00000, 0x00000003e5c00000, 0x00000003e6000000|  0%| F|  |TS  0|AC  0|TAMS 0x00000003e5c00000, 0x00000003e5c00000|
| 145|0x00000003e6000000, 0x00000003e6000000, 0x00000003e6400000|  0%| F|  |TS  0|AC  0|TAMS 0x00000003e6000000, 0x00000003e6000000|
| 146|0x00000003e6400000, 0x00000003e6400000, 0x00000003e6800000|  0%| F|  |TS  0|AC  0|TAMS 0x00000003e6400000, 0x00000003e6400000|
| 147|0x00000003e6800000, 0x00000003e6800000, 0x00000003e6c00000|  0%| F|  |TS  0|AC  0|TAMS 0x00000003e6800000, 0x00000003e6800000|
| 148|0x00000003e6c00000, 0x00000003e6c00000, 0x00000003e7000000|  0%| F|  |TS  0|AC  0|TAMS 0x00000003e6c00000, 0x00000003e6c00000|
| 149|0x00000003e7000000, 0x00000003e7000000, 0x00000003e7400000|  0%| F|  |TS  0|AC  0|TAMS 0x00000003e7000000, 0x00000003e7000000|
| 150|0x00000003e7400000, 0x00000003e7400000, 0x00000003e7800000|  0%| F|  |TS  0|AC  0|TAMS 0x00000003e7400000, 0x00000003e7400000|
| 151|0x00000003e7800000, 0x00000003e7800000, 0x00000003e7c00000|  0%| F|  |TS  0|AC  0|TAMS 0x00000003e7800000, 0x00000003e7800000|
| 152|0x00000003e7c00000, 0x00000003e7c00000, 0x00000003e8000000|  0%| F|  |TS  0|AC  0|TAMS 0x00000003e7c00000, 0x00000003e7c00000|
| 153|0x00000003e8000000, 0x00000003e8000000, 0x00000003e8400000|  0%| F|  |TS  0|AC  0|TAMS 0x00000003e8000000, 0x00000003e8000000|
| 154|0x00000003e8400000, 0x00000003e8400000, 0x00000003e8800000|  0%| F|  |TS  0|AC  0|TAMS 0x00000003e8400000, 0x00000003e8400000|
| 155|0x00000003e8800000, 0x00000003e8800000, 0x00000003e8c00000|  0%| F|  |TS  0|AC  0|TAMS 0x00000003e8800000, 0x00000003e8800000|
| 156|0x00000003e8c00000, 0x00000003e8c00000, 0x00000003e9000000|  0%| F|  |TS  0|AC  0|TAMS 0x00000003e8c00000, 0x00000003e8c00000|
| 157|0x00000003e9000000, 0x00000003e9000000, 0x00000003e9400000|  0%| F|  |TS  0|AC  0|TAMS 0x00000003e9000000, 0x00000003e9000000|
| 158|0x00000003e9400000, 0x00000003e9400000, 0x00000003e9800000|  0%| F|  |TS  0|AC  0|TAMS 0x00000003e9400000, 0x00000003e9400000|
| 159|0x00000003e9800000, 0x00000003e9800000, 0x00000003e9c00000|  0%| F|  |TS  0|AC  0|TAMS 0x00000003e9800000, 0x00000003e9800000|
| 160|0x00000003e9c00000, 0x00000003e9c00000, 0x00000003ea000000|  0%| F|  |TS  0|AC  0|TAMS 0x00000003e9c00000, 0x00000003e9c00000|
| 161|0x00000003ea000000, 0x00000003ea000000, 0x00000003ea400000|  0%| F|  |TS  0|AC  0|TAMS 0x00000003ea000000, 0x00000003ea000000|
| 162|0x00000003ea400000, 0x00000003ea400000, 0x00000003ea800000|  0%| F|  |TS  0|AC  0|TAMS 0x00000003ea400000, 0x00000003ea400000|
| 163|0x00000003ea800000, 0x00000003ea800000, 0x00000003eac00000|  0%| F|  |TS  0|AC  0|TAMS 0x00000003ea800000, 0x00000003ea800000|
| 164|0x00000003eac00000, 0x00000003eac00000, 0x00000003eb000000|  0%| F|  |TS  0|AC  0|TAMS 0x00000003eac00000, 0x00000003eac00000|
| 165|0x00000003eb000000, 0x00000003eb000000, 0x00000003eb400000|  0%| F|  |TS  0|AC  0|TAMS 0x00000003eb000000, 0x00000003eb000000|
| 166|0x00000003eb400000, 0x00000003eb400000, 0x00000003eb800000|  0%| F|  |TS  0|AC  0|TAMS 0x00000003eb400000, 0x00000003eb400000|
| 167|0x00000003eb800000, 0x00000003eb800000, 0x00000003ebc00000|  0%| F|  |TS  0|AC  0|TAMS 0x00000003eb800000, 0x00000003eb800000|
| 168|0x00000003ebc00000, 0x00000003ebc00000, 0x00000003ec000000|  0%| F|  |TS  0|AC  0|TAMS 0x00000003ebc00000, 0x00000003ebc00000|
| 169|0x00000003ec000000, 0x00000003ec000000, 0x00000003ec400000|  0%| F|  |TS  0|AC  0|TAMS 0x00000003ec000000, 0x00000003ec000000|
| 170|0x00000003ec400000, 0x00000003ec400000, 0x00000003ec800000|  0%| F|  |TS  0|AC  0|TAMS 0x00000003ec400000, 0x00000003ec400000|
| 171|0x00000003ec800000, 0x00000003ec800000, 0x00000003ecc00000|  0%| F|  |TS  0|AC  0|TAMS 0x00000003ec800000, 0x00000003ec800000|
| 172|0x00000003ecc00000, 0x00000003ecc00000, 0x00000003ed000000|  0%| F|  |TS  0|AC  0|TAMS 0x00000003ecc00000, 0x00000003ecc00000|
| 173|0x00000003ed000000, 0x00000003ed000000, 0x00000003ed400000|  0%| F|  |TS  0|AC  0|TAMS 0x00000003ed000000, 0x00000003ed000000|
| 174|0x00000003ed400000, 0x00000003ed400000, 0x00000003ed800000|  0%| F|  |TS  0|AC  0|TAMS 0x00000003ed400000, 0x00000003ed400000|
| 175|0x00000003ed800000, 0x00000003ed800000, 0x00000003edc00000|  0%| F|  |TS  0|AC  0|TAMS 0x00000003ed800000, 0x00000003ed800000|
| 176|0x00000003edc00000, 0x00000003edc00000, 0x00000003ee000000|  0%| F|  |TS  0|AC  0|TAMS 0x00000003edc00000, 0x00000003edc00000|
| 177|0x00000003ee000000, 0x00000003ee000000, 0x00000003ee400000|  0%| F|  |TS  0|AC  0|TAMS 0x00000003ee000000, 0x00000003ee000000|
| 178|0x00000003ee400000, 0x00000003ee400000, 0x00000003ee800000|  0%| F|  |TS  0|AC  0|TAMS 0x00000003ee400000, 0x00000003ee400000|
| 179|0x00000003ee800000, 0x00000003ee800000, 0x00000003eec00000|  0%| F|  |TS  0|AC  0|TAMS 0x00000003ee800000, 0x00000003ee800000|
| 180|0x00000003eec00000, 0x00000003eec00000, 0x00000003ef000000|  0%| F|  |TS  0|AC  0|TAMS 0x00000003eec00000, 0x00000003eec00000|
| 181|0x00000003ef000000, 0x00000003ef000000, 0x00000003ef400000|  0%| F|  |TS  0|AC  0|TAMS 0x00000003ef000000, 0x00000003ef000000|
| 182|0x00000003ef400000, 0x00000003ef400000, 0x00000003ef800000|  0%| F|  |TS  0|AC  0|TAMS 0x00000003ef400000, 0x00000003ef400000|
| 183|0x00000003ef800000, 0x00000003ef800000, 0x00000003efc00000|  0%| F|  |TS  0|AC  0|TAMS 0x00000003ef800000, 0x00000003ef800000|
| 184|0x00000003efc00000, 0x00000003efc00000, 0x00000003f0000000|  0%| F|  |TS  0|AC  0|TAMS 0x00000003efc00000, 0x00000003efc00000|
| 185|0x00000003f0000000, 0x00000003f0000000, 0x00000003f0400000|  0%| F|  |TS  0|AC  0|TAMS 0x00000003f0000000, 0x00000003f0000000|
| 186|0x00000003f0400000, 0x00000003f0400000, 0x00000003f0800000|  0%| F|  |TS  0|AC  0|TAMS 0x00000003f0400000, 0x00000003f0400000|
| 187|0x00000003f0800000, 0x00000003f0800000, 0x00000003f0c00000|  0%| F|  |TS  0|AC  0|TAMS 0x00000003f0800000, 0x00000003f0800000|
| 188|0x00000003f0c00000, 0x00000003f0c00000, 0x00000003f1000000|  0%| F|  |TS  0|AC  0|TAMS 0x00000003f0c00000, 0x00000003f0c00000|
| 189|0x00000003f1000000, 0x00000003f1000000, 0x00000003f1400000|  0%| F|  |TS  0|AC  0|TAMS 0x00000003f1000000, 0x00000003f1000000|
| 190|0x00000003f1400000, 0x00000003f1400000, 0x00000003f1800000|  0%| F|  |TS  0|AC  0|TAMS 0x00000003f1400000, 0x00000003f1400000|
| 191|0x00000003f1800000, 0x00000003f1800000, 0x00000003f1c00000|  0%| F|  |TS  0|AC  0|TAMS 0x00000003f1800000, 0x00000003f1800000|
| 192|0x00000003f1c00000, 0x00000003f1c00000, 0x00000003f2000000|  0%| F|  |TS  0|AC  0|TAMS 0x00000003f1c00000, 0x00000003f1c00000|
| 193|0x00000003f2000000, 0x00000003f2000000, 0x00000003f2400000|  0%| F|  |TS  0|AC  0|TAMS 0x00000003f2000000, 0x00000003f2000000|
| 194|0x00000003f2400000, 0x00000003f2400000, 0x00000003f2800000|  0%| F|  |TS  0|AC  0|TAMS 0x00000003f2400000, 0x00000003f2400000|
| 195|0x00000003f2800000, 0x00000003f2800000, 0x00000003f2c00000|  0%| F|  |TS  0|AC  0|TAMS 0x00000003f2800000, 0x00000003f2800000|
| 196|0x00000003f2c00000, 0x00000003f2c00000, 0x00000003f3000000|  0%| F|  |TS  0|AC  0|TAMS 0x00000003f2c00000, 0x00000003f2c00000|
| 197|0x00000003f3000000, 0x00000003f3000000, 0x00000003f3400000|  0%| F|  |TS  0|AC  0|TAMS 0x00000003f3000000, 0x00000003f3000000|
| 198|0x00000003f3400000, 0x00000003f3400000, 0x00000003f3800000|  0%| F|  |TS  0|AC  0|TAMS 0x00000003f3400000, 0x00000003f3400000|
| 199|0x00000003f3800000, 0x00000003f3800000, 0x00000003f3c00000|  0%| F|  |TS  0|AC  0|TAMS 0x00000003f3800000, 0x00000003f3800000|
| 200|0x00000003f3c00000, 0x00000003f3c00000, 0x00000003f4000000|  0%| F|  |TS  0|AC  0|TAMS 0x00000003f3c00000, 0x00000003f3c00000|
| 201|0x00000003f4000000, 0x00000003f4000000, 0x00000003f4400000|  0%| F|  |TS  0|AC  0|TAMS 0x00000003f4000000, 0x00000003f4000000|
| 202|0x00000003f4400000, 0x00000003f4400000, 0x00000003f4800000|  0%| F|  |TS  0|AC  0|TAMS 0x00000003f4400000, 0x00000003f4400000|
| 203|0x00000003f4800000, 0x00000003f4800000, 0x00000003f4c00000|  0%| F|  |TS  0|AC  0|TAMS 0x00000003f4800000, 0x00000003f4800000|
| 204|0x00000003f4c00000, 0x00000003f4c00000, 0x00000003f5000000|  0%| F|  |TS  0|AC  0|TAMS 0x00000003f4c00000, 0x00000003f4c00000|
| 205|0x00000003f5000000, 0x00000003f5000000, 0x00000003f5400000|  0%| F|  |TS  0|AC  0|TAMS 0x00000003f5000000, 0x00000003f5000000|
| 206|0x00000003f5400000, 0x00000003f5400000, 0x00000003f5800000|  0%| F|  |TS  0|AC  0|TAMS 0x00000003f5400000, 0x00000003f5400000|
| 207|0x00000003f5800000, 0x00000003f5800000, 0x00000003f5c00000|  0%| F|  |TS  0|AC  0|TAMS 0x00000003f5800000, 0x00000003f5800000|
| 208|0x00000003f5c00000, 0x00000003f5c00000, 0x00000003f6000000|  0%| F|  |TS  0|AC  0|TAMS 0x00000003f5c00000, 0x00000003f5c00000|
| 209|0x00000003f6000000, 0x00000003f6000000, 0x00000003f6400000|  0%| F|  |TS  0|AC  0|TAMS 0x00000003f6000000, 0x00000003f6000000|
| 210|0x00000003f6400000, 0x00000003f6400000, 0x00000003f6800000|  0%| F|  |TS  0|AC  0|TAMS 0x00000003f6400000, 0x00000003f6400000|
| 211|0x00000003f6800000, 0x00000003f6800000, 0x00000003f6c00000|  0%| F|  |TS  0|AC  0|TAMS 0x00000003f6800000, 0x00000003f6800000|
| 212|0x00000003f6c00000, 0x00000003f6c00000, 0x00000003f7000000|  0%| F|  |TS  0|AC  0|TAMS 0x00000003f6c00000, 0x00000003f6c00000|
| 213|0x00000003f7000000, 0x00000003f7000000, 0x00000003f7400000|  0%| F|  |TS  0|AC  0|TAMS 0x00000003f7000000, 0x00000003f7000000|
| 214|0x00000003f7400000, 0x00000003f7400000, 0x00000003f7800000|  0%| F|  |TS  0|AC  0|TAMS 0x00000003f7400000, 0x00000003f7400000|
| 215|0x00000003f7800000, 0x00000003f7800000, 0x00000003f7c00000|  0%| F|  |TS  0|AC  0|TAMS 0x00000003f7800000, 0x00000003f7800000|
| 216|0x00000003f7c00000, 0x00000003f7c00000, 0x00000003f8000000|  0%| F|  |TS  0|AC  0|TAMS 0x00000003f7c00000, 0x00000003f7c00000|
| 217|0x00000003f8000000, 0x00000003f8000000, 0x00000003f8400000|  0%| F|  |TS  0|AC  0|TAMS 0x00000003f8000000, 0x00000003f8000000|
| 218|0x00000003f8400000, 0x00000003f8400000, 0x00000003f8800000|  0%| F|  |TS  0|AC  0|TAMS 0x00000003f8400000, 0x00000003f8400000|
| 219|0x00000003f8800000, 0x00000003f8800000, 0x00000003f8c00000|  0%| F|  |TS  0|AC  0|TAMS 0x00000003f8800000, 0x00000003f8800000|
| 220|0x00000003f8c00000, 0x00000003f8c00000, 0x00000003f9000000|  0%| F|  |TS  0|AC  0|TAMS 0x00000003f8c00000, 0x00000003f8c00000|
| 221|0x00000003f9000000, 0x00000003f9000000, 0x00000003f9400000|  0%| F|  |TS  0|AC  0|TAMS 0x00000003f9000000, 0x00000003f9000000|
| 222|0x00000003f9400000, 0x00000003f9400000, 0x00000003f9800000|  0%| F|  |TS  0|AC  0|TAMS 0x00000003f9400000, 0x00000003f9400000|
| 223|0x00000003f9800000, 0x00000003f9800000, 0x00000003f9c00000|  0%| F|  |TS  0|AC  0|TAMS 0x00000003f9800000, 0x00000003f9800000|
| 224|0x00000003f9c00000, 0x00000003f9c00000, 0x00000003fa000000|  0%| F|  |TS  0|AC  0|TAMS 0x00000003f9c00000, 0x00000003f9c00000|
| 225|0x00000003fa000000, 0x00000003fa000000, 0x00000003fa400000|  0%| F|  |TS  0|AC  0|TAMS 0x00000003fa000000, 0x00000003fa000000|
| 226|0x00000003fa400000, 0x00000003fa400000, 0x00000003fa800000|  0%| F|  |TS  0|AC  0|TAMS 0x00000003fa400000, 0x00000003fa400000|
| 227|0x00000003fa800000, 0x00000003fa800000, 0x00000003fac00000|  0%| F|  |TS  0|AC  0|TAMS 0x00000003fa800000, 0x00000003fa800000|
| 228|0x00000003fac00000, 0x00000003fac00000, 0x00000003fb000000|  0%| F|  |TS  0|AC  0|TAMS 0x00000003fac00000, 0x00000003fac00000|
| 229|0x00000003fb000000, 0x00000003fb000000, 0x00000003fb400000|  0%| F|  |TS  0|AC  0|TAMS 0x00000003fb000000, 0x00000003fb000000|
| 230|0x00000003fb400000, 0x00000003fb400000, 0x00000003fb800000|  0%| F|  |TS  0|AC  0|TAMS 0x00000003fb400000, 0x00000003fb400000|
| 231|0x00000003fb800000, 0x00000003fb800000, 0x00000003fbc00000|  0%| F|  |TS  0|AC  0|TAMS 0x00000003fb800000, 0x00000003fb800000|
| 232|0x00000003fbc00000, 0x00000003fbc00000, 0x00000003fc000000|  0%| F|  |TS  0|AC  0|TAMS 0x00000003fbc00000, 0x00000003fbc00000|
| 233|0x00000003fc000000, 0x00000003fc000000, 0x00000003fc400000|  0%| F|  |TS  0|AC  0|TAMS 0x00000003fc000000, 0x00000003fc000000|
| 234|0x00000003fc400000, 0x00000003fc400000, 0x00000003fc800000|  0%| F|  |TS  0|AC  0|TAMS 0x00000003fc400000, 0x00000003fc400000|
| 235|0x00000003fc800000, 0x00000003fc800000, 0x00000003fcc00000|  0%| F|  |TS  0|AC  0|TAMS 0x00000003fc800000, 0x00000003fc800000|
| 236|0x00000003fcc00000, 0x00000003fcc00000, 0x00000003fd000000|  0%| F|  |TS  0|AC  0|TAMS 0x00000003fcc00000, 0x00000003fcc00000|
| 237|0x00000003fd000000, 0x00000003fd000000, 0x00000003fd400000|  0%| F|  |TS  0|AC  0|TAMS 0x00000003fd000000, 0x00000003fd000000|
| 238|0x00000003fd400000, 0x00000003fd400000, 0x00000003fd800000|  0%| F|  |TS  0|AC  0|TAMS 0x00000003fd400000, 0x00000003fd400000|
| 239|0x00000003fd800000, 0x00000003fd800000, 0x00000003fdc00000|  0%| F|  |TS  0|AC  0|TAMS 0x00000003fd800000, 0x00000003fd800000|
| 240|0x00000003fdc00000, 0x00000003fdc00000, 0x00000003fe000000|  0%| F|  |TS  0|AC  0|TAMS 0x00000003fdc00000, 0x00000003fdc00000|
| 241|0x00000003fe000000, 0x00000003fe000000, 0x00000003fe400000|  0%| F|  |TS  0|AC  0|TAMS 0x00000003fe000000, 0x00000003fe000000|
| 242|0x00000003fe400000, 0x00000003fe400000, 0x00000003fe800000|  0%| F|  |TS  0|AC  0|TAMS 0x00000003fe400000, 0x00000003fe400000|
| 243|0x00000003fe800000, 0x00000003fe800000, 0x00000003fec00000|  0%| F|  |TS  0|AC  0|TAMS 0x00000003fe800000, 0x00000003fe800000|
| 244|0x00000003fec00000, 0x00000003fec00000, 0x00000003ff000000|  0%| F|  |TS  0|AC  0|TAMS 0x00000003fec00000, 0x00000003fec00000|
| 245|0x00000003ff000000, 0x00000003ff000000, 0x00000003ff400000|  0%| F|  |TS  0|AC  0|TAMS 0x00000003ff000000, 0x00000003ff000000|
| 246|0x00000003ff400000, 0x00000003ff400000, 0x00000003ff800000|  0%| F|  |TS  0|AC  0|TAMS 0x00000003ff400000, 0x00000003ff400000|
| 247|0x00000003ff800000, 0x00000003ff800000, 0x00000003ffc00000|  0%| F|  |TS  0|AC  0|TAMS 0x00000003ff800000, 0x00000003ff800000|
| 248|0x00000003ffc00000, 0x00000003ffc00000, 0x0000000400000000|  0%| F|  |TS  0|AC  0|TAMS 0x00000003ffc00000, 0x00000003ffc00000|
| 249|0x0000000400000000, 0x0000000400000000, 0x0000000400400000|  0%| F|  |TS  0|AC  0|TAMS 0x0000000400000000, 0x0000000400000000|
| 250|0x0000000400400000, 0x0000000400400000, 0x0000000400800000|  0%| F|  |TS  0|AC  0|TAMS 0x0000000400400000, 0x0000000400400000|
| 251|0x0000000400800000, 0x0000000400800000, 0x0000000400c00000|  0%| F|  |TS  0|AC  0|TAMS 0x0000000400800000, 0x0000000400800000|
| 252|0x0000000400c00000, 0x0000000400c00000, 0x0000000401000000|  0%| F|  |TS  0|AC  0|TAMS 0x0000000400c00000, 0x0000000400c00000|
| 253|0x0000000401000000, 0x0000000401000000, 0x0000000401400000|  0%| F|  |TS  0|AC  0|TAMS 0x0000000401000000, 0x0000000401000000|
| 254|0x0000000401400000, 0x0000000401400000, 0x0000000401800000|  0%| F|  |TS  0|AC  0|TAMS 0x0000000401400000, 0x0000000401400000|
| 255|0x0000000401800000, 0x0000000401bd71a8, 0x0000000401c00000| 96%| E|  |TS  0|AC  0|TAMS 0x0000000401800000, 0x0000000401800000|

Card table byte_map: [0x0000012d217d0000,0x0000012d237d0000] byte_map_base: 0x0000012d1f9c2000

Marking Bits (Prev, Next): (CMBitMap*) 0x0000012d08bad5c0, (CMBitMap*) 0x0000012d08bad5f8
 Prev Bits: [0x0000012d257d0000, 0x0000012d35760000)
 Next Bits: [0x0000012d35760000, 0x0000012d456f0000)

Polling page: 0x0000012d068f0000

CodeHeap 'non-profiled nmethods': size=120000Kb used=49Kb max_used=49Kb free=119950Kb
 bounds [0x0000012d17d50000, 0x0000012d17fc0000, 0x0000012d1f280000]
CodeHeap 'profiled nmethods': size=120000Kb used=328Kb max_used=328Kb free=119672Kb
 bounds [0x0000012d10820000, 0x0000012d10a90000, 0x0000012d17d50000]
CodeHeap 'non-nmethods': size=5760Kb used=1003Kb max_used=1010Kb free=4756Kb
 bounds [0x0000012d10280000, 0x0000012d104f0000, 0x0000012d10820000]
 total_blobs=514 nmethods=181 adapters=178
 compilation: enabled

Compilation events (10 events):
Event: 9.430 Thread 0x0000012d489ae800  173       3       java.lang.StringUTF16::compress (20 bytes)
Event: 9.430 Thread 0x0000012d489ae800 nmethod 173 0x0000012d1086fa90 code [0x0000012d1086fc60, 0x0000012d1086fed0]
Event: 9.430 Thread 0x0000012d489ae800  174       3       java.util.ArrayList::get (15 bytes)
Event: 9.430 Thread 0x0000012d489ae800 nmethod 174 0x0000012d1086ff90 code [0x0000012d108701c0, 0x0000012d108709b0]
Event: 9.430 Thread 0x0000012d489ae800  175       3       java.util.ArrayList::elementData (7 bytes)
Event: 9.430 Thread 0x0000012d489ae800 nmethod 175 0x0000012d10870c90 code [0x0000012d10870e40, 0x0000012d10870fd8]
Event: 9.430 Thread 0x0000012d489ae800  176       3       java.util.ArrayList::<init> (12 bytes)
Event: 9.430 Thread 0x0000012d489ae800 nmethod 176 0x0000012d10871090 code [0x0000012d10871260, 0x0000012d10871558]
Event: 9.430 Thread 0x0000012d489ae800  169       3       java.util.ArrayList::newCapacity (65 bytes)
Event: 9.431 Thread 0x0000012d489ae800 nmethod 169 0x0000012d10871690 code [0x0000012d108718a0, 0x0000012d10871e80]

GC Heap History (0 events):
No events

Deoptimization events (1 events):
Event: 0.098 Thread 0x0000012d08ad4800 Uncommon trap: reason=unstable_if action=reinterpret pc=0x0000012d17d559ec method=java.lang.String.hashCode()I @ 14 c2

Classes redefined (0 events):
No events

Internal exceptions (0 events):
No events

Events (10 events):
Event: 9.410 loading class jdk/internal/math/FloatingDecimal$PreparedASCIIToBinaryBuffer
Event: 9.410 loading class jdk/internal/math/FloatingDecimal$ASCIIToBinaryConverter
Event: 9.410 loading class jdk/internal/math/FloatingDecimal$ASCIIToBinaryConverter done
Event: 9.410 loading class jdk/internal/math/FloatingDecimal$PreparedASCIIToBinaryBuffer done
Event: 9.410 loading class jdk/internal/math/FloatingDecimal$ASCIIToBinaryBuffer
Event: 9.410 loading class jdk/internal/math/FloatingDecimal$ASCIIToBinaryBuffer done
Event: 9.418 loading class jdk/internal/math/FDBigInteger
Event: 9.418 loading class jdk/internal/math/FDBigInteger done
Event: 10.219 loading class pcl/icp
Event: 10.219 loading class pcl/icp done


Dynamic libraries:
0x00007ff778140000 - 0x00007ff77817e000 	C:\Program Files\Java\jre-10\bin\javaw.exe
0x00007ffc7af90000 - 0x00007ffc7b171000 	C:\WINDOWS\SYSTEM32\ntdll.dll
0x00007ffc7a360000 - 0x00007ffc7a412000 	C:\WINDOWS\System32\KERNEL32.DLL
0x00007ffc77660000 - 0x00007ffc778d3000 	C:\WINDOWS\System32\KERNELBASE.dll
0x00007ffc7ab30000 - 0x00007ffc7abd1000 	C:\WINDOWS\System32\ADVAPI32.dll
0x00007ffc7ad10000 - 0x00007ffc7adae000 	C:\WINDOWS\System32\msvcrt.dll
0x00007ffc7ae60000 - 0x00007ffc7aebb000 	C:\WINDOWS\System32\sechost.dll
0x00007ffc7a4c0000 - 0x00007ffc7a5e4000 	C:\WINDOWS\System32\RPCRT4.dll
0x00007ffc785e0000 - 0x00007ffc78770000 	C:\WINDOWS\System32\USER32.dll
0x00007ffc78400000 - 0x00007ffc78420000 	C:\WINDOWS\System32\win32u.dll
0x00007ffc7adb0000 - 0x00007ffc7add8000 	C:\WINDOWS\System32\GDI32.dll
0x00007ffc77360000 - 0x00007ffc774f2000 	C:\WINDOWS\System32\gdi32full.dll
0x00007ffc77960000 - 0x00007ffc779ff000 	C:\WINDOWS\System32\msvcp_win.dll
0x00007ffc77bf0000 - 0x00007ffc77cea000 	C:\WINDOWS\System32\ucrtbase.dll
0x00007ffc71d80000 - 0x00007ffc71d8a000 	C:\WINDOWS\SYSTEM32\VERSION.dll
0x00007ffc6e990000 - 0x00007ffc6ebf9000 	C:\WINDOWS\WinSxS\amd64_microsoft.windows.common-controls_6595b64144ccf1df_6.0.17134.590_none_fb3d9bff3069e088\COMCTL32.dll
0x00007ffc79e30000 - 0x00007ffc7a152000 	C:\WINDOWS\System32\combase.dll
0x00007ffc778e0000 - 0x00007ffc7795a000 	C:\WINDOWS\System32\bcryptPrimitives.dll
0x00007ffc7a490000 - 0x00007ffc7a4bd000 	C:\WINDOWS\System32\IMM32.DLL
0x00007ffc39cc0000 - 0x00007ffc39daf000 	C:\Program Files\Java\jre-10\bin\msvcr120.dll
0x00007ffc47f40000 - 0x00007ffc47fe6000 	C:\Program Files\Java\jre-10\bin\msvcp120.dll
0x000000006e660000 - 0x000000006f0cf000 	C:\Program Files\Java\jre-10\bin\server\jvm.dll
0x00007ffc7a420000 - 0x00007ffc7a428000 	C:\WINDOWS\System32\PSAPI.DLL
0x00007ffc69860000 - 0x00007ffc69869000 	C:\WINDOWS\SYSTEM32\WSOCK32.dll
0x00007ffc6b630000 - 0x00007ffc6b653000 	C:\WINDOWS\SYSTEM32\WINMM.dll
0x00007ffc7aca0000 - 0x00007ffc7ad0c000 	C:\WINDOWS\System32\WS2_32.dll
0x00007ffc6b560000 - 0x00007ffc6b58a000 	C:\WINDOWS\SYSTEM32\winmmbase.dll
0x00007ffc775b0000 - 0x00007ffc775f9000 	C:\WINDOWS\System32\cfgmgr32.dll
0x00007ffc711e0000 - 0x00007ffc711ef000 	C:\Program Files\Java\jre-10\bin\verify.dll
0x00007ffc6e6a0000 - 0x00007ffc6e869000 	C:\WINDOWS\SYSTEM32\DBGHELP.DLL
0x00007ffc6b9a0000 - 0x00007ffc6b9c9000 	C:\WINDOWS\SYSTEM32\dbgcore.DLL
0x00007ffc5e1c0000 - 0x00007ffc5e1e7000 	C:\Program Files\Java\jre-10\bin\java.dll
0x00007ffc5e1a0000 - 0x00007ffc5e1b6000 	C:\Program Files\Java\jre-10\bin\zip.dll
0x00007ffc711d0000 - 0x00007ffc711da000 	C:\Program Files\Java\jre-10\bin\jimage.dll
0x00007ffc789f0000 - 0x00007ffc79e30000 	C:\WINDOWS\System32\SHELL32.dll
0x00007ffc7abe0000 - 0x00007ffc7ac89000 	C:\WINDOWS\System32\shcore.dll
0x00007ffc77cf0000 - 0x00007ffc783fd000 	C:\WINDOWS\System32\windows.storage.dll
0x00007ffc7a430000 - 0x00007ffc7a481000 	C:\WINDOWS\System32\shlwapi.dll
0x00007ffc772f0000 - 0x00007ffc77301000 	C:\WINDOWS\System32\kernel.appcore.dll
0x00007ffc772d0000 - 0x00007ffc772ef000 	C:\WINDOWS\System32\profapi.dll
0x00007ffc77310000 - 0x00007ffc7735c000 	C:\WINDOWS\System32\powrprof.dll
0x00007ffc772a0000 - 0x00007ffc772aa000 	C:\WINDOWS\System32\FLTLIB.DLL
0x00007ffbed220000 - 0x00007ffbeeefb000 	H:\eclipse\vs_workspace\pcl-java-master\pcl-java-master\natives\win32\x86_64\pcl_icp_test.dll
0x00007ffc248d0000 - 0x00007ffc24ee5000 	C:\Program Files\PCL 1.8.1\bin\pcl_sample_consensus_debug.dll
0x00007ffbe38b0000 - 0x00007ffbe466e000 	C:\Program Files\PCL 1.8.1\bin\pcl_features_debug.dll
0x00007ffc38310000 - 0x00007ffc3863a000 	C:\Program Files\PCL 1.8.1\bin\pcl_common_debug.dll
0x00007ffbe4670000 - 0x00007ffbe6632000 	C:\Program Files\PCL 1.8.1\bin\pcl_io_debug.dll
0x00007ffc38a20000 - 0x00007ffc38b11000 	C:\WINDOWS\SYSTEM32\MSVCP140D.dll
0x00007ffc5e0d0000 - 0x00007ffc5e0f1000 	C:\WINDOWS\SYSTEM32\VCRUNTIME140D.dll
0x00007ffc2a3c0000 - 0x00007ffc2a578000 	C:\WINDOWS\SYSTEM32\ucrtbased.dll
0x00007ffbf13d0000 - 0x00007ffbf1958000 	C:\Program Files\PCL 1.8.1\bin\pcl_search_debug.dll
0x00007ffbd4c70000 - 0x00007ffbd5de4000 	C:\Program Files\PCL 1.8.1\bin\pcl_filters_debug.dll
0x00007ffbd8820000 - 0x00007ffbdb8f0000 	C:\Program Files\PCL 1.8.1\bin\pcl_visualization_debug.dll
0x00007ffbf1040000 - 0x00007ffbf13c5000 	C:\Program Files\PCL 1.8.1\bin\pcl_kdtree_debug.dll
0x00007ffbeccd0000 - 0x00007ffbed215000 	C:\Program Files\PCL 1.8.1\bin\pcl_octree_debug.dll
0x00007ffc38730000 - 0x00007ffc38864000 	C:\Program Files\PCL 1.8.1\bin\pcl_io_ply_debug.dll
0x00007ffc4eb60000 - 0x00007ffc4ebcb000 	C:\Program Files\PCL 1.8.1\3rdParty\OpenNI2\Redist\OpenNI2.dll
0x00007ffc2a2a0000 - 0x00007ffc2a3c0000 	C:\WINDOWS\SYSTEM32\OPENGL32.dll
0x0000000070090000 - 0x0000000070162000 	C:\WINDOWS\SYSTEM32\MSVCR100.dll
0x00007ffc55700000 - 0x00007ffc5572c000 	C:\WINDOWS\SYSTEM32\GLU32.dll
0x00007ffc755e0000 - 0x00007ffc75678000 	C:\WINDOWS\system32\uxtheme.dll
0x00007ffc78770000 - 0x00007ffc788e3000 	C:\WINDOWS\System32\MSCTF.dll
0x00007ffc7aa40000 - 0x00007ffc7ab03000 	C:\WINDOWS\System32\OLEAUT32.dll
0x00007ffc59e20000 - 0x00007ffc59e68000 	C:\Program Files (x86)\TeamViewer\tv_x64.dll
0x00007ffc78480000 - 0x00007ffc785d1000 	C:\WINDOWS\System32\ole32.dll
0x00007ffc75760000 - 0x00007ffc75789000 	C:\WINDOWS\system32\dwmapi.dll
0x00007ffc670e0000 - 0x00007ffc67176000 	C:\WINDOWS\System32\TextInputFramework.dll
0x00007ffc75150000 - 0x00007ffc7522a000 	C:\WINDOWS\System32\CoreMessaging.dll
0x00007ffc67350000 - 0x00007ffc6766e000 	C:\WINDOWS\System32\CoreUIComponents.dll
0x00007ffc72690000 - 0x00007ffc727dd000 	C:\WINDOWS\SYSTEM32\wintypes.dll
0x00007ffc76390000 - 0x00007ffc763c1000 	C:\WINDOWS\SYSTEM32\ntmarta.dll
0x000000006c390000 - 0x000000006e657000 	C:\WINDOWS\SYSTEM32\nvoglv64.DLL
0x00007ffc7a5f0000 - 0x00007ffc7aa3b000 	C:\WINDOWS\System32\SETUPAPI.dll
0x00007ffc72f00000 - 0x00007ffc72f13000 	C:\WINDOWS\SYSTEM32\WTSAPI32.dll
0x00007ffc770b0000 - 0x00007ffc770d7000 	C:\WINDOWS\SYSTEM32\DEVOBJ.dll
0x00007ffc77600000 - 0x00007ffc77657000 	C:\WINDOWS\System32\WINTRUST.dll
0x00007ffc772b0000 - 0x00007ffc772c2000 	C:\WINDOWS\System32\MSASN1.dll
0x00007ffc77a00000 - 0x00007ffc77be2000 	C:\WINDOWS\System32\CRYPT32.dll
0x00007ffc69be0000 - 0x00007ffc69dbc000 	C:\WINDOWS\system32\nvspcap64.dll
0x00007ffc730f0000 - 0x00007ffc731cd000 	C:\WINDOWS\SYSTEM32\WINHTTP.dll
0x00007ffc76430000 - 0x00007ffc76486000 	C:\WINDOWS\SYSTEM32\WINSTA.dll

dbghelp: loaded successfully - version: 4.0.5 - missing functions: none
symbol engine: initialized successfully - sym options: 0x614 - pdb path: .;C:\Program Files\Java\jre-10\bin;C:\WINDOWS\SYSTEM32;C:\WINDOWS\WinSxS\amd64_microsoft.windows.common-controls_6595b64144ccf1df_6.0.17134.590_none_fb3d9bff3069e088;C:\Program Files\Java\jre-10\bin\server;H:\eclipse\vs_workspace\pcl-java-master\pcl-java-master\natives\win32\x86_64;C:\Program Files\PCL 1.8.1\bin;C:\Program Files\PCL 1.8.1\3rdParty\OpenNI2\Redist;C:\Program Files (x86)\TeamViewer

VM Arguments:
jvm_args: -Djava.library.path=H:\eclipse\vs_workspace\pcl-java-master\pcl-java-master\target\natives\win32\x86_64 -Dfile.encoding=Cp1252 
java_command: com.movlad.pcl.examples.ICPDemo
java_class_path (initial): H:\eclipse\vs_workspace\pcl-java-master\pcl-java-master\bin;H:\eclipse\vs_workspace\junit-4.11.jar;H:\eclipse\vs_workspace\junit-jupiter-api-5.4.0.jar;H:\eclipse\vs_workspace\commonsIO-2.5.0-javadoc.jar;H:\eclipse\vs_workspace\commonsIO-2.5.0-sources.jar;C:\Users\VS-01\Downloads\commons-io-1.3.2.jar
Launcher Type: SUN_STANDARD

Logging:
Log output configuration:
#0: stdout all=warning uptime,level,tags
#1: stderr all=off uptime,level,tags

Environment Variables:
JAVA_HOME=C:\Program Files\Java\jdk-10\bin
CLASSPATH=C:\Program Files\OpenNI\Bin64\org.OpenNI.jar
PATH=C:/Program Files/Java/jre1.8.0_161/bin/server;C:/Program Files/Java/jre1.8.0_161/bin;C:/Program Files/Java/jre1.8.0_161/lib/amd64;C:\Program Files\NVIDIA GPU Computing Toolkit\CUDA\v9.0\bin;C:\Program Files\NVIDIA GPU Computing Toolkit\CUDA\v9.0\libnvvp;C:\Program Files\NVIDIA GPU Computing Toolkit\CUDA\v8.0\bin;C:\Program Files\NVIDIA GPU Computing Toolkit\CUDA\v8.0\libnvvp;C:\ProgramData\Oracle\Java\javapath;C:\Program Files (x86)\Common Files\Intergraph\Grid Analysis SDK\1.0\Program;C:\Program Files\Microsoft MPI\Bin\;C:\Windows\system32;C:\Windows;C:\Windows\System32\Wbem;C:\Windows\System32\WindowsPowerShell\v1.0\;C:\Program Files\MATLAB\R2017b\bin;C:\Program Files\Microsoft SQL Server\130\Tools\Binn\;C:\Program Files\dotnet\;C:\Program Files\Git\cmd;C:\Program Files\Common Files\Autodesk Shared\;C:\Program Files (x86)\Autodesk\Backburner\;C:\Program Files (x86)\GtkSharp\2.12\bin;C:\Users\VS-01\Documents\Yao Sidan\apache-ant-1.10.1\bin;C:\Program Files (x86)\Java\jdk1.8.0_144;C:\Program Files (x86)\Java\jdk1.8.0_144\bin;C:\Users\VS-01\Documents\Yao Sidan\apache-ant-1.8.2\bin;C:\Program Files (x86)\NVIDIA Corporation\PhysX\Common;C:\apache-maven-3.5.0\bin;C:\opencv\build\x64\vc14\bin;C:\Program Files\NVIDIA GPU Computing Toolkit\CUDA\cudnn-8.0-windows10-x64-v6.0\cuda\bin;C:\WINDOWS\system32;C:\WINDOWS;C:\WINDOWS\System32\Wbem;C:\WINDOWS\System32\WindowsPowerShell\v1.0\;C:\Program Files\MATLAB\MATLAB Runtime\v93\runtime\win64;C:\Program Files\Microsoft SQL Server\110\Tools\Binn\;C:\Qt1\5.5\msvc2013_64\plugins;C:\WINDOWS\system32;C:\WINDOWS;C:\WINDOWS\System32\Wbem;C:\WINDOWS\System32\WindowsPowerShell\v1.0\;C:\WINDOWS\System32\OpenSSH\;C:\Program Files\FME\;C:\Program Files\OpenNI\Bin64;"C:\Program Files\PCL 1.8.1\bin;C:\Program Files\PCL 1.8.1\3rdParty\FLANN\bin;C:\Program Files\PCL 1.8.1\3rdParty\VTK\bin;C:\Program Files\PCL 1.8.1\Qhull\bin;C:\Program Files\PCL 1.8.1\3rdParty\OpenNI2\Tools";C:\Users\VS-01\AppData\Local\Programs\Python\Python35\Scripts\;C:\Use
USERNAME=VS-01
OS=Windows_NT
PROCESSOR_IDENTIFIER=Intel64 Family 6 Model 79 Stepping 1, GenuineIntel



---------------  S Y S T E M  ---------------

OS: Windows 10 , 64 bit Build 17134 (10.0.17134.556)

CPU:total 12 (initial active 12) (6 cores per cpu, 2 threads per core) family 6 model 79 stepping 1, cmov, cx8, fxsr, mmx, sse, sse2, sse3, ssse3, sse4.1, sse4.2, popcnt, avx, avx2, aes, clmul, erms, rtm, 3dnowpref, lzcnt, ht, tsc, tscinvbit, bmi1, bmi2, adx, fma

Memory: 4k page, physical 66983556k(45653772k free), swap 100845764k(18035168k free)

vm_info: Java HotSpot(TM) 64-Bit Server VM (10+46) for windows-amd64 JRE (10+46), built on Mar  8 2018 02:11:18 by "mach5one" with MS VC++ 12.0 (VS2013)

END.
