#
# A fatal error has been detected by the Java Runtime Environment:
#
#  EXCEPTION_ACCESS_VIOLATION (0xc0000005) at pc=0x00007ffe1d4cc471, pid=10984, tid=10956
#
# JRE version: Java(TM) SE Runtime Environment (10.0+46) (build 10+46)
# Java VM: Java HotSpot(TM) 64-Bit Server VM (10+46, mixed mode, tiered, compressed oops, g1 gc, windows-amd64)
# Problematic frame:
# C  [pcl_java.dll+0xc471]
#
# No core dump will be written. Minidumps are not enabled by default on client versions of Windows
#
# If you would like to submit a bug report, please visit:
#   http://bugreport.java.com/bugreport/crash.jsp
# The crash happened outside the Java Virtual Machine in native code.
# See problematic frame for where to report the bug.
#

---------------  S U M M A R Y ------------

Command Line: -Djava.library.path=H:\eclipse\vs_workspace\pcl-java-master\pcl-java-master\target\natives\win32\x86_64 -Dfile.encoding=Cp1252 com.movlad.pcl.examples.SphereDetection

Host: Intel(R) Xeon(R) CPU E5-1650 v4 @ 3.60GHz, 12 cores, 63G,  Windows 10 , 64 bit Build 17134 (10.0.17134.556)
Time: Tue Feb 19 17:38:31 2019 Malay Peninsula Standard Time elapsed time: 0 seconds (0d 0h 0m 0s)

---------------  T H R E A D  ---------------

Current thread (0x0000024edcd74000):  JavaThread "main" [_thread_in_native, id=10956, stack(0x0000008c0ec00000,0x0000008c0ed00000)]

Stack: [0x0000008c0ec00000,0x0000008c0ed00000],  sp=0x0000008c0ecff500,  free space=1021k
Native frames: (J=compiled Java code, j=interpreted, Vv=VM code, C=native code)
C  [pcl_java.dll+0xc471]

Java frames: (J=compiled Java code, j=interpreted, Vv=VM code)
J 117  com.movlad.pcl.PointCloud3d.add(Lcom/movlad/pcl/Point3d;)V (0 bytes) @ 0x0000024eed7b950f [0x0000024eed7b94c0+0x000000000000004f]
j  com.movlad.pcl.examples.SphereDetection.setInputSource()Lcom/movlad/pcl/PointCloud3d;+90
j  com.movlad.pcl.examples.SphereDetection.main([Ljava/lang/String;)V+92
v  ~StubRoutines::call_stub

siginfo: EXCEPTION_ACCESS_VIOLATION (0xc0000005), reading address 0x0000000000000008


Register to memory mapping:

RIP=0x00007ffe1d4cc471 pcl_java.dll
RAX=0x0000000000000000 is an unknown value
RBX=0x0000008c0ecff560 is pointing into the stack for thread: 0x0000024edcd74000
RCX=0x0000024edcd74270 is an unknown value
RDX=0x0000008c0ecff560 is pointing into the stack for thread: 0x0000024edcd74000
RSP=0x0000008c0ecff500 is pointing into the stack for thread: 0x0000024edcd74000
RBP=0x0000008c0ecff568 is pointing into the stack for thread: 0x0000024edcd74000
RSI=0x0000000000000148 is an unknown value
RDI=0x0000024edcd74270 is an unknown value
R8 =0x0000000000000042 is an unknown value
R9 =0x00000004018d9ef8 is an oop
com.movlad.pcl.PointCloud3d 
{0x00000004018d9ef8} - klass: 'com/movlad/pcl/PointCloud3d'
R10=0x0000000000000008 is an unknown value
R11=0x0000000061cf5cf0 jvm.dll
R12=0x0000000000000000 is an unknown value
R13=0x0000008c0ecff5b8 is pointing into the stack for thread: 0x0000024edcd74000
R14=0x0000008c0ecff640 is pointing into the stack for thread: 0x0000024edcd74000
R15=0x0000024edcd74000 is a thread


Registers:
RAX=0x0000000000000000, RBX=0x0000008c0ecff560, RCX=0x0000024edcd74270, RDX=0x0000008c0ecff560
RSP=0x0000008c0ecff500, RBP=0x0000008c0ecff568, RSI=0x0000000000000148, RDI=0x0000024edcd74270
R8 =0x0000000000000042, R9 =0x00000004018d9ef8, R10=0x0000000000000008, R11=0x0000000061cf5cf0
R12=0x0000000000000000, R13=0x0000008c0ecff5b8, R14=0x0000008c0ecff640, R15=0x0000024edcd74000
RIP=0x00007ffe1d4cc471, EFLAGS=0x0000000000010246

Top of Stack: (sp=0x0000008c0ecff500)
0x0000008c0ecff500:   0000008cb7026e28 0000008c0ecff560
0x0000008c0ecff510:   0000008c0ecff568 0000024eff12ebf8
0x0000008c0ecff520:   fffffffffffffffe 0000000000000000
0x0000008c0ecff530:   000000000000012b 0000024eed7b95ab
0x0000008c0ecff540:   0000024eff214b48 0000008c0ecff5a0
0x0000008c0ecff550:   0000000000000148 00000004018e0a78
0x0000008c0ecff560:   00000004018d9ef8 00000004018e0ca0
0x0000008c0ecff570:   0000008c0ecff5b8 0000024efef626b8
0x0000008c0ecff580:   0000000000000000 0000000401804608
0x0000008c0ecff590:   0000024efeee01d0 0000000000000000
0x0000008c0ecff5a0:   0000008c0ecff610 0000024ee5cea103
0x0000008c0ecff5b0:   0000024ee5cea103 00000004018e0ca0
0x0000008c0ecff5c0:   00000004018d9ef8 0000008c0ecff5c8
0x0000008c0ecff5d0:   0000024eff2110c2 0000008c0ecff640
0x0000008c0ecff5e0:   0000024eff215288 0000000000000000
0x0000008c0ecff5f0:   00000004018c0c28 0000024eff211138 

Instructions: (pc=0x00007ffe1d4cc471)
0x00007ffe1d4cc451:   48 8b d0 48 8b cf 41 ff 92 f0 02 00 00 4c 8b 0f
0x00007ffe1d4cc461:   4c 8b c0 48 8b d3 48 8b cf 41 ff 91 28 03 00 00
0x00007ffe1d4cc471:   48 8b 70 08 48 8b 58 10 48 85 db 74 0a b8 01 00
0x00007ffe1d4cc481:   00 00 f0 0f c1 43 08 48 8b 07 48 8b d5 48 8b cf 



---------------  P R O C E S S  ---------------

Threads class SMR info:
_java_thread_list=0x0000024efec029a0, length=12, elements={
0x0000024edcd74000, 0x0000024efebee000, 0x0000024efebea000, 0x0000024efebfb800,
0x0000024efebfc000, 0x0000024efebfe000, 0x0000024efec06000, 0x0000024efec06800,
0x0000024efec0c800, 0x0000024efec27000, 0x0000024efedc3800, 0x0000024efede3000
}

Java Threads: ( => current thread )
=>0x0000024edcd74000 JavaThread "main" [_thread_in_native, id=10956, stack(0x0000008c0ec00000,0x0000008c0ed00000)]
  0x0000024efebee000 JavaThread "Reference Handler" daemon [_thread_blocked, id=15460, stack(0x0000008c10700000,0x0000008c10800000)]
  0x0000024efebea000 JavaThread "Finalizer" daemon [_thread_blocked, id=6040, stack(0x0000008c10800000,0x0000008c10900000)]
  0x0000024efebfb800 JavaThread "Signal Dispatcher" daemon [_thread_blocked, id=12732, stack(0x0000008c10900000,0x0000008c10a00000)]
  0x0000024efebfc000 JavaThread "Attach Listener" daemon [_thread_blocked, id=14596, stack(0x0000008c10a00000,0x0000008c10b00000)]
  0x0000024efebfe000 JavaThread "C2 CompilerThread0" daemon [_thread_blocked, id=12832, stack(0x0000008c10b00000,0x0000008c10c00000)]
  0x0000024efec06000 JavaThread "C2 CompilerThread1" daemon [_thread_blocked, id=11844, stack(0x0000008c10c00000,0x0000008c10d00000)]
  0x0000024efec06800 JavaThread "C2 CompilerThread2" daemon [_thread_blocked, id=9744, stack(0x0000008c10d00000,0x0000008c10e00000)]
  0x0000024efec0c800 JavaThread "C1 CompilerThread3" daemon [_thread_blocked, id=8652, stack(0x0000008c10e00000,0x0000008c10f00000)]
  0x0000024efec27000 JavaThread "Sweeper thread" daemon [_thread_blocked, id=2268, stack(0x0000008c10f00000,0x0000008c11000000)]
  0x0000024efedc3800 JavaThread "Service Thread" daemon [_thread_blocked, id=6444, stack(0x0000008c11000000,0x0000008c11100000)]
  0x0000024efede3000 JavaThread "Common-Cleaner" daemon [_thread_blocked, id=2356, stack(0x0000008c11100000,0x0000008c11200000)]

Other Threads:
  0x0000024efebd3000 VMThread "VM Thread" [stack: 0x0000008c10600000,0x0000008c10700000] [id=3316]
  0x0000024efede3800 WatcherThread [stack: 0x0000008c11200000,0x0000008c11300000] [id=9736]
  0x0000024edcd8e800 GCTaskThread "GC Thread#0" [stack: 0x0000008c0ed00000,0x0000008c0ee00000] [id=8312]
  0x0000024edcd8f800 GCTaskThread "GC Thread#1" [stack: 0x0000008c0ee00000,0x0000008c0ef00000] [id=16240]
  0x0000024edcd93000 GCTaskThread "GC Thread#2" [stack: 0x0000008c0ef00000,0x0000008c0f000000] [id=12752]
  0x0000024edcd98800 GCTaskThread "GC Thread#3" [stack: 0x0000008c0f000000,0x0000008c0f100000] [id=7500]
  0x0000024edcd9b800 GCTaskThread "GC Thread#4" [stack: 0x0000008c0f100000,0x0000008c0f200000] [id=14180]
  0x0000024edcd9f000 GCTaskThread "GC Thread#5" [stack: 0x0000008c0f200000,0x0000008c0f300000] [id=9608]
  0x0000024edcda4000 GCTaskThread "GC Thread#6" [stack: 0x0000008c0f300000,0x0000008c0f400000] [id=13940]
  0x0000024edcda6800 GCTaskThread "GC Thread#7" [stack: 0x0000008c0f400000,0x0000008c0f500000] [id=5440]
  0x0000024edcda7800 GCTaskThread "GC Thread#8" [stack: 0x0000008c0f500000,0x0000008c0f600000] [id=4976]
  0x0000024edcdb1800 GCTaskThread "GC Thread#9" [stack: 0x0000008c0f600000,0x0000008c0f700000] [id=12456]
  0x0000024efba0f800 ConcurrentGCThread "G1 Main Marker" [stack: 0x0000008c0f700000,0x0000008c0f800000] [id=15408]
  0x0000024efba12800 ConcurrentGCThread "G1 Conc#0" [stack: 0x0000008c0f800000,0x0000008c0f900000] [id=4464]
  0x0000024efba17800 ConcurrentGCThread "G1 Conc#1" [stack: 0x0000008c0f900000,0x0000008c0fa00000] [id=7824]
  0x0000024efba18000 ConcurrentGCThread "G1 Conc#2" [stack: 0x0000008c0fa00000,0x0000008c0fb00000] [id=10128]
  0x0000024efbb6c000 ConcurrentGCThread "G1 Refine#0" [stack: 0x0000008c0fb00000,0x0000008c0fc00000] [id=3424]
  0x0000024efbb6c800 ConcurrentGCThread "G1 Refine#1" [stack: 0x0000008c0fc00000,0x0000008c0fd00000] [id=4572]
  0x0000024efbb6e000 ConcurrentGCThread "G1 Refine#2" [stack: 0x0000008c0fd00000,0x0000008c0fe00000] [id=4448]
  0x0000024efea58800 ConcurrentGCThread "G1 Refine#3" [stack: 0x0000008c0fe00000,0x0000008c0ff00000] [id=7548]
  0x0000024efea5d000 ConcurrentGCThread "G1 Refine#4" [stack: 0x0000008c0ff00000,0x0000008c10000000] [id=12412]
  0x0000024efba15000 ConcurrentGCThread "G1 Refine#5" [stack: 0x0000008c10000000,0x0000008c10100000] [id=10508]
  0x0000024efba15800 ConcurrentGCThread "G1 Refine#6" [stack: 0x0000008c10100000,0x0000008c10200000] [id=2340]
  0x0000024efba1c000 ConcurrentGCThread "G1 Refine#7" [stack: 0x0000008c10200000,0x0000008c10300000] [id=3572]
  0x0000024efba1a000 ConcurrentGCThread "G1 Refine#8" [stack: 0x0000008c10300000,0x0000008c10400000] [id=16048]
  0x0000024efba17000 ConcurrentGCThread "G1 Refine#9" [stack: 0x0000008c10400000,0x0000008c10500000] [id=12060]
  0x0000024efea6a800 ConcurrentGCThread "G1 Young RemSet Sampling" [stack: 0x0000008c10500000,0x0000008c10600000] [id=9156]

Threads with active compile tasks:

VM state:not at safepoint (normal execution)

VM Mutex/Monitor currently owned by a thread: None

Heap address: 0x00000003c1c00000, size: 16356 MB, Compressed Oops mode: Zero based, Oop shift amount: 3
Narrow klass base: 0x0000000000000000, Narrow klass shift: 3
Compressed class space size: 1073741824 Address: 0x00000007c0000000

Heap:
 garbage-first heap   total 1048576K, used 0K [0x00000003c1c00000, 0x00000007c0000000)
  region size 4096K, 1 young (4096K), 0 survivors (0K)
 Metaspace       used 3620K, capacity 4600K, committed 4864K, reserved 1056768K
  class space    used 353K, capacity 424K, committed 512K, reserved 1048576K
Heap Regions: E=young(eden), S=young(survivor), O=old, HS=humongous(starts), HC=humongous(continues), CS=collection set, F=free, A=archive, TS=gc time stamp, AC=allocation context, TAMS=top-at-mark-start (previous, next)
|   0|0x00000003c1c00000, 0x00000003c1c00000, 0x00000003c2000000|  0%| F|  |TS  0|AC  0|TAMS 0x00000003c1c00000, 0x00000003c1c00000|
|   1|0x00000003c2000000, 0x00000003c2000000, 0x00000003c2400000|  0%| F|  |TS  0|AC  0|TAMS 0x00000003c2000000, 0x00000003c2000000|
|   2|0x00000003c2400000, 0x00000003c2400000, 0x00000003c2800000|  0%| F|  |TS  0|AC  0|TAMS 0x00000003c2400000, 0x00000003c2400000|
|   3|0x00000003c2800000, 0x00000003c2800000, 0x00000003c2c00000|  0%| F|  |TS  0|AC  0|TAMS 0x00000003c2800000, 0x00000003c2800000|
|   4|0x00000003c2c00000, 0x00000003c2c00000, 0x00000003c3000000|  0%| F|  |TS  0|AC  0|TAMS 0x00000003c2c00000, 0x00000003c2c00000|
|   5|0x00000003c3000000, 0x00000003c3000000, 0x00000003c3400000|  0%| F|  |TS  0|AC  0|TAMS 0x00000003c3000000, 0x00000003c3000000|
|   6|0x00000003c3400000, 0x00000003c3400000, 0x00000003c3800000|  0%| F|  |TS  0|AC  0|TAMS 0x00000003c3400000, 0x00000003c3400000|
|   7|0x00000003c3800000, 0x00000003c3800000, 0x00000003c3c00000|  0%| F|  |TS  0|AC  0|TAMS 0x00000003c3800000, 0x00000003c3800000|
|   8|0x00000003c3c00000, 0x00000003c3c00000, 0x00000003c4000000|  0%| F|  |TS  0|AC  0|TAMS 0x00000003c3c00000, 0x00000003c3c00000|
|   9|0x00000003c4000000, 0x00000003c4000000, 0x00000003c4400000|  0%| F|  |TS  0|AC  0|TAMS 0x00000003c4000000, 0x00000003c4000000|
|  10|0x00000003c4400000, 0x00000003c4400000, 0x00000003c4800000|  0%| F|  |TS  0|AC  0|TAMS 0x00000003c4400000, 0x00000003c4400000|
|  11|0x00000003c4800000, 0x00000003c4800000, 0x00000003c4c00000|  0%| F|  |TS  0|AC  0|TAMS 0x00000003c4800000, 0x00000003c4800000|
|  12|0x00000003c4c00000, 0x00000003c4c00000, 0x00000003c5000000|  0%| F|  |TS  0|AC  0|TAMS 0x00000003c4c00000, 0x00000003c4c00000|
|  13|0x00000003c5000000, 0x00000003c5000000, 0x00000003c5400000|  0%| F|  |TS  0|AC  0|TAMS 0x00000003c5000000, 0x00000003c5000000|
|  14|0x00000003c5400000, 0x00000003c5400000, 0x00000003c5800000|  0%| F|  |TS  0|AC  0|TAMS 0x00000003c5400000, 0x00000003c5400000|
|  15|0x00000003c5800000, 0x00000003c5800000, 0x00000003c5c00000|  0%| F|  |TS  0|AC  0|TAMS 0x00000003c5800000, 0x00000003c5800000|
|  16|0x00000003c5c00000, 0x00000003c5c00000, 0x00000003c6000000|  0%| F|  |TS  0|AC  0|TAMS 0x00000003c5c00000, 0x00000003c5c00000|
|  17|0x00000003c6000000, 0x00000003c6000000, 0x00000003c6400000|  0%| F|  |TS  0|AC  0|TAMS 0x00000003c6000000, 0x00000003c6000000|
|  18|0x00000003c6400000, 0x00000003c6400000, 0x00000003c6800000|  0%| F|  |TS  0|AC  0|TAMS 0x00000003c6400000, 0x00000003c6400000|
|  19|0x00000003c6800000, 0x00000003c6800000, 0x00000003c6c00000|  0%| F|  |TS  0|AC  0|TAMS 0x00000003c6800000, 0x00000003c6800000|
|  20|0x00000003c6c00000, 0x00000003c6c00000, 0x00000003c7000000|  0%| F|  |TS  0|AC  0|TAMS 0x00000003c6c00000, 0x00000003c6c00000|
|  21|0x00000003c7000000, 0x00000003c7000000, 0x00000003c7400000|  0%| F|  |TS  0|AC  0|TAMS 0x00000003c7000000, 0x00000003c7000000|
|  22|0x00000003c7400000, 0x00000003c7400000, 0x00000003c7800000|  0%| F|  |TS  0|AC  0|TAMS 0x00000003c7400000, 0x00000003c7400000|
|  23|0x00000003c7800000, 0x00000003c7800000, 0x00000003c7c00000|  0%| F|  |TS  0|AC  0|TAMS 0x00000003c7800000, 0x00000003c7800000|
|  24|0x00000003c7c00000, 0x00000003c7c00000, 0x00000003c8000000|  0%| F|  |TS  0|AC  0|TAMS 0x00000003c7c00000, 0x00000003c7c00000|
|  25|0x00000003c8000000, 0x00000003c8000000, 0x00000003c8400000|  0%| F|  |TS  0|AC  0|TAMS 0x00000003c8000000, 0x00000003c8000000|
|  26|0x00000003c8400000, 0x00000003c8400000, 0x00000003c8800000|  0%| F|  |TS  0|AC  0|TAMS 0x00000003c8400000, 0x00000003c8400000|
|  27|0x00000003c8800000, 0x00000003c8800000, 0x00000003c8c00000|  0%| F|  |TS  0|AC  0|TAMS 0x00000003c8800000, 0x00000003c8800000|
|  28|0x00000003c8c00000, 0x00000003c8c00000, 0x00000003c9000000|  0%| F|  |TS  0|AC  0|TAMS 0x00000003c8c00000, 0x00000003c8c00000|
|  29|0x00000003c9000000, 0x00000003c9000000, 0x00000003c9400000|  0%| F|  |TS  0|AC  0|TAMS 0x00000003c9000000, 0x00000003c9000000|
|  30|0x00000003c9400000, 0x00000003c9400000, 0x00000003c9800000|  0%| F|  |TS  0|AC  0|TAMS 0x00000003c9400000, 0x00000003c9400000|
|  31|0x00000003c9800000, 0x00000003c9800000, 0x00000003c9c00000|  0%| F|  |TS  0|AC  0|TAMS 0x00000003c9800000, 0x00000003c9800000|
|  32|0x00000003c9c00000, 0x00000003c9c00000, 0x00000003ca000000|  0%| F|  |TS  0|AC  0|TAMS 0x00000003c9c00000, 0x00000003c9c00000|
|  33|0x00000003ca000000, 0x00000003ca000000, 0x00000003ca400000|  0%| F|  |TS  0|AC  0|TAMS 0x00000003ca000000, 0x00000003ca000000|
|  34|0x00000003ca400000, 0x00000003ca400000, 0x00000003ca800000|  0%| F|  |TS  0|AC  0|TAMS 0x00000003ca400000, 0x00000003ca400000|
|  35|0x00000003ca800000, 0x00000003ca800000, 0x00000003cac00000|  0%| F|  |TS  0|AC  0|TAMS 0x00000003ca800000, 0x00000003ca800000|
|  36|0x00000003cac00000, 0x00000003cac00000, 0x00000003cb000000|  0%| F|  |TS  0|AC  0|TAMS 0x00000003cac00000, 0x00000003cac00000|
|  37|0x00000003cb000000, 0x00000003cb000000, 0x00000003cb400000|  0%| F|  |TS  0|AC  0|TAMS 0x00000003cb000000, 0x00000003cb000000|
|  38|0x00000003cb400000, 0x00000003cb400000, 0x00000003cb800000|  0%| F|  |TS  0|AC  0|TAMS 0x00000003cb400000, 0x00000003cb400000|
|  39|0x00000003cb800000, 0x00000003cb800000, 0x00000003cbc00000|  0%| F|  |TS  0|AC  0|TAMS 0x00000003cb800000, 0x00000003cb800000|
|  40|0x00000003cbc00000, 0x00000003cbc00000, 0x00000003cc000000|  0%| F|  |TS  0|AC  0|TAMS 0x00000003cbc00000, 0x00000003cbc00000|
|  41|0x00000003cc000000, 0x00000003cc000000, 0x00000003cc400000|  0%| F|  |TS  0|AC  0|TAMS 0x00000003cc000000, 0x00000003cc000000|
|  42|0x00000003cc400000, 0x00000003cc400000, 0x00000003cc800000|  0%| F|  |TS  0|AC  0|TAMS 0x00000003cc400000, 0x00000003cc400000|
|  43|0x00000003cc800000, 0x00000003cc800000, 0x00000003ccc00000|  0%| F|  |TS  0|AC  0|TAMS 0x00000003cc800000, 0x00000003cc800000|
|  44|0x00000003ccc00000, 0x00000003ccc00000, 0x00000003cd000000|  0%| F|  |TS  0|AC  0|TAMS 0x00000003ccc00000, 0x00000003ccc00000|
|  45|0x00000003cd000000, 0x00000003cd000000, 0x00000003cd400000|  0%| F|  |TS  0|AC  0|TAMS 0x00000003cd000000, 0x00000003cd000000|
|  46|0x00000003cd400000, 0x00000003cd400000, 0x00000003cd800000|  0%| F|  |TS  0|AC  0|TAMS 0x00000003cd400000, 0x00000003cd400000|
|  47|0x00000003cd800000, 0x00000003cd800000, 0x00000003cdc00000|  0%| F|  |TS  0|AC  0|TAMS 0x00000003cd800000, 0x00000003cd800000|
|  48|0x00000003cdc00000, 0x00000003cdc00000, 0x00000003ce000000|  0%| F|  |TS  0|AC  0|TAMS 0x00000003cdc00000, 0x00000003cdc00000|
|  49|0x00000003ce000000, 0x00000003ce000000, 0x00000003ce400000|  0%| F|  |TS  0|AC  0|TAMS 0x00000003ce000000, 0x00000003ce000000|
|  50|0x00000003ce400000, 0x00000003ce400000, 0x00000003ce800000|  0%| F|  |TS  0|AC  0|TAMS 0x00000003ce400000, 0x00000003ce400000|
|  51|0x00000003ce800000, 0x00000003ce800000, 0x00000003cec00000|  0%| F|  |TS  0|AC  0|TAMS 0x00000003ce800000, 0x00000003ce800000|
|  52|0x00000003cec00000, 0x00000003cec00000, 0x00000003cf000000|  0%| F|  |TS  0|AC  0|TAMS 0x00000003cec00000, 0x00000003cec00000|
|  53|0x00000003cf000000, 0x00000003cf000000, 0x00000003cf400000|  0%| F|  |TS  0|AC  0|TAMS 0x00000003cf000000, 0x00000003cf000000|
|  54|0x00000003cf400000, 0x00000003cf400000, 0x00000003cf800000|  0%| F|  |TS  0|AC  0|TAMS 0x00000003cf400000, 0x00000003cf400000|
|  55|0x00000003cf800000, 0x00000003cf800000, 0x00000003cfc00000|  0%| F|  |TS  0|AC  0|TAMS 0x00000003cf800000, 0x00000003cf800000|
|  56|0x00000003cfc00000, 0x00000003cfc00000, 0x00000003d0000000|  0%| F|  |TS  0|AC  0|TAMS 0x00000003cfc00000, 0x00000003cfc00000|
|  57|0x00000003d0000000, 0x00000003d0000000, 0x00000003d0400000|  0%| F|  |TS  0|AC  0|TAMS 0x00000003d0000000, 0x00000003d0000000|
|  58|0x00000003d0400000, 0x00000003d0400000, 0x00000003d0800000|  0%| F|  |TS  0|AC  0|TAMS 0x00000003d0400000, 0x00000003d0400000|
|  59|0x00000003d0800000, 0x00000003d0800000, 0x00000003d0c00000|  0%| F|  |TS  0|AC  0|TAMS 0x00000003d0800000, 0x00000003d0800000|
|  60|0x00000003d0c00000, 0x00000003d0c00000, 0x00000003d1000000|  0%| F|  |TS  0|AC  0|TAMS 0x00000003d0c00000, 0x00000003d0c00000|
|  61|0x00000003d1000000, 0x00000003d1000000, 0x00000003d1400000|  0%| F|  |TS  0|AC  0|TAMS 0x00000003d1000000, 0x00000003d1000000|
|  62|0x00000003d1400000, 0x00000003d1400000, 0x00000003d1800000|  0%| F|  |TS  0|AC  0|TAMS 0x00000003d1400000, 0x00000003d1400000|
|  63|0x00000003d1800000, 0x00000003d1800000, 0x00000003d1c00000|  0%| F|  |TS  0|AC  0|TAMS 0x00000003d1800000, 0x00000003d1800000|
|  64|0x00000003d1c00000, 0x00000003d1c00000, 0x00000003d2000000|  0%| F|  |TS  0|AC  0|TAMS 0x00000003d1c00000, 0x00000003d1c00000|
|  65|0x00000003d2000000, 0x00000003d2000000, 0x00000003d2400000|  0%| F|  |TS  0|AC  0|TAMS 0x00000003d2000000, 0x00000003d2000000|
|  66|0x00000003d2400000, 0x00000003d2400000, 0x00000003d2800000|  0%| F|  |TS  0|AC  0|TAMS 0x00000003d2400000, 0x00000003d2400000|
|  67|0x00000003d2800000, 0x00000003d2800000, 0x00000003d2c00000|  0%| F|  |TS  0|AC  0|TAMS 0x00000003d2800000, 0x00000003d2800000|
|  68|0x00000003d2c00000, 0x00000003d2c00000, 0x00000003d3000000|  0%| F|  |TS  0|AC  0|TAMS 0x00000003d2c00000, 0x00000003d2c00000|
|  69|0x00000003d3000000, 0x00000003d3000000, 0x00000003d3400000|  0%| F|  |TS  0|AC  0|TAMS 0x00000003d3000000, 0x00000003d3000000|
|  70|0x00000003d3400000, 0x00000003d3400000, 0x00000003d3800000|  0%| F|  |TS  0|AC  0|TAMS 0x00000003d3400000, 0x00000003d3400000|
|  71|0x00000003d3800000, 0x00000003d3800000, 0x00000003d3c00000|  0%| F|  |TS  0|AC  0|TAMS 0x00000003d3800000, 0x00000003d3800000|
|  72|0x00000003d3c00000, 0x00000003d3c00000, 0x00000003d4000000|  0%| F|  |TS  0|AC  0|TAMS 0x00000003d3c00000, 0x00000003d3c00000|
|  73|0x00000003d4000000, 0x00000003d4000000, 0x00000003d4400000|  0%| F|  |TS  0|AC  0|TAMS 0x00000003d4000000, 0x00000003d4000000|
|  74|0x00000003d4400000, 0x00000003d4400000, 0x00000003d4800000|  0%| F|  |TS  0|AC  0|TAMS 0x00000003d4400000, 0x00000003d4400000|
|  75|0x00000003d4800000, 0x00000003d4800000, 0x00000003d4c00000|  0%| F|  |TS  0|AC  0|TAMS 0x00000003d4800000, 0x00000003d4800000|
|  76|0x00000003d4c00000, 0x00000003d4c00000, 0x00000003d5000000|  0%| F|  |TS  0|AC  0|TAMS 0x00000003d4c00000, 0x00000003d4c00000|
|  77|0x00000003d5000000, 0x00000003d5000000, 0x00000003d5400000|  0%| F|  |TS  0|AC  0|TAMS 0x00000003d5000000, 0x00000003d5000000|
|  78|0x00000003d5400000, 0x00000003d5400000, 0x00000003d5800000|  0%| F|  |TS  0|AC  0|TAMS 0x00000003d5400000, 0x00000003d5400000|
|  79|0x00000003d5800000, 0x00000003d5800000, 0x00000003d5c00000|  0%| F|  |TS  0|AC  0|TAMS 0x00000003d5800000, 0x00000003d5800000|
|  80|0x00000003d5c00000, 0x00000003d5c00000, 0x00000003d6000000|  0%| F|  |TS  0|AC  0|TAMS 0x00000003d5c00000, 0x00000003d5c00000|
|  81|0x00000003d6000000, 0x00000003d6000000, 0x00000003d6400000|  0%| F|  |TS  0|AC  0|TAMS 0x00000003d6000000, 0x00000003d6000000|
|  82|0x00000003d6400000, 0x00000003d6400000, 0x00000003d6800000|  0%| F|  |TS  0|AC  0|TAMS 0x00000003d6400000, 0x00000003d6400000|
|  83|0x00000003d6800000, 0x00000003d6800000, 0x00000003d6c00000|  0%| F|  |TS  0|AC  0|TAMS 0x00000003d6800000, 0x00000003d6800000|
|  84|0x00000003d6c00000, 0x00000003d6c00000, 0x00000003d7000000|  0%| F|  |TS  0|AC  0|TAMS 0x00000003d6c00000, 0x00000003d6c00000|
|  85|0x00000003d7000000, 0x00000003d7000000, 0x00000003d7400000|  0%| F|  |TS  0|AC  0|TAMS 0x00000003d7000000, 0x00000003d7000000|
|  86|0x00000003d7400000, 0x00000003d7400000, 0x00000003d7800000|  0%| F|  |TS  0|AC  0|TAMS 0x00000003d7400000, 0x00000003d7400000|
|  87|0x00000003d7800000, 0x00000003d7800000, 0x00000003d7c00000|  0%| F|  |TS  0|AC  0|TAMS 0x00000003d7800000, 0x00000003d7800000|
|  88|0x00000003d7c00000, 0x00000003d7c00000, 0x00000003d8000000|  0%| F|  |TS  0|AC  0|TAMS 0x00000003d7c00000, 0x00000003d7c00000|
|  89|0x00000003d8000000, 0x00000003d8000000, 0x00000003d8400000|  0%| F|  |TS  0|AC  0|TAMS 0x00000003d8000000, 0x00000003d8000000|
|  90|0x00000003d8400000, 0x00000003d8400000, 0x00000003d8800000|  0%| F|  |TS  0|AC  0|TAMS 0x00000003d8400000, 0x00000003d8400000|
|  91|0x00000003d8800000, 0x00000003d8800000, 0x00000003d8c00000|  0%| F|  |TS  0|AC  0|TAMS 0x00000003d8800000, 0x00000003d8800000|
|  92|0x00000003d8c00000, 0x00000003d8c00000, 0x00000003d9000000|  0%| F|  |TS  0|AC  0|TAMS 0x00000003d8c00000, 0x00000003d8c00000|
|  93|0x00000003d9000000, 0x00000003d9000000, 0x00000003d9400000|  0%| F|  |TS  0|AC  0|TAMS 0x00000003d9000000, 0x00000003d9000000|
|  94|0x00000003d9400000, 0x00000003d9400000, 0x00000003d9800000|  0%| F|  |TS  0|AC  0|TAMS 0x00000003d9400000, 0x00000003d9400000|
|  95|0x00000003d9800000, 0x00000003d9800000, 0x00000003d9c00000|  0%| F|  |TS  0|AC  0|TAMS 0x00000003d9800000, 0x00000003d9800000|
|  96|0x00000003d9c00000, 0x00000003d9c00000, 0x00000003da000000|  0%| F|  |TS  0|AC  0|TAMS 0x00000003d9c00000, 0x00000003d9c00000|
|  97|0x00000003da000000, 0x00000003da000000, 0x00000003da400000|  0%| F|  |TS  0|AC  0|TAMS 0x00000003da000000, 0x00000003da000000|
|  98|0x00000003da400000, 0x00000003da400000, 0x00000003da800000|  0%| F|  |TS  0|AC  0|TAMS 0x00000003da400000, 0x00000003da400000|
|  99|0x00000003da800000, 0x00000003da800000, 0x00000003dac00000|  0%| F|  |TS  0|AC  0|TAMS 0x00000003da800000, 0x00000003da800000|
| 100|0x00000003dac00000, 0x00000003dac00000, 0x00000003db000000|  0%| F|  |TS  0|AC  0|TAMS 0x00000003dac00000, 0x00000003dac00000|
| 101|0x00000003db000000, 0x00000003db000000, 0x00000003db400000|  0%| F|  |TS  0|AC  0|TAMS 0x00000003db000000, 0x00000003db000000|
| 102|0x00000003db400000, 0x00000003db400000, 0x00000003db800000|  0%| F|  |TS  0|AC  0|TAMS 0x00000003db400000, 0x00000003db400000|
| 103|0x00000003db800000, 0x00000003db800000, 0x00000003dbc00000|  0%| F|  |TS  0|AC  0|TAMS 0x00000003db800000, 0x00000003db800000|
| 104|0x00000003dbc00000, 0x00000003dbc00000, 0x00000003dc000000|  0%| F|  |TS  0|AC  0|TAMS 0x00000003dbc00000, 0x00000003dbc00000|
| 105|0x00000003dc000000, 0x00000003dc000000, 0x00000003dc400000|  0%| F|  |TS  0|AC  0|TAMS 0x00000003dc000000, 0x00000003dc000000|
| 106|0x00000003dc400000, 0x00000003dc400000, 0x00000003dc800000|  0%| F|  |TS  0|AC  0|TAMS 0x00000003dc400000, 0x00000003dc400000|
| 107|0x00000003dc800000, 0x00000003dc800000, 0x00000003dcc00000|  0%| F|  |TS  0|AC  0|TAMS 0x00000003dc800000, 0x00000003dc800000|
| 108|0x00000003dcc00000, 0x00000003dcc00000, 0x00000003dd000000|  0%| F|  |TS  0|AC  0|TAMS 0x00000003dcc00000, 0x00000003dcc00000|
| 109|0x00000003dd000000, 0x00000003dd000000, 0x00000003dd400000|  0%| F|  |TS  0|AC  0|TAMS 0x00000003dd000000, 0x00000003dd000000|
| 110|0x00000003dd400000, 0x00000003dd400000, 0x00000003dd800000|  0%| F|  |TS  0|AC  0|TAMS 0x00000003dd400000, 0x00000003dd400000|
| 111|0x00000003dd800000, 0x00000003dd800000, 0x00000003ddc00000|  0%| F|  |TS  0|AC  0|TAMS 0x00000003dd800000, 0x00000003dd800000|
| 112|0x00000003ddc00000, 0x00000003ddc00000, 0x00000003de000000|  0%| F|  |TS  0|AC  0|TAMS 0x00000003ddc00000, 0x00000003ddc00000|
| 113|0x00000003de000000, 0x00000003de000000, 0x00000003de400000|  0%| F|  |TS  0|AC  0|TAMS 0x00000003de000000, 0x00000003de000000|
| 114|0x00000003de400000, 0x00000003de400000, 0x00000003de800000|  0%| F|  |TS  0|AC  0|TAMS 0x00000003de400000, 0x00000003de400000|
| 115|0x00000003de800000, 0x00000003de800000, 0x00000003dec00000|  0%| F|  |TS  0|AC  0|TAMS 0x00000003de800000, 0x00000003de800000|
| 116|0x00000003dec00000, 0x00000003dec00000, 0x00000003df000000|  0%| F|  |TS  0|AC  0|TAMS 0x00000003dec00000, 0x00000003dec00000|
| 117|0x00000003df000000, 0x00000003df000000, 0x00000003df400000|  0%| F|  |TS  0|AC  0|TAMS 0x00000003df000000, 0x00000003df000000|
| 118|0x00000003df400000, 0x00000003df400000, 0x00000003df800000|  0%| F|  |TS  0|AC  0|TAMS 0x00000003df400000, 0x00000003df400000|
| 119|0x00000003df800000, 0x00000003df800000, 0x00000003dfc00000|  0%| F|  |TS  0|AC  0|TAMS 0x00000003df800000, 0x00000003df800000|
| 120|0x00000003dfc00000, 0x00000003dfc00000, 0x00000003e0000000|  0%| F|  |TS  0|AC  0|TAMS 0x00000003dfc00000, 0x00000003dfc00000|
| 121|0x00000003e0000000, 0x00000003e0000000, 0x00000003e0400000|  0%| F|  |TS  0|AC  0|TAMS 0x00000003e0000000, 0x00000003e0000000|
| 122|0x00000003e0400000, 0x00000003e0400000, 0x00000003e0800000|  0%| F|  |TS  0|AC  0|TAMS 0x00000003e0400000, 0x00000003e0400000|
| 123|0x00000003e0800000, 0x00000003e0800000, 0x00000003e0c00000|  0%| F|  |TS  0|AC  0|TAMS 0x00000003e0800000, 0x00000003e0800000|
| 124|0x00000003e0c00000, 0x00000003e0c00000, 0x00000003e1000000|  0%| F|  |TS  0|AC  0|TAMS 0x00000003e0c00000, 0x00000003e0c00000|
| 125|0x00000003e1000000, 0x00000003e1000000, 0x00000003e1400000|  0%| F|  |TS  0|AC  0|TAMS 0x00000003e1000000, 0x00000003e1000000|
| 126|0x00000003e1400000, 0x00000003e1400000, 0x00000003e1800000|  0%| F|  |TS  0|AC  0|TAMS 0x00000003e1400000, 0x00000003e1400000|
| 127|0x00000003e1800000, 0x00000003e1800000, 0x00000003e1c00000|  0%| F|  |TS  0|AC  0|TAMS 0x00000003e1800000, 0x00000003e1800000|
| 128|0x00000003e1c00000, 0x00000003e1c00000, 0x00000003e2000000|  0%| F|  |TS  0|AC  0|TAMS 0x00000003e1c00000, 0x00000003e1c00000|
| 129|0x00000003e2000000, 0x00000003e2000000, 0x00000003e2400000|  0%| F|  |TS  0|AC  0|TAMS 0x00000003e2000000, 0x00000003e2000000|
| 130|0x00000003e2400000, 0x00000003e2400000, 0x00000003e2800000|  0%| F|  |TS  0|AC  0|TAMS 0x00000003e2400000, 0x00000003e2400000|
| 131|0x00000003e2800000, 0x00000003e2800000, 0x00000003e2c00000|  0%| F|  |TS  0|AC  0|TAMS 0x00000003e2800000, 0x00000003e2800000|
| 132|0x00000003e2c00000, 0x00000003e2c00000, 0x00000003e3000000|  0%| F|  |TS  0|AC  0|TAMS 0x00000003e2c00000, 0x00000003e2c00000|
| 133|0x00000003e3000000, 0x00000003e3000000, 0x00000003e3400000|  0%| F|  |TS  0|AC  0|TAMS 0x00000003e3000000, 0x00000003e3000000|
| 134|0x00000003e3400000, 0x00000003e3400000, 0x00000003e3800000|  0%| F|  |TS  0|AC  0|TAMS 0x00000003e3400000, 0x00000003e3400000|
| 135|0x00000003e3800000, 0x00000003e3800000, 0x00000003e3c00000|  0%| F|  |TS  0|AC  0|TAMS 0x00000003e3800000, 0x00000003e3800000|
| 136|0x00000003e3c00000, 0x00000003e3c00000, 0x00000003e4000000|  0%| F|  |TS  0|AC  0|TAMS 0x00000003e3c00000, 0x00000003e3c00000|
| 137|0x00000003e4000000, 0x00000003e4000000, 0x00000003e4400000|  0%| F|  |TS  0|AC  0|TAMS 0x00000003e4000000, 0x00000003e4000000|
| 138|0x00000003e4400000, 0x00000003e4400000, 0x00000003e4800000|  0%| F|  |TS  0|AC  0|TAMS 0x00000003e4400000, 0x00000003e4400000|
| 139|0x00000003e4800000, 0x00000003e4800000, 0x00000003e4c00000|  0%| F|  |TS  0|AC  0|TAMS 0x00000003e4800000, 0x00000003e4800000|
| 140|0x00000003e4c00000, 0x00000003e4c00000, 0x00000003e5000000|  0%| F|  |TS  0|AC  0|TAMS 0x00000003e4c00000, 0x00000003e4c00000|
| 141|0x00000003e5000000, 0x00000003e5000000, 0x00000003e5400000|  0%| F|  |TS  0|AC  0|TAMS 0x00000003e5000000, 0x00000003e5000000|
| 142|0x00000003e5400000, 0x00000003e5400000, 0x00000003e5800000|  0%| F|  |TS  0|AC  0|TAMS 0x00000003e5400000, 0x00000003e5400000|
| 143|0x00000003e5800000, 0x00000003e5800000, 0x00000003e5c00000|  0%| F|  |TS  0|AC  0|TAMS 0x00000003e5800000, 0x00000003e5800000|
| 144|0x00000003e5c00000, 0x00000003e5c00000, 0x00000003e6000000|  0%| F|  |TS  0|AC  0|TAMS 0x00000003e5c00000, 0x00000003e5c00000|
| 145|0x00000003e6000000, 0x00000003e6000000, 0x00000003e6400000|  0%| F|  |TS  0|AC  0|TAMS 0x00000003e6000000, 0x00000003e6000000|
| 146|0x00000003e6400000, 0x00000003e6400000, 0x00000003e6800000|  0%| F|  |TS  0|AC  0|TAMS 0x00000003e6400000, 0x00000003e6400000|
| 147|0x00000003e6800000, 0x00000003e6800000, 0x00000003e6c00000|  0%| F|  |TS  0|AC  0|TAMS 0x00000003e6800000, 0x00000003e6800000|
| 148|0x00000003e6c00000, 0x00000003e6c00000, 0x00000003e7000000|  0%| F|  |TS  0|AC  0|TAMS 0x00000003e6c00000, 0x00000003e6c00000|
| 149|0x00000003e7000000, 0x00000003e7000000, 0x00000003e7400000|  0%| F|  |TS  0|AC  0|TAMS 0x00000003e7000000, 0x00000003e7000000|
| 150|0x00000003e7400000, 0x00000003e7400000, 0x00000003e7800000|  0%| F|  |TS  0|AC  0|TAMS 0x00000003e7400000, 0x00000003e7400000|
| 151|0x00000003e7800000, 0x00000003e7800000, 0x00000003e7c00000|  0%| F|  |TS  0|AC  0|TAMS 0x00000003e7800000, 0x00000003e7800000|
| 152|0x00000003e7c00000, 0x00000003e7c00000, 0x00000003e8000000|  0%| F|  |TS  0|AC  0|TAMS 0x00000003e7c00000, 0x00000003e7c00000|
| 153|0x00000003e8000000, 0x00000003e8000000, 0x00000003e8400000|  0%| F|  |TS  0|AC  0|TAMS 0x00000003e8000000, 0x00000003e8000000|
| 154|0x00000003e8400000, 0x00000003e8400000, 0x00000003e8800000|  0%| F|  |TS  0|AC  0|TAMS 0x00000003e8400000, 0x00000003e8400000|
| 155|0x00000003e8800000, 0x00000003e8800000, 0x00000003e8c00000|  0%| F|  |TS  0|AC  0|TAMS 0x00000003e8800000, 0x00000003e8800000|
| 156|0x00000003e8c00000, 0x00000003e8c00000, 0x00000003e9000000|  0%| F|  |TS  0|AC  0|TAMS 0x00000003e8c00000, 0x00000003e8c00000|
| 157|0x00000003e9000000, 0x00000003e9000000, 0x00000003e9400000|  0%| F|  |TS  0|AC  0|TAMS 0x00000003e9000000, 0x00000003e9000000|
| 158|0x00000003e9400000, 0x00000003e9400000, 0x00000003e9800000|  0%| F|  |TS  0|AC  0|TAMS 0x00000003e9400000, 0x00000003e9400000|
| 159|0x00000003e9800000, 0x00000003e9800000, 0x00000003e9c00000|  0%| F|  |TS  0|AC  0|TAMS 0x00000003e9800000, 0x00000003e9800000|
| 160|0x00000003e9c00000, 0x00000003e9c00000, 0x00000003ea000000|  0%| F|  |TS  0|AC  0|TAMS 0x00000003e9c00000, 0x00000003e9c00000|
| 161|0x00000003ea000000, 0x00000003ea000000, 0x00000003ea400000|  0%| F|  |TS  0|AC  0|TAMS 0x00000003ea000000, 0x00000003ea000000|
| 162|0x00000003ea400000, 0x00000003ea400000, 0x00000003ea800000|  0%| F|  |TS  0|AC  0|TAMS 0x00000003ea400000, 0x00000003ea400000|
| 163|0x00000003ea800000, 0x00000003ea800000, 0x00000003eac00000|  0%| F|  |TS  0|AC  0|TAMS 0x00000003ea800000, 0x00000003ea800000|
| 164|0x00000003eac00000, 0x00000003eac00000, 0x00000003eb000000|  0%| F|  |TS  0|AC  0|TAMS 0x00000003eac00000, 0x00000003eac00000|
| 165|0x00000003eb000000, 0x00000003eb000000, 0x00000003eb400000|  0%| F|  |TS  0|AC  0|TAMS 0x00000003eb000000, 0x00000003eb000000|
| 166|0x00000003eb400000, 0x00000003eb400000, 0x00000003eb800000|  0%| F|  |TS  0|AC  0|TAMS 0x00000003eb400000, 0x00000003eb400000|
| 167|0x00000003eb800000, 0x00000003eb800000, 0x00000003ebc00000|  0%| F|  |TS  0|AC  0|TAMS 0x00000003eb800000, 0x00000003eb800000|
| 168|0x00000003ebc00000, 0x00000003ebc00000, 0x00000003ec000000|  0%| F|  |TS  0|AC  0|TAMS 0x00000003ebc00000, 0x00000003ebc00000|
| 169|0x00000003ec000000, 0x00000003ec000000, 0x00000003ec400000|  0%| F|  |TS  0|AC  0|TAMS 0x00000003ec000000, 0x00000003ec000000|
| 170|0x00000003ec400000, 0x00000003ec400000, 0x00000003ec800000|  0%| F|  |TS  0|AC  0|TAMS 0x00000003ec400000, 0x00000003ec400000|
| 171|0x00000003ec800000, 0x00000003ec800000, 0x00000003ecc00000|  0%| F|  |TS  0|AC  0|TAMS 0x00000003ec800000, 0x00000003ec800000|
| 172|0x00000003ecc00000, 0x00000003ecc00000, 0x00000003ed000000|  0%| F|  |TS  0|AC  0|TAMS 0x00000003ecc00000, 0x00000003ecc00000|
| 173|0x00000003ed000000, 0x00000003ed000000, 0x00000003ed400000|  0%| F|  |TS  0|AC  0|TAMS 0x00000003ed000000, 0x00000003ed000000|
| 174|0x00000003ed400000, 0x00000003ed400000, 0x00000003ed800000|  0%| F|  |TS  0|AC  0|TAMS 0x00000003ed400000, 0x00000003ed400000|
| 175|0x00000003ed800000, 0x00000003ed800000, 0x00000003edc00000|  0%| F|  |TS  0|AC  0|TAMS 0x00000003ed800000, 0x00000003ed800000|
| 176|0x00000003edc00000, 0x00000003edc00000, 0x00000003ee000000|  0%| F|  |TS  0|AC  0|TAMS 0x00000003edc00000, 0x00000003edc00000|
| 177|0x00000003ee000000, 0x00000003ee000000, 0x00000003ee400000|  0%| F|  |TS  0|AC  0|TAMS 0x00000003ee000000, 0x00000003ee000000|
| 178|0x00000003ee400000, 0x00000003ee400000, 0x00000003ee800000|  0%| F|  |TS  0|AC  0|TAMS 0x00000003ee400000, 0x00000003ee400000|
| 179|0x00000003ee800000, 0x00000003ee800000, 0x00000003eec00000|  0%| F|  |TS  0|AC  0|TAMS 0x00000003ee800000, 0x00000003ee800000|
| 180|0x00000003eec00000, 0x00000003eec00000, 0x00000003ef000000|  0%| F|  |TS  0|AC  0|TAMS 0x00000003eec00000, 0x00000003eec00000|
| 181|0x00000003ef000000, 0x00000003ef000000, 0x00000003ef400000|  0%| F|  |TS  0|AC  0|TAMS 0x00000003ef000000, 0x00000003ef000000|
| 182|0x00000003ef400000, 0x00000003ef400000, 0x00000003ef800000|  0%| F|  |TS  0|AC  0|TAMS 0x00000003ef400000, 0x00000003ef400000|
| 183|0x00000003ef800000, 0x00000003ef800000, 0x00000003efc00000|  0%| F|  |TS  0|AC  0|TAMS 0x00000003ef800000, 0x00000003ef800000|
| 184|0x00000003efc00000, 0x00000003efc00000, 0x00000003f0000000|  0%| F|  |TS  0|AC  0|TAMS 0x00000003efc00000, 0x00000003efc00000|
| 185|0x00000003f0000000, 0x00000003f0000000, 0x00000003f0400000|  0%| F|  |TS  0|AC  0|TAMS 0x00000003f0000000, 0x00000003f0000000|
| 186|0x00000003f0400000, 0x00000003f0400000, 0x00000003f0800000|  0%| F|  |TS  0|AC  0|TAMS 0x00000003f0400000, 0x00000003f0400000|
| 187|0x00000003f0800000, 0x00000003f0800000, 0x00000003f0c00000|  0%| F|  |TS  0|AC  0|TAMS 0x00000003f0800000, 0x00000003f0800000|
| 188|0x00000003f0c00000, 0x00000003f0c00000, 0x00000003f1000000|  0%| F|  |TS  0|AC  0|TAMS 0x00000003f0c00000, 0x00000003f0c00000|
| 189|0x00000003f1000000, 0x00000003f1000000, 0x00000003f1400000|  0%| F|  |TS  0|AC  0|TAMS 0x00000003f1000000, 0x00000003f1000000|
| 190|0x00000003f1400000, 0x00000003f1400000, 0x00000003f1800000|  0%| F|  |TS  0|AC  0|TAMS 0x00000003f1400000, 0x00000003f1400000|
| 191|0x00000003f1800000, 0x00000003f1800000, 0x00000003f1c00000|  0%| F|  |TS  0|AC  0|TAMS 0x00000003f1800000, 0x00000003f1800000|
| 192|0x00000003f1c00000, 0x00000003f1c00000, 0x00000003f2000000|  0%| F|  |TS  0|AC  0|TAMS 0x00000003f1c00000, 0x00000003f1c00000|
| 193|0x00000003f2000000, 0x00000003f2000000, 0x00000003f2400000|  0%| F|  |TS  0|AC  0|TAMS 0x00000003f2000000, 0x00000003f2000000|
| 194|0x00000003f2400000, 0x00000003f2400000, 0x00000003f2800000|  0%| F|  |TS  0|AC  0|TAMS 0x00000003f2400000, 0x00000003f2400000|
| 195|0x00000003f2800000, 0x00000003f2800000, 0x00000003f2c00000|  0%| F|  |TS  0|AC  0|TAMS 0x00000003f2800000, 0x00000003f2800000|
| 196|0x00000003f2c00000, 0x00000003f2c00000, 0x00000003f3000000|  0%| F|  |TS  0|AC  0|TAMS 0x00000003f2c00000, 0x00000003f2c00000|
| 197|0x00000003f3000000, 0x00000003f3000000, 0x00000003f3400000|  0%| F|  |TS  0|AC  0|TAMS 0x00000003f3000000, 0x00000003f3000000|
| 198|0x00000003f3400000, 0x00000003f3400000, 0x00000003f3800000|  0%| F|  |TS  0|AC  0|TAMS 0x00000003f3400000, 0x00000003f3400000|
| 199|0x00000003f3800000, 0x00000003f3800000, 0x00000003f3c00000|  0%| F|  |TS  0|AC  0|TAMS 0x00000003f3800000, 0x00000003f3800000|
| 200|0x00000003f3c00000, 0x00000003f3c00000, 0x00000003f4000000|  0%| F|  |TS  0|AC  0|TAMS 0x00000003f3c00000, 0x00000003f3c00000|
| 201|0x00000003f4000000, 0x00000003f4000000, 0x00000003f4400000|  0%| F|  |TS  0|AC  0|TAMS 0x00000003f4000000, 0x00000003f4000000|
| 202|0x00000003f4400000, 0x00000003f4400000, 0x00000003f4800000|  0%| F|  |TS  0|AC  0|TAMS 0x00000003f4400000, 0x00000003f4400000|
| 203|0x00000003f4800000, 0x00000003f4800000, 0x00000003f4c00000|  0%| F|  |TS  0|AC  0|TAMS 0x00000003f4800000, 0x00000003f4800000|
| 204|0x00000003f4c00000, 0x00000003f4c00000, 0x00000003f5000000|  0%| F|  |TS  0|AC  0|TAMS 0x00000003f4c00000, 0x00000003f4c00000|
| 205|0x00000003f5000000, 0x00000003f5000000, 0x00000003f5400000|  0%| F|  |TS  0|AC  0|TAMS 0x00000003f5000000, 0x00000003f5000000|
| 206|0x00000003f5400000, 0x00000003f5400000, 0x00000003f5800000|  0%| F|  |TS  0|AC  0|TAMS 0x00000003f5400000, 0x00000003f5400000|
| 207|0x00000003f5800000, 0x00000003f5800000, 0x00000003f5c00000|  0%| F|  |TS  0|AC  0|TAMS 0x00000003f5800000, 0x00000003f5800000|
| 208|0x00000003f5c00000, 0x00000003f5c00000, 0x00000003f6000000|  0%| F|  |TS  0|AC  0|TAMS 0x00000003f5c00000, 0x00000003f5c00000|
| 209|0x00000003f6000000, 0x00000003f6000000, 0x00000003f6400000|  0%| F|  |TS  0|AC  0|TAMS 0x00000003f6000000, 0x00000003f6000000|
| 210|0x00000003f6400000, 0x00000003f6400000, 0x00000003f6800000|  0%| F|  |TS  0|AC  0|TAMS 0x00000003f6400000, 0x00000003f6400000|
| 211|0x00000003f6800000, 0x00000003f6800000, 0x00000003f6c00000|  0%| F|  |TS  0|AC  0|TAMS 0x00000003f6800000, 0x00000003f6800000|
| 212|0x00000003f6c00000, 0x00000003f6c00000, 0x00000003f7000000|  0%| F|  |TS  0|AC  0|TAMS 0x00000003f6c00000, 0x00000003f6c00000|
| 213|0x00000003f7000000, 0x00000003f7000000, 0x00000003f7400000|  0%| F|  |TS  0|AC  0|TAMS 0x00000003f7000000, 0x00000003f7000000|
| 214|0x00000003f7400000, 0x00000003f7400000, 0x00000003f7800000|  0%| F|  |TS  0|AC  0|TAMS 0x00000003f7400000, 0x00000003f7400000|
| 215|0x00000003f7800000, 0x00000003f7800000, 0x00000003f7c00000|  0%| F|  |TS  0|AC  0|TAMS 0x00000003f7800000, 0x00000003f7800000|
| 216|0x00000003f7c00000, 0x00000003f7c00000, 0x00000003f8000000|  0%| F|  |TS  0|AC  0|TAMS 0x00000003f7c00000, 0x00000003f7c00000|
| 217|0x00000003f8000000, 0x00000003f8000000, 0x00000003f8400000|  0%| F|  |TS  0|AC  0|TAMS 0x00000003f8000000, 0x00000003f8000000|
| 218|0x00000003f8400000, 0x00000003f8400000, 0x00000003f8800000|  0%| F|  |TS  0|AC  0|TAMS 0x00000003f8400000, 0x00000003f8400000|
| 219|0x00000003f8800000, 0x00000003f8800000, 0x00000003f8c00000|  0%| F|  |TS  0|AC  0|TAMS 0x00000003f8800000, 0x00000003f8800000|
| 220|0x00000003f8c00000, 0x00000003f8c00000, 0x00000003f9000000|  0%| F|  |TS  0|AC  0|TAMS 0x00000003f8c00000, 0x00000003f8c00000|
| 221|0x00000003f9000000, 0x00000003f9000000, 0x00000003f9400000|  0%| F|  |TS  0|AC  0|TAMS 0x00000003f9000000, 0x00000003f9000000|
| 222|0x00000003f9400000, 0x00000003f9400000, 0x00000003f9800000|  0%| F|  |TS  0|AC  0|TAMS 0x00000003f9400000, 0x00000003f9400000|
| 223|0x00000003f9800000, 0x00000003f9800000, 0x00000003f9c00000|  0%| F|  |TS  0|AC  0|TAMS 0x00000003f9800000, 0x00000003f9800000|
| 224|0x00000003f9c00000, 0x00000003f9c00000, 0x00000003fa000000|  0%| F|  |TS  0|AC  0|TAMS 0x00000003f9c00000, 0x00000003f9c00000|
| 225|0x00000003fa000000, 0x00000003fa000000, 0x00000003fa400000|  0%| F|  |TS  0|AC  0|TAMS 0x00000003fa000000, 0x00000003fa000000|
| 226|0x00000003fa400000, 0x00000003fa400000, 0x00000003fa800000|  0%| F|  |TS  0|AC  0|TAMS 0x00000003fa400000, 0x00000003fa400000|
| 227|0x00000003fa800000, 0x00000003fa800000, 0x00000003fac00000|  0%| F|  |TS  0|AC  0|TAMS 0x00000003fa800000, 0x00000003fa800000|
| 228|0x00000003fac00000, 0x00000003fac00000, 0x00000003fb000000|  0%| F|  |TS  0|AC  0|TAMS 0x00000003fac00000, 0x00000003fac00000|
| 229|0x00000003fb000000, 0x00000003fb000000, 0x00000003fb400000|  0%| F|  |TS  0|AC  0|TAMS 0x00000003fb000000, 0x00000003fb000000|
| 230|0x00000003fb400000, 0x00000003fb400000, 0x00000003fb800000|  0%| F|  |TS  0|AC  0|TAMS 0x00000003fb400000, 0x00000003fb400000|
| 231|0x00000003fb800000, 0x00000003fb800000, 0x00000003fbc00000|  0%| F|  |TS  0|AC  0|TAMS 0x00000003fb800000, 0x00000003fb800000|
| 232|0x00000003fbc00000, 0x00000003fbc00000, 0x00000003fc000000|  0%| F|  |TS  0|AC  0|TAMS 0x00000003fbc00000, 0x00000003fbc00000|
| 233|0x00000003fc000000, 0x00000003fc000000, 0x00000003fc400000|  0%| F|  |TS  0|AC  0|TAMS 0x00000003fc000000, 0x00000003fc000000|
| 234|0x00000003fc400000, 0x00000003fc400000, 0x00000003fc800000|  0%| F|  |TS  0|AC  0|TAMS 0x00000003fc400000, 0x00000003fc400000|
| 235|0x00000003fc800000, 0x00000003fc800000, 0x00000003fcc00000|  0%| F|  |TS  0|AC  0|TAMS 0x00000003fc800000, 0x00000003fc800000|
| 236|0x00000003fcc00000, 0x00000003fcc00000, 0x00000003fd000000|  0%| F|  |TS  0|AC  0|TAMS 0x00000003fcc00000, 0x00000003fcc00000|
| 237|0x00000003fd000000, 0x00000003fd000000, 0x00000003fd400000|  0%| F|  |TS  0|AC  0|TAMS 0x00000003fd000000, 0x00000003fd000000|
| 238|0x00000003fd400000, 0x00000003fd400000, 0x00000003fd800000|  0%| F|  |TS  0|AC  0|TAMS 0x00000003fd400000, 0x00000003fd400000|
| 239|0x00000003fd800000, 0x00000003fd800000, 0x00000003fdc00000|  0%| F|  |TS  0|AC  0|TAMS 0x00000003fd800000, 0x00000003fd800000|
| 240|0x00000003fdc00000, 0x00000003fdc00000, 0x00000003fe000000|  0%| F|  |TS  0|AC  0|TAMS 0x00000003fdc00000, 0x00000003fdc00000|
| 241|0x00000003fe000000, 0x00000003fe000000, 0x00000003fe400000|  0%| F|  |TS  0|AC  0|TAMS 0x00000003fe000000, 0x00000003fe000000|
| 242|0x00000003fe400000, 0x00000003fe400000, 0x00000003fe800000|  0%| F|  |TS  0|AC  0|TAMS 0x00000003fe400000, 0x00000003fe400000|
| 243|0x00000003fe800000, 0x00000003fe800000, 0x00000003fec00000|  0%| F|  |TS  0|AC  0|TAMS 0x00000003fe800000, 0x00000003fe800000|
| 244|0x00000003fec00000, 0x00000003fec00000, 0x00000003ff000000|  0%| F|  |TS  0|AC  0|TAMS 0x00000003fec00000, 0x00000003fec00000|
| 245|0x00000003ff000000, 0x00000003ff000000, 0x00000003ff400000|  0%| F|  |TS  0|AC  0|TAMS 0x00000003ff000000, 0x00000003ff000000|
| 246|0x00000003ff400000, 0x00000003ff400000, 0x00000003ff800000|  0%| F|  |TS  0|AC  0|TAMS 0x00000003ff400000, 0x00000003ff400000|
| 247|0x00000003ff800000, 0x00000003ff800000, 0x00000003ffc00000|  0%| F|  |TS  0|AC  0|TAMS 0x00000003ff800000, 0x00000003ff800000|
| 248|0x00000003ffc00000, 0x00000003ffc00000, 0x0000000400000000|  0%| F|  |TS  0|AC  0|TAMS 0x00000003ffc00000, 0x00000003ffc00000|
| 249|0x0000000400000000, 0x0000000400000000, 0x0000000400400000|  0%| F|  |TS  0|AC  0|TAMS 0x0000000400000000, 0x0000000400000000|
| 250|0x0000000400400000, 0x0000000400400000, 0x0000000400800000|  0%| F|  |TS  0|AC  0|TAMS 0x0000000400400000, 0x0000000400400000|
| 251|0x0000000400800000, 0x0000000400800000, 0x0000000400c00000|  0%| F|  |TS  0|AC  0|TAMS 0x0000000400800000, 0x0000000400800000|
| 252|0x0000000400c00000, 0x0000000400c00000, 0x0000000401000000|  0%| F|  |TS  0|AC  0|TAMS 0x0000000400c00000, 0x0000000400c00000|
| 253|0x0000000401000000, 0x0000000401000000, 0x0000000401400000|  0%| F|  |TS  0|AC  0|TAMS 0x0000000401000000, 0x0000000401000000|
| 254|0x0000000401400000, 0x0000000401400000, 0x0000000401800000|  0%| F|  |TS  0|AC  0|TAMS 0x0000000401400000, 0x0000000401400000|
| 255|0x0000000401800000, 0x0000000401ae1558, 0x0000000401c00000| 72%| E|  |TS  0|AC  0|TAMS 0x0000000401800000, 0x0000000401800000|

Card table byte_map: [0x0000024ef7970000,0x0000024ef9970000] byte_map_base: 0x0000024ef5b62000

Marking Bits (Prev, Next): (CMBitMap*) 0x0000024efba0eeb0, (CMBitMap*) 0x0000024efba0eee8
 Prev Bits: [0x0000024e80000000, 0x0000024e8ff90000)
 Next Bits: [0x0000024e8ff90000, 0x0000024e9ff20000)

Polling page: 0x0000024edcba0000

CodeHeap 'non-profiled nmethods': size=120000Kb used=43Kb max_used=43Kb free=119956Kb
 bounds [0x0000024eed7b0000, 0x0000024eeda20000, 0x0000024ef4ce0000]
CodeHeap 'profiled nmethods': size=120000Kb used=157Kb max_used=157Kb free=119842Kb
 bounds [0x0000024ee6280000, 0x0000024ee64f0000, 0x0000024eed7b0000]
CodeHeap 'non-nmethods': size=5760Kb used=997Kb max_used=1005Kb free=4762Kb
 bounds [0x0000024ee5ce0000, 0x0000024ee5f50000, 0x0000024ee6280000]
 total_blobs=444 nmethods=131 adapters=166
 compilation: enabled

Compilation events (10 events):
Event: 0.491 Thread 0x0000024efec0c800  127       3       com.movlad.pcl.PointCloud$1::hasNext (32 bytes)
Event: 0.492 Thread 0x0000024efec0c800 nmethod 127 0x0000024ee62a6110 code [0x0000024ee62a62e0, 0x0000024ee62a6680]
Event: 0.492 Thread 0x0000024efec0c800  129       3       com.movlad.pcl.PointCloud$1::next (5 bytes)
Event: 0.492 Thread 0x0000024efec0c800 nmethod 129 0x0000024ee62a6790 code [0x0000024ee62a6960, 0x0000024ee62a6c10]
Event: 0.492 Thread 0x0000024efec0c800  130       3       com.movlad.pcl.PointCloud$1::next (19 bytes)
Event: 0.492 Thread 0x0000024efec0c800 nmethod 130 0x0000024ee62a6d10 code [0x0000024ee62a6ee0, 0x0000024ee62a7110]
Event: 0.493 Thread 0x0000024efec0c800  131       3       sun.nio.cs.SingleByte$Decoder::decode (11 bytes)
Event: 0.493 Thread 0x0000024efec0c800 nmethod 131 0x0000024ee62a7210 code [0x0000024ee62a73c0, 0x0000024ee62a7558]
Event: 0.493 Thread 0x0000024efec0c800  132       1       sun.nio.cs.SingleByte$Decoder::decode (11 bytes)
Event: 0.493 Thread 0x0000024efec0c800 nmethod 132 0x0000024eed7ba990 code [0x0000024eed7bab40, 0x0000024eed7bac98]

GC Heap History (0 events):
No events

Deoptimization events (1 events):
Event: 0.090 Thread 0x0000024edcd74000 Uncommon trap: reason=unstable_if action=reinterpret pc=0x0000024eed7b57ec method=java.lang.String.hashCode()I @ 14 c2

Classes redefined (0 events):
No events

Internal exceptions (0 events):
No events

Events (10 events):
Event: 0.493 loading class jdk/internal/math/FloatingDecimal$BinaryToASCIIBuffer
Event: 0.494 loading class jdk/internal/math/FloatingDecimal$BinaryToASCIIBuffer done
Event: 0.494 loading class jdk/internal/math/FloatingDecimal$1
Event: 0.494 loading class jdk/internal/math/FloatingDecimal$1 done
Event: 0.494 loading class jdk/internal/math/FloatingDecimal$PreparedASCIIToBinaryBuffer
Event: 0.494 loading class jdk/internal/math/FloatingDecimal$ASCIIToBinaryConverter
Event: 0.494 loading class jdk/internal/math/FloatingDecimal$ASCIIToBinaryConverter done
Event: 0.494 loading class jdk/internal/math/FloatingDecimal$PreparedASCIIToBinaryBuffer done
Event: 0.494 loading class jdk/internal/math/FloatingDecimal$ASCIIToBinaryBuffer
Event: 0.494 loading class jdk/internal/math/FloatingDecimal$ASCIIToBinaryBuffer done


Dynamic libraries:
0x00007ff6a1f30000 - 0x00007ff6a1f6e000 	C:\Program Files\Java\jre-10\bin\javaw.exe
0x00007ffe718b0000 - 0x00007ffe71a91000 	C:\WINDOWS\SYSTEM32\ntdll.dll
0x00007ffe70dc0000 - 0x00007ffe70e72000 	C:\WINDOWS\System32\KERNEL32.DLL
0x00007ffe6e590000 - 0x00007ffe6e803000 	C:\WINDOWS\System32\KERNELBASE.dll
0x00007ffe716e0000 - 0x00007ffe71781000 	C:\WINDOWS\System32\ADVAPI32.dll
0x00007ffe70cc0000 - 0x00007ffe70d5e000 	C:\WINDOWS\System32\msvcrt.dll
0x00007ffe704d0000 - 0x00007ffe7052b000 	C:\WINDOWS\System32\sechost.dll
0x00007ffe6ed40000 - 0x00007ffe6ee64000 	C:\WINDOWS\System32\RPCRT4.dll
0x00007ffe6eed0000 - 0x00007ffe6f060000 	C:\WINDOWS\System32\USER32.dll
0x00007ffe6ea10000 - 0x00007ffe6ea30000 	C:\WINDOWS\System32\win32u.dll
0x00007ffe70e80000 - 0x00007ffe70ea8000 	C:\WINDOWS\System32\GDI32.dll
0x00007ffe6e810000 - 0x00007ffe6e9a2000 	C:\WINDOWS\System32\gdi32full.dll
0x00007ffe6ec20000 - 0x00007ffe6ecbf000 	C:\WINDOWS\System32\msvcp_win.dll
0x00007ffe6dc80000 - 0x00007ffe6dd7a000 	C:\WINDOWS\System32\ucrtbase.dll
0x00007ffe63200000 - 0x00007ffe63469000 	C:\WINDOWS\WinSxS\amd64_microsoft.windows.common-controls_6595b64144ccf1df_6.0.17134.590_none_fb3d9bff3069e088\COMCTL32.dll
0x00007ffe70780000 - 0x00007ffe70aa2000 	C:\WINDOWS\System32\combase.dll
0x00007ffe68700000 - 0x00007ffe6870a000 	C:\WINDOWS\SYSTEM32\VERSION.dll
0x00007ffe6ecc0000 - 0x00007ffe6ed3a000 	C:\WINDOWS\System32\bcryptPrimitives.dll
0x00007ffe704a0000 - 0x00007ffe704cd000 	C:\WINDOWS\System32\IMM32.DLL
0x00007ffe59290000 - 0x00007ffe5937f000 	C:\Program Files\Java\jre-10\bin\msvcr120.dll
0x00007ffe58c20000 - 0x00007ffe58cc6000 	C:\Program Files\Java\jre-10\bin\msvcp120.dll
0x0000000061340000 - 0x0000000061daf000 	C:\Program Files\Java\jre-10\bin\server\jvm.dll
0x00007ffe70b60000 - 0x00007ffe70b68000 	C:\WINDOWS\System32\PSAPI.DLL
0x00007ffe4e530000 - 0x00007ffe4e539000 	C:\WINDOWS\SYSTEM32\WSOCK32.dll
0x00007ffe60d50000 - 0x00007ffe60d73000 	C:\WINDOWS\SYSTEM32\WINMM.dll
0x00007ffe70eb0000 - 0x00007ffe70f1c000 	C:\WINDOWS\System32\WS2_32.dll
0x00007ffe605c0000 - 0x00007ffe605ea000 	C:\WINDOWS\SYSTEM32\winmmbase.dll
0x00007ffe6e540000 - 0x00007ffe6e589000 	C:\WINDOWS\System32\cfgmgr32.dll
0x00007ffe6a740000 - 0x00007ffe6a74f000 	C:\Program Files\Java\jre-10\bin\verify.dll
0x00007ffe67f80000 - 0x00007ffe68149000 	C:\WINDOWS\SYSTEM32\DBGHELP.DLL
0x00007ffe67ec0000 - 0x00007ffe67ee9000 	C:\WINDOWS\SYSTEM32\dbgcore.DLL
0x00007ffe68490000 - 0x00007ffe684b7000 	C:\Program Files\Java\jre-10\bin\java.dll
0x00007ffe664b0000 - 0x00007ffe664c6000 	C:\Program Files\Java\jre-10\bin\zip.dll
0x00007ffe6a730000 - 0x00007ffe6a73a000 	C:\Program Files\Java\jre-10\bin\jimage.dll
0x00007ffe6f060000 - 0x00007ffe704a0000 	C:\WINDOWS\System32\SHELL32.dll
0x00007ffe70c10000 - 0x00007ffe70cb9000 	C:\WINDOWS\System32\shcore.dll
0x00007ffe6dd80000 - 0x00007ffe6e48d000 	C:\WINDOWS\System32\windows.storage.dll
0x00007ffe6ee70000 - 0x00007ffe6eec1000 	C:\WINDOWS\System32\shlwapi.dll
0x00007ffe6dbf0000 - 0x00007ffe6dc01000 	C:\WINDOWS\System32\kernel.appcore.dll
0x00007ffe6dbc0000 - 0x00007ffe6dbdf000 	C:\WINDOWS\System32\profapi.dll
0x00007ffe6dc10000 - 0x00007ffe6dc5c000 	C:\WINDOWS\System32\powrprof.dll
0x00007ffe6dbe0000 - 0x00007ffe6dbea000 	C:\WINDOWS\System32\FLTLIB.DLL
0x00007ffe1d4c0000 - 0x00007ffe1d9ad000 	H:\eclipse\vs_workspace\pcl-java-master\pcl-java-master\target\natives\win32\x86_64\pcl_java.dll
0x00007ffe58b60000 - 0x00007ffe58c12000 	C:\Program Files\PCL 1.8.1\bin\pcl_common_release.dll
0x00007ffe58a00000 - 0x00007ffe58b52000 	C:\Program Files\PCL 1.8.1\bin\pcl_sample_consensus_release.dll
0x00007ffe588a0000 - 0x00007ffe589fa000 	C:\Program Files\PCL 1.8.1\bin\pcl_search_release.dll
0x00007ffe1cea0000 - 0x00007ffe1d4b2000 	C:\Program Files\PCL 1.8.1\bin\pcl_io_release.dll
0x00007ffe61980000 - 0x00007ffe61aa0000 	C:\WINDOWS\SYSTEM32\OPENGL32.dll
0x00007ffe56bb0000 - 0x00007ffe56c4c000 	C:\Program Files\Java\jre-10\bin\MSVCP140.dll
0x00007ffe65b70000 - 0x00007ffe65b86000 	C:\Program Files\Java\jre-10\bin\VCRUNTIME140.dll
0x00007ffe56710000 - 0x00007ffe5680d000 	C:\Program Files\PCL 1.8.1\bin\pcl_kdtree_release.dll
0x00007ffe44c00000 - 0x00007ffe44d73000 	C:\Program Files\PCL 1.8.1\bin\pcl_octree_release.dll
0x00007ffe1c640000 - 0x00007ffe1ce9a000 	C:\Program Files\PCL 1.8.1\bin\pcl_visualization_release.dll
0x00007ffe699e0000 - 0x00007ffe69a0c000 	C:\WINDOWS\SYSTEM32\GLU32.dll
0x00007ffe1c1d0000 - 0x00007ffe1c631000 	C:\Program Files\PCL 1.8.1\bin\pcl_features_release.dll
0x00007ffe59220000 - 0x00007ffe5928b000 	C:\Program Files\OpenNI2\Redist\OpenNI2.dll
0x0000000065330000 - 0x0000000065402000 	C:\WINDOWS\SYSTEM32\MSVCR100.dll
0x00007ffe58820000 - 0x00007ffe58898000 	C:\Program Files\PCL 1.8.1\bin\pcl_io_ply_release.dll
0x00007ffe1bca0000 - 0x00007ffe1c1c6000 	C:\Program Files\PCL 1.8.1\bin\pcl_filters_release.dll

dbghelp: loaded successfully - version: 4.0.5 - missing functions: none
symbol engine: initialized successfully - sym options: 0x614 - pdb path: .;C:\Program Files\Java\jre-10\bin;C:\WINDOWS\SYSTEM32;C:\WINDOWS\WinSxS\amd64_microsoft.windows.common-controls_6595b64144ccf1df_6.0.17134.590_none_fb3d9bff3069e088;C:\Program Files\Java\jre-10\bin\server;H:\eclipse\vs_workspace\pcl-java-master\pcl-java-master\target\natives\win32\x86_64;C:\Program Files\PCL 1.8.1\bin;C:\Program Files\OpenNI2\Redist

VM Arguments:
jvm_args: -Djava.library.path=H:\eclipse\vs_workspace\pcl-java-master\pcl-java-master\target\natives\win32\x86_64 -Dfile.encoding=Cp1252 
java_command: com.movlad.pcl.examples.SphereDetection
java_class_path (initial): H:\eclipse\vs_workspace\pcl-java-master\pcl-java-master\bin;H:\eclipse\vs_workspace\junit-4.11.jar;H:\eclipse\vs_workspace\junit-jupiter-api-5.4.0.jar;H:\eclipse\vs_workspace\commonsIO-2.5.0-javadoc.jar;H:\eclipse\vs_workspace\commonsIO-2.5.0-sources.jar;C:\Users\VS-01\Downloads\commons-io-1.3.2.jar
Launcher Type: SUN_STANDARD

Logging:
Log output configuration:
#0: stdout all=warning uptime,level,tags
#1: stderr all=off uptime,level,tags

Environment Variables:
JAVA_HOME=C:\Program Files\Java\jdk-10\bin
CLASSPATH=C:\Program Files\OpenNI\Bin64\org.OpenNI.jar
PATH=C:/Program Files/Java/jre1.8.0_161/bin/server;C:/Program Files/Java/jre1.8.0_161/bin;C:/Program Files/Java/jre1.8.0_161/lib/amd64;C:\Program Files\NVIDIA GPU Computing Toolkit\CUDA\v9.0\bin;C:\Program Files\NVIDIA GPU Computing Toolkit\CUDA\v9.0\libnvvp;C:\Program Files\NVIDIA GPU Computing Toolkit\CUDA\v8.0\bin;C:\Program Files\NVIDIA GPU Computing Toolkit\CUDA\v8.0\libnvvp;C:\ProgramData\Oracle\Java\javapath;C:\Program Files (x86)\Common Files\Intergraph\Grid Analysis SDK\1.0\Program;C:\Program Files\Microsoft MPI\Bin\;C:\Windows\system32;C:\Windows;C:\Windows\System32\Wbem;C:\Windows\System32\WindowsPowerShell\v1.0\;C:\Program Files\MATLAB\R2017b\bin;C:\Program Files\Microsoft SQL Server\130\Tools\Binn\;C:\Program Files\dotnet\;C:\Program Files\Git\cmd;C:\Program Files\Common Files\Autodesk Shared\;C:\Program Files (x86)\Autodesk\Backburner\;C:\Program Files (x86)\GtkSharp\2.12\bin;C:\Users\VS-01\Documents\Yao Sidan\apache-ant-1.10.1\bin;C:\Program Files (x86)\Java\jdk1.8.0_144;C:\Program Files (x86)\Java\jdk1.8.0_144\bin;C:\Users\VS-01\Documents\Yao Sidan\apache-ant-1.8.2\bin;C:\Program Files (x86)\NVIDIA Corporation\PhysX\Common;C:\apache-maven-3.5.0\bin;C:\opencv\build\x64\vc14\bin;C:\Program Files\NVIDIA GPU Computing Toolkit\CUDA\cudnn-8.0-windows10-x64-v6.0\cuda\bin;C:\WINDOWS\system32;C:\WINDOWS;C:\WINDOWS\System32\Wbem;C:\WINDOWS\System32\WindowsPowerShell\v1.0\;C:\Program Files\MATLAB\MATLAB Runtime\v93\runtime\win64;C:\Program Files\Microsoft SQL Server\110\Tools\Binn\;C:\Qt1\5.5\msvc2013_64\plugins;;C:\WINDOWS\system32;C:\WINDOWS;C:\WINDOWS\System32\Wbem;C:\WINDOWS\System32\WindowsPowerShell\v1.0\;C:\WINDOWS\System32\OpenSSH\;C:\Program Files\FME\;C:\Program Files\OpenNI\Bin64;C:\Users\VS-01\AppData\Local\Programs\Python\Python35\Scripts\;C:\Users\VS-01\AppData\Local\Programs\Python\Python35\;C:\Users\VS-01\AppData\Local\Microsoft\WindowsApps;C:\osg\bin;C:\Program Files\NVIDIA GPU Computing Toolkit\CUDA\cudnn-8.0-windows10-x64-v6.0\cuda\bin;C:\Progra
USERNAME=VS-01
OS=Windows_NT
PROCESSOR_IDENTIFIER=Intel64 Family 6 Model 79 Stepping 1, GenuineIntel



---------------  S Y S T E M  ---------------

OS: Windows 10 , 64 bit Build 17134 (10.0.17134.556)

CPU:total 12 (initial active 12) (6 cores per cpu, 2 threads per core) family 6 model 79 stepping 1, cmov, cx8, fxsr, mmx, sse, sse2, sse3, ssse3, sse4.1, sse4.2, popcnt, avx, avx2, aes, clmul, erms, rtm, 3dnowpref, lzcnt, ht, tsc, tscinvbit, bmi1, bmi2, adx, fma

Memory: 4k page, physical 66983556k(58194672k free), swap 76945028k(63239620k free)

vm_info: Java HotSpot(TM) 64-Bit Server VM (10+46) for windows-amd64 JRE (10+46), built on Mar  8 2018 02:11:18 by "mach5one" with MS VC++ 12.0 (VS2013)

END.
